[0.723s] Invoking command in '/home/cesarbenavides/robotica_inteligente_eq5/manchester_robotics/build/signal_msg': CMAKE_PREFIX_PATH=${CMAKE_PREFIX_PATH}:/home/cesarbenavides/robotica_inteligente_eq5/manchester_robotics/install/mini_challenge_2:/opt/ros/humble /usr/bin/cmake --build /home/cesarbenavides/robotica_inteligente_eq5/manchester_robotics/build/signal_msg -- -j4 -l4
[0.834s] [  3%] Built target signal_msg__cpp
[0.847s] [ 12%] Built target signal_msg__rosidl_generator_c
[0.902s] [ 12%] Built target ament_cmake_python_copy_signal_msg
[0.927s] [ 22%] Built target signal_msg__rosidl_typesupport_introspection_c
[0.933s] [ 32%] Built target signal_msg__rosidl_typesupport_fastrtps_cpp
[0.958s] [ 41%] Built target signal_msg__rosidl_typesupport_cpp
[0.982s] [ 51%] Built target signal_msg__rosidl_typesupport_c
[0.999s] [ 61%] Built target signal_msg__rosidl_typesupport_introspection_cpp
[1.025s] [ 70%] Built target signal_msg__rosidl_typesupport_fastrtps_c
[1.069s] [ 70%] Built target signal_msg
[1.114s] [ 74%] Built target signal_msg__py
[1.165s] [ 80%] Built target signal_msg__rosidl_generator_py
[1.257s] [ 87%] Built target signal_msg__rosidl_typesupport_introspection_c__pyext
[1.276s] [ 93%] Built target signal_msg__rosidl_typesupport_fastrtps_c__pyext
[1.285s] [100%] Built target signal_msg__rosidl_typesupport_c__pyext
[1.558s] running egg_info
[1.559s] writing signal_msg.egg-info/PKG-INFO
[1.560s] writing dependency_links to signal_msg.egg-info/dependency_links.txt
[1.561s] writing top-level names to signal_msg.egg-info/top_level.txt
[1.566s] reading manifest file 'signal_msg.egg-info/SOURCES.txt'
[1.570s] writing manifest file 'signal_msg.egg-info/SOURCES.txt'
[1.626s] [100%] Built target ament_cmake_python_build_signal_msg_egg
[1.641s] Invoked command in '/home/cesarbenavides/robotica_inteligente_eq5/manchester_robotics/build/signal_msg' returned '0': CMAKE_PREFIX_PATH=${CMAKE_PREFIX_PATH}:/home/cesarbenavides/robotica_inteligente_eq5/manchester_robotics/install/mini_challenge_2:/opt/ros/humble /usr/bin/cmake --build /home/cesarbenavides/robotica_inteligente_eq5/manchester_robotics/build/signal_msg -- -j4 -l4
[1.744s] Invoking command in '/home/cesarbenavides/robotica_inteligente_eq5/manchester_robotics/build/signal_msg': CMAKE_PREFIX_PATH=${CMAKE_PREFIX_PATH}:/home/cesarbenavides/robotica_inteligente_eq5/manchester_robotics/install/mini_challenge_2:/opt/ros/humble /usr/bin/cmake --install /home/cesarbenavides/robotica_inteligente_eq5/manchester_robotics/build/signal_msg
[1.761s] -- Install configuration: ""
[1.761s] -- Up-to-date: /home/cesarbenavides/robotica_inteligente_eq5/manchester_robotics/install/signal_msg/share/ament_index/resource_index/rosidl_interfaces/signal_msg
[1.762s] -- Up-to-date: /home/cesarbenavides/robotica_inteligente_eq5/manchester_robotics/install/signal_msg/include/signal_msg/signal_msg
[1.762s] -- Up-to-date: /home/cesarbenavides/robotica_inteligente_eq5/manchester_robotics/install/signal_msg/include/signal_msg/signal_msg/msg
[1.762s] -- Up-to-date: /home/cesarbenavides/robotica_inteligente_eq5/manchester_robotics/install/signal_msg/include/signal_msg/signal_msg/msg/rosidl_generator_c__visibility_control.h
[1.762s] -- Up-to-date: /home/cesarbenavides/robotica_inteligente_eq5/manchester_robotics/install/signal_msg/include/signal_msg/signal_msg/msg/signal_decomposed.h
[1.762s] -- Up-to-date: /home/cesarbenavides/robotica_inteligente_eq5/manchester_robotics/install/signal_msg/include/signal_msg/signal_msg/msg/detail
[1.763s] -- Up-to-date: /home/cesarbenavides/robotica_inteligente_eq5/manchester_robotics/install/signal_msg/include/signal_msg/signal_msg/msg/detail/signal_decomposed__functions.h
[1.763s] -- Up-to-date: /home/cesarbenavides/robotica_inteligente_eq5/manchester_robotics/install/signal_msg/include/signal_msg/signal_msg/msg/detail/signal_decomposed__struct.h
[1.763s] -- Up-to-date: /home/cesarbenavides/robotica_inteligente_eq5/manchester_robotics/install/signal_msg/include/signal_msg/signal_msg/msg/detail/signal_decomposed__type_support.h
[1.763s] -- Up-to-date: /home/cesarbenavides/robotica_inteligente_eq5/manchester_robotics/install/signal_msg/include/signal_msg/signal_msg/msg/detail/signal_decomposed__functions.c
[1.763s] -- Up-to-date: /home/cesarbenavides/robotica_inteligente_eq5/manchester_robotics/install/signal_msg/share/signal_msg/environment/library_path.sh
[1.763s] -- Up-to-date: /home/cesarbenavides/robotica_inteligente_eq5/manchester_robotics/install/signal_msg/share/signal_msg/environment/library_path.dsv
[1.764s] -- Up-to-date: /home/cesarbenavides/robotica_inteligente_eq5/manchester_robotics/install/signal_msg/lib/libsignal_msg__rosidl_generator_c.so
[1.764s] -- Up-to-date: /home/cesarbenavides/robotica_inteligente_eq5/manchester_robotics/install/signal_msg/include/signal_msg/signal_msg
[1.764s] -- Up-to-date: /home/cesarbenavides/robotica_inteligente_eq5/manchester_robotics/install/signal_msg/include/signal_msg/signal_msg/msg
[1.765s] -- Up-to-date: /home/cesarbenavides/robotica_inteligente_eq5/manchester_robotics/install/signal_msg/include/signal_msg/signal_msg/msg/detail
[1.765s] -- Up-to-date: /home/cesarbenavides/robotica_inteligente_eq5/manchester_robotics/install/signal_msg/include/signal_msg/signal_msg/msg/detail/signal_decomposed__rosidl_typesupport_fastrtps_c.h
[1.765s] -- Up-to-date: /home/cesarbenavides/robotica_inteligente_eq5/manchester_robotics/install/signal_msg/include/signal_msg/signal_msg/msg/rosidl_typesupport_fastrtps_c__visibility_control.h
[1.765s] -- Up-to-date: /home/cesarbenavides/robotica_inteligente_eq5/manchester_robotics/install/signal_msg/lib/libsignal_msg__rosidl_typesupport_fastrtps_c.so
[1.766s] -- Up-to-date: /home/cesarbenavides/robotica_inteligente_eq5/manchester_robotics/install/signal_msg/include/signal_msg/signal_msg
[1.766s] -- Up-to-date: /home/cesarbenavides/robotica_inteligente_eq5/manchester_robotics/install/signal_msg/include/signal_msg/signal_msg/msg
[1.766s] -- Up-to-date: /home/cesarbenavides/robotica_inteligente_eq5/manchester_robotics/install/signal_msg/include/signal_msg/signal_msg/msg/signal_decomposed.hpp
[1.766s] -- Up-to-date: /home/cesarbenavides/robotica_inteligente_eq5/manchester_robotics/install/signal_msg/include/signal_msg/signal_msg/msg/detail
[1.766s] -- Up-to-date: /home/cesarbenavides/robotica_inteligente_eq5/manchester_robotics/install/signal_msg/include/signal_msg/signal_msg/msg/detail/signal_decomposed__builder.hpp
[1.766s] -- Up-to-date: /home/cesarbenavides/robotica_inteligente_eq5/manchester_robotics/install/signal_msg/include/signal_msg/signal_msg/msg/detail/signal_decomposed__struct.hpp
[1.767s] -- Up-to-date: /home/cesarbenavides/robotica_inteligente_eq5/manchester_robotics/install/signal_msg/include/signal_msg/signal_msg/msg/detail/signal_decomposed__traits.hpp
[1.767s] -- Up-to-date: /home/cesarbenavides/robotica_inteligente_eq5/manchester_robotics/install/signal_msg/include/signal_msg/signal_msg
[1.767s] -- Up-to-date: /home/cesarbenavides/robotica_inteligente_eq5/manchester_robotics/install/signal_msg/include/signal_msg/signal_msg/msg
[1.767s] -- Up-to-date: /home/cesarbenavides/robotica_inteligente_eq5/manchester_robotics/install/signal_msg/include/signal_msg/signal_msg/msg/rosidl_typesupport_fastrtps_cpp__visibility_control.h
[1.767s] -- Up-to-date: /home/cesarbenavides/robotica_inteligente_eq5/manchester_robotics/install/signal_msg/include/signal_msg/signal_msg/msg/detail
[1.768s] -- Up-to-date: /home/cesarbenavides/robotica_inteligente_eq5/manchester_robotics/install/signal_msg/include/signal_msg/signal_msg/msg/detail/dds_fastrtps
[1.768s] -- Up-to-date: /home/cesarbenavides/robotica_inteligente_eq5/manchester_robotics/install/signal_msg/include/signal_msg/signal_msg/msg/detail/signal_decomposed__rosidl_typesupport_fastrtps_cpp.hpp
[1.768s] -- Up-to-date: /home/cesarbenavides/robotica_inteligente_eq5/manchester_robotics/install/signal_msg/lib/libsignal_msg__rosidl_typesupport_fastrtps_cpp.so
[1.768s] -- Up-to-date: /home/cesarbenavides/robotica_inteligente_eq5/manchester_robotics/install/signal_msg/include/signal_msg/signal_msg
[1.768s] -- Up-to-date: /home/cesarbenavides/robotica_inteligente_eq5/manchester_robotics/install/signal_msg/include/signal_msg/signal_msg/msg
[1.769s] -- Up-to-date: /home/cesarbenavides/robotica_inteligente_eq5/manchester_robotics/install/signal_msg/include/signal_msg/signal_msg/msg/rosidl_typesupport_introspection_c__visibility_control.h
[1.769s] -- Up-to-date: /home/cesarbenavides/robotica_inteligente_eq5/manchester_robotics/install/signal_msg/include/signal_msg/signal_msg/msg/detail
[1.769s] -- Up-to-date: /home/cesarbenavides/robotica_inteligente_eq5/manchester_robotics/install/signal_msg/include/signal_msg/signal_msg/msg/detail/signal_decomposed__type_support.c
[1.769s] -- Up-to-date: /home/cesarbenavides/robotica_inteligente_eq5/manchester_robotics/install/signal_msg/include/signal_msg/signal_msg/msg/detail/signal_decomposed__rosidl_typesupport_introspection_c.h
[1.769s] -- Up-to-date: /home/cesarbenavides/robotica_inteligente_eq5/manchester_robotics/install/signal_msg/lib/libsignal_msg__rosidl_typesupport_introspection_c.so
[1.770s] -- Up-to-date: /home/cesarbenavides/robotica_inteligente_eq5/manchester_robotics/install/signal_msg/lib/libsignal_msg__rosidl_typesupport_c.so
[1.770s] -- Up-to-date: /home/cesarbenavides/robotica_inteligente_eq5/manchester_robotics/install/signal_msg/include/signal_msg/signal_msg
[1.770s] -- Up-to-date: /home/cesarbenavides/robotica_inteligente_eq5/manchester_robotics/install/signal_msg/include/signal_msg/signal_msg/msg
[1.770s] -- Up-to-date: /home/cesarbenavides/robotica_inteligente_eq5/manchester_robotics/install/signal_msg/include/signal_msg/signal_msg/msg/detail
[1.771s] -- Up-to-date: /home/cesarbenavides/robotica_inteligente_eq5/manchester_robotics/install/signal_msg/include/signal_msg/signal_msg/msg/detail/signal_decomposed__rosidl_typesupport_introspection_cpp.hpp
[1.771s] -- Up-to-date: /home/cesarbenavides/robotica_inteligente_eq5/manchester_robotics/install/signal_msg/include/signal_msg/signal_msg/msg/detail/signal_decomposed__type_support.cpp
[1.771s] -- Up-to-date: /home/cesarbenavides/robotica_inteligente_eq5/manchester_robotics/install/signal_msg/lib/libsignal_msg__rosidl_typesupport_introspection_cpp.so
[1.771s] -- Up-to-date: /home/cesarbenavides/robotica_inteligente_eq5/manchester_robotics/install/signal_msg/lib/libsignal_msg__rosidl_typesupport_cpp.so
[1.771s] -- Up-to-date: /home/cesarbenavides/robotica_inteligente_eq5/manchester_robotics/install/signal_msg/share/signal_msg/environment/pythonpath.sh
[1.771s] -- Up-to-date: /home/cesarbenavides/robotica_inteligente_eq5/manchester_robotics/install/signal_msg/share/signal_msg/environment/pythonpath.dsv
[1.772s] -- Up-to-date: /home/cesarbenavides/robotica_inteligente_eq5/manchester_robotics/install/signal_msg/local/lib/python3.10/dist-packages/signal_msg-0.0.0-py3.10.egg-info
[1.772s] -- Installing: /home/cesarbenavides/robotica_inteligente_eq5/manchester_robotics/install/signal_msg/local/lib/python3.10/dist-packages/signal_msg-0.0.0-py3.10.egg-info/SOURCES.txt
[1.772s] -- Installing: /home/cesarbenavides/robotica_inteligente_eq5/manchester_robotics/install/signal_msg/local/lib/python3.10/dist-packages/signal_msg-0.0.0-py3.10.egg-info/PKG-INFO
[1.772s] -- Installing: /home/cesarbenavides/robotica_inteligente_eq5/manchester_robotics/install/signal_msg/local/lib/python3.10/dist-packages/signal_msg-0.0.0-py3.10.egg-info/dependency_links.txt
[1.772s] -- Installing: /home/cesarbenavides/robotica_inteligente_eq5/manchester_robotics/install/signal_msg/local/lib/python3.10/dist-packages/signal_msg-0.0.0-py3.10.egg-info/top_level.txt
[1.772s] -- Up-to-date: /home/cesarbenavides/robotica_inteligente_eq5/manchester_robotics/install/signal_msg/local/lib/python3.10/dist-packages/signal_msg
[1.772s] -- Up-to-date: /home/cesarbenavides/robotica_inteligente_eq5/manchester_robotics/install/signal_msg/local/lib/python3.10/dist-packages/signal_msg/libsignal_msg__rosidl_generator_py.so
[1.773s] -- Up-to-date: /home/cesarbenavides/robotica_inteligente_eq5/manchester_robotics/install/signal_msg/local/lib/python3.10/dist-packages/signal_msg/msg
[1.773s] -- Up-to-date: /home/cesarbenavides/robotica_inteligente_eq5/manchester_robotics/install/signal_msg/local/lib/python3.10/dist-packages/signal_msg/msg/_signal_decomposed_s.c
[1.773s] -- Up-to-date: /home/cesarbenavides/robotica_inteligente_eq5/manchester_robotics/install/signal_msg/local/lib/python3.10/dist-packages/signal_msg/msg/__init__.py
[1.773s] -- Up-to-date: /home/cesarbenavides/robotica_inteligente_eq5/manchester_robotics/install/signal_msg/local/lib/python3.10/dist-packages/signal_msg/msg/_signal_decomposed.py
[1.773s] -- Up-to-date: /home/cesarbenavides/robotica_inteligente_eq5/manchester_robotics/install/signal_msg/local/lib/python3.10/dist-packages/signal_msg/_signal_msg_s.ep.rosidl_typesupport_fastrtps_c.c
[1.773s] -- Up-to-date: /home/cesarbenavides/robotica_inteligente_eq5/manchester_robotics/install/signal_msg/local/lib/python3.10/dist-packages/signal_msg/signal_msg_s__rosidl_typesupport_c.cpython-310-x86_64-linux-gnu.so
[1.773s] -- Up-to-date: /home/cesarbenavides/robotica_inteligente_eq5/manchester_robotics/install/signal_msg/local/lib/python3.10/dist-packages/signal_msg/_signal_msg_s.ep.rosidl_typesupport_introspection_c.c
[1.774s] -- Up-to-date: /home/cesarbenavides/robotica_inteligente_eq5/manchester_robotics/install/signal_msg/local/lib/python3.10/dist-packages/signal_msg/__init__.py
[1.774s] -- Up-to-date: /home/cesarbenavides/robotica_inteligente_eq5/manchester_robotics/install/signal_msg/local/lib/python3.10/dist-packages/signal_msg/_signal_msg_s.ep.rosidl_typesupport_c.c
[1.774s] -- Up-to-date: /home/cesarbenavides/robotica_inteligente_eq5/manchester_robotics/install/signal_msg/local/lib/python3.10/dist-packages/signal_msg/signal_msg_s__rosidl_typesupport_fastrtps_c.cpython-310-x86_64-linux-gnu.so
[1.774s] -- Up-to-date: /home/cesarbenavides/robotica_inteligente_eq5/manchester_robotics/install/signal_msg/local/lib/python3.10/dist-packages/signal_msg/signal_msg_s__rosidl_typesupport_introspection_c.cpython-310-x86_64-linux-gnu.so
[1.840s] Listing '/home/cesarbenavides/robotica_inteligente_eq5/manchester_robotics/install/signal_msg/local/lib/python3.10/dist-packages/signal_msg'...
[1.840s] Listing '/home/cesarbenavides/robotica_inteligente_eq5/manchester_robotics/install/signal_msg/local/lib/python3.10/dist-packages/signal_msg/msg'...
[1.849s] -- Up-to-date: /home/cesarbenavides/robotica_inteligente_eq5/manchester_robotics/install/signal_msg/local/lib/python3.10/dist-packages/signal_msg/signal_msg_s__rosidl_typesupport_fastrtps_c.cpython-310-x86_64-linux-gnu.so
[1.850s] -- Up-to-date: /home/cesarbenavides/robotica_inteligente_eq5/manchester_robotics/install/signal_msg/local/lib/python3.10/dist-packages/signal_msg/signal_msg_s__rosidl_typesupport_introspection_c.cpython-310-x86_64-linux-gnu.so
[1.851s] -- Up-to-date: /home/cesarbenavides/robotica_inteligente_eq5/manchester_robotics/install/signal_msg/local/lib/python3.10/dist-packages/signal_msg/signal_msg_s__rosidl_typesupport_c.cpython-310-x86_64-linux-gnu.so
[1.851s] -- Up-to-date: /home/cesarbenavides/robotica_inteligente_eq5/manchester_robotics/install/signal_msg/lib/libsignal_msg__rosidl_generator_py.so
[1.852s] -- Up-to-date: /home/cesarbenavides/robotica_inteligente_eq5/manchester_robotics/install/signal_msg/share/signal_msg/msg/SignalDecomposed.idl
[1.852s] -- Up-to-date: /home/cesarbenavides/robotica_inteligente_eq5/manchester_robotics/install/signal_msg/share/signal_msg/msg/SignalDecomposed.msg
[1.852s] -- Up-to-date: /home/cesarbenavides/robotica_inteligente_eq5/manchester_robotics/install/signal_msg/share/ament_index/resource_index/package_run_dependencies/signal_msg
[1.853s] -- Up-to-date: /home/cesarbenavides/robotica_inteligente_eq5/manchester_robotics/install/signal_msg/share/ament_index/resource_index/parent_prefix_path/signal_msg
[1.853s] -- Up-to-date: /home/cesarbenavides/robotica_inteligente_eq5/manchester_robotics/install/signal_msg/share/signal_msg/environment/ament_prefix_path.sh
[1.853s] -- Up-to-date: /home/cesarbenavides/robotica_inteligente_eq5/manchester_robotics/install/signal_msg/share/signal_msg/environment/ament_prefix_path.dsv
[1.853s] -- Up-to-date: /home/cesarbenavides/robotica_inteligente_eq5/manchester_robotics/install/signal_msg/share/signal_msg/environment/path.sh
[1.853s] -- Up-to-date: /home/cesarbenavides/robotica_inteligente_eq5/manchester_robotics/install/signal_msg/share/signal_msg/environment/path.dsv
[1.854s] -- Up-to-date: /home/cesarbenavides/robotica_inteligente_eq5/manchester_robotics/install/signal_msg/share/signal_msg/local_setup.bash
[1.854s] -- Up-to-date: /home/cesarbenavides/robotica_inteligente_eq5/manchester_robotics/install/signal_msg/share/signal_msg/local_setup.sh
[1.854s] -- Up-to-date: /home/cesarbenavides/robotica_inteligente_eq5/manchester_robotics/install/signal_msg/share/signal_msg/local_setup.zsh
[1.854s] -- Up-to-date: /home/cesarbenavides/robotica_inteligente_eq5/manchester_robotics/install/signal_msg/share/signal_msg/local_setup.dsv
[1.855s] -- Installing: /home/cesarbenavides/robotica_inteligente_eq5/manchester_robotics/install/signal_msg/share/signal_msg/package.dsv
[1.855s] -- Up-to-date: /home/cesarbenavides/robotica_inteligente_eq5/manchester_robotics/install/signal_msg/share/ament_index/resource_index/packages/signal_msg
[1.855s] -- Up-to-date: /home/cesarbenavides/robotica_inteligente_eq5/manchester_robotics/install/signal_msg/share/signal_msg/cmake/export_signal_msg__rosidl_generator_cExport.cmake
[1.855s] -- Up-to-date: /home/cesarbenavides/robotica_inteligente_eq5/manchester_robotics/install/signal_msg/share/signal_msg/cmake/export_signal_msg__rosidl_generator_cExport-noconfig.cmake
[1.855s] -- Up-to-date: /home/cesarbenavides/robotica_inteligente_eq5/manchester_robotics/install/signal_msg/share/signal_msg/cmake/export_signal_msg__rosidl_typesupport_fastrtps_cExport.cmake
[1.856s] -- Up-to-date: /home/cesarbenavides/robotica_inteligente_eq5/manchester_robotics/install/signal_msg/share/signal_msg/cmake/export_signal_msg__rosidl_typesupport_fastrtps_cExport-noconfig.cmake
[1.856s] -- Up-to-date: /home/cesarbenavides/robotica_inteligente_eq5/manchester_robotics/install/signal_msg/share/signal_msg/cmake/export_signal_msg__rosidl_generator_cppExport.cmake
[1.856s] -- Up-to-date: /home/cesarbenavides/robotica_inteligente_eq5/manchester_robotics/install/signal_msg/share/signal_msg/cmake/export_signal_msg__rosidl_typesupport_fastrtps_cppExport.cmake
[1.856s] -- Up-to-date: /home/cesarbenavides/robotica_inteligente_eq5/manchester_robotics/install/signal_msg/share/signal_msg/cmake/export_signal_msg__rosidl_typesupport_fastrtps_cppExport-noconfig.cmake
[1.857s] -- Up-to-date: /home/cesarbenavides/robotica_inteligente_eq5/manchester_robotics/install/signal_msg/share/signal_msg/cmake/signal_msg__rosidl_typesupport_introspection_cExport.cmake
[1.857s] -- Up-to-date: /home/cesarbenavides/robotica_inteligente_eq5/manchester_robotics/install/signal_msg/share/signal_msg/cmake/signal_msg__rosidl_typesupport_introspection_cExport-noconfig.cmake
[1.857s] -- Up-to-date: /home/cesarbenavides/robotica_inteligente_eq5/manchester_robotics/install/signal_msg/share/signal_msg/cmake/signal_msg__rosidl_typesupport_cExport.cmake
[1.857s] -- Up-to-date: /home/cesarbenavides/robotica_inteligente_eq5/manchester_robotics/install/signal_msg/share/signal_msg/cmake/signal_msg__rosidl_typesupport_cExport-noconfig.cmake
[1.858s] -- Up-to-date: /home/cesarbenavides/robotica_inteligente_eq5/manchester_robotics/install/signal_msg/share/signal_msg/cmake/signal_msg__rosidl_typesupport_introspection_cppExport.cmake
[1.858s] -- Up-to-date: /home/cesarbenavides/robotica_inteligente_eq5/manchester_robotics/install/signal_msg/share/signal_msg/cmake/signal_msg__rosidl_typesupport_introspection_cppExport-noconfig.cmake
[1.858s] -- Up-to-date: /home/cesarbenavides/robotica_inteligente_eq5/manchester_robotics/install/signal_msg/share/signal_msg/cmake/signal_msg__rosidl_typesupport_cppExport.cmake
[1.858s] -- Up-to-date: /home/cesarbenavides/robotica_inteligente_eq5/manchester_robotics/install/signal_msg/share/signal_msg/cmake/signal_msg__rosidl_typesupport_cppExport-noconfig.cmake
[1.858s] -- Up-to-date: /home/cesarbenavides/robotica_inteligente_eq5/manchester_robotics/install/signal_msg/share/signal_msg/cmake/export_signal_msg__rosidl_generator_pyExport.cmake
[1.858s] -- Up-to-date: /home/cesarbenavides/robotica_inteligente_eq5/manchester_robotics/install/signal_msg/share/signal_msg/cmake/export_signal_msg__rosidl_generator_pyExport-noconfig.cmake
[1.858s] -- Up-to-date: /home/cesarbenavides/robotica_inteligente_eq5/manchester_robotics/install/signal_msg/share/signal_msg/cmake/rosidl_cmake-extras.cmake
[1.859s] -- Up-to-date: /home/cesarbenavides/robotica_inteligente_eq5/manchester_robotics/install/signal_msg/share/signal_msg/cmake/ament_cmake_export_dependencies-extras.cmake
[1.859s] -- Up-to-date: /home/cesarbenavides/robotica_inteligente_eq5/manchester_robotics/install/signal_msg/share/signal_msg/cmake/ament_cmake_export_include_directories-extras.cmake
[1.859s] -- Up-to-date: /home/cesarbenavides/robotica_inteligente_eq5/manchester_robotics/install/signal_msg/share/signal_msg/cmake/ament_cmake_export_libraries-extras.cmake
[1.859s] -- Up-to-date: /home/cesarbenavides/robotica_inteligente_eq5/manchester_robotics/install/signal_msg/share/signal_msg/cmake/ament_cmake_export_targets-extras.cmake
[1.859s] -- Up-to-date: /home/cesarbenavides/robotica_inteligente_eq5/manchester_robotics/install/signal_msg/share/signal_msg/cmake/rosidl_cmake_export_typesupport_targets-extras.cmake
[1.859s] -- Up-to-date: /home/cesarbenavides/robotica_inteligente_eq5/manchester_robotics/install/signal_msg/share/signal_msg/cmake/rosidl_cmake_export_typesupport_libraries-extras.cmake
[1.859s] -- Up-to-date: /home/cesarbenavides/robotica_inteligente_eq5/manchester_robotics/install/signal_msg/share/signal_msg/cmake/signal_msgConfig.cmake
[1.860s] -- Up-to-date: /home/cesarbenavides/robotica_inteligente_eq5/manchester_robotics/install/signal_msg/share/signal_msg/cmake/signal_msgConfig-version.cmake
[1.860s] -- Up-to-date: /home/cesarbenavides/robotica_inteligente_eq5/manchester_robotics/install/signal_msg/share/signal_msg/package.xml
[1.862s] Invoked command in '/home/cesarbenavides/robotica_inteligente_eq5/manchester_robotics/build/signal_msg' returned '0': CMAKE_PREFIX_PATH=${CMAKE_PREFIX_PATH}:/home/cesarbenavides/robotica_inteligente_eq5/manchester_robotics/install/mini_challenge_2:/opt/ros/humble /usr/bin/cmake --install /home/cesarbenavides/robotica_inteligente_eq5/manchester_robotics/build/signal_msg
