[0.145s] DEBUG:colcon:Command line arguments: ['/usr/bin/colcon', 'build']
[0.145s] DEBUG:colcon:Parsed command line arguments: Namespace(log_base=None, log_level=None, verb_name='build', build_base='build', install_base='install', merge_install=False, symlink_install=False, test_result_base=None, continue_on_error=False, executor='parallel', parallel_workers=4, event_handlers=None, ignore_user_meta=False, metas=['./colcon.meta'], base_paths=['.'], packages_ignore=None, packages_ignore_regex=None, paths=None, packages_up_to=None, packages_up_to_regex=None, packages_above=None, packages_above_and_dependencies=None, packages_above_depth=None, packages_select_by_dep=None, packages_skip_by_dep=None, packages_skip_up_to=None, packages_select_build_failed=False, packages_skip_build_finished=False, packages_select_test_failures=False, packages_skip_test_passed=False, packages_select=None, packages_skip=None, packages_select_regex=None, packages_skip_regex=None, packages_start=None, packages_end=None, allow_overriding=[], cmake_args=None, cmake_target=None, cmake_target_skip_unavailable=False, cmake_clean_cache=False, cmake_clean_first=False, cmake_force_configure=False, ament_cmake_args=None, catkin_cmake_args=None, catkin_skip_building_tests=False, verb_parser=<colcon_defaults.argument_parser.defaults.DefaultArgumentsDecorator object at 0x7c47f6324490>, verb_extension=<colcon_core.verb.build.BuildVerb object at 0x7c47f64ff460>, main=<bound method BuildVerb.main of <colcon_core.verb.build.BuildVerb object at 0x7c47f64ff460>>)
[0.367s] Level 1:colcon.colcon_core.package_discovery:discover_packages(colcon_meta) check parameters
[0.368s] Level 1:colcon.colcon_core.package_discovery:discover_packages(recursive) check parameters
[0.368s] Level 1:colcon.colcon_core.package_discovery:discover_packages(ignore) check parameters
[0.368s] Level 1:colcon.colcon_core.package_discovery:discover_packages(path) check parameters
[0.368s] Level 1:colcon.colcon_core.package_discovery:discover_packages(colcon_meta) discover
[0.368s] Level 1:colcon.colcon_core.package_discovery:discover_packages(recursive) discover
[0.368s] INFO:colcon.colcon_core.package_discovery:Crawling recursively for packages in '/home/cesarbenavides/robotica_inteligente_eq5/manchester_robotics'
[0.368s] Level 1:colcon.colcon_core.package_identification:_identify(.) by extensions ['ignore', 'ignore_ament_install']
[0.368s] Level 1:colcon.colcon_core.package_identification:_identify(.) by extension 'ignore'
[0.368s] Level 1:colcon.colcon_core.package_identification:_identify(.) by extension 'ignore_ament_install'
[0.369s] Level 1:colcon.colcon_core.package_identification:_identify(.) by extensions ['colcon_pkg']
[0.369s] Level 1:colcon.colcon_core.package_identification:_identify(.) by extension 'colcon_pkg'
[0.369s] Level 1:colcon.colcon_core.package_identification:_identify(.) by extensions ['colcon_meta']
[0.369s] Level 1:colcon.colcon_core.package_identification:_identify(.) by extension 'colcon_meta'
[0.369s] Level 1:colcon.colcon_core.package_identification:_identify(.) by extensions ['ros']
[0.369s] Level 1:colcon.colcon_core.package_identification:_identify(.) by extension 'ros'
[0.383s] Level 1:colcon.colcon_core.package_identification:_identify(.) by extensions ['cmake', 'python']
[0.383s] Level 1:colcon.colcon_core.package_identification:_identify(.) by extension 'cmake'
[0.383s] Level 1:colcon.colcon_core.package_identification:_identify(.) by extension 'python'
[0.383s] Level 1:colcon.colcon_core.package_identification:_identify(.) by extensions ['python_setup_py']
[0.384s] Level 1:colcon.colcon_core.package_identification:_identify(.) by extension 'python_setup_py'
[0.384s] Level 1:colcon.colcon_core.package_identification:_identify(build) by extensions ['ignore', 'ignore_ament_install']
[0.384s] Level 1:colcon.colcon_core.package_identification:_identify(build) by extension 'ignore'
[0.384s] Level 1:colcon.colcon_core.package_identification:_identify(build) ignored
[0.384s] Level 1:colcon.colcon_core.package_identification:_identify(install) by extensions ['ignore', 'ignore_ament_install']
[0.384s] Level 1:colcon.colcon_core.package_identification:_identify(install) by extension 'ignore'
[0.384s] Level 1:colcon.colcon_core.package_identification:_identify(install) ignored
[0.385s] Level 1:colcon.colcon_core.package_identification:_identify(log) by extensions ['ignore', 'ignore_ament_install']
[0.385s] Level 1:colcon.colcon_core.package_identification:_identify(log) by extension 'ignore'
[0.385s] Level 1:colcon.colcon_core.package_identification:_identify(log) ignored
[0.385s] Level 1:colcon.colcon_core.package_identification:_identify(src) by extensions ['ignore', 'ignore_ament_install']
[0.385s] Level 1:colcon.colcon_core.package_identification:_identify(src) by extension 'ignore'
[0.386s] Level 1:colcon.colcon_core.package_identification:_identify(src) by extension 'ignore_ament_install'
[0.386s] Level 1:colcon.colcon_core.package_identification:_identify(src) by extensions ['colcon_pkg']
[0.386s] Level 1:colcon.colcon_core.package_identification:_identify(src) by extension 'colcon_pkg'
[0.386s] Level 1:colcon.colcon_core.package_identification:_identify(src) by extensions ['colcon_meta']
[0.386s] Level 1:colcon.colcon_core.package_identification:_identify(src) by extension 'colcon_meta'
[0.386s] Level 1:colcon.colcon_core.package_identification:_identify(src) by extensions ['ros']
[0.386s] Level 1:colcon.colcon_core.package_identification:_identify(src) by extension 'ros'
[0.386s] Level 1:colcon.colcon_core.package_identification:_identify(src) by extensions ['cmake', 'python']
[0.386s] Level 1:colcon.colcon_core.package_identification:_identify(src) by extension 'cmake'
[0.386s] Level 1:colcon.colcon_core.package_identification:_identify(src) by extension 'python'
[0.386s] Level 1:colcon.colcon_core.package_identification:_identify(src) by extensions ['python_setup_py']
[0.386s] Level 1:colcon.colcon_core.package_identification:_identify(src) by extension 'python_setup_py'
[0.387s] Level 1:colcon.colcon_core.package_identification:_identify(src/mini_challenge_1) by extensions ['ignore', 'ignore_ament_install']
[0.387s] Level 1:colcon.colcon_core.package_identification:_identify(src/mini_challenge_1) by extension 'ignore'
[0.387s] Level 1:colcon.colcon_core.package_identification:_identify(src/mini_challenge_1) by extension 'ignore_ament_install'
[0.387s] Level 1:colcon.colcon_core.package_identification:_identify(src/mini_challenge_1) by extensions ['colcon_pkg']
[0.387s] Level 1:colcon.colcon_core.package_identification:_identify(src/mini_challenge_1) by extension 'colcon_pkg'
[0.387s] Level 1:colcon.colcon_core.package_identification:_identify(src/mini_challenge_1) by extensions ['colcon_meta']
[0.387s] Level 1:colcon.colcon_core.package_identification:_identify(src/mini_challenge_1) by extension 'colcon_meta'
[0.387s] Level 1:colcon.colcon_core.package_identification:_identify(src/mini_challenge_1) by extensions ['ros']
[0.387s] Level 1:colcon.colcon_core.package_identification:_identify(src/mini_challenge_1) by extension 'ros'
[0.391s] DEBUG:colcon.colcon_core.package_identification:Package 'src/mini_challenge_1' with type 'ros.ament_python' and name 'mini_challenge_1'
[0.391s] Level 1:colcon.colcon_core.package_identification:_identify(src/signal_msg) by extensions ['ignore', 'ignore_ament_install']
[0.391s] Level 1:colcon.colcon_core.package_identification:_identify(src/signal_msg) by extension 'ignore'
[0.391s] Level 1:colcon.colcon_core.package_identification:_identify(src/signal_msg) by extension 'ignore_ament_install'
[0.391s] Level 1:colcon.colcon_core.package_identification:_identify(src/signal_msg) by extensions ['colcon_pkg']
[0.391s] Level 1:colcon.colcon_core.package_identification:_identify(src/signal_msg) by extension 'colcon_pkg'
[0.391s] Level 1:colcon.colcon_core.package_identification:_identify(src/signal_msg) by extensions ['colcon_meta']
[0.392s] Level 1:colcon.colcon_core.package_identification:_identify(src/signal_msg) by extension 'colcon_meta'
[0.392s] Level 1:colcon.colcon_core.package_identification:_identify(src/signal_msg) by extensions ['ros']
[0.392s] Level 1:colcon.colcon_core.package_identification:_identify(src/signal_msg) by extension 'ros'
[0.393s] DEBUG:colcon.colcon_core.package_identification:Package 'src/signal_msg' with type 'ros.ament_cmake' and name 'signal_msg'
[0.393s] Level 1:colcon.colcon_core.package_discovery:discover_packages(recursive) using defaults
[0.393s] Level 1:colcon.colcon_core.package_discovery:discover_packages(ignore) discover
[0.393s] Level 1:colcon.colcon_core.package_discovery:discover_packages(ignore) using defaults
[0.393s] Level 1:colcon.colcon_core.package_discovery:discover_packages(path) discover
[0.393s] Level 1:colcon.colcon_core.package_discovery:discover_packages(path) using defaults
[0.417s] Level 1:colcon.colcon_core.package_discovery:discover_packages(prefix_path) check parameters
[0.418s] Level 1:colcon.colcon_core.package_discovery:discover_packages(prefix_path) discover
[0.420s] DEBUG:colcon.colcon_installed_package_information.package_discovery:Found 2 installed packages in /home/cesarbenavides/robotica_inteligente_eq5/manchester_robotics/install
[0.421s] DEBUG:colcon.colcon_installed_package_information.package_discovery:Found 3 installed packages in /home/cesarbenavides/ros2_utilities_ws/install
[0.423s] DEBUG:colcon.colcon_installed_package_information.package_discovery:Found 336 installed packages in /opt/ros/humble
[0.440s] Level 1:colcon.colcon_core.package_discovery:discover_packages(prefix_path) using defaults
[0.505s] Level 5:colcon.colcon_core.verb:set package 'signal_msg' build argument 'cmake_args' from command line to 'None'
[0.505s] Level 5:colcon.colcon_core.verb:set package 'signal_msg' build argument 'cmake_target' from command line to 'None'
[0.505s] Level 5:colcon.colcon_core.verb:set package 'signal_msg' build argument 'cmake_target_skip_unavailable' from command line to 'False'
[0.505s] Level 5:colcon.colcon_core.verb:set package 'signal_msg' build argument 'cmake_clean_cache' from command line to 'False'
[0.505s] Level 5:colcon.colcon_core.verb:set package 'signal_msg' build argument 'cmake_clean_first' from command line to 'False'
[0.505s] Level 5:colcon.colcon_core.verb:set package 'signal_msg' build argument 'cmake_force_configure' from command line to 'False'
[0.505s] Level 5:colcon.colcon_core.verb:set package 'signal_msg' build argument 'ament_cmake_args' from command line to 'None'
[0.505s] Level 5:colcon.colcon_core.verb:set package 'signal_msg' build argument 'catkin_cmake_args' from command line to 'None'
[0.505s] Level 5:colcon.colcon_core.verb:set package 'signal_msg' build argument 'catkin_skip_building_tests' from command line to 'False'
[0.505s] DEBUG:colcon.colcon_core.verb:Building package 'signal_msg' with the following arguments: {'ament_cmake_args': None, 'build_base': '/home/cesarbenavides/robotica_inteligente_eq5/manchester_robotics/build/signal_msg', 'catkin_cmake_args': None, 'catkin_skip_building_tests': False, 'cmake_args': None, 'cmake_clean_cache': False, 'cmake_clean_first': False, 'cmake_force_configure': False, 'cmake_target': None, 'cmake_target_skip_unavailable': False, 'install_base': '/home/cesarbenavides/robotica_inteligente_eq5/manchester_robotics/install/signal_msg', 'merge_install': False, 'path': '/home/cesarbenavides/robotica_inteligente_eq5/manchester_robotics/src/signal_msg', 'symlink_install': False, 'test_result_base': None}
[0.506s] Level 5:colcon.colcon_core.verb:set package 'mini_challenge_1' build argument 'cmake_args' from command line to 'None'
[0.506s] Level 5:colcon.colcon_core.verb:set package 'mini_challenge_1' build argument 'cmake_target' from command line to 'None'
[0.506s] Level 5:colcon.colcon_core.verb:set package 'mini_challenge_1' build argument 'cmake_target_skip_unavailable' from command line to 'False'
[0.506s] Level 5:colcon.colcon_core.verb:set package 'mini_challenge_1' build argument 'cmake_clean_cache' from command line to 'False'
[0.506s] Level 5:colcon.colcon_core.verb:set package 'mini_challenge_1' build argument 'cmake_clean_first' from command line to 'False'
[0.506s] Level 5:colcon.colcon_core.verb:set package 'mini_challenge_1' build argument 'cmake_force_configure' from command line to 'False'
[0.506s] Level 5:colcon.colcon_core.verb:set package 'mini_challenge_1' build argument 'ament_cmake_args' from command line to 'None'
[0.506s] Level 5:colcon.colcon_core.verb:set package 'mini_challenge_1' build argument 'catkin_cmake_args' from command line to 'None'
[0.506s] Level 5:colcon.colcon_core.verb:set package 'mini_challenge_1' build argument 'catkin_skip_building_tests' from command line to 'False'
[0.507s] DEBUG:colcon.colcon_core.verb:Building package 'mini_challenge_1' with the following arguments: {'ament_cmake_args': None, 'build_base': '/home/cesarbenavides/robotica_inteligente_eq5/manchester_robotics/build/mini_challenge_1', 'catkin_cmake_args': None, 'catkin_skip_building_tests': False, 'cmake_args': None, 'cmake_clean_cache': False, 'cmake_clean_first': False, 'cmake_force_configure': False, 'cmake_target': None, 'cmake_target_skip_unavailable': False, 'install_base': '/home/cesarbenavides/robotica_inteligente_eq5/manchester_robotics/install/mini_challenge_1', 'merge_install': False, 'path': '/home/cesarbenavides/robotica_inteligente_eq5/manchester_robotics/src/mini_challenge_1', 'symlink_install': False, 'test_result_base': None}
[0.507s] INFO:colcon.colcon_core.executor:Executing jobs using 'parallel' executor
[0.508s] DEBUG:colcon.colcon_parallel_executor.executor.parallel:run_until_complete
[0.508s] INFO:colcon.colcon_ros.task.ament_cmake.build:Building ROS package in '/home/cesarbenavides/robotica_inteligente_eq5/manchester_robotics/src/signal_msg' with build type 'ament_cmake'
[0.509s] INFO:colcon.colcon_cmake.task.cmake.build:Building CMake package in '/home/cesarbenavides/robotica_inteligente_eq5/manchester_robotics/src/signal_msg'
[0.512s] INFO:colcon.colcon_core.plugin_system:Skipping extension 'colcon_core.shell.bat': Not used on non-Windows systems
[0.512s] INFO:colcon.colcon_core.shell:Skip shell extension 'powershell' for command environment: Not usable outside of PowerShell
[0.512s] DEBUG:colcon.colcon_core.shell:Skip shell extension 'dsv' for command environment
[0.525s] DEBUG:colcon.colcon_core.event_handler.log_command:Invoking command in '/home/cesarbenavides/robotica_inteligente_eq5/manchester_robotics/build/signal_msg': CMAKE_PREFIX_PATH=${CMAKE_PREFIX_PATH}:/home/cesarbenavides/robotica_inteligente_eq5/manchester_robotics/install/mini_challenge_1:/opt/ros/humble /usr/bin/cmake --build /home/cesarbenavides/robotica_inteligente_eq5/manchester_robotics/build/signal_msg -- -j4 -l4
[1.138s] DEBUG:colcon.colcon_core.event_handler.log_command:Invoked command in '/home/cesarbenavides/robotica_inteligente_eq5/manchester_robotics/build/signal_msg' returned '0': CMAKE_PREFIX_PATH=${CMAKE_PREFIX_PATH}:/home/cesarbenavides/robotica_inteligente_eq5/manchester_robotics/install/mini_challenge_1:/opt/ros/humble /usr/bin/cmake --build /home/cesarbenavides/robotica_inteligente_eq5/manchester_robotics/build/signal_msg -- -j4 -l4
[1.230s] DEBUG:colcon.colcon_core.event_handler.log_command:Invoking command in '/home/cesarbenavides/robotica_inteligente_eq5/manchester_robotics/build/signal_msg': CMAKE_PREFIX_PATH=${CMAKE_PREFIX_PATH}:/home/cesarbenavides/robotica_inteligente_eq5/manchester_robotics/install/mini_challenge_1:/opt/ros/humble /usr/bin/cmake --install /home/cesarbenavides/robotica_inteligente_eq5/manchester_robotics/build/signal_msg
[1.307s] Level 1:colcon.colcon_core.environment:create_environment_scripts_only(signal_msg)
[1.310s] DEBUG:colcon.colcon_core.event_handler.log_command:Invoked command in '/home/cesarbenavides/robotica_inteligente_eq5/manchester_robotics/build/signal_msg' returned '0': CMAKE_PREFIX_PATH=${CMAKE_PREFIX_PATH}:/home/cesarbenavides/robotica_inteligente_eq5/manchester_robotics/install/mini_challenge_1:/opt/ros/humble /usr/bin/cmake --install /home/cesarbenavides/robotica_inteligente_eq5/manchester_robotics/build/signal_msg
[1.314s] Level 1:colcon.colcon_core.environment:checking '/home/cesarbenavides/robotica_inteligente_eq5/manchester_robotics/install/signal_msg' for CMake module files
[1.315s] Level 1:colcon.colcon_core.environment:checking '/home/cesarbenavides/robotica_inteligente_eq5/manchester_robotics/install/signal_msg' for CMake config files
[1.315s] Level 1:colcon.colcon_core.shell:create_environment_hook('signal_msg', 'cmake_prefix_path')
[1.316s] INFO:colcon.colcon_core.shell:Creating environment hook '/home/cesarbenavides/robotica_inteligente_eq5/manchester_robotics/install/signal_msg/share/signal_msg/hook/cmake_prefix_path.ps1'
[1.317s] INFO:colcon.colcon_core.shell:Creating environment descriptor '/home/cesarbenavides/robotica_inteligente_eq5/manchester_robotics/install/signal_msg/share/signal_msg/hook/cmake_prefix_path.dsv'
[1.318s] INFO:colcon.colcon_core.shell:Creating environment hook '/home/cesarbenavides/robotica_inteligente_eq5/manchester_robotics/install/signal_msg/share/signal_msg/hook/cmake_prefix_path.sh'
[1.320s] Level 1:colcon.colcon_core.environment:checking '/home/cesarbenavides/robotica_inteligente_eq5/manchester_robotics/install/signal_msg/lib'
[1.320s] Level 1:colcon.colcon_core.shell:create_environment_hook('signal_msg', 'ld_library_path_lib')
[1.321s] INFO:colcon.colcon_core.shell:Creating environment hook '/home/cesarbenavides/robotica_inteligente_eq5/manchester_robotics/install/signal_msg/share/signal_msg/hook/ld_library_path_lib.ps1'
[1.321s] INFO:colcon.colcon_core.shell:Creating environment descriptor '/home/cesarbenavides/robotica_inteligente_eq5/manchester_robotics/install/signal_msg/share/signal_msg/hook/ld_library_path_lib.dsv'
[1.322s] INFO:colcon.colcon_core.shell:Creating environment hook '/home/cesarbenavides/robotica_inteligente_eq5/manchester_robotics/install/signal_msg/share/signal_msg/hook/ld_library_path_lib.sh'
[1.323s] Level 1:colcon.colcon_core.environment:checking '/home/cesarbenavides/robotica_inteligente_eq5/manchester_robotics/install/signal_msg/bin'
[1.323s] Level 1:colcon.colcon_core.environment:checking '/home/cesarbenavides/robotica_inteligente_eq5/manchester_robotics/install/signal_msg/lib/pkgconfig/signal_msg.pc'
[1.327s] Level 1:colcon.colcon_core.environment:checking '/home/cesarbenavides/robotica_inteligente_eq5/manchester_robotics/install/signal_msg/lib/python3.10/site-packages'
[1.327s] Level 1:colcon.colcon_core.environment:checking '/home/cesarbenavides/robotica_inteligente_eq5/manchester_robotics/install/signal_msg/bin'
[1.328s] INFO:colcon.colcon_core.shell:Creating package script '/home/cesarbenavides/robotica_inteligente_eq5/manchester_robotics/install/signal_msg/share/signal_msg/package.ps1'
[1.330s] INFO:colcon.colcon_core.shell:Creating package descriptor '/home/cesarbenavides/robotica_inteligente_eq5/manchester_robotics/install/signal_msg/share/signal_msg/package.dsv'
[1.331s] INFO:colcon.colcon_core.shell:Creating package script '/home/cesarbenavides/robotica_inteligente_eq5/manchester_robotics/install/signal_msg/share/signal_msg/package.sh'
[1.332s] INFO:colcon.colcon_core.shell:Creating package script '/home/cesarbenavides/robotica_inteligente_eq5/manchester_robotics/install/signal_msg/share/signal_msg/package.bash'
[1.333s] INFO:colcon.colcon_core.shell:Creating package script '/home/cesarbenavides/robotica_inteligente_eq5/manchester_robotics/install/signal_msg/share/signal_msg/package.zsh'
[1.335s] Level 1:colcon.colcon_core.environment:create_file_with_runtime_dependencies(/home/cesarbenavides/robotica_inteligente_eq5/manchester_robotics/install/signal_msg/share/colcon-core/packages/signal_msg)
[1.415s] Level 1:colcon.colcon_core.environment:create_environment_scripts_only(signal_msg)
[1.415s] Level 1:colcon.colcon_core.environment:checking '/home/cesarbenavides/robotica_inteligente_eq5/manchester_robotics/install/signal_msg' for CMake module files
[1.416s] Level 1:colcon.colcon_core.environment:checking '/home/cesarbenavides/robotica_inteligente_eq5/manchester_robotics/install/signal_msg' for CMake config files
[1.417s] Level 1:colcon.colcon_core.shell:create_environment_hook('signal_msg', 'cmake_prefix_path')
[1.417s] INFO:colcon.colcon_core.shell:Creating environment hook '/home/cesarbenavides/robotica_inteligente_eq5/manchester_robotics/install/signal_msg/share/signal_msg/hook/cmake_prefix_path.ps1'
[1.418s] INFO:colcon.colcon_core.shell:Creating environment descriptor '/home/cesarbenavides/robotica_inteligente_eq5/manchester_robotics/install/signal_msg/share/signal_msg/hook/cmake_prefix_path.dsv'
[1.418s] INFO:colcon.colcon_core.shell:Creating environment hook '/home/cesarbenavides/robotica_inteligente_eq5/manchester_robotics/install/signal_msg/share/signal_msg/hook/cmake_prefix_path.sh'
[1.419s] Level 1:colcon.colcon_core.environment:checking '/home/cesarbenavides/robotica_inteligente_eq5/manchester_robotics/install/signal_msg/lib'
[1.419s] Level 1:colcon.colcon_core.shell:create_environment_hook('signal_msg', 'ld_library_path_lib')
[1.420s] INFO:colcon.colcon_core.shell:Creating environment hook '/home/cesarbenavides/robotica_inteligente_eq5/manchester_robotics/install/signal_msg/share/signal_msg/hook/ld_library_path_lib.ps1'
[1.421s] INFO:colcon.colcon_core.shell:Creating environment descriptor '/home/cesarbenavides/robotica_inteligente_eq5/manchester_robotics/install/signal_msg/share/signal_msg/hook/ld_library_path_lib.dsv'
[1.421s] INFO:colcon.colcon_core.shell:Creating environment hook '/home/cesarbenavides/robotica_inteligente_eq5/manchester_robotics/install/signal_msg/share/signal_msg/hook/ld_library_path_lib.sh'
[1.422s] Level 1:colcon.colcon_core.environment:checking '/home/cesarbenavides/robotica_inteligente_eq5/manchester_robotics/install/signal_msg/bin'
[1.422s] Level 1:colcon.colcon_core.environment:checking '/home/cesarbenavides/robotica_inteligente_eq5/manchester_robotics/install/signal_msg/lib/pkgconfig/signal_msg.pc'
[1.422s] Level 1:colcon.colcon_core.environment:checking '/home/cesarbenavides/robotica_inteligente_eq5/manchester_robotics/install/signal_msg/lib/python3.10/site-packages'
[1.423s] Level 1:colcon.colcon_core.environment:checking '/home/cesarbenavides/robotica_inteligente_eq5/manchester_robotics/install/signal_msg/bin'
[1.423s] INFO:colcon.colcon_core.shell:Creating package script '/home/cesarbenavides/robotica_inteligente_eq5/manchester_robotics/install/signal_msg/share/signal_msg/package.ps1'
[1.424s] INFO:colcon.colcon_core.shell:Creating package descriptor '/home/cesarbenavides/robotica_inteligente_eq5/manchester_robotics/install/signal_msg/share/signal_msg/package.dsv'
[1.425s] INFO:colcon.colcon_core.shell:Creating package script '/home/cesarbenavides/robotica_inteligente_eq5/manchester_robotics/install/signal_msg/share/signal_msg/package.sh'
[1.425s] INFO:colcon.colcon_core.shell:Creating package script '/home/cesarbenavides/robotica_inteligente_eq5/manchester_robotics/install/signal_msg/share/signal_msg/package.bash'
[1.426s] INFO:colcon.colcon_core.shell:Creating package script '/home/cesarbenavides/robotica_inteligente_eq5/manchester_robotics/install/signal_msg/share/signal_msg/package.zsh'
[1.426s] Level 1:colcon.colcon_core.environment:create_file_with_runtime_dependencies(/home/cesarbenavides/robotica_inteligente_eq5/manchester_robotics/install/signal_msg/share/colcon-core/packages/signal_msg)
[1.427s] INFO:colcon.colcon_ros.task.ament_python.build:Building ROS package in '/home/cesarbenavides/robotica_inteligente_eq5/manchester_robotics/src/mini_challenge_1' with build type 'ament_python'
[1.427s] Level 1:colcon.colcon_core.shell:create_environment_hook('mini_challenge_1', 'ament_prefix_path')
[1.428s] INFO:colcon.colcon_core.shell:Creating environment hook '/home/cesarbenavides/robotica_inteligente_eq5/manchester_robotics/install/mini_challenge_1/share/mini_challenge_1/hook/ament_prefix_path.ps1'
[1.429s] INFO:colcon.colcon_core.shell:Creating environment descriptor '/home/cesarbenavides/robotica_inteligente_eq5/manchester_robotics/install/mini_challenge_1/share/mini_challenge_1/hook/ament_prefix_path.dsv'
[1.429s] INFO:colcon.colcon_core.shell:Creating environment hook '/home/cesarbenavides/robotica_inteligente_eq5/manchester_robotics/install/mini_challenge_1/share/mini_challenge_1/hook/ament_prefix_path.sh'
[1.430s] INFO:colcon.colcon_core.shell:Skip shell extension 'powershell' for command environment: Not usable outside of PowerShell
[1.430s] DEBUG:colcon.colcon_core.shell:Skip shell extension 'dsv' for command environment
[1.811s] INFO:colcon.colcon_core.task.python.build:Building Python package in '/home/cesarbenavides/robotica_inteligente_eq5/manchester_robotics/src/mini_challenge_1'
[1.811s] INFO:colcon.colcon_core.shell:Skip shell extension 'powershell' for command environment: Not usable outside of PowerShell
[1.811s] DEBUG:colcon.colcon_core.shell:Skip shell extension 'dsv' for command environment
[2.313s] DEBUG:colcon.colcon_core.event_handler.log_command:Invoking command in '/home/cesarbenavides/robotica_inteligente_eq5/manchester_robotics/src/mini_challenge_1': PYTHONPATH=/home/cesarbenavides/robotica_inteligente_eq5/manchester_robotics/build/mini_challenge_1/prefix_override:/home/cesarbenavides/robotica_inteligente_eq5/manchester_robotics/install/mini_challenge_1/lib/python3.10/site-packages:${PYTHONPATH} /usr/bin/python3 -W ignore:setup.py install is deprecated setup.py egg_info --egg-base ../../build/mini_challenge_1 build --build-base /home/cesarbenavides/robotica_inteligente_eq5/manchester_robotics/build/mini_challenge_1/build install --record /home/cesarbenavides/robotica_inteligente_eq5/manchester_robotics/build/mini_challenge_1/install.log --single-version-externally-managed install_data
[2.736s] Level 1:colcon.colcon_core.environment:checking '/home/cesarbenavides/robotica_inteligente_eq5/manchester_robotics/install/mini_challenge_1' for CMake module files
[2.737s] DEBUG:colcon.colcon_core.event_handler.log_command:Invoked command in '/home/cesarbenavides/robotica_inteligente_eq5/manchester_robotics/src/mini_challenge_1' returned '0': PYTHONPATH=/home/cesarbenavides/robotica_inteligente_eq5/manchester_robotics/build/mini_challenge_1/prefix_override:/home/cesarbenavides/robotica_inteligente_eq5/manchester_robotics/install/mini_challenge_1/lib/python3.10/site-packages:${PYTHONPATH} /usr/bin/python3 -W ignore:setup.py install is deprecated setup.py egg_info --egg-base ../../build/mini_challenge_1 build --build-base /home/cesarbenavides/robotica_inteligente_eq5/manchester_robotics/build/mini_challenge_1/build install --record /home/cesarbenavides/robotica_inteligente_eq5/manchester_robotics/build/mini_challenge_1/install.log --single-version-externally-managed install_data
[2.737s] Level 1:colcon.colcon_core.environment:checking '/home/cesarbenavides/robotica_inteligente_eq5/manchester_robotics/install/mini_challenge_1' for CMake config files
[2.738s] Level 1:colcon.colcon_core.environment:checking '/home/cesarbenavides/robotica_inteligente_eq5/manchester_robotics/install/mini_challenge_1/lib'
[2.738s] Level 1:colcon.colcon_core.environment:checking '/home/cesarbenavides/robotica_inteligente_eq5/manchester_robotics/install/mini_challenge_1/bin'
[2.738s] Level 1:colcon.colcon_core.environment:checking '/home/cesarbenavides/robotica_inteligente_eq5/manchester_robotics/install/mini_challenge_1/lib/pkgconfig/mini_challenge_1.pc'
[2.739s] Level 1:colcon.colcon_core.environment:checking '/home/cesarbenavides/robotica_inteligente_eq5/manchester_robotics/install/mini_challenge_1/lib/python3.10/site-packages'
[2.739s] Level 1:colcon.colcon_core.shell:create_environment_hook('mini_challenge_1', 'pythonpath')
[2.739s] INFO:colcon.colcon_core.shell:Creating environment hook '/home/cesarbenavides/robotica_inteligente_eq5/manchester_robotics/install/mini_challenge_1/share/mini_challenge_1/hook/pythonpath.ps1'
[2.740s] INFO:colcon.colcon_core.shell:Creating environment descriptor '/home/cesarbenavides/robotica_inteligente_eq5/manchester_robotics/install/mini_challenge_1/share/mini_challenge_1/hook/pythonpath.dsv'
[2.740s] INFO:colcon.colcon_core.shell:Creating environment hook '/home/cesarbenavides/robotica_inteligente_eq5/manchester_robotics/install/mini_challenge_1/share/mini_challenge_1/hook/pythonpath.sh'
[2.741s] Level 1:colcon.colcon_core.environment:checking '/home/cesarbenavides/robotica_inteligente_eq5/manchester_robotics/install/mini_challenge_1/bin'
[2.741s] Level 1:colcon.colcon_core.environment:create_environment_scripts_only(mini_challenge_1)
[2.742s] INFO:colcon.colcon_core.shell:Creating package script '/home/cesarbenavides/robotica_inteligente_eq5/manchester_robotics/install/mini_challenge_1/share/mini_challenge_1/package.ps1'
[2.743s] INFO:colcon.colcon_core.shell:Creating package descriptor '/home/cesarbenavides/robotica_inteligente_eq5/manchester_robotics/install/mini_challenge_1/share/mini_challenge_1/package.dsv'
[2.744s] INFO:colcon.colcon_core.shell:Creating package script '/home/cesarbenavides/robotica_inteligente_eq5/manchester_robotics/install/mini_challenge_1/share/mini_challenge_1/package.sh'
[2.744s] INFO:colcon.colcon_core.shell:Creating package script '/home/cesarbenavides/robotica_inteligente_eq5/manchester_robotics/install/mini_challenge_1/share/mini_challenge_1/package.bash'
[2.745s] INFO:colcon.colcon_core.shell:Creating package script '/home/cesarbenavides/robotica_inteligente_eq5/manchester_robotics/install/mini_challenge_1/share/mini_challenge_1/package.zsh'
[2.745s] Level 1:colcon.colcon_core.environment:create_file_with_runtime_dependencies(/home/cesarbenavides/robotica_inteligente_eq5/manchester_robotics/install/mini_challenge_1/share/colcon-core/packages/mini_challenge_1)
[2.746s] DEBUG:colcon.colcon_parallel_executor.executor.parallel:closing loop
[2.746s] DEBUG:colcon.colcon_parallel_executor.executor.parallel:loop closed
[2.747s] DEBUG:colcon.colcon_parallel_executor.executor.parallel:run_until_complete finished with '0'
[2.747s] DEBUG:colcon.colcon_core.event_reactor:joining thread
[2.753s] INFO:colcon.colcon_core.plugin_system:Skipping extension 'colcon_notification.desktop_notification.terminal_notifier': Not used on non-Darwin systems
[2.753s] INFO:colcon.colcon_core.plugin_system:Skipping extension 'colcon_notification.desktop_notification.win32': Not used on non-Windows systems
[2.754s] INFO:colcon.colcon_notification.desktop_notification:Sending desktop notification using 'notify2'
[2.771s] DEBUG:colcon.colcon_core.event_reactor:joined thread
[2.772s] INFO:colcon.colcon_core.shell:Creating prefix script '/home/cesarbenavides/robotica_inteligente_eq5/manchester_robotics/install/local_setup.ps1'
[2.774s] INFO:colcon.colcon_core.shell:Creating prefix util module '/home/cesarbenavides/robotica_inteligente_eq5/manchester_robotics/install/_local_setup_util_ps1.py'
[2.777s] INFO:colcon.colcon_core.shell:Creating prefix chain script '/home/cesarbenavides/robotica_inteligente_eq5/manchester_robotics/install/setup.ps1'
[2.781s] INFO:colcon.colcon_core.shell:Creating prefix script '/home/cesarbenavides/robotica_inteligente_eq5/manchester_robotics/install/local_setup.sh'
[2.782s] INFO:colcon.colcon_core.shell:Creating prefix util module '/home/cesarbenavides/robotica_inteligente_eq5/manchester_robotics/install/_local_setup_util_sh.py'
[2.783s] INFO:colcon.colcon_core.shell:Creating prefix chain script '/home/cesarbenavides/robotica_inteligente_eq5/manchester_robotics/install/setup.sh'
[2.785s] INFO:colcon.colcon_core.shell:Creating prefix script '/home/cesarbenavides/robotica_inteligente_eq5/manchester_robotics/install/local_setup.bash'
[2.786s] INFO:colcon.colcon_core.shell:Creating prefix chain script '/home/cesarbenavides/robotica_inteligente_eq5/manchester_robotics/install/setup.bash'
[2.788s] INFO:colcon.colcon_core.shell:Creating prefix script '/home/cesarbenavides/robotica_inteligente_eq5/manchester_robotics/install/local_setup.zsh'
[2.789s] INFO:colcon.colcon_core.shell:Creating prefix chain script '/home/cesarbenavides/robotica_inteligente_eq5/manchester_robotics/install/setup.zsh'
