running egg_info
writing ../../../build/mini_challenge_1/mini_challenge_1.egg-info/PKG-INFO
writing dependency_links to ../../../build/mini_challenge_1/mini_challenge_1.egg-info/dependency_links.txt
writing entry points to ../../../build/mini_challenge_1/mini_challenge_1.egg-info/entry_points.txt
writing requirements to ../../../build/mini_challenge_1/mini_challenge_1.egg-info/requires.txt
writing top-level names to ../../../build/mini_challenge_1/mini_challenge_1.egg-info/top_level.txt
writing manifest file '../../../build/mini_challenge_1/mini_challenge_1.egg-info/SOURCES.txt'
reading manifest file '../../../build/mini_challenge_1/mini_challenge_1.egg-info/SOURCES.txt'
writing manifest file '../../../build/mini_challenge_1/mini_challenge_1.egg-info/SOURCES.txt'
running build
running build_py
copying mini_challenge_1/PathGenerator.py -> /home/mcr2/robotica_inteligente_eq5/build/mini_challenge_1/build/lib/mini_challenge_1
copying mini_challenge_1/Controller.py -> /home/mcr2/robotica_inteligente_eq5/build/mini_challenge_1/build/lib/mini_challenge_1
copying mini_challenge_1/__init__.py -> /home/mcr2/robotica_inteligente_eq5/build/mini_challenge_1/build/lib/mini_challenge_1
running install
running install_lib
copying /home/mcr2/robotica_inteligente_eq5/build/mini_challenge_1/build/lib/mini_challenge_1/PathGenerator.py -> /home/mcr2/robotica_inteligente_eq5/install/mini_challenge_1/lib/python3.10/site-packages/mini_challenge_1
copying /home/mcr2/robotica_inteligente_eq5/build/mini_challenge_1/build/lib/mini_challenge_1/Controller.py -> /home/mcr2/robotica_inteligente_eq5/install/mini_challenge_1/lib/python3.10/site-packages/mini_challenge_1
copying /home/mcr2/robotica_inteligente_eq5/build/mini_challenge_1/build/lib/mini_challenge_1/__init__.py -> /home/mcr2/robotica_inteligente_eq5/install/mini_challenge_1/lib/python3.10/site-packages/mini_challenge_1
byte-compiling /home/mcr2/robotica_inteligente_eq5/install/mini_challenge_1/lib/python3.10/site-packages/mini_challenge_1/PathGenerator.py to PathGenerator.cpython-310.pyc
byte-compiling /home/mcr2/robotica_inteligente_eq5/install/mini_challenge_1/lib/python3.10/site-packages/mini_challenge_1/Controller.py to Controller.cpython-310.pyc
byte-compiling /home/mcr2/robotica_inteligente_eq5/install/mini_challenge_1/lib/python3.10/site-packages/mini_challenge_1/__init__.py to __init__.cpython-310.pyc
running install_data
copying resource/mini_challenge_1 -> /home/mcr2/robotica_inteligente_eq5/install/mini_challenge_1/share/ament_index/resource_index/packages
copying package.xml -> /home/mcr2/robotica_inteligente_eq5/install/mini_challenge_1/share/mini_challenge_1
creating /home/mcr2/robotica_inteligente_eq5/install/mini_challenge_1/share/mini_challenge_1/launch
copying launch/mini_launch.py -> /home/mcr2/robotica_inteligente_eq5/install/mini_challenge_1/share/mini_challenge_1/launch
creating /home/mcr2/robotica_inteligente_eq5/install/mini_challenge_1/share/mini_challenge_1/config
copying config/params.yaml -> /home/mcr2/robotica_inteligente_eq5/install/mini_challenge_1/share/mini_challenge_1/config
running install_egg_info
removing '/home/mcr2/robotica_inteligente_eq5/install/mini_challenge_1/lib/python3.10/site-packages/mini_challenge_1-0.0.0-py3.10.egg-info' (and everything under it)
Copying ../../../build/mini_challenge_1/mini_challenge_1.egg-info to /home/mcr2/robotica_inteligente_eq5/install/mini_challenge_1/lib/python3.10/site-packages/mini_challenge_1-0.0.0-py3.10.egg-info
running install_scripts
Installing Controller script to /home/mcr2/robotica_inteligente_eq5/install/mini_challenge_1/lib/mini_challenge_1
Installing PathGenerator script to /home/mcr2/robotica_inteligente_eq5/install/mini_challenge_1/lib/mini_challenge_1
writing list of installed files to '/home/mcr2/robotica_inteligente_eq5/build/mini_challenge_1/install.log'
