[3.100s] Invoking command in '/home/mcr2/robotica_inteligente_eq5/manchester_robotics/src/mini_challenge_1': PYTHONPATH=/home/mcr2/robotica_inteligente_eq5/build/mini_challenge_1/prefix_override:/home/mcr2/robotica_inteligente_eq5/install/mini_challenge_1/lib/python3.10/site-packages:${PYTHONPATH} /usr/bin/python3 setup.py egg_info --egg-base ../../../build/mini_challenge_1 build --build-base /home/mcr2/robotica_inteligente_eq5/build/mini_challenge_1/build install --record /home/mcr2/robotica_inteligente_eq5/build/mini_challenge_1/install.log --single-version-externally-managed
[3.921s] running egg_info
[3.922s] writing ../../../build/mini_challenge_1/mini_challenge_1.egg-info/PKG-INFO
[3.923s] writing dependency_links to ../../../build/mini_challenge_1/mini_challenge_1.egg-info/dependency_links.txt
[3.923s] writing entry points to ../../../build/mini_challenge_1/mini_challenge_1.egg-info/entry_points.txt
[3.923s] writing requirements to ../../../build/mini_challenge_1/mini_challenge_1.egg-info/requires.txt
[3.924s] writing top-level names to ../../../build/mini_challenge_1/mini_challenge_1.egg-info/top_level.txt
[3.924s] writing manifest file '../../../build/mini_challenge_1/mini_challenge_1.egg-info/SOURCES.txt'
[3.929s] reading manifest file '../../../build/mini_challenge_1/mini_challenge_1.egg-info/SOURCES.txt'
[3.932s] writing manifest file '../../../build/mini_challenge_1/mini_challenge_1.egg-info/SOURCES.txt'
[3.934s] running build
[3.936s] running build_py
[3.936s] copying mini_challenge_1/PathGenerator.py -> /home/mcr2/robotica_inteligente_eq5/build/mini_challenge_1/build/lib/mini_challenge_1
[3.937s] copying mini_challenge_1/Controller.py -> /home/mcr2/robotica_inteligente_eq5/build/mini_challenge_1/build/lib/mini_challenge_1
[3.938s] copying mini_challenge_1/__init__.py -> /home/mcr2/robotica_inteligente_eq5/build/mini_challenge_1/build/lib/mini_challenge_1
[3.938s] running install
[3.940s] /usr/lib/python3/dist-packages/setuptools/command/install.py:34: SetuptoolsDeprecationWarning: setup.py install is deprecated. Use build and pip and other standards-based tools.
[3.941s]   warnings.warn(
[3.941s] running install_lib
[3.942s] copying /home/mcr2/robotica_inteligente_eq5/build/mini_challenge_1/build/lib/mini_challenge_1/PathGenerator.py -> /home/mcr2/robotica_inteligente_eq5/install/mini_challenge_1/lib/python3.10/site-packages/mini_challenge_1
[3.943s] copying /home/mcr2/robotica_inteligente_eq5/build/mini_challenge_1/build/lib/mini_challenge_1/Controller.py -> /home/mcr2/robotica_inteligente_eq5/install/mini_challenge_1/lib/python3.10/site-packages/mini_challenge_1
[3.943s] copying /home/mcr2/robotica_inteligente_eq5/build/mini_challenge_1/build/lib/mini_challenge_1/__init__.py -> /home/mcr2/robotica_inteligente_eq5/install/mini_challenge_1/lib/python3.10/site-packages/mini_challenge_1
[3.946s] byte-compiling /home/mcr2/robotica_inteligente_eq5/install/mini_challenge_1/lib/python3.10/site-packages/mini_challenge_1/PathGenerator.py to PathGenerator.cpython-310.pyc
[3.951s] byte-compiling /home/mcr2/robotica_inteligente_eq5/install/mini_challenge_1/lib/python3.10/site-packages/mini_challenge_1/Controller.py to Controller.cpython-310.pyc
[3.953s] byte-compiling /home/mcr2/robotica_inteligente_eq5/install/mini_challenge_1/lib/python3.10/site-packages/mini_challenge_1/__init__.py to __init__.cpython-310.pyc
[3.953s] running install_data
[3.954s] copying resource/mini_challenge_1 -> /home/mcr2/robotica_inteligente_eq5/install/mini_challenge_1/share/ament_index/resource_index/packages
[3.956s] copying package.xml -> /home/mcr2/robotica_inteligente_eq5/install/mini_challenge_1/share/mini_challenge_1
[3.957s] creating /home/mcr2/robotica_inteligente_eq5/install/mini_challenge_1/share/mini_challenge_1/launch
[3.957s] copying launch/mini_launch.py -> /home/mcr2/robotica_inteligente_eq5/install/mini_challenge_1/share/mini_challenge_1/launch
[3.957s] creating /home/mcr2/robotica_inteligente_eq5/install/mini_challenge_1/share/mini_challenge_1/config
[3.958s] copying config/params.yaml -> /home/mcr2/robotica_inteligente_eq5/install/mini_challenge_1/share/mini_challenge_1/config
[3.958s] running install_egg_info
[3.964s] removing '/home/mcr2/robotica_inteligente_eq5/install/mini_challenge_1/lib/python3.10/site-packages/mini_challenge_1-0.0.0-py3.10.egg-info' (and everything under it)
[3.964s] Copying ../../../build/mini_challenge_1/mini_challenge_1.egg-info to /home/mcr2/robotica_inteligente_eq5/install/mini_challenge_1/lib/python3.10/site-packages/mini_challenge_1-0.0.0-py3.10.egg-info
[3.966s] running install_scripts
[4.128s] Installing Controller script to /home/mcr2/robotica_inteligente_eq5/install/mini_challenge_1/lib/mini_challenge_1
[4.134s] Installing PathGenerator script to /home/mcr2/robotica_inteligente_eq5/install/mini_challenge_1/lib/mini_challenge_1
[4.134s] writing list of installed files to '/home/mcr2/robotica_inteligente_eq5/build/mini_challenge_1/install.log'
[4.204s] Invoked command in '/home/mcr2/robotica_inteligente_eq5/manchester_robotics/src/mini_challenge_1' returned '0': PYTHONPATH=/home/mcr2/robotica_inteligente_eq5/build/mini_challenge_1/prefix_override:/home/mcr2/robotica_inteligente_eq5/install/mini_challenge_1/lib/python3.10/site-packages:${PYTHONPATH} /usr/bin/python3 setup.py egg_info --egg-base ../../../build/mini_challenge_1 build --build-base /home/mcr2/robotica_inteligente_eq5/build/mini_challenge_1/build install --record /home/mcr2/robotica_inteligente_eq5/build/mini_challenge_1/install.log --single-version-externally-managed
