[0.137s] DEBUG:colcon:Command line arguments: ['/usr/bin/colcon', 'build']
[0.137s] DEBUG:colcon:Parsed command line arguments: Namespace(log_base=None, log_level=None, verb_name='build', build_base='build', install_base='install', merge_install=False, symlink_install=False, test_result_base=None, continue_on_error=False, executor='parallel', parallel_workers=4, event_handlers=None, ignore_user_meta=False, metas=['./colcon.meta'], base_paths=['.'], packages_ignore=None, packages_ignore_regex=None, paths=None, packages_up_to=None, packages_up_to_regex=None, packages_above=None, packages_above_and_dependencies=None, packages_above_depth=None, packages_select_by_dep=None, packages_skip_by_dep=None, packages_skip_up_to=None, packages_select_build_failed=False, packages_skip_build_finished=False, packages_select_test_failures=False, packages_skip_test_passed=False, packages_select=None, packages_skip=None, packages_select_regex=None, packages_skip_regex=None, packages_start=None, packages_end=None, allow_overriding=[], cmake_args=None, cmake_target=None, cmake_target_skip_unavailable=False, cmake_clean_cache=False, cmake_clean_first=False, cmake_force_configure=False, ament_cmake_args=None, catkin_cmake_args=None, catkin_skip_building_tests=False, verb_parser=<colcon_defaults.argument_parser.defaults.DefaultArgumentsDecorator object at 0x774659b38880>, verb_extension=<colcon_core.verb.build.BuildVerb object at 0x774659b380a0>, main=<bound method BuildVerb.main of <colcon_core.verb.build.BuildVerb object at 0x774659b380a0>>)
[0.353s] Level 1:colcon.colcon_core.package_discovery:discover_packages(colcon_meta) check parameters
[0.353s] Level 1:colcon.colcon_core.package_discovery:discover_packages(recursive) check parameters
[0.353s] Level 1:colcon.colcon_core.package_discovery:discover_packages(ignore) check parameters
[0.353s] Level 1:colcon.colcon_core.package_discovery:discover_packages(path) check parameters
[0.353s] Level 1:colcon.colcon_core.package_discovery:discover_packages(colcon_meta) discover
[0.353s] Level 1:colcon.colcon_core.package_discovery:discover_packages(recursive) discover
[0.353s] INFO:colcon.colcon_core.package_discovery:Crawling recursively for packages in '/home/cesarbenavides/robotica_inteligente_eq5/manchester_robotics'
[0.353s] Level 1:colcon.colcon_core.package_identification:_identify(.) by extensions ['ignore', 'ignore_ament_install']
[0.353s] Level 1:colcon.colcon_core.package_identification:_identify(.) by extension 'ignore'
[0.353s] Level 1:colcon.colcon_core.package_identification:_identify(.) by extension 'ignore_ament_install'
[0.354s] Level 1:colcon.colcon_core.package_identification:_identify(.) by extensions ['colcon_pkg']
[0.354s] Level 1:colcon.colcon_core.package_identification:_identify(.) by extension 'colcon_pkg'
[0.354s] Level 1:colcon.colcon_core.package_identification:_identify(.) by extensions ['colcon_meta']
[0.354s] Level 1:colcon.colcon_core.package_identification:_identify(.) by extension 'colcon_meta'
[0.354s] Level 1:colcon.colcon_core.package_identification:_identify(.) by extensions ['ros']
[0.354s] Level 1:colcon.colcon_core.package_identification:_identify(.) by extension 'ros'
[0.368s] Level 1:colcon.colcon_core.package_identification:_identify(.) by extensions ['cmake', 'python']
[0.368s] Level 1:colcon.colcon_core.package_identification:_identify(.) by extension 'cmake'
[0.368s] Level 1:colcon.colcon_core.package_identification:_identify(.) by extension 'python'
[0.368s] Level 1:colcon.colcon_core.package_identification:_identify(.) by extensions ['python_setup_py']
[0.368s] Level 1:colcon.colcon_core.package_identification:_identify(.) by extension 'python_setup_py'
[0.368s] Level 1:colcon.colcon_core.package_identification:_identify(build) by extensions ['ignore', 'ignore_ament_install']
[0.369s] Level 1:colcon.colcon_core.package_identification:_identify(build) by extension 'ignore'
[0.369s] Level 1:colcon.colcon_core.package_identification:_identify(build) ignored
[0.369s] Level 1:colcon.colcon_core.package_identification:_identify(install) by extensions ['ignore', 'ignore_ament_install']
[0.369s] Level 1:colcon.colcon_core.package_identification:_identify(install) by extension 'ignore'
[0.369s] Level 1:colcon.colcon_core.package_identification:_identify(install) ignored
[0.369s] Level 1:colcon.colcon_core.package_identification:_identify(log) by extensions ['ignore', 'ignore_ament_install']
[0.370s] Level 1:colcon.colcon_core.package_identification:_identify(log) by extension 'ignore'
[0.370s] Level 1:colcon.colcon_core.package_identification:_identify(log) ignored
[0.370s] Level 1:colcon.colcon_core.package_identification:_identify(src) by extensions ['ignore', 'ignore_ament_install']
[0.370s] Level 1:colcon.colcon_core.package_identification:_identify(src) by extension 'ignore'
[0.370s] Level 1:colcon.colcon_core.package_identification:_identify(src) by extension 'ignore_ament_install'
[0.370s] Level 1:colcon.colcon_core.package_identification:_identify(src) by extensions ['colcon_pkg']
[0.370s] Level 1:colcon.colcon_core.package_identification:_identify(src) by extension 'colcon_pkg'
[0.370s] Level 1:colcon.colcon_core.package_identification:_identify(src) by extensions ['colcon_meta']
[0.370s] Level 1:colcon.colcon_core.package_identification:_identify(src) by extension 'colcon_meta'
[0.370s] Level 1:colcon.colcon_core.package_identification:_identify(src) by extensions ['ros']
[0.370s] Level 1:colcon.colcon_core.package_identification:_identify(src) by extension 'ros'
[0.370s] Level 1:colcon.colcon_core.package_identification:_identify(src) by extensions ['cmake', 'python']
[0.370s] Level 1:colcon.colcon_core.package_identification:_identify(src) by extension 'cmake'
[0.370s] Level 1:colcon.colcon_core.package_identification:_identify(src) by extension 'python'
[0.371s] Level 1:colcon.colcon_core.package_identification:_identify(src) by extensions ['python_setup_py']
[0.371s] Level 1:colcon.colcon_core.package_identification:_identify(src) by extension 'python_setup_py'
[0.371s] Level 1:colcon.colcon_core.package_identification:_identify(src/mini_challenge_1) by extensions ['ignore', 'ignore_ament_install']
[0.371s] Level 1:colcon.colcon_core.package_identification:_identify(src/mini_challenge_1) by extension 'ignore'
[0.371s] Level 1:colcon.colcon_core.package_identification:_identify(src/mini_challenge_1) by extension 'ignore_ament_install'
[0.371s] Level 1:colcon.colcon_core.package_identification:_identify(src/mini_challenge_1) by extensions ['colcon_pkg']
[0.371s] Level 1:colcon.colcon_core.package_identification:_identify(src/mini_challenge_1) by extension 'colcon_pkg'
[0.371s] Level 1:colcon.colcon_core.package_identification:_identify(src/mini_challenge_1) by extensions ['colcon_meta']
[0.371s] Level 1:colcon.colcon_core.package_identification:_identify(src/mini_challenge_1) by extension 'colcon_meta'
[0.371s] Level 1:colcon.colcon_core.package_identification:_identify(src/mini_challenge_1) by extensions ['ros']
[0.371s] Level 1:colcon.colcon_core.package_identification:_identify(src/mini_challenge_1) by extension 'ros'
[0.373s] DEBUG:colcon.colcon_core.package_identification:Failed to parse potential ROS package manifest in'src/mini_challenge_1': Error(s) in package 'src/mini_challenge_1/package.xml':
The manifest contains invalid XML:
mismatched tag: line 13, column 27
[0.373s] Level 1:colcon.colcon_core.package_identification:_identify(src/mini_challenge_1) by extensions ['cmake', 'python']
[0.373s] Level 1:colcon.colcon_core.package_identification:_identify(src/mini_challenge_1) by extension 'cmake'
[0.373s] Level 1:colcon.colcon_core.package_identification:_identify(src/mini_challenge_1) by extension 'python'
[0.373s] DEBUG:colcon.colcon_core.package_identification:Python package in 'src/mini_challenge_1' passes arguments to the setup() function which requires a different identification extension than 'python'
[0.373s] Level 1:colcon.colcon_core.package_identification:_identify(src/mini_challenge_1) by extensions ['python_setup_py']
[0.373s] Level 1:colcon.colcon_core.package_identification:_identify(src/mini_challenge_1) by extension 'python_setup_py'
[0.703s] DEBUG:colcon.colcon_core.package_identification:Package 'src/mini_challenge_1' with type 'python' and name 'mini_challenge_1'
[0.703s] Level 1:colcon.colcon_core.package_identification:_identify(src/mini_challenge_2) by extensions ['ignore', 'ignore_ament_install']
[0.703s] Level 1:colcon.colcon_core.package_identification:_identify(src/mini_challenge_2) by extension 'ignore'
[0.703s] Level 1:colcon.colcon_core.package_identification:_identify(src/mini_challenge_2) by extension 'ignore_ament_install'
[0.703s] Level 1:colcon.colcon_core.package_identification:_identify(src/mini_challenge_2) by extensions ['colcon_pkg']
[0.704s] Level 1:colcon.colcon_core.package_identification:_identify(src/mini_challenge_2) by extension 'colcon_pkg'
[0.704s] Level 1:colcon.colcon_core.package_identification:_identify(src/mini_challenge_2) by extensions ['colcon_meta']
[0.704s] Level 1:colcon.colcon_core.package_identification:_identify(src/mini_challenge_2) by extension 'colcon_meta'
[0.704s] Level 1:colcon.colcon_core.package_identification:_identify(src/mini_challenge_2) by extensions ['ros']
[0.704s] Level 1:colcon.colcon_core.package_identification:_identify(src/mini_challenge_2) by extension 'ros'
[0.704s] DEBUG:colcon.colcon_core.package_identification:Failed to parse potential ROS package manifest in'src/mini_challenge_2': Error(s) in package 'src/mini_challenge_2/package.xml':
The manifest contains invalid XML:
mismatched tag: line 13, column 27
[0.704s] Level 1:colcon.colcon_core.package_identification:_identify(src/mini_challenge_2) by extensions ['cmake', 'python']
[0.704s] Level 1:colcon.colcon_core.package_identification:_identify(src/mini_challenge_2) by extension 'cmake'
[0.705s] Level 1:colcon.colcon_core.package_identification:_identify(src/mini_challenge_2) by extension 'python'
[0.705s] DEBUG:colcon.colcon_core.package_identification:Python package in 'src/mini_challenge_2' passes arguments to the setup() function which requires a different identification extension than 'python'
[0.705s] Level 1:colcon.colcon_core.package_identification:_identify(src/mini_challenge_2) by extensions ['python_setup_py']
[0.705s] Level 1:colcon.colcon_core.package_identification:_identify(src/mini_challenge_2) by extension 'python_setup_py'
[1.023s] DEBUG:colcon.colcon_core.package_identification:Package 'src/mini_challenge_2' with type 'python' and name 'mini_challenge_2'
[1.023s] Level 1:colcon.colcon_core.package_identification:_identify(src/signal_msg) by extensions ['ignore', 'ignore_ament_install']
[1.024s] Level 1:colcon.colcon_core.package_identification:_identify(src/signal_msg) by extension 'ignore'
[1.024s] Level 1:colcon.colcon_core.package_identification:_identify(src/signal_msg) by extension 'ignore_ament_install'
[1.024s] Level 1:colcon.colcon_core.package_identification:_identify(src/signal_msg) by extensions ['colcon_pkg']
[1.024s] Level 1:colcon.colcon_core.package_identification:_identify(src/signal_msg) by extension 'colcon_pkg'
[1.024s] Level 1:colcon.colcon_core.package_identification:_identify(src/signal_msg) by extensions ['colcon_meta']
[1.024s] Level 1:colcon.colcon_core.package_identification:_identify(src/signal_msg) by extension 'colcon_meta'
[1.024s] Level 1:colcon.colcon_core.package_identification:_identify(src/signal_msg) by extensions ['ros']
[1.024s] Level 1:colcon.colcon_core.package_identification:_identify(src/signal_msg) by extension 'ros'
[1.026s] DEBUG:colcon.colcon_core.package_identification:Package 'src/signal_msg' with type 'ros.ament_cmake' and name 'signal_msg'
[1.026s] Level 1:colcon.colcon_core.package_discovery:discover_packages(recursive) using defaults
[1.027s] Level 1:colcon.colcon_core.package_discovery:discover_packages(ignore) discover
[1.027s] Level 1:colcon.colcon_core.package_discovery:discover_packages(ignore) using defaults
[1.027s] Level 1:colcon.colcon_core.package_discovery:discover_packages(path) discover
[1.027s] Level 1:colcon.colcon_core.package_discovery:discover_packages(path) using defaults
[1.054s] Level 1:colcon.colcon_core.package_discovery:discover_packages(prefix_path) check parameters
[1.054s] Level 1:colcon.colcon_core.package_discovery:discover_packages(prefix_path) discover
[1.056s] DEBUG:colcon.colcon_installed_package_information.package_discovery:Found 3 installed packages in /home/cesarbenavides/robotica_inteligente_eq5/manchester_robotics/install
[1.057s] DEBUG:colcon.colcon_installed_package_information.package_discovery:Found 3 installed packages in /home/cesarbenavides/ros2_utilities_ws/install
[1.059s] DEBUG:colcon.colcon_installed_package_information.package_discovery:Found 337 installed packages in /opt/ros/humble
[1.076s] Level 1:colcon.colcon_core.package_discovery:discover_packages(prefix_path) using defaults
[1.139s] Level 5:colcon.colcon_core.verb:set package 'mini_challenge_1' build argument 'cmake_args' from command line to 'None'
[1.139s] Level 5:colcon.colcon_core.verb:set package 'mini_challenge_1' build argument 'cmake_target' from command line to 'None'
[1.139s] Level 5:colcon.colcon_core.verb:set package 'mini_challenge_1' build argument 'cmake_target_skip_unavailable' from command line to 'False'
[1.139s] Level 5:colcon.colcon_core.verb:set package 'mini_challenge_1' build argument 'cmake_clean_cache' from command line to 'False'
[1.139s] Level 5:colcon.colcon_core.verb:set package 'mini_challenge_1' build argument 'cmake_clean_first' from command line to 'False'
[1.139s] Level 5:colcon.colcon_core.verb:set package 'mini_challenge_1' build argument 'cmake_force_configure' from command line to 'False'
[1.139s] Level 5:colcon.colcon_core.verb:set package 'mini_challenge_1' build argument 'ament_cmake_args' from command line to 'None'
[1.139s] Level 5:colcon.colcon_core.verb:set package 'mini_challenge_1' build argument 'catkin_cmake_args' from command line to 'None'
[1.139s] Level 5:colcon.colcon_core.verb:set package 'mini_challenge_1' build argument 'catkin_skip_building_tests' from command line to 'False'
[1.139s] DEBUG:colcon.colcon_core.verb:Building package 'mini_challenge_1' with the following arguments: {'ament_cmake_args': None, 'build_base': '/home/cesarbenavides/robotica_inteligente_eq5/manchester_robotics/build/mini_challenge_1', 'catkin_cmake_args': None, 'catkin_skip_building_tests': False, 'cmake_args': None, 'cmake_clean_cache': False, 'cmake_clean_first': False, 'cmake_force_configure': False, 'cmake_target': None, 'cmake_target_skip_unavailable': False, 'install_base': '/home/cesarbenavides/robotica_inteligente_eq5/manchester_robotics/install/mini_challenge_1', 'merge_install': False, 'path': '/home/cesarbenavides/robotica_inteligente_eq5/manchester_robotics/src/mini_challenge_1', 'symlink_install': False, 'test_result_base': None}
[1.140s] Level 5:colcon.colcon_core.verb:set package 'mini_challenge_2' build argument 'cmake_args' from command line to 'None'
[1.140s] Level 5:colcon.colcon_core.verb:set package 'mini_challenge_2' build argument 'cmake_target' from command line to 'None'
[1.140s] Level 5:colcon.colcon_core.verb:set package 'mini_challenge_2' build argument 'cmake_target_skip_unavailable' from command line to 'False'
[1.140s] Level 5:colcon.colcon_core.verb:set package 'mini_challenge_2' build argument 'cmake_clean_cache' from command line to 'False'
[1.140s] Level 5:colcon.colcon_core.verb:set package 'mini_challenge_2' build argument 'cmake_clean_first' from command line to 'False'
[1.140s] Level 5:colcon.colcon_core.verb:set package 'mini_challenge_2' build argument 'cmake_force_configure' from command line to 'False'
[1.140s] Level 5:colcon.colcon_core.verb:set package 'mini_challenge_2' build argument 'ament_cmake_args' from command line to 'None'
[1.140s] Level 5:colcon.colcon_core.verb:set package 'mini_challenge_2' build argument 'catkin_cmake_args' from command line to 'None'
[1.140s] Level 5:colcon.colcon_core.verb:set package 'mini_challenge_2' build argument 'catkin_skip_building_tests' from command line to 'False'
[1.140s] DEBUG:colcon.colcon_core.verb:Building package 'mini_challenge_2' with the following arguments: {'ament_cmake_args': None, 'build_base': '/home/cesarbenavides/robotica_inteligente_eq5/manchester_robotics/build/mini_challenge_2', 'catkin_cmake_args': None, 'catkin_skip_building_tests': False, 'cmake_args': None, 'cmake_clean_cache': False, 'cmake_clean_first': False, 'cmake_force_configure': False, 'cmake_target': None, 'cmake_target_skip_unavailable': False, 'install_base': '/home/cesarbenavides/robotica_inteligente_eq5/manchester_robotics/install/mini_challenge_2', 'merge_install': False, 'path': '/home/cesarbenavides/robotica_inteligente_eq5/manchester_robotics/src/mini_challenge_2', 'symlink_install': False, 'test_result_base': None}
[1.141s] Level 5:colcon.colcon_core.verb:set package 'signal_msg' build argument 'cmake_args' from command line to 'None'
[1.141s] Level 5:colcon.colcon_core.verb:set package 'signal_msg' build argument 'cmake_target' from command line to 'None'
[1.141s] Level 5:colcon.colcon_core.verb:set package 'signal_msg' build argument 'cmake_target_skip_unavailable' from command line to 'False'
[1.141s] Level 5:colcon.colcon_core.verb:set package 'signal_msg' build argument 'cmake_clean_cache' from command line to 'False'
[1.141s] Level 5:colcon.colcon_core.verb:set package 'signal_msg' build argument 'cmake_clean_first' from command line to 'False'
[1.141s] Level 5:colcon.colcon_core.verb:set package 'signal_msg' build argument 'cmake_force_configure' from command line to 'False'
[1.141s] Level 5:colcon.colcon_core.verb:set package 'signal_msg' build argument 'ament_cmake_args' from command line to 'None'
[1.141s] Level 5:colcon.colcon_core.verb:set package 'signal_msg' build argument 'catkin_cmake_args' from command line to 'None'
[1.141s] Level 5:colcon.colcon_core.verb:set package 'signal_msg' build argument 'catkin_skip_building_tests' from command line to 'False'
[1.141s] DEBUG:colcon.colcon_core.verb:Building package 'signal_msg' with the following arguments: {'ament_cmake_args': None, 'build_base': '/home/cesarbenavides/robotica_inteligente_eq5/manchester_robotics/build/signal_msg', 'catkin_cmake_args': None, 'catkin_skip_building_tests': False, 'cmake_args': None, 'cmake_clean_cache': False, 'cmake_clean_first': False, 'cmake_force_configure': False, 'cmake_target': None, 'cmake_target_skip_unavailable': False, 'install_base': '/home/cesarbenavides/robotica_inteligente_eq5/manchester_robotics/install/signal_msg', 'merge_install': False, 'path': '/home/cesarbenavides/robotica_inteligente_eq5/manchester_robotics/src/signal_msg', 'symlink_install': False, 'test_result_base': None}
[1.141s] INFO:colcon.colcon_core.executor:Executing jobs using 'parallel' executor
[1.143s] DEBUG:colcon.colcon_parallel_executor.executor.parallel:run_until_complete
[1.143s] INFO:colcon.colcon_core.task.python.build:Building Python package in '/home/cesarbenavides/robotica_inteligente_eq5/manchester_robotics/src/mini_challenge_1'
[1.146s] INFO:colcon.colcon_core.plugin_system:Skipping extension 'colcon_core.shell.bat': Not used on non-Windows systems
[1.147s] INFO:colcon.colcon_core.shell:Skip shell extension 'powershell' for command environment: Not usable outside of PowerShell
[1.147s] DEBUG:colcon.colcon_core.shell:Skip shell extension 'dsv' for command environment
[1.152s] INFO:colcon.colcon_core.task.python.build:Building Python package in '/home/cesarbenavides/robotica_inteligente_eq5/manchester_robotics/src/mini_challenge_2'
[1.153s] INFO:colcon.colcon_core.shell:Skip shell extension 'powershell' for command environment: Not usable outside of PowerShell
[1.153s] DEBUG:colcon.colcon_core.shell:Skip shell extension 'dsv' for command environment
[1.159s] INFO:colcon.colcon_ros.task.ament_cmake.build:Building ROS package in '/home/cesarbenavides/robotica_inteligente_eq5/manchester_robotics/src/signal_msg' with build type 'ament_cmake'
[1.160s] INFO:colcon.colcon_cmake.task.cmake.build:Building CMake package in '/home/cesarbenavides/robotica_inteligente_eq5/manchester_robotics/src/signal_msg'
[1.160s] INFO:colcon.colcon_core.shell:Skip shell extension 'powershell' for command environment: Not usable outside of PowerShell
[1.160s] DEBUG:colcon.colcon_core.shell:Skip shell extension 'dsv' for command environment
[1.896s] DEBUG:colcon.colcon_core.event_handler.log_command:Invoking command in '/home/cesarbenavides/robotica_inteligente_eq5/manchester_robotics/build/signal_msg': CMAKE_PREFIX_PATH=${CMAKE_PREFIX_PATH}:/home/cesarbenavides/robotica_inteligente_eq5/manchester_robotics/install/mini_challenge_2:/opt/ros/humble /usr/bin/cmake --build /home/cesarbenavides/robotica_inteligente_eq5/manchester_robotics/build/signal_msg -- -j4 -l4
[2.126s] DEBUG:colcon.colcon_core.event_handler.log_command:Invoking command in '/home/cesarbenavides/robotica_inteligente_eq5/manchester_robotics/src/mini_challenge_1': PYTHONPATH=/home/cesarbenavides/robotica_inteligente_eq5/manchester_robotics/build/mini_challenge_1/prefix_override:/home/cesarbenavides/robotica_inteligente_eq5/manchester_robotics/install/mini_challenge_1/lib/python3.10/site-packages:${PYTHONPATH} /usr/bin/python3 -W ignore:setup.py install is deprecated setup.py egg_info --egg-base ../../build/mini_challenge_1 build --build-base /home/cesarbenavides/robotica_inteligente_eq5/manchester_robotics/build/mini_challenge_1/build install --record /home/cesarbenavides/robotica_inteligente_eq5/manchester_robotics/build/mini_challenge_1/install.log --single-version-externally-managed install_data
[2.739s] DEBUG:colcon.colcon_core.event_handler.log_command:Invoking command in '/home/cesarbenavides/robotica_inteligente_eq5/manchester_robotics/src/mini_challenge_2': PYTHONPATH=/home/cesarbenavides/robotica_inteligente_eq5/manchester_robotics/build/mini_challenge_2/prefix_override:/home/cesarbenavides/robotica_inteligente_eq5/manchester_robotics/install/mini_challenge_2/lib/python3.10/site-packages:${PYTHONPATH} /usr/bin/python3 -W ignore:setup.py install is deprecated setup.py egg_info --egg-base ../../build/mini_challenge_2 build --build-base /home/cesarbenavides/robotica_inteligente_eq5/manchester_robotics/build/mini_challenge_2/build install --record /home/cesarbenavides/robotica_inteligente_eq5/manchester_robotics/build/mini_challenge_2/install.log --single-version-externally-managed install_data
[2.878s] DEBUG:colcon.colcon_core.event_handler.log_command:Invoked command in '/home/cesarbenavides/robotica_inteligente_eq5/manchester_robotics/src/mini_challenge_1' returned '0': PYTHONPATH=/home/cesarbenavides/robotica_inteligente_eq5/manchester_robotics/build/mini_challenge_1/prefix_override:/home/cesarbenavides/robotica_inteligente_eq5/manchester_robotics/install/mini_challenge_1/lib/python3.10/site-packages:${PYTHONPATH} /usr/bin/python3 -W ignore:setup.py install is deprecated setup.py egg_info --egg-base ../../build/mini_challenge_1 build --build-base /home/cesarbenavides/robotica_inteligente_eq5/manchester_robotics/build/mini_challenge_1/build install --record /home/cesarbenavides/robotica_inteligente_eq5/manchester_robotics/build/mini_challenge_1/install.log --single-version-externally-managed install_data
[2.879s] Level 1:colcon.colcon_core.environment:checking '/home/cesarbenavides/robotica_inteligente_eq5/manchester_robotics/install/mini_challenge_1' for CMake module files
[2.880s] Level 1:colcon.colcon_core.environment:checking '/home/cesarbenavides/robotica_inteligente_eq5/manchester_robotics/install/mini_challenge_1' for CMake config files
[2.881s] Level 1:colcon.colcon_core.environment:checking '/home/cesarbenavides/robotica_inteligente_eq5/manchester_robotics/install/mini_challenge_1/lib'
[2.881s] Level 1:colcon.colcon_core.environment:checking '/home/cesarbenavides/robotica_inteligente_eq5/manchester_robotics/install/mini_challenge_1/bin'
[2.882s] Level 1:colcon.colcon_core.environment:checking '/home/cesarbenavides/robotica_inteligente_eq5/manchester_robotics/install/mini_challenge_1/lib/pkgconfig/mini_challenge_1.pc'
[2.882s] Level 1:colcon.colcon_core.environment:checking '/home/cesarbenavides/robotica_inteligente_eq5/manchester_robotics/install/mini_challenge_1/lib/python3.10/site-packages'
[2.882s] Level 1:colcon.colcon_core.shell:create_environment_hook('mini_challenge_1', 'pythonpath')
[2.883s] INFO:colcon.colcon_core.shell:Creating environment hook '/home/cesarbenavides/robotica_inteligente_eq5/manchester_robotics/install/mini_challenge_1/share/mini_challenge_1/hook/pythonpath.ps1'
[2.884s] INFO:colcon.colcon_core.shell:Creating environment descriptor '/home/cesarbenavides/robotica_inteligente_eq5/manchester_robotics/install/mini_challenge_1/share/mini_challenge_1/hook/pythonpath.dsv'
[2.885s] INFO:colcon.colcon_core.shell:Creating environment hook '/home/cesarbenavides/robotica_inteligente_eq5/manchester_robotics/install/mini_challenge_1/share/mini_challenge_1/hook/pythonpath.sh'
[2.886s] Level 1:colcon.colcon_core.environment:checking '/home/cesarbenavides/robotica_inteligente_eq5/manchester_robotics/install/mini_challenge_1/bin'
[2.886s] Level 1:colcon.colcon_core.environment:create_environment_scripts_only(mini_challenge_1)
[2.887s] INFO:colcon.colcon_core.shell:Creating package script '/home/cesarbenavides/robotica_inteligente_eq5/manchester_robotics/install/mini_challenge_1/share/mini_challenge_1/package.ps1'
[2.889s] INFO:colcon.colcon_core.shell:Creating package descriptor '/home/cesarbenavides/robotica_inteligente_eq5/manchester_robotics/install/mini_challenge_1/share/mini_challenge_1/package.dsv'
[2.890s] INFO:colcon.colcon_core.shell:Creating package script '/home/cesarbenavides/robotica_inteligente_eq5/manchester_robotics/install/mini_challenge_1/share/mini_challenge_1/package.sh'
[2.892s] INFO:colcon.colcon_core.shell:Creating package script '/home/cesarbenavides/robotica_inteligente_eq5/manchester_robotics/install/mini_challenge_1/share/mini_challenge_1/package.bash'
[2.894s] INFO:colcon.colcon_core.shell:Creating package script '/home/cesarbenavides/robotica_inteligente_eq5/manchester_robotics/install/mini_challenge_1/share/mini_challenge_1/package.zsh'
[2.895s] Level 1:colcon.colcon_core.environment:create_file_with_runtime_dependencies(/home/cesarbenavides/robotica_inteligente_eq5/manchester_robotics/install/mini_challenge_1/share/colcon-core/packages/mini_challenge_1)
[2.913s] DEBUG:colcon.colcon_core.event_handler.log_command:Invoked command in '/home/cesarbenavides/robotica_inteligente_eq5/manchester_robotics/build/signal_msg' returned '0': CMAKE_PREFIX_PATH=${CMAKE_PREFIX_PATH}:/home/cesarbenavides/robotica_inteligente_eq5/manchester_robotics/install/mini_challenge_2:/opt/ros/humble /usr/bin/cmake --build /home/cesarbenavides/robotica_inteligente_eq5/manchester_robotics/build/signal_msg -- -j4 -l4
[3.015s] DEBUG:colcon.colcon_core.event_handler.log_command:Invoking command in '/home/cesarbenavides/robotica_inteligente_eq5/manchester_robotics/build/signal_msg': CMAKE_PREFIX_PATH=${CMAKE_PREFIX_PATH}:/home/cesarbenavides/robotica_inteligente_eq5/manchester_robotics/install/mini_challenge_2:/opt/ros/humble /usr/bin/cmake --install /home/cesarbenavides/robotica_inteligente_eq5/manchester_robotics/build/signal_msg
[3.122s] Level 1:colcon.colcon_core.environment:create_environment_scripts_only(signal_msg)
[3.123s] Level 1:colcon.colcon_core.environment:checking '/home/cesarbenavides/robotica_inteligente_eq5/manchester_robotics/install/signal_msg' for CMake module files
[3.124s] Level 1:colcon.colcon_core.environment:checking '/home/cesarbenavides/robotica_inteligente_eq5/manchester_robotics/install/signal_msg' for CMake config files
[3.125s] DEBUG:colcon.colcon_core.event_handler.log_command:Invoked command in '/home/cesarbenavides/robotica_inteligente_eq5/manchester_robotics/build/signal_msg' returned '0': CMAKE_PREFIX_PATH=${CMAKE_PREFIX_PATH}:/home/cesarbenavides/robotica_inteligente_eq5/manchester_robotics/install/mini_challenge_2:/opt/ros/humble /usr/bin/cmake --install /home/cesarbenavides/robotica_inteligente_eq5/manchester_robotics/build/signal_msg
[3.126s] Level 1:colcon.colcon_core.shell:create_environment_hook('signal_msg', 'cmake_prefix_path')
[3.126s] INFO:colcon.colcon_core.shell:Creating environment hook '/home/cesarbenavides/robotica_inteligente_eq5/manchester_robotics/install/signal_msg/share/signal_msg/hook/cmake_prefix_path.ps1'
[3.127s] INFO:colcon.colcon_core.shell:Creating environment descriptor '/home/cesarbenavides/robotica_inteligente_eq5/manchester_robotics/install/signal_msg/share/signal_msg/hook/cmake_prefix_path.dsv'
[3.128s] INFO:colcon.colcon_core.shell:Creating environment hook '/home/cesarbenavides/robotica_inteligente_eq5/manchester_robotics/install/signal_msg/share/signal_msg/hook/cmake_prefix_path.sh'
[3.129s] Level 1:colcon.colcon_core.environment:checking '/home/cesarbenavides/robotica_inteligente_eq5/manchester_robotics/install/signal_msg/lib'
[3.129s] Level 1:colcon.colcon_core.shell:create_environment_hook('signal_msg', 'ld_library_path_lib')
[3.129s] INFO:colcon.colcon_core.shell:Creating environment hook '/home/cesarbenavides/robotica_inteligente_eq5/manchester_robotics/install/signal_msg/share/signal_msg/hook/ld_library_path_lib.ps1'
[3.130s] INFO:colcon.colcon_core.shell:Creating environment descriptor '/home/cesarbenavides/robotica_inteligente_eq5/manchester_robotics/install/signal_msg/share/signal_msg/hook/ld_library_path_lib.dsv'
[3.131s] INFO:colcon.colcon_core.shell:Creating environment hook '/home/cesarbenavides/robotica_inteligente_eq5/manchester_robotics/install/signal_msg/share/signal_msg/hook/ld_library_path_lib.sh'
[3.132s] Level 1:colcon.colcon_core.environment:checking '/home/cesarbenavides/robotica_inteligente_eq5/manchester_robotics/install/signal_msg/bin'
[3.132s] Level 1:colcon.colcon_core.environment:checking '/home/cesarbenavides/robotica_inteligente_eq5/manchester_robotics/install/signal_msg/lib/pkgconfig/signal_msg.pc'
[3.132s] Level 1:colcon.colcon_core.environment:checking '/home/cesarbenavides/robotica_inteligente_eq5/manchester_robotics/install/signal_msg/lib/python3.10/site-packages'
[3.133s] Level 1:colcon.colcon_core.environment:checking '/home/cesarbenavides/robotica_inteligente_eq5/manchester_robotics/install/signal_msg/bin'
[3.134s] INFO:colcon.colcon_core.shell:Creating package script '/home/cesarbenavides/robotica_inteligente_eq5/manchester_robotics/install/signal_msg/share/signal_msg/package.ps1'
[3.135s] INFO:colcon.colcon_core.shell:Creating package descriptor '/home/cesarbenavides/robotica_inteligente_eq5/manchester_robotics/install/signal_msg/share/signal_msg/package.dsv'
[3.136s] INFO:colcon.colcon_core.shell:Creating package script '/home/cesarbenavides/robotica_inteligente_eq5/manchester_robotics/install/signal_msg/share/signal_msg/package.sh'
[3.137s] INFO:colcon.colcon_core.shell:Creating package script '/home/cesarbenavides/robotica_inteligente_eq5/manchester_robotics/install/signal_msg/share/signal_msg/package.bash'
[3.138s] INFO:colcon.colcon_core.shell:Creating package script '/home/cesarbenavides/robotica_inteligente_eq5/manchester_robotics/install/signal_msg/share/signal_msg/package.zsh'
[3.139s] Level 1:colcon.colcon_core.environment:create_file_with_runtime_dependencies(/home/cesarbenavides/robotica_inteligente_eq5/manchester_robotics/install/signal_msg/share/colcon-core/packages/signal_msg)
[3.234s] Level 1:colcon.colcon_core.environment:checking '/home/cesarbenavides/robotica_inteligente_eq5/manchester_robotics/install/mini_challenge_2' for CMake module files
[3.235s] DEBUG:colcon.colcon_core.event_handler.log_command:Invoked command in '/home/cesarbenavides/robotica_inteligente_eq5/manchester_robotics/src/mini_challenge_2' returned '0': PYTHONPATH=/home/cesarbenavides/robotica_inteligente_eq5/manchester_robotics/build/mini_challenge_2/prefix_override:/home/cesarbenavides/robotica_inteligente_eq5/manchester_robotics/install/mini_challenge_2/lib/python3.10/site-packages:${PYTHONPATH} /usr/bin/python3 -W ignore:setup.py install is deprecated setup.py egg_info --egg-base ../../build/mini_challenge_2 build --build-base /home/cesarbenavides/robotica_inteligente_eq5/manchester_robotics/build/mini_challenge_2/build install --record /home/cesarbenavides/robotica_inteligente_eq5/manchester_robotics/build/mini_challenge_2/install.log --single-version-externally-managed install_data
[3.236s] Level 1:colcon.colcon_core.environment:checking '/home/cesarbenavides/robotica_inteligente_eq5/manchester_robotics/install/mini_challenge_2' for CMake config files
[3.236s] Level 1:colcon.colcon_core.environment:checking '/home/cesarbenavides/robotica_inteligente_eq5/manchester_robotics/install/mini_challenge_2/lib'
[3.237s] Level 1:colcon.colcon_core.environment:checking '/home/cesarbenavides/robotica_inteligente_eq5/manchester_robotics/install/mini_challenge_2/bin'
[3.237s] Level 1:colcon.colcon_core.environment:checking '/home/cesarbenavides/robotica_inteligente_eq5/manchester_robotics/install/mini_challenge_2/lib/pkgconfig/mini_challenge_2.pc'
[3.237s] Level 1:colcon.colcon_core.environment:checking '/home/cesarbenavides/robotica_inteligente_eq5/manchester_robotics/install/mini_challenge_2/lib/python3.10/site-packages'
[3.237s] Level 1:colcon.colcon_core.shell:create_environment_hook('mini_challenge_2', 'pythonpath')
[3.237s] INFO:colcon.colcon_core.shell:Creating environment hook '/home/cesarbenavides/robotica_inteligente_eq5/manchester_robotics/install/mini_challenge_2/share/mini_challenge_2/hook/pythonpath.ps1'
[3.238s] INFO:colcon.colcon_core.shell:Creating environment descriptor '/home/cesarbenavides/robotica_inteligente_eq5/manchester_robotics/install/mini_challenge_2/share/mini_challenge_2/hook/pythonpath.dsv'
[3.239s] INFO:colcon.colcon_core.shell:Creating environment hook '/home/cesarbenavides/robotica_inteligente_eq5/manchester_robotics/install/mini_challenge_2/share/mini_challenge_2/hook/pythonpath.sh'
[3.239s] Level 1:colcon.colcon_core.environment:checking '/home/cesarbenavides/robotica_inteligente_eq5/manchester_robotics/install/mini_challenge_2/bin'
[3.240s] Level 1:colcon.colcon_core.environment:create_environment_scripts_only(mini_challenge_2)
[3.240s] INFO:colcon.colcon_core.shell:Creating package script '/home/cesarbenavides/robotica_inteligente_eq5/manchester_robotics/install/mini_challenge_2/share/mini_challenge_2/package.ps1'
[3.241s] INFO:colcon.colcon_core.shell:Creating package descriptor '/home/cesarbenavides/robotica_inteligente_eq5/manchester_robotics/install/mini_challenge_2/share/mini_challenge_2/package.dsv'
[3.241s] INFO:colcon.colcon_core.shell:Creating package script '/home/cesarbenavides/robotica_inteligente_eq5/manchester_robotics/install/mini_challenge_2/share/mini_challenge_2/package.sh'
[3.242s] INFO:colcon.colcon_core.shell:Creating package script '/home/cesarbenavides/robotica_inteligente_eq5/manchester_robotics/install/mini_challenge_2/share/mini_challenge_2/package.bash'
[3.243s] INFO:colcon.colcon_core.shell:Creating package script '/home/cesarbenavides/robotica_inteligente_eq5/manchester_robotics/install/mini_challenge_2/share/mini_challenge_2/package.zsh'
[3.243s] Level 1:colcon.colcon_core.environment:create_file_with_runtime_dependencies(/home/cesarbenavides/robotica_inteligente_eq5/manchester_robotics/install/mini_challenge_2/share/colcon-core/packages/mini_challenge_2)
[3.254s] Level 1:colcon.colcon_core.environment:create_environment_scripts_only(signal_msg)
[3.254s] Level 1:colcon.colcon_core.environment:checking '/home/cesarbenavides/robotica_inteligente_eq5/manchester_robotics/install/signal_msg' for CMake module files
[3.255s] Level 1:colcon.colcon_core.environment:checking '/home/cesarbenavides/robotica_inteligente_eq5/manchester_robotics/install/signal_msg' for CMake config files
[3.255s] Level 1:colcon.colcon_core.shell:create_environment_hook('signal_msg', 'cmake_prefix_path')
[3.256s] INFO:colcon.colcon_core.shell:Creating environment hook '/home/cesarbenavides/robotica_inteligente_eq5/manchester_robotics/install/signal_msg/share/signal_msg/hook/cmake_prefix_path.ps1'
[3.256s] INFO:colcon.colcon_core.shell:Creating environment descriptor '/home/cesarbenavides/robotica_inteligente_eq5/manchester_robotics/install/signal_msg/share/signal_msg/hook/cmake_prefix_path.dsv'
[3.257s] INFO:colcon.colcon_core.shell:Creating environment hook '/home/cesarbenavides/robotica_inteligente_eq5/manchester_robotics/install/signal_msg/share/signal_msg/hook/cmake_prefix_path.sh'
[3.258s] Level 1:colcon.colcon_core.environment:checking '/home/cesarbenavides/robotica_inteligente_eq5/manchester_robotics/install/signal_msg/lib'
[3.258s] Level 1:colcon.colcon_core.shell:create_environment_hook('signal_msg', 'ld_library_path_lib')
[3.259s] INFO:colcon.colcon_core.shell:Creating environment hook '/home/cesarbenavides/robotica_inteligente_eq5/manchester_robotics/install/signal_msg/share/signal_msg/hook/ld_library_path_lib.ps1'
[3.259s] INFO:colcon.colcon_core.shell:Creating environment descriptor '/home/cesarbenavides/robotica_inteligente_eq5/manchester_robotics/install/signal_msg/share/signal_msg/hook/ld_library_path_lib.dsv'
[3.260s] INFO:colcon.colcon_core.shell:Creating environment hook '/home/cesarbenavides/robotica_inteligente_eq5/manchester_robotics/install/signal_msg/share/signal_msg/hook/ld_library_path_lib.sh'
[3.261s] Level 1:colcon.colcon_core.environment:checking '/home/cesarbenavides/robotica_inteligente_eq5/manchester_robotics/install/signal_msg/bin'
[3.261s] Level 1:colcon.colcon_core.environment:checking '/home/cesarbenavides/robotica_inteligente_eq5/manchester_robotics/install/signal_msg/lib/pkgconfig/signal_msg.pc'
[3.261s] Level 1:colcon.colcon_core.environment:checking '/home/cesarbenavides/robotica_inteligente_eq5/manchester_robotics/install/signal_msg/lib/python3.10/site-packages'
[3.262s] Level 1:colcon.colcon_core.environment:checking '/home/cesarbenavides/robotica_inteligente_eq5/manchester_robotics/install/signal_msg/bin'
[3.262s] INFO:colcon.colcon_core.shell:Creating package script '/home/cesarbenavides/robotica_inteligente_eq5/manchester_robotics/install/signal_msg/share/signal_msg/package.ps1'
[3.263s] INFO:colcon.colcon_core.shell:Creating package descriptor '/home/cesarbenavides/robotica_inteligente_eq5/manchester_robotics/install/signal_msg/share/signal_msg/package.dsv'
[3.264s] INFO:colcon.colcon_core.shell:Creating package script '/home/cesarbenavides/robotica_inteligente_eq5/manchester_robotics/install/signal_msg/share/signal_msg/package.sh'
[3.264s] INFO:colcon.colcon_core.shell:Creating package script '/home/cesarbenavides/robotica_inteligente_eq5/manchester_robotics/install/signal_msg/share/signal_msg/package.bash'
[3.265s] INFO:colcon.colcon_core.shell:Creating package script '/home/cesarbenavides/robotica_inteligente_eq5/manchester_robotics/install/signal_msg/share/signal_msg/package.zsh'
[3.266s] Level 1:colcon.colcon_core.environment:create_file_with_runtime_dependencies(/home/cesarbenavides/robotica_inteligente_eq5/manchester_robotics/install/signal_msg/share/colcon-core/packages/signal_msg)
[3.266s] DEBUG:colcon.colcon_parallel_executor.executor.parallel:closing loop
[3.266s] DEBUG:colcon.colcon_parallel_executor.executor.parallel:loop closed
[3.267s] DEBUG:colcon.colcon_parallel_executor.executor.parallel:run_until_complete finished with '0'
[3.267s] DEBUG:colcon.colcon_core.event_reactor:joining thread
[3.275s] INFO:colcon.colcon_core.plugin_system:Skipping extension 'colcon_notification.desktop_notification.terminal_notifier': Not used on non-Darwin systems
[3.276s] INFO:colcon.colcon_core.plugin_system:Skipping extension 'colcon_notification.desktop_notification.win32': Not used on non-Windows systems
[3.276s] INFO:colcon.colcon_notification.desktop_notification:Sending desktop notification using 'notify2'
[3.291s] DEBUG:colcon.colcon_core.event_reactor:joined thread
[3.292s] INFO:colcon.colcon_core.shell:Creating prefix script '/home/cesarbenavides/robotica_inteligente_eq5/manchester_robotics/install/local_setup.ps1'
[3.293s] INFO:colcon.colcon_core.shell:Creating prefix util module '/home/cesarbenavides/robotica_inteligente_eq5/manchester_robotics/install/_local_setup_util_ps1.py'
[3.296s] INFO:colcon.colcon_core.shell:Creating prefix chain script '/home/cesarbenavides/robotica_inteligente_eq5/manchester_robotics/install/setup.ps1'
[3.298s] INFO:colcon.colcon_core.shell:Creating prefix script '/home/cesarbenavides/robotica_inteligente_eq5/manchester_robotics/install/local_setup.sh'
[3.299s] INFO:colcon.colcon_core.shell:Creating prefix util module '/home/cesarbenavides/robotica_inteligente_eq5/manchester_robotics/install/_local_setup_util_sh.py'
[3.300s] INFO:colcon.colcon_core.shell:Creating prefix chain script '/home/cesarbenavides/robotica_inteligente_eq5/manchester_robotics/install/setup.sh'
[3.302s] INFO:colcon.colcon_core.shell:Creating prefix script '/home/cesarbenavides/robotica_inteligente_eq5/manchester_robotics/install/local_setup.bash'
[3.303s] INFO:colcon.colcon_core.shell:Creating prefix chain script '/home/cesarbenavides/robotica_inteligente_eq5/manchester_robotics/install/setup.bash'
[3.305s] INFO:colcon.colcon_core.shell:Creating prefix script '/home/cesarbenavides/robotica_inteligente_eq5/manchester_robotics/install/local_setup.zsh'
[3.306s] INFO:colcon.colcon_core.shell:Creating prefix chain script '/home/cesarbenavides/robotica_inteligente_eq5/manchester_robotics/install/setup.zsh'
