[1.609s] DEBUG:colcon:Command line arguments: ['/usr/bin/colcon', 'build']
[1.610s] DEBUG:colcon:Parsed command line arguments: Namespace(log_base=None, log_level=None, verb_name='build', build_base='build', install_base='install', merge_install=False, symlink_install=False, test_result_base=None, continue_on_error=False, executor='parallel', parallel_workers=16, event_handlers=None, ignore_user_meta=False, metas=['./colcon.meta'], base_paths=['.'], packages_ignore=None, packages_ignore_regex=None, paths=None, packages_up_to=None, packages_up_to_regex=None, packages_above=None, packages_above_and_dependencies=None, packages_above_depth=None, packages_select_by_dep=None, packages_skip_by_dep=None, packages_skip_up_to=None, packages_select_build_failed=False, packages_skip_build_finished=False, packages_select_test_failures=False, packages_skip_test_passed=False, packages_select=None, packages_skip=None, packages_select_regex=None, packages_skip_regex=None, packages_start=None, packages_end=None, allow_overriding=[], cmake_args=None, cmake_target=None, cmake_target_skip_unavailable=False, cmake_clean_cache=False, cmake_clean_first=False, cmake_force_configure=False, ament_cmake_args=None, catkin_cmake_args=None, catkin_skip_building_tests=False, verb_parser=<colcon_defaults.argument_parser.defaults.DefaultArgumentsDecorator object at 0x795443b14fd0>, verb_extension=<colcon_core.verb.build.BuildVerb object at 0x795443b256f0>, main=<bound method BuildVerb.main of <colcon_core.verb.build.BuildVerb object at 0x795443b256f0>>)
[1.676s] Level 1:colcon.colcon_core.package_discovery:discover_packages(colcon_meta) check parameters
[1.676s] Level 1:colcon.colcon_core.package_discovery:discover_packages(recursive) check parameters
[1.676s] Level 1:colcon.colcon_core.package_discovery:discover_packages(ignore) check parameters
[1.676s] Level 1:colcon.colcon_core.package_discovery:discover_packages(path) check parameters
[1.676s] Level 1:colcon.colcon_core.package_discovery:discover_packages(colcon_meta) discover
[1.676s] Level 1:colcon.colcon_core.package_discovery:discover_packages(recursive) discover
[1.676s] INFO:colcon.colcon_core.package_discovery:Crawling recursively for packages in '/home/mcr2/robotica_inteligente_eq5'
[1.676s] Level 1:colcon.colcon_core.package_identification:_identify(.) by extensions ['ignore', 'ignore_ament_install']
[1.676s] Level 1:colcon.colcon_core.package_identification:_identify(.) by extension 'ignore'
[1.676s] Level 1:colcon.colcon_core.package_identification:_identify(.) by extension 'ignore_ament_install'
[1.676s] Level 1:colcon.colcon_core.package_identification:_identify(.) by extensions ['colcon_pkg']
[1.676s] Level 1:colcon.colcon_core.package_identification:_identify(.) by extension 'colcon_pkg'
[1.676s] Level 1:colcon.colcon_core.package_identification:_identify(.) by extensions ['colcon_meta']
[1.676s] Level 1:colcon.colcon_core.package_identification:_identify(.) by extension 'colcon_meta'
[1.676s] Level 1:colcon.colcon_core.package_identification:_identify(.) by extensions ['ros']
[1.676s] Level 1:colcon.colcon_core.package_identification:_identify(.) by extension 'ros'
[1.695s] Level 1:colcon.colcon_core.package_identification:_identify(.) by extensions ['cmake', 'python']
[1.695s] Level 1:colcon.colcon_core.package_identification:_identify(.) by extension 'cmake'
[1.695s] Level 1:colcon.colcon_core.package_identification:_identify(.) by extension 'python'
[1.695s] Level 1:colcon.colcon_core.package_identification:_identify(.) by extensions ['python_setup_py']
[1.695s] Level 1:colcon.colcon_core.package_identification:_identify(.) by extension 'python_setup_py'
[1.696s] Level 1:colcon.colcon_core.package_identification:_identify(build) by extensions ['ignore', 'ignore_ament_install']
[1.696s] Level 1:colcon.colcon_core.package_identification:_identify(build) by extension 'ignore'
[1.696s] Level 1:colcon.colcon_core.package_identification:_identify(build) ignored
[1.696s] Level 1:colcon.colcon_core.package_identification:_identify(install) by extensions ['ignore', 'ignore_ament_install']
[1.697s] Level 1:colcon.colcon_core.package_identification:_identify(install) by extension 'ignore'
[1.697s] Level 1:colcon.colcon_core.package_identification:_identify(install) ignored
[1.697s] Level 1:colcon.colcon_core.package_identification:_identify(log) by extensions ['ignore', 'ignore_ament_install']
[1.697s] Level 1:colcon.colcon_core.package_identification:_identify(log) by extension 'ignore'
[1.697s] Level 1:colcon.colcon_core.package_identification:_identify(log) ignored
[1.697s] Level 1:colcon.colcon_core.package_identification:_identify(manchester_robotics) by extensions ['ignore', 'ignore_ament_install']
[1.698s] Level 1:colcon.colcon_core.package_identification:_identify(manchester_robotics) by extension 'ignore'
[1.698s] Level 1:colcon.colcon_core.package_identification:_identify(manchester_robotics) by extension 'ignore_ament_install'
[1.698s] Level 1:colcon.colcon_core.package_identification:_identify(manchester_robotics) by extensions ['colcon_pkg']
[1.698s] Level 1:colcon.colcon_core.package_identification:_identify(manchester_robotics) by extension 'colcon_pkg'
[1.698s] Level 1:colcon.colcon_core.package_identification:_identify(manchester_robotics) by extensions ['colcon_meta']
[1.698s] Level 1:colcon.colcon_core.package_identification:_identify(manchester_robotics) by extension 'colcon_meta'
[1.698s] Level 1:colcon.colcon_core.package_identification:_identify(manchester_robotics) by extensions ['ros']
[1.698s] Level 1:colcon.colcon_core.package_identification:_identify(manchester_robotics) by extension 'ros'
[1.698s] Level 1:colcon.colcon_core.package_identification:_identify(manchester_robotics) by extensions ['cmake', 'python']
[1.699s] Level 1:colcon.colcon_core.package_identification:_identify(manchester_robotics) by extension 'cmake'
[1.699s] Level 1:colcon.colcon_core.package_identification:_identify(manchester_robotics) by extension 'python'
[1.699s] Level 1:colcon.colcon_core.package_identification:_identify(manchester_robotics) by extensions ['python_setup_py']
[1.699s] Level 1:colcon.colcon_core.package_identification:_identify(manchester_robotics) by extension 'python_setup_py'
[1.699s] Level 1:colcon.colcon_core.package_identification:_identify(manchester_robotics/build) by extensions ['ignore', 'ignore_ament_install']
[1.699s] Level 1:colcon.colcon_core.package_identification:_identify(manchester_robotics/build) by extension 'ignore'
[1.699s] Level 1:colcon.colcon_core.package_identification:_identify(manchester_robotics/build) ignored
[1.699s] Level 1:colcon.colcon_core.package_identification:_identify(manchester_robotics/install) by extensions ['ignore', 'ignore_ament_install']
[1.699s] Level 1:colcon.colcon_core.package_identification:_identify(manchester_robotics/install) by extension 'ignore'
[1.699s] Level 1:colcon.colcon_core.package_identification:_identify(manchester_robotics/install) ignored
[1.700s] Level 1:colcon.colcon_core.package_identification:_identify(manchester_robotics/log) by extensions ['ignore', 'ignore_ament_install']
[1.700s] Level 1:colcon.colcon_core.package_identification:_identify(manchester_robotics/log) by extension 'ignore'
[1.700s] Level 1:colcon.colcon_core.package_identification:_identify(manchester_robotics/log) ignored
[1.700s] Level 1:colcon.colcon_core.package_identification:_identify(manchester_robotics/src) by extensions ['ignore', 'ignore_ament_install']
[1.700s] Level 1:colcon.colcon_core.package_identification:_identify(manchester_robotics/src) by extension 'ignore'
[1.700s] Level 1:colcon.colcon_core.package_identification:_identify(manchester_robotics/src) by extension 'ignore_ament_install'
[1.700s] Level 1:colcon.colcon_core.package_identification:_identify(manchester_robotics/src) by extensions ['colcon_pkg']
[1.700s] Level 1:colcon.colcon_core.package_identification:_identify(manchester_robotics/src) by extension 'colcon_pkg'
[1.700s] Level 1:colcon.colcon_core.package_identification:_identify(manchester_robotics/src) by extensions ['colcon_meta']
[1.701s] Level 1:colcon.colcon_core.package_identification:_identify(manchester_robotics/src) by extension 'colcon_meta'
[1.701s] Level 1:colcon.colcon_core.package_identification:_identify(manchester_robotics/src) by extensions ['ros']
[1.701s] Level 1:colcon.colcon_core.package_identification:_identify(manchester_robotics/src) by extension 'ros'
[1.702s] Level 1:colcon.colcon_core.package_identification:_identify(manchester_robotics/src) by extensions ['cmake', 'python']
[1.702s] Level 1:colcon.colcon_core.package_identification:_identify(manchester_robotics/src) by extension 'cmake'
[1.702s] Level 1:colcon.colcon_core.package_identification:_identify(manchester_robotics/src) by extension 'python'
[1.702s] Level 1:colcon.colcon_core.package_identification:_identify(manchester_robotics/src) by extensions ['python_setup_py']
[1.702s] Level 1:colcon.colcon_core.package_identification:_identify(manchester_robotics/src) by extension 'python_setup_py'
[1.702s] Level 1:colcon.colcon_core.package_identification:_identify(manchester_robotics/src/mini_challenge_1) by extensions ['ignore', 'ignore_ament_install']
[1.702s] Level 1:colcon.colcon_core.package_identification:_identify(manchester_robotics/src/mini_challenge_1) by extension 'ignore'
[1.702s] Level 1:colcon.colcon_core.package_identification:_identify(manchester_robotics/src/mini_challenge_1) by extension 'ignore_ament_install'
[1.702s] Level 1:colcon.colcon_core.package_identification:_identify(manchester_robotics/src/mini_challenge_1) by extensions ['colcon_pkg']
[1.702s] Level 1:colcon.colcon_core.package_identification:_identify(manchester_robotics/src/mini_challenge_1) by extension 'colcon_pkg'
[1.702s] Level 1:colcon.colcon_core.package_identification:_identify(manchester_robotics/src/mini_challenge_1) by extensions ['colcon_meta']
[1.702s] Level 1:colcon.colcon_core.package_identification:_identify(manchester_robotics/src/mini_challenge_1) by extension 'colcon_meta'
[1.702s] Level 1:colcon.colcon_core.package_identification:_identify(manchester_robotics/src/mini_challenge_1) by extensions ['ros']
[1.702s] Level 1:colcon.colcon_core.package_identification:_identify(manchester_robotics/src/mini_challenge_1) by extension 'ros'
[1.705s] DEBUG:colcon.colcon_core.package_identification:Failed to parse potential ROS package manifest in'manchester_robotics/src/mini_challenge_1': Error(s) in package 'manchester_robotics/src/mini_challenge_1/package.xml':
The manifest contains invalid XML:
mismatched tag: line 13, column 27
[1.705s] Level 1:colcon.colcon_core.package_identification:_identify(manchester_robotics/src/mini_challenge_1) by extensions ['cmake', 'python']
[1.705s] Level 1:colcon.colcon_core.package_identification:_identify(manchester_robotics/src/mini_challenge_1) by extension 'cmake'
[1.705s] Level 1:colcon.colcon_core.package_identification:_identify(manchester_robotics/src/mini_challenge_1) by extension 'python'
[1.705s] DEBUG:colcon.colcon_core.package_identification:Python package in 'manchester_robotics/src/mini_challenge_1' passes arguments to the setup() function which requires a different identification extension than 'python'
[1.705s] Level 1:colcon.colcon_core.package_identification:_identify(manchester_robotics/src/mini_challenge_1) by extensions ['python_setup_py']
[1.706s] Level 1:colcon.colcon_core.package_identification:_identify(manchester_robotics/src/mini_challenge_1) by extension 'python_setup_py'
[2.110s] DEBUG:colcon.colcon_core.package_identification:Package 'manchester_robotics/src/mini_challenge_1' with type 'python' and name 'mini_challenge_1'
[2.110s] Level 1:colcon.colcon_core.package_identification:_identify(manchester_robotics/src/mini_challenge_2) by extensions ['ignore', 'ignore_ament_install']
[2.110s] Level 1:colcon.colcon_core.package_identification:_identify(manchester_robotics/src/mini_challenge_2) by extension 'ignore'
[2.111s] Level 1:colcon.colcon_core.package_identification:_identify(manchester_robotics/src/mini_challenge_2) by extension 'ignore_ament_install'
[2.111s] Level 1:colcon.colcon_core.package_identification:_identify(manchester_robotics/src/mini_challenge_2) by extensions ['colcon_pkg']
[2.111s] Level 1:colcon.colcon_core.package_identification:_identify(manchester_robotics/src/mini_challenge_2) by extension 'colcon_pkg'
[2.111s] Level 1:colcon.colcon_core.package_identification:_identify(manchester_robotics/src/mini_challenge_2) by extensions ['colcon_meta']
[2.111s] Level 1:colcon.colcon_core.package_identification:_identify(manchester_robotics/src/mini_challenge_2) by extension 'colcon_meta'
[2.111s] Level 1:colcon.colcon_core.package_identification:_identify(manchester_robotics/src/mini_challenge_2) by extensions ['ros']
[2.111s] Level 1:colcon.colcon_core.package_identification:_identify(manchester_robotics/src/mini_challenge_2) by extension 'ros'
[2.116s] DEBUG:colcon.colcon_core.package_identification:Package 'manchester_robotics/src/mini_challenge_2' with type 'ros.ament_python' and name 'mini_challenge_2'
[2.116s] Level 1:colcon.colcon_core.package_identification:_identify(manchester_robotics/src/signal_msg) by extensions ['ignore', 'ignore_ament_install']
[2.116s] Level 1:colcon.colcon_core.package_identification:_identify(manchester_robotics/src/signal_msg) by extension 'ignore'
[2.116s] Level 1:colcon.colcon_core.package_identification:_identify(manchester_robotics/src/signal_msg) by extension 'ignore_ament_install'
[2.116s] Level 1:colcon.colcon_core.package_identification:_identify(manchester_robotics/src/signal_msg) by extensions ['colcon_pkg']
[2.116s] Level 1:colcon.colcon_core.package_identification:_identify(manchester_robotics/src/signal_msg) by extension 'colcon_pkg'
[2.117s] Level 1:colcon.colcon_core.package_identification:_identify(manchester_robotics/src/signal_msg) by extensions ['colcon_meta']
[2.117s] Level 1:colcon.colcon_core.package_identification:_identify(manchester_robotics/src/signal_msg) by extension 'colcon_meta'
[2.117s] Level 1:colcon.colcon_core.package_identification:_identify(manchester_robotics/src/signal_msg) by extensions ['ros']
[2.117s] Level 1:colcon.colcon_core.package_identification:_identify(manchester_robotics/src/signal_msg) by extension 'ros'
[2.118s] DEBUG:colcon.colcon_core.package_identification:Package 'manchester_robotics/src/signal_msg' with type 'ros.ament_cmake' and name 'signal_msg'
[2.118s] Level 1:colcon.colcon_core.package_identification:_identify(vision) by extensions ['ignore', 'ignore_ament_install']
[2.118s] Level 1:colcon.colcon_core.package_identification:_identify(vision) by extension 'ignore'
[2.118s] Level 1:colcon.colcon_core.package_identification:_identify(vision) by extension 'ignore_ament_install'
[2.118s] Level 1:colcon.colcon_core.package_identification:_identify(vision) by extensions ['colcon_pkg']
[2.118s] Level 1:colcon.colcon_core.package_identification:_identify(vision) by extension 'colcon_pkg'
[2.118s] Level 1:colcon.colcon_core.package_identification:_identify(vision) by extensions ['colcon_meta']
[2.118s] Level 1:colcon.colcon_core.package_identification:_identify(vision) by extension 'colcon_meta'
[2.119s] Level 1:colcon.colcon_core.package_identification:_identify(vision) by extensions ['ros']
[2.119s] Level 1:colcon.colcon_core.package_identification:_identify(vision) by extension 'ros'
[2.119s] Level 1:colcon.colcon_core.package_identification:_identify(vision) by extensions ['cmake', 'python']
[2.119s] Level 1:colcon.colcon_core.package_identification:_identify(vision) by extension 'cmake'
[2.119s] Level 1:colcon.colcon_core.package_identification:_identify(vision) by extension 'python'
[2.119s] Level 1:colcon.colcon_core.package_identification:_identify(vision) by extensions ['python_setup_py']
[2.119s] Level 1:colcon.colcon_core.package_identification:_identify(vision) by extension 'python_setup_py'
[2.119s] Level 1:colcon.colcon_core.package_identification:_identify(vision/challenge_01) by extensions ['ignore', 'ignore_ament_install']
[2.119s] Level 1:colcon.colcon_core.package_identification:_identify(vision/challenge_01) by extension 'ignore'
[2.119s] Level 1:colcon.colcon_core.package_identification:_identify(vision/challenge_01) by extension 'ignore_ament_install'
[2.120s] Level 1:colcon.colcon_core.package_identification:_identify(vision/challenge_01) by extensions ['colcon_pkg']
[2.120s] Level 1:colcon.colcon_core.package_identification:_identify(vision/challenge_01) by extension 'colcon_pkg'
[2.120s] Level 1:colcon.colcon_core.package_identification:_identify(vision/challenge_01) by extensions ['colcon_meta']
[2.120s] Level 1:colcon.colcon_core.package_identification:_identify(vision/challenge_01) by extension 'colcon_meta'
[2.120s] Level 1:colcon.colcon_core.package_identification:_identify(vision/challenge_01) by extensions ['ros']
[2.120s] Level 1:colcon.colcon_core.package_identification:_identify(vision/challenge_01) by extension 'ros'
[2.120s] Level 1:colcon.colcon_core.package_identification:_identify(vision/challenge_01) by extensions ['cmake', 'python']
[2.120s] Level 1:colcon.colcon_core.package_identification:_identify(vision/challenge_01) by extension 'cmake'
[2.120s] Level 1:colcon.colcon_core.package_identification:_identify(vision/challenge_01) by extension 'python'
[2.120s] Level 1:colcon.colcon_core.package_identification:_identify(vision/challenge_01) by extensions ['python_setup_py']
[2.121s] Level 1:colcon.colcon_core.package_identification:_identify(vision/challenge_01) by extension 'python_setup_py'
[2.121s] Level 1:colcon.colcon_core.package_identification:_identify(vision/challenge_02) by extensions ['ignore', 'ignore_ament_install']
[2.121s] Level 1:colcon.colcon_core.package_identification:_identify(vision/challenge_02) by extension 'ignore'
[2.121s] Level 1:colcon.colcon_core.package_identification:_identify(vision/challenge_02) by extension 'ignore_ament_install'
[2.121s] Level 1:colcon.colcon_core.package_identification:_identify(vision/challenge_02) by extensions ['colcon_pkg']
[2.121s] Level 1:colcon.colcon_core.package_identification:_identify(vision/challenge_02) by extension 'colcon_pkg'
[2.122s] Level 1:colcon.colcon_core.package_identification:_identify(vision/challenge_02) by extensions ['colcon_meta']
[2.122s] Level 1:colcon.colcon_core.package_identification:_identify(vision/challenge_02) by extension 'colcon_meta'
[2.122s] Level 1:colcon.colcon_core.package_identification:_identify(vision/challenge_02) by extensions ['ros']
[2.122s] Level 1:colcon.colcon_core.package_identification:_identify(vision/challenge_02) by extension 'ros'
[2.122s] Level 1:colcon.colcon_core.package_identification:_identify(vision/challenge_02) by extensions ['cmake', 'python']
[2.122s] Level 1:colcon.colcon_core.package_identification:_identify(vision/challenge_02) by extension 'cmake'
[2.122s] Level 1:colcon.colcon_core.package_identification:_identify(vision/challenge_02) by extension 'python'
[2.122s] Level 1:colcon.colcon_core.package_identification:_identify(vision/challenge_02) by extensions ['python_setup_py']
[2.122s] Level 1:colcon.colcon_core.package_identification:_identify(vision/challenge_02) by extension 'python_setup_py'
[2.122s] Level 1:colcon.colcon_core.package_discovery:discover_packages(recursive) using defaults
[2.122s] Level 1:colcon.colcon_core.package_discovery:discover_packages(ignore) discover
[2.123s] Level 1:colcon.colcon_core.package_discovery:discover_packages(ignore) using defaults
[2.123s] Level 1:colcon.colcon_core.package_discovery:discover_packages(path) discover
[2.123s] Level 1:colcon.colcon_core.package_discovery:discover_packages(path) using defaults
[2.317s] Level 1:colcon.colcon_core.package_discovery:discover_packages(prefix_path) check parameters
[2.317s] Level 1:colcon.colcon_core.package_discovery:discover_packages(prefix_path) discover
[2.370s] DEBUG:colcon.colcon_installed_package_information.package_discovery:Found 3 installed packages in /home/mcr2/robotica_inteligente_eq5/install
[2.396s] DEBUG:colcon.colcon_installed_package_information.package_discovery:Found 18 installed packages in /home/mcr2/ros2_utilities_ws/install
[2.422s] DEBUG:colcon.colcon_installed_package_information.package_discovery:Found 345 installed packages in /opt/ros/humble
[2.442s] Level 1:colcon.colcon_core.package_discovery:discover_packages(prefix_path) using defaults
[2.617s] Level 5:colcon.colcon_core.verb:set package 'mini_challenge_1' build argument 'cmake_args' from command line to 'None'
[2.617s] Level 5:colcon.colcon_core.verb:set package 'mini_challenge_1' build argument 'cmake_target' from command line to 'None'
[2.618s] Level 5:colcon.colcon_core.verb:set package 'mini_challenge_1' build argument 'cmake_target_skip_unavailable' from command line to 'False'
[2.618s] Level 5:colcon.colcon_core.verb:set package 'mini_challenge_1' build argument 'cmake_clean_cache' from command line to 'False'
[2.618s] Level 5:colcon.colcon_core.verb:set package 'mini_challenge_1' build argument 'cmake_clean_first' from command line to 'False'
[2.618s] Level 5:colcon.colcon_core.verb:set package 'mini_challenge_1' build argument 'cmake_force_configure' from command line to 'False'
[2.618s] Level 5:colcon.colcon_core.verb:set package 'mini_challenge_1' build argument 'ament_cmake_args' from command line to 'None'
[2.618s] Level 5:colcon.colcon_core.verb:set package 'mini_challenge_1' build argument 'catkin_cmake_args' from command line to 'None'
[2.618s] Level 5:colcon.colcon_core.verb:set package 'mini_challenge_1' build argument 'catkin_skip_building_tests' from command line to 'False'
[2.618s] DEBUG:colcon.colcon_core.verb:Building package 'mini_challenge_1' with the following arguments: {'ament_cmake_args': None, 'build_base': '/home/mcr2/robotica_inteligente_eq5/build/mini_challenge_1', 'catkin_cmake_args': None, 'catkin_skip_building_tests': False, 'cmake_args': None, 'cmake_clean_cache': False, 'cmake_clean_first': False, 'cmake_force_configure': False, 'cmake_target': None, 'cmake_target_skip_unavailable': False, 'install_base': '/home/mcr2/robotica_inteligente_eq5/install/mini_challenge_1', 'merge_install': False, 'path': '/home/mcr2/robotica_inteligente_eq5/manchester_robotics/src/mini_challenge_1', 'symlink_install': False, 'test_result_base': None}
[2.646s] Level 5:colcon.colcon_core.verb:set package 'signal_msg' build argument 'cmake_args' from command line to 'None'
[2.646s] Level 5:colcon.colcon_core.verb:set package 'signal_msg' build argument 'cmake_target' from command line to 'None'
[2.646s] Level 5:colcon.colcon_core.verb:set package 'signal_msg' build argument 'cmake_target_skip_unavailable' from command line to 'False'
[2.646s] Level 5:colcon.colcon_core.verb:set package 'signal_msg' build argument 'cmake_clean_cache' from command line to 'False'
[2.646s] Level 5:colcon.colcon_core.verb:set package 'signal_msg' build argument 'cmake_clean_first' from command line to 'False'
[2.646s] Level 5:colcon.colcon_core.verb:set package 'signal_msg' build argument 'cmake_force_configure' from command line to 'False'
[2.646s] Level 5:colcon.colcon_core.verb:set package 'signal_msg' build argument 'ament_cmake_args' from command line to 'None'
[2.646s] Level 5:colcon.colcon_core.verb:set package 'signal_msg' build argument 'catkin_cmake_args' from command line to 'None'
[2.647s] Level 5:colcon.colcon_core.verb:set package 'signal_msg' build argument 'catkin_skip_building_tests' from command line to 'False'
[2.647s] DEBUG:colcon.colcon_core.verb:Building package 'signal_msg' with the following arguments: {'ament_cmake_args': None, 'build_base': '/home/mcr2/robotica_inteligente_eq5/build/signal_msg', 'catkin_cmake_args': None, 'catkin_skip_building_tests': False, 'cmake_args': None, 'cmake_clean_cache': False, 'cmake_clean_first': False, 'cmake_force_configure': False, 'cmake_target': None, 'cmake_target_skip_unavailable': False, 'install_base': '/home/mcr2/robotica_inteligente_eq5/install/signal_msg', 'merge_install': False, 'path': '/home/mcr2/robotica_inteligente_eq5/manchester_robotics/src/signal_msg', 'symlink_install': False, 'test_result_base': None}
[2.672s] Level 5:colcon.colcon_core.verb:set package 'mini_challenge_2' build argument 'cmake_args' from command line to 'None'
[2.672s] Level 5:colcon.colcon_core.verb:set package 'mini_challenge_2' build argument 'cmake_target' from command line to 'None'
[2.672s] Level 5:colcon.colcon_core.verb:set package 'mini_challenge_2' build argument 'cmake_target_skip_unavailable' from command line to 'False'
[2.673s] Level 5:colcon.colcon_core.verb:set package 'mini_challenge_2' build argument 'cmake_clean_cache' from command line to 'False'
[2.673s] Level 5:colcon.colcon_core.verb:set package 'mini_challenge_2' build argument 'cmake_clean_first' from command line to 'False'
[2.673s] Level 5:colcon.colcon_core.verb:set package 'mini_challenge_2' build argument 'cmake_force_configure' from command line to 'False'
[2.673s] Level 5:colcon.colcon_core.verb:set package 'mini_challenge_2' build argument 'ament_cmake_args' from command line to 'None'
[2.673s] Level 5:colcon.colcon_core.verb:set package 'mini_challenge_2' build argument 'catkin_cmake_args' from command line to 'None'
[2.673s] Level 5:colcon.colcon_core.verb:set package 'mini_challenge_2' build argument 'catkin_skip_building_tests' from command line to 'False'
[2.673s] DEBUG:colcon.colcon_core.verb:Building package 'mini_challenge_2' with the following arguments: {'ament_cmake_args': None, 'build_base': '/home/mcr2/robotica_inteligente_eq5/build/mini_challenge_2', 'catkin_cmake_args': None, 'catkin_skip_building_tests': False, 'cmake_args': None, 'cmake_clean_cache': False, 'cmake_clean_first': False, 'cmake_force_configure': False, 'cmake_target': None, 'cmake_target_skip_unavailable': False, 'install_base': '/home/mcr2/robotica_inteligente_eq5/install/mini_challenge_2', 'merge_install': False, 'path': '/home/mcr2/robotica_inteligente_eq5/manchester_robotics/src/mini_challenge_2', 'symlink_install': False, 'test_result_base': None}
[2.699s] INFO:colcon.colcon_core.executor:Executing jobs using 'parallel' executor
[2.726s] DEBUG:colcon.colcon_parallel_executor.executor.parallel:run_until_complete
[2.727s] INFO:colcon.colcon_ros.task.ament_cmake.build:Building ROS package in '/home/mcr2/robotica_inteligente_eq5/manchester_robotics/src/signal_msg' with build type 'ament_cmake'
[2.727s] INFO:colcon.colcon_cmake.task.cmake.build:Building CMake package in '/home/mcr2/robotica_inteligente_eq5/manchester_robotics/src/signal_msg'
[2.752s] INFO:colcon.colcon_core.plugin_system:Skipping extension 'colcon_core.shell.bat': Not used on non-Windows systems
[2.753s] INFO:colcon.colcon_core.shell:Skip shell extension 'powershell' for command environment: Not usable outside of PowerShell
[2.753s] DEBUG:colcon.colcon_core.shell:Skip shell extension 'dsv' for command environment
[2.853s] INFO:colcon.colcon_core.task.python.build:Building Python package in '/home/mcr2/robotica_inteligente_eq5/manchester_robotics/src/mini_challenge_1'
[2.880s] INFO:colcon.colcon_core.shell:Skip shell extension 'powershell' for command environment: Not usable outside of PowerShell
[2.880s] DEBUG:colcon.colcon_core.shell:Skip shell extension 'dsv' for command environment
[3.065s] DEBUG:colcon.colcon_core.event_handler.log_command:Invoking command in '/home/mcr2/robotica_inteligente_eq5/build/signal_msg': CMAKE_PREFIX_PATH=${CMAKE_PREFIX_PATH}:/home/mcr2/robotica_inteligente_eq5/install/mini_challenge_2:/opt/ros/humble /usr/bin/cmake --build /home/mcr2/robotica_inteligente_eq5/build/signal_msg -- -j16 -l16
[3.788s] DEBUG:colcon.colcon_core.event_handler.log_command:Invoked command in '/home/mcr2/robotica_inteligente_eq5/build/signal_msg' returned '0': CMAKE_PREFIX_PATH=${CMAKE_PREFIX_PATH}:/home/mcr2/robotica_inteligente_eq5/install/mini_challenge_2:/opt/ros/humble /usr/bin/cmake --build /home/mcr2/robotica_inteligente_eq5/build/signal_msg -- -j16 -l16
[3.922s] DEBUG:colcon.colcon_core.event_handler.log_command:Invoking command in '/home/mcr2/robotica_inteligente_eq5/build/signal_msg': CMAKE_PREFIX_PATH=${CMAKE_PREFIX_PATH}:/home/mcr2/robotica_inteligente_eq5/install/mini_challenge_2:/opt/ros/humble /usr/bin/cmake --install /home/mcr2/robotica_inteligente_eq5/build/signal_msg
[4.006s] DEBUG:colcon.colcon_core.event_handler.log_command:Invoking command in '/home/mcr2/robotica_inteligente_eq5/manchester_robotics/src/mini_challenge_1': PYTHONPATH=/home/mcr2/robotica_inteligente_eq5/build/mini_challenge_1/prefix_override:/home/mcr2/robotica_inteligente_eq5/install/mini_challenge_1/lib/python3.10/site-packages:${PYTHONPATH} /usr/bin/python3 setup.py egg_info --egg-base ../../../build/mini_challenge_1 build --build-base /home/mcr2/robotica_inteligente_eq5/build/mini_challenge_1/build install --record /home/mcr2/robotica_inteligente_eq5/build/mini_challenge_1/install.log --single-version-externally-managed
[4.067s] Level 1:colcon.colcon_core.environment:create_environment_scripts_only(signal_msg)
[4.081s] DEBUG:colcon.colcon_core.event_handler.log_command:Invoked command in '/home/mcr2/robotica_inteligente_eq5/build/signal_msg' returned '0': CMAKE_PREFIX_PATH=${CMAKE_PREFIX_PATH}:/home/mcr2/robotica_inteligente_eq5/install/mini_challenge_2:/opt/ros/humble /usr/bin/cmake --install /home/mcr2/robotica_inteligente_eq5/build/signal_msg
[4.089s] Level 1:colcon.colcon_core.environment:checking '/home/mcr2/robotica_inteligente_eq5/install/signal_msg' for CMake module files
[4.089s] Level 1:colcon.colcon_core.environment:checking '/home/mcr2/robotica_inteligente_eq5/install/signal_msg' for CMake config files
[4.089s] Level 1:colcon.colcon_core.shell:create_environment_hook('signal_msg', 'cmake_prefix_path')
[4.114s] INFO:colcon.colcon_core.shell:Creating environment hook '/home/mcr2/robotica_inteligente_eq5/install/signal_msg/share/signal_msg/hook/cmake_prefix_path.ps1'
[4.115s] INFO:colcon.colcon_core.shell:Creating environment descriptor '/home/mcr2/robotica_inteligente_eq5/install/signal_msg/share/signal_msg/hook/cmake_prefix_path.dsv'
[4.116s] INFO:colcon.colcon_core.shell:Creating environment hook '/home/mcr2/robotica_inteligente_eq5/install/signal_msg/share/signal_msg/hook/cmake_prefix_path.sh'
[4.118s] Level 1:colcon.colcon_core.environment:checking '/home/mcr2/robotica_inteligente_eq5/install/signal_msg/lib'
[4.119s] Level 1:colcon.colcon_core.shell:create_environment_hook('signal_msg', 'ld_library_path_lib')
[4.144s] INFO:colcon.colcon_core.shell:Creating environment hook '/home/mcr2/robotica_inteligente_eq5/install/signal_msg/share/signal_msg/hook/ld_library_path_lib.ps1'
[4.145s] INFO:colcon.colcon_core.shell:Creating environment descriptor '/home/mcr2/robotica_inteligente_eq5/install/signal_msg/share/signal_msg/hook/ld_library_path_lib.dsv'
[4.146s] INFO:colcon.colcon_core.shell:Creating environment hook '/home/mcr2/robotica_inteligente_eq5/install/signal_msg/share/signal_msg/hook/ld_library_path_lib.sh'
[4.147s] Level 1:colcon.colcon_core.environment:checking '/home/mcr2/robotica_inteligente_eq5/install/signal_msg/bin'
[4.147s] Level 1:colcon.colcon_core.environment:checking '/home/mcr2/robotica_inteligente_eq5/install/signal_msg/lib/pkgconfig/signal_msg.pc'
[4.148s] Level 1:colcon.colcon_core.environment:checking '/home/mcr2/robotica_inteligente_eq5/install/signal_msg/lib/python3.10/site-packages'
[4.148s] Level 1:colcon.colcon_core.environment:checking '/home/mcr2/robotica_inteligente_eq5/install/signal_msg/bin'
[4.175s] INFO:colcon.colcon_core.shell:Creating package script '/home/mcr2/robotica_inteligente_eq5/install/signal_msg/share/signal_msg/package.ps1'
[4.177s] INFO:colcon.colcon_core.shell:Creating package descriptor '/home/mcr2/robotica_inteligente_eq5/install/signal_msg/share/signal_msg/package.dsv'
[4.178s] INFO:colcon.colcon_core.shell:Creating package script '/home/mcr2/robotica_inteligente_eq5/install/signal_msg/share/signal_msg/package.sh'
[4.180s] INFO:colcon.colcon_core.shell:Creating package script '/home/mcr2/robotica_inteligente_eq5/install/signal_msg/share/signal_msg/package.bash'
[4.181s] INFO:colcon.colcon_core.shell:Creating package script '/home/mcr2/robotica_inteligente_eq5/install/signal_msg/share/signal_msg/package.zsh'
[4.182s] Level 1:colcon.colcon_core.environment:create_file_with_runtime_dependencies(/home/mcr2/robotica_inteligente_eq5/install/signal_msg/share/colcon-core/packages/signal_msg)
[4.512s] Level 1:colcon.colcon_core.environment:create_environment_scripts_only(signal_msg)
[4.551s] Level 1:colcon.colcon_core.environment:checking '/home/mcr2/robotica_inteligente_eq5/install/signal_msg' for CMake module files
[4.552s] Level 1:colcon.colcon_core.environment:checking '/home/mcr2/robotica_inteligente_eq5/install/signal_msg' for CMake config files
[4.552s] Level 1:colcon.colcon_core.shell:create_environment_hook('signal_msg', 'cmake_prefix_path')
[4.581s] INFO:colcon.colcon_core.shell:Creating environment hook '/home/mcr2/robotica_inteligente_eq5/install/signal_msg/share/signal_msg/hook/cmake_prefix_path.ps1'
[4.583s] INFO:colcon.colcon_core.shell:Creating environment descriptor '/home/mcr2/robotica_inteligente_eq5/install/signal_msg/share/signal_msg/hook/cmake_prefix_path.dsv'
[4.585s] INFO:colcon.colcon_core.shell:Creating environment hook '/home/mcr2/robotica_inteligente_eq5/install/signal_msg/share/signal_msg/hook/cmake_prefix_path.sh'
[4.587s] Level 1:colcon.colcon_core.environment:checking '/home/mcr2/robotica_inteligente_eq5/install/signal_msg/lib'
[4.587s] Level 1:colcon.colcon_core.shell:create_environment_hook('signal_msg', 'ld_library_path_lib')
[4.613s] INFO:colcon.colcon_core.shell:Creating environment hook '/home/mcr2/robotica_inteligente_eq5/install/signal_msg/share/signal_msg/hook/ld_library_path_lib.ps1'
[4.614s] INFO:colcon.colcon_core.shell:Creating environment descriptor '/home/mcr2/robotica_inteligente_eq5/install/signal_msg/share/signal_msg/hook/ld_library_path_lib.dsv'
[4.616s] INFO:colcon.colcon_core.shell:Creating environment hook '/home/mcr2/robotica_inteligente_eq5/install/signal_msg/share/signal_msg/hook/ld_library_path_lib.sh'
[4.617s] Level 1:colcon.colcon_core.environment:checking '/home/mcr2/robotica_inteligente_eq5/install/signal_msg/bin'
[4.617s] Level 1:colcon.colcon_core.environment:checking '/home/mcr2/robotica_inteligente_eq5/install/signal_msg/lib/pkgconfig/signal_msg.pc'
[4.618s] Level 1:colcon.colcon_core.environment:checking '/home/mcr2/robotica_inteligente_eq5/install/signal_msg/lib/python3.10/site-packages'
[4.619s] Level 1:colcon.colcon_core.environment:checking '/home/mcr2/robotica_inteligente_eq5/install/signal_msg/bin'
[4.644s] INFO:colcon.colcon_core.shell:Creating package script '/home/mcr2/robotica_inteligente_eq5/install/signal_msg/share/signal_msg/package.ps1'
[4.646s] INFO:colcon.colcon_core.shell:Creating package descriptor '/home/mcr2/robotica_inteligente_eq5/install/signal_msg/share/signal_msg/package.dsv'
[4.648s] INFO:colcon.colcon_core.shell:Creating package script '/home/mcr2/robotica_inteligente_eq5/install/signal_msg/share/signal_msg/package.sh'
[4.649s] INFO:colcon.colcon_core.shell:Creating package script '/home/mcr2/robotica_inteligente_eq5/install/signal_msg/share/signal_msg/package.bash'
[4.650s] INFO:colcon.colcon_core.shell:Creating package script '/home/mcr2/robotica_inteligente_eq5/install/signal_msg/share/signal_msg/package.zsh'
[4.651s] Level 1:colcon.colcon_core.environment:create_file_with_runtime_dependencies(/home/mcr2/robotica_inteligente_eq5/install/signal_msg/share/colcon-core/packages/signal_msg)
[4.654s] INFO:colcon.colcon_ros.task.ament_python.build:Building ROS package in '/home/mcr2/robotica_inteligente_eq5/manchester_robotics/src/mini_challenge_2' with build type 'ament_python'
[4.655s] Level 1:colcon.colcon_core.shell:create_environment_hook('mini_challenge_2', 'ament_prefix_path')
[4.686s] INFO:colcon.colcon_core.shell:Creating environment hook '/home/mcr2/robotica_inteligente_eq5/install/mini_challenge_2/share/mini_challenge_2/hook/ament_prefix_path.ps1'
[4.687s] INFO:colcon.colcon_core.shell:Creating environment descriptor '/home/mcr2/robotica_inteligente_eq5/install/mini_challenge_2/share/mini_challenge_2/hook/ament_prefix_path.dsv'
[4.689s] INFO:colcon.colcon_core.shell:Creating environment hook '/home/mcr2/robotica_inteligente_eq5/install/mini_challenge_2/share/mini_challenge_2/hook/ament_prefix_path.sh'
[4.715s] INFO:colcon.colcon_core.shell:Skip shell extension 'powershell' for command environment: Not usable outside of PowerShell
[4.716s] DEBUG:colcon.colcon_core.shell:Skip shell extension 'dsv' for command environment
[4.806s] DEBUG:colcon.colcon_core.event_handler.log_command:Invoked command in '/home/mcr2/robotica_inteligente_eq5/manchester_robotics/src/mini_challenge_1' returned '0': PYTHONPATH=/home/mcr2/robotica_inteligente_eq5/build/mini_challenge_1/prefix_override:/home/mcr2/robotica_inteligente_eq5/install/mini_challenge_1/lib/python3.10/site-packages:${PYTHONPATH} /usr/bin/python3 setup.py egg_info --egg-base ../../../build/mini_challenge_1 build --build-base /home/mcr2/robotica_inteligente_eq5/build/mini_challenge_1/build install --record /home/mcr2/robotica_inteligente_eq5/build/mini_challenge_1/install.log --single-version-externally-managed
[4.830s] Level 1:colcon.colcon_core.environment:checking '/home/mcr2/robotica_inteligente_eq5/install/mini_challenge_1' for CMake module files
[4.831s] Level 1:colcon.colcon_core.environment:checking '/home/mcr2/robotica_inteligente_eq5/install/mini_challenge_1' for CMake config files
[4.831s] Level 1:colcon.colcon_core.environment:checking '/home/mcr2/robotica_inteligente_eq5/install/mini_challenge_1/lib'
[4.832s] Level 1:colcon.colcon_core.environment:checking '/home/mcr2/robotica_inteligente_eq5/install/mini_challenge_1/bin'
[4.832s] Level 1:colcon.colcon_core.environment:checking '/home/mcr2/robotica_inteligente_eq5/install/mini_challenge_1/lib/pkgconfig/mini_challenge_1.pc'
[4.833s] Level 1:colcon.colcon_core.environment:checking '/home/mcr2/robotica_inteligente_eq5/install/mini_challenge_1/lib/python3.10/site-packages'
[4.833s] Level 1:colcon.colcon_core.shell:create_environment_hook('mini_challenge_1', 'pythonpath')
[4.856s] INFO:colcon.colcon_core.shell:Creating environment hook '/home/mcr2/robotica_inteligente_eq5/install/mini_challenge_1/share/mini_challenge_1/hook/pythonpath.ps1'
[4.857s] INFO:colcon.colcon_core.shell:Creating environment descriptor '/home/mcr2/robotica_inteligente_eq5/install/mini_challenge_1/share/mini_challenge_1/hook/pythonpath.dsv'
[4.859s] INFO:colcon.colcon_core.shell:Creating environment hook '/home/mcr2/robotica_inteligente_eq5/install/mini_challenge_1/share/mini_challenge_1/hook/pythonpath.sh'
[4.859s] Level 1:colcon.colcon_core.environment:checking '/home/mcr2/robotica_inteligente_eq5/install/mini_challenge_1/bin'
[4.860s] Level 1:colcon.colcon_core.environment:create_environment_scripts_only(mini_challenge_1)
[4.882s] INFO:colcon.colcon_core.shell:Creating package script '/home/mcr2/robotica_inteligente_eq5/install/mini_challenge_1/share/mini_challenge_1/package.ps1'
[4.884s] INFO:colcon.colcon_core.shell:Creating package descriptor '/home/mcr2/robotica_inteligente_eq5/install/mini_challenge_1/share/mini_challenge_1/package.dsv'
[4.886s] INFO:colcon.colcon_core.shell:Creating package script '/home/mcr2/robotica_inteligente_eq5/install/mini_challenge_1/share/mini_challenge_1/package.sh'
[4.888s] INFO:colcon.colcon_core.shell:Creating package script '/home/mcr2/robotica_inteligente_eq5/install/mini_challenge_1/share/mini_challenge_1/package.bash'
[4.888s] INFO:colcon.colcon_core.shell:Creating package script '/home/mcr2/robotica_inteligente_eq5/install/mini_challenge_1/share/mini_challenge_1/package.zsh'
[4.889s] Level 1:colcon.colcon_core.environment:create_file_with_runtime_dependencies(/home/mcr2/robotica_inteligente_eq5/install/mini_challenge_1/share/colcon-core/packages/mini_challenge_1)
[5.249s] INFO:colcon.colcon_core.task.python.build:Building Python package in '/home/mcr2/robotica_inteligente_eq5/manchester_robotics/src/mini_challenge_2'
[5.274s] INFO:colcon.colcon_core.shell:Skip shell extension 'powershell' for command environment: Not usable outside of PowerShell
[5.275s] DEBUG:colcon.colcon_core.shell:Skip shell extension 'dsv' for command environment
[5.905s] DEBUG:colcon.colcon_core.event_handler.log_command:Invoking command in '/home/mcr2/robotica_inteligente_eq5/manchester_robotics/src/mini_challenge_2': PYTHONPATH=/home/mcr2/robotica_inteligente_eq5/build/mini_challenge_2/prefix_override:/home/mcr2/robotica_inteligente_eq5/install/mini_challenge_2/lib/python3.10/site-packages:${PYTHONPATH} /usr/bin/python3 setup.py egg_info --egg-base ../../../build/mini_challenge_2 build --build-base /home/mcr2/robotica_inteligente_eq5/build/mini_challenge_2/build install --record /home/mcr2/robotica_inteligente_eq5/build/mini_challenge_2/install.log --single-version-externally-managed
[6.419s] DEBUG:colcon.colcon_core.event_handler.log_command:Invoked command in '/home/mcr2/robotica_inteligente_eq5/manchester_robotics/src/mini_challenge_2' returned '0': PYTHONPATH=/home/mcr2/robotica_inteligente_eq5/build/mini_challenge_2/prefix_override:/home/mcr2/robotica_inteligente_eq5/install/mini_challenge_2/lib/python3.10/site-packages:${PYTHONPATH} /usr/bin/python3 setup.py egg_info --egg-base ../../../build/mini_challenge_2 build --build-base /home/mcr2/robotica_inteligente_eq5/build/mini_challenge_2/build install --record /home/mcr2/robotica_inteligente_eq5/build/mini_challenge_2/install.log --single-version-externally-managed
[6.442s] Level 1:colcon.colcon_core.environment:checking '/home/mcr2/robotica_inteligente_eq5/install/mini_challenge_2' for CMake module files
[6.443s] Level 1:colcon.colcon_core.environment:checking '/home/mcr2/robotica_inteligente_eq5/install/mini_challenge_2' for CMake config files
[6.443s] Level 1:colcon.colcon_core.environment:checking '/home/mcr2/robotica_inteligente_eq5/install/mini_challenge_2/lib'
[6.444s] Level 1:colcon.colcon_core.environment:checking '/home/mcr2/robotica_inteligente_eq5/install/mini_challenge_2/bin'
[6.444s] Level 1:colcon.colcon_core.environment:checking '/home/mcr2/robotica_inteligente_eq5/install/mini_challenge_2/lib/pkgconfig/mini_challenge_2.pc'
[6.444s] Level 1:colcon.colcon_core.environment:checking '/home/mcr2/robotica_inteligente_eq5/install/mini_challenge_2/lib/python3.10/site-packages'
[6.444s] Level 1:colcon.colcon_core.shell:create_environment_hook('mini_challenge_2', 'pythonpath')
[6.469s] INFO:colcon.colcon_core.shell:Creating environment hook '/home/mcr2/robotica_inteligente_eq5/install/mini_challenge_2/share/mini_challenge_2/hook/pythonpath.ps1'
[6.470s] INFO:colcon.colcon_core.shell:Creating environment descriptor '/home/mcr2/robotica_inteligente_eq5/install/mini_challenge_2/share/mini_challenge_2/hook/pythonpath.dsv'
[6.471s] INFO:colcon.colcon_core.shell:Creating environment hook '/home/mcr2/robotica_inteligente_eq5/install/mini_challenge_2/share/mini_challenge_2/hook/pythonpath.sh'
[6.473s] Level 1:colcon.colcon_core.environment:checking '/home/mcr2/robotica_inteligente_eq5/install/mini_challenge_2/bin'
[6.473s] Level 1:colcon.colcon_core.environment:create_environment_scripts_only(mini_challenge_2)
[6.497s] INFO:colcon.colcon_core.shell:Creating package script '/home/mcr2/robotica_inteligente_eq5/install/mini_challenge_2/share/mini_challenge_2/package.ps1'
[6.499s] INFO:colcon.colcon_core.shell:Creating package descriptor '/home/mcr2/robotica_inteligente_eq5/install/mini_challenge_2/share/mini_challenge_2/package.dsv'
[6.500s] INFO:colcon.colcon_core.shell:Creating package script '/home/mcr2/robotica_inteligente_eq5/install/mini_challenge_2/share/mini_challenge_2/package.sh'
[6.501s] INFO:colcon.colcon_core.shell:Creating package script '/home/mcr2/robotica_inteligente_eq5/install/mini_challenge_2/share/mini_challenge_2/package.bash'
[6.501s] INFO:colcon.colcon_core.shell:Creating package script '/home/mcr2/robotica_inteligente_eq5/install/mini_challenge_2/share/mini_challenge_2/package.zsh'
[6.502s] Level 1:colcon.colcon_core.environment:create_file_with_runtime_dependencies(/home/mcr2/robotica_inteligente_eq5/install/mini_challenge_2/share/colcon-core/packages/mini_challenge_2)
[6.503s] DEBUG:colcon.colcon_parallel_executor.executor.parallel:closing loop
[6.505s] DEBUG:colcon.colcon_parallel_executor.executor.parallel:loop closed
[6.505s] DEBUG:colcon.colcon_parallel_executor.executor.parallel:run_until_complete finished with '0'
[6.505s] DEBUG:colcon.colcon_core.event_reactor:joining thread
[6.540s] INFO:colcon.colcon_core.plugin_system:Skipping extension 'colcon_notification.desktop_notification.terminal_notifier': Not used on non-Darwin systems
[6.540s] INFO:colcon.colcon_core.plugin_system:Skipping extension 'colcon_notification.desktop_notification.win32': Not used on non-Windows systems
[6.540s] INFO:colcon.colcon_notification.desktop_notification:Sending desktop notification using 'notify2'
[6.574s] DEBUG:colcon.colcon_core.event_reactor:joined thread
[6.598s] INFO:colcon.colcon_core.shell:Creating prefix script '/home/mcr2/robotica_inteligente_eq5/install/local_setup.ps1'
[6.620s] INFO:colcon.colcon_core.shell:Creating prefix util module '/home/mcr2/robotica_inteligente_eq5/install/_local_setup_util_ps1.py'
[6.623s] INFO:colcon.colcon_core.shell:Creating prefix chain script '/home/mcr2/robotica_inteligente_eq5/install/setup.ps1'
[6.651s] INFO:colcon.colcon_core.shell:Creating prefix script '/home/mcr2/robotica_inteligente_eq5/install/local_setup.sh'
[6.652s] INFO:colcon.colcon_core.shell:Creating prefix util module '/home/mcr2/robotica_inteligente_eq5/install/_local_setup_util_sh.py'
[6.653s] INFO:colcon.colcon_core.shell:Creating prefix chain script '/home/mcr2/robotica_inteligente_eq5/install/setup.sh'
[6.680s] INFO:colcon.colcon_core.shell:Creating prefix script '/home/mcr2/robotica_inteligente_eq5/install/local_setup.bash'
[6.680s] INFO:colcon.colcon_core.shell:Creating prefix chain script '/home/mcr2/robotica_inteligente_eq5/install/setup.bash'
[6.707s] INFO:colcon.colcon_core.shell:Creating prefix script '/home/mcr2/robotica_inteligente_eq5/install/local_setup.zsh'
[6.708s] INFO:colcon.colcon_core.shell:Creating prefix chain script '/home/mcr2/robotica_inteligente_eq5/install/setup.zsh'
