[0.015s] Invoking command in '/home/cesarbenavides/robotica_inteligente_eq5/manchester_robotics/build/signal_msg': CMAKE_PREFIX_PATH=${CMAKE_PREFIX_PATH}:/home/cesarbenavides/robotica_inteligente_eq5/manchester_robotics/install/mini_challenge_1:/opt/ros/humble /usr/bin/cmake /home/cesarbenavides/robotica_inteligente_eq5/manchester_robotics/src/signal_msg -DCMAKE_INSTALL_PREFIX=/home/cesarbenavides/robotica_inteligente_eq5/manchester_robotics/install/signal_msg
[0.031s] -- Found ament_cmake: 1.3.8 (/opt/ros/humble/share/ament_cmake/cmake)
[0.195s] -- Found std_msgs: 4.2.3 (/opt/ros/humble/share/std_msgs/cmake)
[0.226s] -- Found rosidl_generator_c: 3.1.5 (/opt/ros/humble/share/rosidl_generator_c/cmake)
[0.230s] -- Found rosidl_adapter: 3.1.5 (/opt/ros/humble/share/rosidl_adapter/cmake)
[0.237s] -- Found rosidl_generator_cpp: 3.1.5 (/opt/ros/humble/share/rosidl_generator_cpp/cmake)
[0.253s] -- Using all available rosidl_typesupport_c: rosidl_typesupport_fastrtps_c;rosidl_typesupport_introspection_c
[0.281s] -- Using all available rosidl_typesupport_cpp: rosidl_typesupport_fastrtps_cpp;rosidl_typesupport_introspection_cpp
[0.381s] -- Found rosidl_default_generators: 1.2.0 (/opt/ros/humble/share/rosidl_default_generators/cmake)
[0.873s] -- Found ament_cmake_ros: 0.10.0 (/opt/ros/humble/share/ament_cmake_ros/cmake)
[1.381s] -- Using all available rosidl_typesupport_c: rosidl_typesupport_fastrtps_c;rosidl_typesupport_introspection_c
[1.615s] -- Using all available rosidl_typesupport_cpp: rosidl_typesupport_fastrtps_cpp;rosidl_typesupport_introspection_cpp
[1.646s] -- Found PythonInterp: /usr/bin/python3 (found suitable version "3.10.12", minimum required is "3.6") 
[1.649s] -- Found python_cmake_module: 0.10.0 (/opt/ros/humble/share/python_cmake_module/cmake)
[1.868s] -- Found PythonLibs: /usr/lib/x86_64-linux-gnu/libpython3.10.so (found suitable version "3.10.12", minimum required is "3.5") 
[1.869s] -- Using PYTHON_EXECUTABLE: /usr/bin/python3
[1.869s] -- Using PYTHON_INCLUDE_DIRS: /usr/include/python3.10
[1.869s] -- Using PYTHON_LIBRARIES: /usr/lib/x86_64-linux-gnu/libpython3.10.so
[1.904s] -- Found PythonExtra: .so  
[2.012s] -- Found ament_lint_auto: 0.12.10 (/opt/ros/humble/share/ament_lint_auto/cmake)
[2.203s] -- Added test 'lint_cmake' to check CMake code style
[2.209s] -- Added test 'xmllint' to check XML markup files
[2.221s] -- Configuring done
[2.280s] -- Generating done
[2.284s] -- Build files have been written to: /home/cesarbenavides/robotica_inteligente_eq5/manchester_robotics/build/signal_msg
[2.293s] Invoked command in '/home/cesarbenavides/robotica_inteligente_eq5/manchester_robotics/build/signal_msg' returned '0': CMAKE_PREFIX_PATH=${CMAKE_PREFIX_PATH}:/home/cesarbenavides/robotica_inteligente_eq5/manchester_robotics/install/mini_challenge_1:/opt/ros/humble /usr/bin/cmake /home/cesarbenavides/robotica_inteligente_eq5/manchester_robotics/src/signal_msg -DCMAKE_INSTALL_PREFIX=/home/cesarbenavides/robotica_inteligente_eq5/manchester_robotics/install/signal_msg
[2.295s] Invoking command in '/home/cesarbenavides/robotica_inteligente_eq5/manchester_robotics/build/signal_msg': CMAKE_PREFIX_PATH=${CMAKE_PREFIX_PATH}:/home/cesarbenavides/robotica_inteligente_eq5/manchester_robotics/install/mini_challenge_1:/opt/ros/humble /usr/bin/cmake --build /home/cesarbenavides/robotica_inteligente_eq5/manchester_robotics/build/signal_msg -- -j4 -l4
[2.350s] [  3%] [34m[1mGenerating C code for ROS interfaces[0m
[2.361s] [  6%] [34m[1mGenerating C++ code for ROS interfaces[0m
[2.381s] [  6%] Built target ament_cmake_python_copy_signal_msg
[2.803s] [  6%] Built target signal_msg__cpp
[2.823s] [  9%] [34m[1mGenerating C++ type support dispatch for ROS interfaces[0m
[2.826s] [ 12%] [34m[1mGenerating C++ type support for eProsima Fast-RTPS[0m
[2.960s] running egg_info
[2.962s] creating signal_msg.egg-info
[2.963s] writing signal_msg.egg-info/PKG-INFO
[2.964s] writing dependency_links to signal_msg.egg-info/dependency_links.txt
[2.966s] writing top-level names to signal_msg.egg-info/top_level.txt
[2.968s] writing manifest file 'signal_msg.egg-info/SOURCES.txt'
[2.969s] reading manifest file 'signal_msg.egg-info/SOURCES.txt'
[2.971s] writing manifest file 'signal_msg.egg-info/SOURCES.txt'
[3.040s] [ 12%] Built target ament_cmake_python_build_signal_msg_egg
[3.048s] [ 16%] [32mBuilding C object CMakeFiles/signal_msg__rosidl_generator_c.dir/rosidl_generator_c/signal_msg/msg/detail/signal_decomposed__functions.c.o[0m
[3.060s] [ 19%] [34m[1mGenerating C++ introspection for ROS interfaces[0m
[3.350s] [ 22%] [32mBuilding CXX object CMakeFiles/signal_msg__rosidl_typesupport_fastrtps_cpp.dir/rosidl_typesupport_fastrtps_cpp/signal_msg/msg/detail/dds_fastrtps/signal_decomposed__type_support.cpp.o[0m
[3.382s] [ 25%] [32mBuilding CXX object CMakeFiles/signal_msg__rosidl_typesupport_cpp.dir/rosidl_typesupport_cpp/signal_msg/msg/signal_decomposed__type_support.cpp.o[0m
[3.577s] [ 29%] [32mBuilding CXX object CMakeFiles/signal_msg__rosidl_typesupport_introspection_cpp.dir/rosidl_typesupport_introspection_cpp/signal_msg/msg/detail/signal_decomposed__type_support.cpp.o[0m
[3.867s] [ 32%] [32m[1mLinking C shared library libsignal_msg__rosidl_generator_c.so[0m
[3.924s] [ 32%] Built target signal_msg__rosidl_generator_c
[3.942s] [ 35%] [34m[1mGenerating C type support for eProsima Fast-RTPS[0m
[4.333s] [ 38%] [32mBuilding CXX object CMakeFiles/signal_msg__rosidl_typesupport_fastrtps_c.dir/rosidl_typesupport_fastrtps_c/signal_msg/msg/detail/signal_decomposed__type_support_c.cpp.o[0m
[4.882s] [ 41%] [32m[1mLinking CXX shared library libsignal_msg__rosidl_typesupport_cpp.so[0m
[5.003s] [ 41%] Built target signal_msg__rosidl_typesupport_cpp
[5.026s] [ 45%] [34m[1mGenerating C introspection for ROS interfaces[0m
[5.193s] [ 48%] [32m[1mLinking CXX shared library libsignal_msg__rosidl_typesupport_introspection_cpp.so[0m
[5.221s] [ 51%] [32m[1mLinking CXX shared library libsignal_msg__rosidl_typesupport_fastrtps_c.so[0m
[5.226s] [ 54%] [32m[1mLinking CXX shared library libsignal_msg__rosidl_typesupport_fastrtps_cpp.so[0m
[5.342s] [ 54%] Built target signal_msg__rosidl_typesupport_introspection_cpp
[5.368s] [ 58%] [34m[1mGenerating C type support dispatch for ROS interfaces[0m
[5.408s] [ 58%] Built target signal_msg__rosidl_typesupport_fastrtps_c
[5.440s] [ 58%] Built target signal_msg__rosidl_typesupport_fastrtps_cpp
[5.560s] [ 61%] [32mBuilding C object CMakeFiles/signal_msg__rosidl_typesupport_introspection_c.dir/rosidl_typesupport_introspection_c/signal_msg/msg/detail/signal_decomposed__type_support.c.o[0m
[5.615s] [ 64%] [32m[1mLinking C shared library libsignal_msg__rosidl_typesupport_introspection_c.so[0m
[5.657s] [ 64%] Built target signal_msg__rosidl_typesupport_introspection_c
[5.700s] [ 67%] [32mBuilding CXX object CMakeFiles/signal_msg__rosidl_typesupport_c.dir/rosidl_typesupport_c/signal_msg/msg/signal_decomposed__type_support.cpp.o[0m
[5.763s] [ 70%] [32m[1mLinking CXX shared library libsignal_msg__rosidl_typesupport_c.so[0m
[5.816s] [ 70%] Built target signal_msg__rosidl_typesupport_c
[5.843s] [ 70%] Built target signal_msg
[5.870s] [ 74%] [34m[1mGenerating Python code for ROS interfaces[0m
[6.349s] [ 74%] Built target signal_msg__py
[6.374s] [ 77%] [32mBuilding C object CMakeFiles/signal_msg__rosidl_generator_py.dir/rosidl_generator_py/signal_msg/msg/_signal_decomposed_s.c.o[0m
[6.909s] [ 80%] [32m[1mLinking C shared library rosidl_generator_py/signal_msg/libsignal_msg__rosidl_generator_py.so[0m
[6.968s] [ 80%] Built target signal_msg__rosidl_generator_py
[7.000s] [ 83%] [32mBuilding C object CMakeFiles/signal_msg__rosidl_typesupport_introspection_c__pyext.dir/rosidl_generator_py/signal_msg/_signal_msg_s.ep.rosidl_typesupport_introspection_c.c.o[0m
[7.002s] [ 87%] [32mBuilding C object CMakeFiles/signal_msg__rosidl_typesupport_c__pyext.dir/rosidl_generator_py/signal_msg/_signal_msg_s.ep.rosidl_typesupport_c.c.o[0m
[7.004s] [ 90%] [32mBuilding C object CMakeFiles/signal_msg__rosidl_typesupport_fastrtps_c__pyext.dir/rosidl_generator_py/signal_msg/_signal_msg_s.ep.rosidl_typesupport_fastrtps_c.c.o[0m
[7.136s] [ 93%] [32m[1mLinking C shared library rosidl_generator_py/signal_msg/signal_msg_s__rosidl_typesupport_introspection_c.cpython-310-x86_64-linux-gnu.so[0m
[7.202s] [ 96%] [32m[1mLinking C shared library rosidl_generator_py/signal_msg/signal_msg_s__rosidl_typesupport_c.cpython-310-x86_64-linux-gnu.so[0m
[7.215s] [ 96%] Built target signal_msg__rosidl_typesupport_introspection_c__pyext
[7.222s] [100%] [32m[1mLinking C shared library rosidl_generator_py/signal_msg/signal_msg_s__rosidl_typesupport_fastrtps_c.cpython-310-x86_64-linux-gnu.so[0m
[7.257s] [100%] Built target signal_msg__rosidl_typesupport_c__pyext
[7.276s] [100%] Built target signal_msg__rosidl_typesupport_fastrtps_c__pyext
[7.293s] Invoked command in '/home/cesarbenavides/robotica_inteligente_eq5/manchester_robotics/build/signal_msg' returned '0': CMAKE_PREFIX_PATH=${CMAKE_PREFIX_PATH}:/home/cesarbenavides/robotica_inteligente_eq5/manchester_robotics/install/mini_challenge_1:/opt/ros/humble /usr/bin/cmake --build /home/cesarbenavides/robotica_inteligente_eq5/manchester_robotics/build/signal_msg -- -j4 -l4
[7.381s] Invoking command in '/home/cesarbenavides/robotica_inteligente_eq5/manchester_robotics/build/signal_msg': CMAKE_PREFIX_PATH=${CMAKE_PREFIX_PATH}:/home/cesarbenavides/robotica_inteligente_eq5/manchester_robotics/install/mini_challenge_1:/opt/ros/humble /usr/bin/cmake --install /home/cesarbenavides/robotica_inteligente_eq5/manchester_robotics/build/signal_msg
[7.390s] -- Install configuration: ""
[7.391s] -- Installing: /home/cesarbenavides/robotica_inteligente_eq5/manchester_robotics/install/signal_msg/share/ament_index/resource_index/rosidl_interfaces/signal_msg
[7.391s] -- Installing: /home/cesarbenavides/robotica_inteligente_eq5/manchester_robotics/install/signal_msg/include/signal_msg/signal_msg
[7.392s] -- Installing: /home/cesarbenavides/robotica_inteligente_eq5/manchester_robotics/install/signal_msg/include/signal_msg/signal_msg/msg
[7.392s] -- Installing: /home/cesarbenavides/robotica_inteligente_eq5/manchester_robotics/install/signal_msg/include/signal_msg/signal_msg/msg/rosidl_generator_c__visibility_control.h
[7.392s] -- Installing: /home/cesarbenavides/robotica_inteligente_eq5/manchester_robotics/install/signal_msg/include/signal_msg/signal_msg/msg/signal_decomposed.h
[7.392s] -- Installing: /home/cesarbenavides/robotica_inteligente_eq5/manchester_robotics/install/signal_msg/include/signal_msg/signal_msg/msg/detail
[7.392s] -- Installing: /home/cesarbenavides/robotica_inteligente_eq5/manchester_robotics/install/signal_msg/include/signal_msg/signal_msg/msg/detail/signal_decomposed__functions.h
[7.392s] -- Installing: /home/cesarbenavides/robotica_inteligente_eq5/manchester_robotics/install/signal_msg/include/signal_msg/signal_msg/msg/detail/signal_decomposed__struct.h
[7.393s] -- Installing: /home/cesarbenavides/robotica_inteligente_eq5/manchester_robotics/install/signal_msg/include/signal_msg/signal_msg/msg/detail/signal_decomposed__type_support.h
[7.393s] -- Installing: /home/cesarbenavides/robotica_inteligente_eq5/manchester_robotics/install/signal_msg/include/signal_msg/signal_msg/msg/detail/signal_decomposed__functions.c
[7.393s] -- Installing: /home/cesarbenavides/robotica_inteligente_eq5/manchester_robotics/install/signal_msg/share/signal_msg/environment/library_path.sh
[7.393s] -- Installing: /home/cesarbenavides/robotica_inteligente_eq5/manchester_robotics/install/signal_msg/share/signal_msg/environment/library_path.dsv
[7.393s] -- Installing: /home/cesarbenavides/robotica_inteligente_eq5/manchester_robotics/install/signal_msg/lib/libsignal_msg__rosidl_generator_c.so
[7.394s] -- Set runtime path of "/home/cesarbenavides/robotica_inteligente_eq5/manchester_robotics/install/signal_msg/lib/libsignal_msg__rosidl_generator_c.so" to ""
[7.394s] -- Up-to-date: /home/cesarbenavides/robotica_inteligente_eq5/manchester_robotics/install/signal_msg/include/signal_msg/signal_msg
[7.394s] -- Up-to-date: /home/cesarbenavides/robotica_inteligente_eq5/manchester_robotics/install/signal_msg/include/signal_msg/signal_msg/msg
[7.394s] -- Up-to-date: /home/cesarbenavides/robotica_inteligente_eq5/manchester_robotics/install/signal_msg/include/signal_msg/signal_msg/msg/detail
[7.395s] -- Installing: /home/cesarbenavides/robotica_inteligente_eq5/manchester_robotics/install/signal_msg/include/signal_msg/signal_msg/msg/detail/signal_decomposed__rosidl_typesupport_fastrtps_c.h
[7.395s] -- Installing: /home/cesarbenavides/robotica_inteligente_eq5/manchester_robotics/install/signal_msg/include/signal_msg/signal_msg/msg/rosidl_typesupport_fastrtps_c__visibility_control.h
[7.395s] -- Installing: /home/cesarbenavides/robotica_inteligente_eq5/manchester_robotics/install/signal_msg/lib/libsignal_msg__rosidl_typesupport_fastrtps_c.so
[7.396s] -- Set runtime path of "/home/cesarbenavides/robotica_inteligente_eq5/manchester_robotics/install/signal_msg/lib/libsignal_msg__rosidl_typesupport_fastrtps_c.so" to ""
[7.396s] -- Up-to-date: /home/cesarbenavides/robotica_inteligente_eq5/manchester_robotics/install/signal_msg/include/signal_msg/signal_msg
[7.396s] -- Up-to-date: /home/cesarbenavides/robotica_inteligente_eq5/manchester_robotics/install/signal_msg/include/signal_msg/signal_msg/msg
[7.396s] -- Installing: /home/cesarbenavides/robotica_inteligente_eq5/manchester_robotics/install/signal_msg/include/signal_msg/signal_msg/msg/signal_decomposed.hpp
[7.396s] -- Up-to-date: /home/cesarbenavides/robotica_inteligente_eq5/manchester_robotics/install/signal_msg/include/signal_msg/signal_msg/msg/detail
[7.396s] -- Installing: /home/cesarbenavides/robotica_inteligente_eq5/manchester_robotics/install/signal_msg/include/signal_msg/signal_msg/msg/detail/signal_decomposed__builder.hpp
[7.396s] -- Installing: /home/cesarbenavides/robotica_inteligente_eq5/manchester_robotics/install/signal_msg/include/signal_msg/signal_msg/msg/detail/signal_decomposed__struct.hpp
[7.396s] -- Installing: /home/cesarbenavides/robotica_inteligente_eq5/manchester_robotics/install/signal_msg/include/signal_msg/signal_msg/msg/detail/signal_decomposed__traits.hpp
[7.397s] -- Up-to-date: /home/cesarbenavides/robotica_inteligente_eq5/manchester_robotics/install/signal_msg/include/signal_msg/signal_msg
[7.397s] -- Up-to-date: /home/cesarbenavides/robotica_inteligente_eq5/manchester_robotics/install/signal_msg/include/signal_msg/signal_msg/msg
[7.397s] -- Installing: /home/cesarbenavides/robotica_inteligente_eq5/manchester_robotics/install/signal_msg/include/signal_msg/signal_msg/msg/rosidl_typesupport_fastrtps_cpp__visibility_control.h
[7.397s] -- Up-to-date: /home/cesarbenavides/robotica_inteligente_eq5/manchester_robotics/install/signal_msg/include/signal_msg/signal_msg/msg/detail
[7.397s] -- Installing: /home/cesarbenavides/robotica_inteligente_eq5/manchester_robotics/install/signal_msg/include/signal_msg/signal_msg/msg/detail/dds_fastrtps
[7.397s] -- Installing: /home/cesarbenavides/robotica_inteligente_eq5/manchester_robotics/install/signal_msg/include/signal_msg/signal_msg/msg/detail/signal_decomposed__rosidl_typesupport_fastrtps_cpp.hpp
[7.398s] -- Installing: /home/cesarbenavides/robotica_inteligente_eq5/manchester_robotics/install/signal_msg/lib/libsignal_msg__rosidl_typesupport_fastrtps_cpp.so
[7.398s] -- Set runtime path of "/home/cesarbenavides/robotica_inteligente_eq5/manchester_robotics/install/signal_msg/lib/libsignal_msg__rosidl_typesupport_fastrtps_cpp.so" to ""
[7.398s] -- Up-to-date: /home/cesarbenavides/robotica_inteligente_eq5/manchester_robotics/install/signal_msg/include/signal_msg/signal_msg
[7.399s] -- Up-to-date: /home/cesarbenavides/robotica_inteligente_eq5/manchester_robotics/install/signal_msg/include/signal_msg/signal_msg/msg
[7.399s] -- Installing: /home/cesarbenavides/robotica_inteligente_eq5/manchester_robotics/install/signal_msg/include/signal_msg/signal_msg/msg/rosidl_typesupport_introspection_c__visibility_control.h
[7.399s] -- Up-to-date: /home/cesarbenavides/robotica_inteligente_eq5/manchester_robotics/install/signal_msg/include/signal_msg/signal_msg/msg/detail
[7.399s] -- Installing: /home/cesarbenavides/robotica_inteligente_eq5/manchester_robotics/install/signal_msg/include/signal_msg/signal_msg/msg/detail/signal_decomposed__type_support.c
[7.399s] -- Installing: /home/cesarbenavides/robotica_inteligente_eq5/manchester_robotics/install/signal_msg/include/signal_msg/signal_msg/msg/detail/signal_decomposed__rosidl_typesupport_introspection_c.h
[7.399s] -- Installing: /home/cesarbenavides/robotica_inteligente_eq5/manchester_robotics/install/signal_msg/lib/libsignal_msg__rosidl_typesupport_introspection_c.so
[7.400s] -- Set runtime path of "/home/cesarbenavides/robotica_inteligente_eq5/manchester_robotics/install/signal_msg/lib/libsignal_msg__rosidl_typesupport_introspection_c.so" to ""
[7.400s] -- Installing: /home/cesarbenavides/robotica_inteligente_eq5/manchester_robotics/install/signal_msg/lib/libsignal_msg__rosidl_typesupport_c.so
[7.401s] -- Set runtime path of "/home/cesarbenavides/robotica_inteligente_eq5/manchester_robotics/install/signal_msg/lib/libsignal_msg__rosidl_typesupport_c.so" to ""
[7.401s] -- Up-to-date: /home/cesarbenavides/robotica_inteligente_eq5/manchester_robotics/install/signal_msg/include/signal_msg/signal_msg
[7.401s] -- Up-to-date: /home/cesarbenavides/robotica_inteligente_eq5/manchester_robotics/install/signal_msg/include/signal_msg/signal_msg/msg
[7.401s] -- Up-to-date: /home/cesarbenavides/robotica_inteligente_eq5/manchester_robotics/install/signal_msg/include/signal_msg/signal_msg/msg/detail
[7.401s] -- Installing: /home/cesarbenavides/robotica_inteligente_eq5/manchester_robotics/install/signal_msg/include/signal_msg/signal_msg/msg/detail/signal_decomposed__rosidl_typesupport_introspection_cpp.hpp
[7.401s] -- Installing: /home/cesarbenavides/robotica_inteligente_eq5/manchester_robotics/install/signal_msg/include/signal_msg/signal_msg/msg/detail/signal_decomposed__type_support.cpp
[7.401s] -- Installing: /home/cesarbenavides/robotica_inteligente_eq5/manchester_robotics/install/signal_msg/lib/libsignal_msg__rosidl_typesupport_introspection_cpp.so
[7.402s] -- Set runtime path of "/home/cesarbenavides/robotica_inteligente_eq5/manchester_robotics/install/signal_msg/lib/libsignal_msg__rosidl_typesupport_introspection_cpp.so" to ""
[7.402s] -- Installing: /home/cesarbenavides/robotica_inteligente_eq5/manchester_robotics/install/signal_msg/lib/libsignal_msg__rosidl_typesupport_cpp.so
[7.403s] -- Set runtime path of "/home/cesarbenavides/robotica_inteligente_eq5/manchester_robotics/install/signal_msg/lib/libsignal_msg__rosidl_typesupport_cpp.so" to ""
[7.403s] -- Installing: /home/cesarbenavides/robotica_inteligente_eq5/manchester_robotics/install/signal_msg/share/signal_msg/environment/pythonpath.sh
[7.403s] -- Installing: /home/cesarbenavides/robotica_inteligente_eq5/manchester_robotics/install/signal_msg/share/signal_msg/environment/pythonpath.dsv
[7.403s] -- Installing: /home/cesarbenavides/robotica_inteligente_eq5/manchester_robotics/install/signal_msg/local/lib/python3.10/dist-packages/signal_msg-0.0.0-py3.10.egg-info
[7.404s] -- Installing: /home/cesarbenavides/robotica_inteligente_eq5/manchester_robotics/install/signal_msg/local/lib/python3.10/dist-packages/signal_msg-0.0.0-py3.10.egg-info/SOURCES.txt
[7.404s] -- Installing: /home/cesarbenavides/robotica_inteligente_eq5/manchester_robotics/install/signal_msg/local/lib/python3.10/dist-packages/signal_msg-0.0.0-py3.10.egg-info/PKG-INFO
[7.404s] -- Installing: /home/cesarbenavides/robotica_inteligente_eq5/manchester_robotics/install/signal_msg/local/lib/python3.10/dist-packages/signal_msg-0.0.0-py3.10.egg-info/dependency_links.txt
[7.404s] -- Installing: /home/cesarbenavides/robotica_inteligente_eq5/manchester_robotics/install/signal_msg/local/lib/python3.10/dist-packages/signal_msg-0.0.0-py3.10.egg-info/top_level.txt
[7.405s] -- Installing: /home/cesarbenavides/robotica_inteligente_eq5/manchester_robotics/install/signal_msg/local/lib/python3.10/dist-packages/signal_msg
[7.405s] -- Installing: /home/cesarbenavides/robotica_inteligente_eq5/manchester_robotics/install/signal_msg/local/lib/python3.10/dist-packages/signal_msg/libsignal_msg__rosidl_generator_py.so
[7.405s] -- Installing: /home/cesarbenavides/robotica_inteligente_eq5/manchester_robotics/install/signal_msg/local/lib/python3.10/dist-packages/signal_msg/msg
[7.405s] -- Installing: /home/cesarbenavides/robotica_inteligente_eq5/manchester_robotics/install/signal_msg/local/lib/python3.10/dist-packages/signal_msg/msg/_signal_decomposed_s.c
[7.406s] -- Installing: /home/cesarbenavides/robotica_inteligente_eq5/manchester_robotics/install/signal_msg/local/lib/python3.10/dist-packages/signal_msg/msg/__init__.py
[7.406s] -- Installing: /home/cesarbenavides/robotica_inteligente_eq5/manchester_robotics/install/signal_msg/local/lib/python3.10/dist-packages/signal_msg/msg/_signal_decomposed.py
[7.406s] -- Installing: /home/cesarbenavides/robotica_inteligente_eq5/manchester_robotics/install/signal_msg/local/lib/python3.10/dist-packages/signal_msg/_signal_msg_s.ep.rosidl_typesupport_fastrtps_c.c
[7.406s] -- Installing: /home/cesarbenavides/robotica_inteligente_eq5/manchester_robotics/install/signal_msg/local/lib/python3.10/dist-packages/signal_msg/signal_msg_s__rosidl_typesupport_c.cpython-310-x86_64-linux-gnu.so
[7.406s] -- Installing: /home/cesarbenavides/robotica_inteligente_eq5/manchester_robotics/install/signal_msg/local/lib/python3.10/dist-packages/signal_msg/_signal_msg_s.ep.rosidl_typesupport_introspection_c.c
[7.407s] -- Installing: /home/cesarbenavides/robotica_inteligente_eq5/manchester_robotics/install/signal_msg/local/lib/python3.10/dist-packages/signal_msg/__init__.py
[7.407s] -- Installing: /home/cesarbenavides/robotica_inteligente_eq5/manchester_robotics/install/signal_msg/local/lib/python3.10/dist-packages/signal_msg/_signal_msg_s.ep.rosidl_typesupport_c.c
[7.407s] -- Installing: /home/cesarbenavides/robotica_inteligente_eq5/manchester_robotics/install/signal_msg/local/lib/python3.10/dist-packages/signal_msg/signal_msg_s__rosidl_typesupport_fastrtps_c.cpython-310-x86_64-linux-gnu.so
[7.407s] -- Installing: /home/cesarbenavides/robotica_inteligente_eq5/manchester_robotics/install/signal_msg/local/lib/python3.10/dist-packages/signal_msg/signal_msg_s__rosidl_typesupport_introspection_c.cpython-310-x86_64-linux-gnu.so
[7.454s] Listing '/home/cesarbenavides/robotica_inteligente_eq5/manchester_robotics/install/signal_msg/local/lib/python3.10/dist-packages/signal_msg'...
[7.454s] Compiling '/home/cesarbenavides/robotica_inteligente_eq5/manchester_robotics/install/signal_msg/local/lib/python3.10/dist-packages/signal_msg/__init__.py'...
[7.454s] Listing '/home/cesarbenavides/robotica_inteligente_eq5/manchester_robotics/install/signal_msg/local/lib/python3.10/dist-packages/signal_msg/msg'...
[7.454s] Compiling '/home/cesarbenavides/robotica_inteligente_eq5/manchester_robotics/install/signal_msg/local/lib/python3.10/dist-packages/signal_msg/msg/__init__.py'...
[7.454s] Compiling '/home/cesarbenavides/robotica_inteligente_eq5/manchester_robotics/install/signal_msg/local/lib/python3.10/dist-packages/signal_msg/msg/_signal_decomposed.py'...
[7.462s] -- Installing: /home/cesarbenavides/robotica_inteligente_eq5/manchester_robotics/install/signal_msg/local/lib/python3.10/dist-packages/signal_msg/signal_msg_s__rosidl_typesupport_fastrtps_c.cpython-310-x86_64-linux-gnu.so
[7.463s] -- Set runtime path of "/home/cesarbenavides/robotica_inteligente_eq5/manchester_robotics/install/signal_msg/local/lib/python3.10/dist-packages/signal_msg/signal_msg_s__rosidl_typesupport_fastrtps_c.cpython-310-x86_64-linux-gnu.so" to ""
[7.463s] -- Installing: /home/cesarbenavides/robotica_inteligente_eq5/manchester_robotics/install/signal_msg/local/lib/python3.10/dist-packages/signal_msg/signal_msg_s__rosidl_typesupport_introspection_c.cpython-310-x86_64-linux-gnu.so
[7.464s] -- Set runtime path of "/home/cesarbenavides/robotica_inteligente_eq5/manchester_robotics/install/signal_msg/local/lib/python3.10/dist-packages/signal_msg/signal_msg_s__rosidl_typesupport_introspection_c.cpython-310-x86_64-linux-gnu.so" to ""
[7.464s] -- Installing: /home/cesarbenavides/robotica_inteligente_eq5/manchester_robotics/install/signal_msg/local/lib/python3.10/dist-packages/signal_msg/signal_msg_s__rosidl_typesupport_c.cpython-310-x86_64-linux-gnu.so
[7.465s] -- Set runtime path of "/home/cesarbenavides/robotica_inteligente_eq5/manchester_robotics/install/signal_msg/local/lib/python3.10/dist-packages/signal_msg/signal_msg_s__rosidl_typesupport_c.cpython-310-x86_64-linux-gnu.so" to ""
[7.465s] -- Installing: /home/cesarbenavides/robotica_inteligente_eq5/manchester_robotics/install/signal_msg/lib/libsignal_msg__rosidl_generator_py.so
[7.466s] -- Set runtime path of "/home/cesarbenavides/robotica_inteligente_eq5/manchester_robotics/install/signal_msg/lib/libsignal_msg__rosidl_generator_py.so" to ""
[7.466s] -- Installing: /home/cesarbenavides/robotica_inteligente_eq5/manchester_robotics/install/signal_msg/share/signal_msg/msg/SignalDecomposed.idl
[7.466s] -- Installing: /home/cesarbenavides/robotica_inteligente_eq5/manchester_robotics/install/signal_msg/share/signal_msg/msg/SignalDecomposed.msg
[7.466s] -- Installing: /home/cesarbenavides/robotica_inteligente_eq5/manchester_robotics/install/signal_msg/share/ament_index/resource_index/package_run_dependencies/signal_msg
[7.467s] -- Installing: /home/cesarbenavides/robotica_inteligente_eq5/manchester_robotics/install/signal_msg/share/ament_index/resource_index/parent_prefix_path/signal_msg
[7.467s] -- Installing: /home/cesarbenavides/robotica_inteligente_eq5/manchester_robotics/install/signal_msg/share/signal_msg/environment/ament_prefix_path.sh
[7.467s] -- Installing: /home/cesarbenavides/robotica_inteligente_eq5/manchester_robotics/install/signal_msg/share/signal_msg/environment/ament_prefix_path.dsv
[7.468s] -- Installing: /home/cesarbenavides/robotica_inteligente_eq5/manchester_robotics/install/signal_msg/share/signal_msg/environment/path.sh
[7.468s] -- Installing: /home/cesarbenavides/robotica_inteligente_eq5/manchester_robotics/install/signal_msg/share/signal_msg/environment/path.dsv
[7.468s] -- Installing: /home/cesarbenavides/robotica_inteligente_eq5/manchester_robotics/install/signal_msg/share/signal_msg/local_setup.bash
[7.468s] -- Installing: /home/cesarbenavides/robotica_inteligente_eq5/manchester_robotics/install/signal_msg/share/signal_msg/local_setup.sh
[7.469s] -- Installing: /home/cesarbenavides/robotica_inteligente_eq5/manchester_robotics/install/signal_msg/share/signal_msg/local_setup.zsh
[7.469s] -- Installing: /home/cesarbenavides/robotica_inteligente_eq5/manchester_robotics/install/signal_msg/share/signal_msg/local_setup.dsv
[7.469s] -- Installing: /home/cesarbenavides/robotica_inteligente_eq5/manchester_robotics/install/signal_msg/share/signal_msg/package.dsv
[7.469s] -- Installing: /home/cesarbenavides/robotica_inteligente_eq5/manchester_robotics/install/signal_msg/share/ament_index/resource_index/packages/signal_msg
[7.470s] -- Installing: /home/cesarbenavides/robotica_inteligente_eq5/manchester_robotics/install/signal_msg/share/signal_msg/cmake/export_signal_msg__rosidl_generator_cExport.cmake
[7.470s] -- Installing: /home/cesarbenavides/robotica_inteligente_eq5/manchester_robotics/install/signal_msg/share/signal_msg/cmake/export_signal_msg__rosidl_generator_cExport-noconfig.cmake
[7.470s] -- Installing: /home/cesarbenavides/robotica_inteligente_eq5/manchester_robotics/install/signal_msg/share/signal_msg/cmake/export_signal_msg__rosidl_typesupport_fastrtps_cExport.cmake
[7.471s] -- Installing: /home/cesarbenavides/robotica_inteligente_eq5/manchester_robotics/install/signal_msg/share/signal_msg/cmake/export_signal_msg__rosidl_typesupport_fastrtps_cExport-noconfig.cmake
[7.471s] -- Installing: /home/cesarbenavides/robotica_inteligente_eq5/manchester_robotics/install/signal_msg/share/signal_msg/cmake/export_signal_msg__rosidl_generator_cppExport.cmake
[7.471s] -- Installing: /home/cesarbenavides/robotica_inteligente_eq5/manchester_robotics/install/signal_msg/share/signal_msg/cmake/export_signal_msg__rosidl_typesupport_fastrtps_cppExport.cmake
[7.471s] -- Installing: /home/cesarbenavides/robotica_inteligente_eq5/manchester_robotics/install/signal_msg/share/signal_msg/cmake/export_signal_msg__rosidl_typesupport_fastrtps_cppExport-noconfig.cmake
[7.472s] -- Installing: /home/cesarbenavides/robotica_inteligente_eq5/manchester_robotics/install/signal_msg/share/signal_msg/cmake/signal_msg__rosidl_typesupport_introspection_cExport.cmake
[7.472s] -- Installing: /home/cesarbenavides/robotica_inteligente_eq5/manchester_robotics/install/signal_msg/share/signal_msg/cmake/signal_msg__rosidl_typesupport_introspection_cExport-noconfig.cmake
[7.472s] -- Installing: /home/cesarbenavides/robotica_inteligente_eq5/manchester_robotics/install/signal_msg/share/signal_msg/cmake/signal_msg__rosidl_typesupport_cExport.cmake
[7.473s] -- Installing: /home/cesarbenavides/robotica_inteligente_eq5/manchester_robotics/install/signal_msg/share/signal_msg/cmake/signal_msg__rosidl_typesupport_cExport-noconfig.cmake
[7.473s] -- Installing: /home/cesarbenavides/robotica_inteligente_eq5/manchester_robotics/install/signal_msg/share/signal_msg/cmake/signal_msg__rosidl_typesupport_introspection_cppExport.cmake
[7.473s] -- Installing: /home/cesarbenavides/robotica_inteligente_eq5/manchester_robotics/install/signal_msg/share/signal_msg/cmake/signal_msg__rosidl_typesupport_introspection_cppExport-noconfig.cmake
[7.473s] -- Installing: /home/cesarbenavides/robotica_inteligente_eq5/manchester_robotics/install/signal_msg/share/signal_msg/cmake/signal_msg__rosidl_typesupport_cppExport.cmake
[7.474s] -- Installing: /home/cesarbenavides/robotica_inteligente_eq5/manchester_robotics/install/signal_msg/share/signal_msg/cmake/signal_msg__rosidl_typesupport_cppExport-noconfig.cmake
[7.474s] -- Installing: /home/cesarbenavides/robotica_inteligente_eq5/manchester_robotics/install/signal_msg/share/signal_msg/cmake/export_signal_msg__rosidl_generator_pyExport.cmake
[7.474s] -- Installing: /home/cesarbenavides/robotica_inteligente_eq5/manchester_robotics/install/signal_msg/share/signal_msg/cmake/export_signal_msg__rosidl_generator_pyExport-noconfig.cmake
[7.474s] -- Installing: /home/cesarbenavides/robotica_inteligente_eq5/manchester_robotics/install/signal_msg/share/signal_msg/cmake/rosidl_cmake-extras.cmake
[7.475s] -- Installing: /home/cesarbenavides/robotica_inteligente_eq5/manchester_robotics/install/signal_msg/share/signal_msg/cmake/ament_cmake_export_dependencies-extras.cmake
[7.475s] -- Installing: /home/cesarbenavides/robotica_inteligente_eq5/manchester_robotics/install/signal_msg/share/signal_msg/cmake/ament_cmake_export_include_directories-extras.cmake
[7.475s] -- Installing: /home/cesarbenavides/robotica_inteligente_eq5/manchester_robotics/install/signal_msg/share/signal_msg/cmake/ament_cmake_export_libraries-extras.cmake
[7.475s] -- Installing: /home/cesarbenavides/robotica_inteligente_eq5/manchester_robotics/install/signal_msg/share/signal_msg/cmake/ament_cmake_export_targets-extras.cmake
[7.476s] -- Installing: /home/cesarbenavides/robotica_inteligente_eq5/manchester_robotics/install/signal_msg/share/signal_msg/cmake/rosidl_cmake_export_typesupport_targets-extras.cmake
[7.476s] -- Installing: /home/cesarbenavides/robotica_inteligente_eq5/manchester_robotics/install/signal_msg/share/signal_msg/cmake/rosidl_cmake_export_typesupport_libraries-extras.cmake
[7.476s] -- Installing: /home/cesarbenavides/robotica_inteligente_eq5/manchester_robotics/install/signal_msg/share/signal_msg/cmake/signal_msgConfig.cmake
[7.476s] -- Installing: /home/cesarbenavides/robotica_inteligente_eq5/manchester_robotics/install/signal_msg/share/signal_msg/cmake/signal_msgConfig-version.cmake
[7.477s] -- Installing: /home/cesarbenavides/robotica_inteligente_eq5/manchester_robotics/install/signal_msg/share/signal_msg/package.xml
[7.480s] Invoked command in '/home/cesarbenavides/robotica_inteligente_eq5/manchester_robotics/build/signal_msg' returned '0': CMAKE_PREFIX_PATH=${CMAKE_PREFIX_PATH}:/home/cesarbenavides/robotica_inteligente_eq5/manchester_robotics/install/mini_challenge_1:/opt/ros/humble /usr/bin/cmake --install /home/cesarbenavides/robotica_inteligente_eq5/manchester_robotics/build/signal_msg
