[0.231s] Invoking command in '/home/mcr2/robotica_inteligente_eq5/build/signal_msg': CMAKE_PREFIX_PATH=${CMAKE_PREFIX_PATH}:/home/mcr2/robotica_inteligente_eq5/install/mini_challenge_2:/opt/ros/humble /usr/bin/cmake --build /home/mcr2/robotica_inteligente_eq5/build/signal_msg -- -j16 -l16
[0.327s] [  9%] Built target signal_msg__rosidl_generator_c
[0.339s] [ 12%] Built target signal_msg__cpp
[0.348s] [ 12%] Built target ament_cmake_python_copy_signal_msg
[0.357s] [ 22%] Built target signal_msg__rosidl_typesupport_c
[0.393s] [ 32%] Built target signal_msg__rosidl_typesupport_fastrtps_c
[0.393s] [ 41%] Built target signal_msg__rosidl_typesupport_fastrtps_cpp
[0.436s] [ 51%] Built target signal_msg__rosidl_typesupport_introspection_cpp
[0.552s] [ 61%] Built target signal_msg__rosidl_typesupport_introspection_c
[0.552s] [ 70%] Built target signal_msg__rosidl_typesupport_cpp
[0.611s] [ 70%] Built target signal_msg
[0.668s] [ 74%] Built target signal_msg__py
[0.707s] [ 80%] Built target signal_msg__rosidl_generator_py
[0.746s] [ 87%] Built target signal_msg__rosidl_typesupport_fastrtps_c__pyext
[0.750s] [ 93%] Built target signal_msg__rosidl_typesupport_introspection_c__pyext
[0.756s] [100%] Built target signal_msg__rosidl_typesupport_c__pyext
[0.950s] running egg_info
[0.951s] writing signal_msg.egg-info/PKG-INFO
[0.952s] writing dependency_links to signal_msg.egg-info/dependency_links.txt
[0.953s] writing top-level names to signal_msg.egg-info/top_level.txt
[0.957s] reading manifest file 'signal_msg.egg-info/SOURCES.txt'
[0.958s] writing manifest file 'signal_msg.egg-info/SOURCES.txt'
[1.005s] [100%] Built target ament_cmake_python_build_signal_msg_egg
[1.044s] Invoked command in '/home/mcr2/robotica_inteligente_eq5/build/signal_msg' returned '0': CMAKE_PREFIX_PATH=${CMAKE_PREFIX_PATH}:/home/mcr2/robotica_inteligente_eq5/install/mini_challenge_2:/opt/ros/humble /usr/bin/cmake --build /home/mcr2/robotica_inteligente_eq5/build/signal_msg -- -j16 -l16
[1.187s] Invoking command in '/home/mcr2/robotica_inteligente_eq5/build/signal_msg': CMAKE_PREFIX_PATH=${CMAKE_PREFIX_PATH}:/home/mcr2/robotica_inteligente_eq5/install/mini_challenge_2:/opt/ros/humble /usr/bin/cmake --install /home/mcr2/robotica_inteligente_eq5/build/signal_msg
[1.202s] -- Install configuration: ""
[1.202s] -- Up-to-date: /home/mcr2/robotica_inteligente_eq5/install/signal_msg/share/ament_index/resource_index/rosidl_interfaces/signal_msg
[1.203s] -- Up-to-date: /home/mcr2/robotica_inteligente_eq5/install/signal_msg/include/signal_msg/signal_msg
[1.203s] -- Up-to-date: /home/mcr2/robotica_inteligente_eq5/install/signal_msg/include/signal_msg/signal_msg/msg
[1.204s] -- Up-to-date: /home/mcr2/robotica_inteligente_eq5/install/signal_msg/include/signal_msg/signal_msg/msg/signal_decomposed.h
[1.205s] -- Up-to-date: /home/mcr2/robotica_inteligente_eq5/install/signal_msg/include/signal_msg/signal_msg/msg/detail
[1.206s] -- Up-to-date: /home/mcr2/robotica_inteligente_eq5/install/signal_msg/include/signal_msg/signal_msg/msg/detail/signal_decomposed__functions.h
[1.206s] -- Up-to-date: /home/mcr2/robotica_inteligente_eq5/install/signal_msg/include/signal_msg/signal_msg/msg/detail/signal_decomposed__type_support.h
[1.216s] -- Up-to-date: /home/mcr2/robotica_inteligente_eq5/install/signal_msg/include/signal_msg/signal_msg/msg/detail/signal_decomposed__functions.c
[1.216s] -- Up-to-date: /home/mcr2/robotica_inteligente_eq5/install/signal_msg/include/signal_msg/signal_msg/msg/detail/signal_decomposed__struct.h
[1.216s] -- Up-to-date: /home/mcr2/robotica_inteligente_eq5/install/signal_msg/include/signal_msg/signal_msg/msg/rosidl_generator_c__visibility_control.h
[1.216s] -- Up-to-date: /home/mcr2/robotica_inteligente_eq5/install/signal_msg/share/signal_msg/environment/library_path.sh
[1.216s] -- Up-to-date: /home/mcr2/robotica_inteligente_eq5/install/signal_msg/share/signal_msg/environment/library_path.dsv
[1.216s] -- Up-to-date: /home/mcr2/robotica_inteligente_eq5/install/signal_msg/lib/libsignal_msg__rosidl_generator_c.so
[1.217s] -- Up-to-date: /home/mcr2/robotica_inteligente_eq5/install/signal_msg/include/signal_msg/signal_msg
[1.217s] -- Up-to-date: /home/mcr2/robotica_inteligente_eq5/install/signal_msg/include/signal_msg/signal_msg/msg
[1.217s] -- Up-to-date: /home/mcr2/robotica_inteligente_eq5/install/signal_msg/include/signal_msg/signal_msg/msg/rosidl_typesupport_fastrtps_c__visibility_control.h
[1.217s] -- Up-to-date: /home/mcr2/robotica_inteligente_eq5/install/signal_msg/include/signal_msg/signal_msg/msg/detail
[1.217s] -- Up-to-date: /home/mcr2/robotica_inteligente_eq5/install/signal_msg/include/signal_msg/signal_msg/msg/detail/signal_decomposed__rosidl_typesupport_fastrtps_c.h
[1.217s] -- Up-to-date: /home/mcr2/robotica_inteligente_eq5/install/signal_msg/lib/libsignal_msg__rosidl_typesupport_fastrtps_c.so
[1.217s] -- Up-to-date: /home/mcr2/robotica_inteligente_eq5/install/signal_msg/include/signal_msg/signal_msg
[1.217s] -- Up-to-date: /home/mcr2/robotica_inteligente_eq5/install/signal_msg/include/signal_msg/signal_msg/msg
[1.217s] -- Up-to-date: /home/mcr2/robotica_inteligente_eq5/install/signal_msg/include/signal_msg/signal_msg/msg/detail
[1.217s] -- Up-to-date: /home/mcr2/robotica_inteligente_eq5/install/signal_msg/include/signal_msg/signal_msg/msg/detail/signal_decomposed__struct.hpp
[1.218s] -- Up-to-date: /home/mcr2/robotica_inteligente_eq5/install/signal_msg/include/signal_msg/signal_msg/msg/detail/signal_decomposed__traits.hpp
[1.218s] -- Up-to-date: /home/mcr2/robotica_inteligente_eq5/install/signal_msg/include/signal_msg/signal_msg/msg/detail/signal_decomposed__builder.hpp
[1.218s] -- Up-to-date: /home/mcr2/robotica_inteligente_eq5/install/signal_msg/include/signal_msg/signal_msg/msg/signal_decomposed.hpp
[1.218s] -- Up-to-date: /home/mcr2/robotica_inteligente_eq5/install/signal_msg/include/signal_msg/signal_msg
[1.219s] -- Up-to-date: /home/mcr2/robotica_inteligente_eq5/install/signal_msg/include/signal_msg/signal_msg/msg
[1.219s] -- Up-to-date: /home/mcr2/robotica_inteligente_eq5/install/signal_msg/include/signal_msg/signal_msg/msg/rosidl_typesupport_fastrtps_cpp__visibility_control.h
[1.219s] -- Up-to-date: /home/mcr2/robotica_inteligente_eq5/install/signal_msg/include/signal_msg/signal_msg/msg/detail
[1.219s] -- Up-to-date: /home/mcr2/robotica_inteligente_eq5/install/signal_msg/include/signal_msg/signal_msg/msg/detail/dds_fastrtps
[1.220s] -- Up-to-date: /home/mcr2/robotica_inteligente_eq5/install/signal_msg/include/signal_msg/signal_msg/msg/detail/signal_decomposed__rosidl_typesupport_fastrtps_cpp.hpp
[1.220s] -- Up-to-date: /home/mcr2/robotica_inteligente_eq5/install/signal_msg/lib/libsignal_msg__rosidl_typesupport_fastrtps_cpp.so
[1.220s] -- Up-to-date: /home/mcr2/robotica_inteligente_eq5/install/signal_msg/include/signal_msg/signal_msg
[1.220s] -- Up-to-date: /home/mcr2/robotica_inteligente_eq5/install/signal_msg/include/signal_msg/signal_msg/msg
[1.220s] -- Up-to-date: /home/mcr2/robotica_inteligente_eq5/install/signal_msg/include/signal_msg/signal_msg/msg/rosidl_typesupport_introspection_c__visibility_control.h
[1.220s] -- Up-to-date: /home/mcr2/robotica_inteligente_eq5/install/signal_msg/include/signal_msg/signal_msg/msg/detail
[1.220s] -- Up-to-date: /home/mcr2/robotica_inteligente_eq5/install/signal_msg/include/signal_msg/signal_msg/msg/detail/signal_decomposed__rosidl_typesupport_introspection_c.h
[1.220s] -- Up-to-date: /home/mcr2/robotica_inteligente_eq5/install/signal_msg/include/signal_msg/signal_msg/msg/detail/signal_decomposed__type_support.c
[1.220s] -- Up-to-date: /home/mcr2/robotica_inteligente_eq5/install/signal_msg/lib/libsignal_msg__rosidl_typesupport_introspection_c.so
[1.220s] -- Up-to-date: /home/mcr2/robotica_inteligente_eq5/install/signal_msg/lib/libsignal_msg__rosidl_typesupport_c.so
[1.221s] -- Up-to-date: /home/mcr2/robotica_inteligente_eq5/install/signal_msg/include/signal_msg/signal_msg
[1.221s] -- Up-to-date: /home/mcr2/robotica_inteligente_eq5/install/signal_msg/include/signal_msg/signal_msg/msg
[1.221s] -- Up-to-date: /home/mcr2/robotica_inteligente_eq5/install/signal_msg/include/signal_msg/signal_msg/msg/detail
[1.221s] -- Up-to-date: /home/mcr2/robotica_inteligente_eq5/install/signal_msg/include/signal_msg/signal_msg/msg/detail/signal_decomposed__type_support.cpp
[1.221s] -- Up-to-date: /home/mcr2/robotica_inteligente_eq5/install/signal_msg/include/signal_msg/signal_msg/msg/detail/signal_decomposed__rosidl_typesupport_introspection_cpp.hpp
[1.221s] -- Up-to-date: /home/mcr2/robotica_inteligente_eq5/install/signal_msg/lib/libsignal_msg__rosidl_typesupport_introspection_cpp.so
[1.221s] -- Up-to-date: /home/mcr2/robotica_inteligente_eq5/install/signal_msg/lib/libsignal_msg__rosidl_typesupport_cpp.so
[1.221s] -- Up-to-date: /home/mcr2/robotica_inteligente_eq5/install/signal_msg/share/signal_msg/environment/pythonpath.sh
[1.222s] -- Up-to-date: /home/mcr2/robotica_inteligente_eq5/install/signal_msg/share/signal_msg/environment/pythonpath.dsv
[1.222s] -- Up-to-date: /home/mcr2/robotica_inteligente_eq5/install/signal_msg/local/lib/python3.10/dist-packages/signal_msg-0.0.0-py3.10.egg-info
[1.222s] -- Installing: /home/mcr2/robotica_inteligente_eq5/install/signal_msg/local/lib/python3.10/dist-packages/signal_msg-0.0.0-py3.10.egg-info/PKG-INFO
[1.222s] -- Installing: /home/mcr2/robotica_inteligente_eq5/install/signal_msg/local/lib/python3.10/dist-packages/signal_msg-0.0.0-py3.10.egg-info/top_level.txt
[1.222s] -- Installing: /home/mcr2/robotica_inteligente_eq5/install/signal_msg/local/lib/python3.10/dist-packages/signal_msg-0.0.0-py3.10.egg-info/SOURCES.txt
[1.222s] -- Installing: /home/mcr2/robotica_inteligente_eq5/install/signal_msg/local/lib/python3.10/dist-packages/signal_msg-0.0.0-py3.10.egg-info/dependency_links.txt
[1.223s] -- Up-to-date: /home/mcr2/robotica_inteligente_eq5/install/signal_msg/local/lib/python3.10/dist-packages/signal_msg
[1.223s] -- Up-to-date: /home/mcr2/robotica_inteligente_eq5/install/signal_msg/local/lib/python3.10/dist-packages/signal_msg/signal_msg_s__rosidl_typesupport_fastrtps_c.cpython-310-x86_64-linux-gnu.so
[1.223s] -- Up-to-date: /home/mcr2/robotica_inteligente_eq5/install/signal_msg/local/lib/python3.10/dist-packages/signal_msg/_signal_msg_s.ep.rosidl_typesupport_fastrtps_c.c
[1.223s] -- Up-to-date: /home/mcr2/robotica_inteligente_eq5/install/signal_msg/local/lib/python3.10/dist-packages/signal_msg/signal_msg_s__rosidl_typesupport_introspection_c.cpython-310-x86_64-linux-gnu.so
[1.223s] -- Up-to-date: /home/mcr2/robotica_inteligente_eq5/install/signal_msg/local/lib/python3.10/dist-packages/signal_msg/signal_msg_s__rosidl_typesupport_c.cpython-310-x86_64-linux-gnu.so
[1.223s] -- Up-to-date: /home/mcr2/robotica_inteligente_eq5/install/signal_msg/local/lib/python3.10/dist-packages/signal_msg/_signal_msg_s.ep.rosidl_typesupport_c.c
[1.223s] -- Up-to-date: /home/mcr2/robotica_inteligente_eq5/install/signal_msg/local/lib/python3.10/dist-packages/signal_msg/_signal_msg_s.ep.rosidl_typesupport_introspection_c.c
[1.223s] -- Up-to-date: /home/mcr2/robotica_inteligente_eq5/install/signal_msg/local/lib/python3.10/dist-packages/signal_msg/libsignal_msg__rosidl_generator_py.so
[1.223s] -- Up-to-date: /home/mcr2/robotica_inteligente_eq5/install/signal_msg/local/lib/python3.10/dist-packages/signal_msg/msg
[1.223s] -- Up-to-date: /home/mcr2/robotica_inteligente_eq5/install/signal_msg/local/lib/python3.10/dist-packages/signal_msg/msg/_signal_decomposed_s.c
[1.223s] -- Up-to-date: /home/mcr2/robotica_inteligente_eq5/install/signal_msg/local/lib/python3.10/dist-packages/signal_msg/msg/_signal_decomposed.py
[1.223s] -- Up-to-date: /home/mcr2/robotica_inteligente_eq5/install/signal_msg/local/lib/python3.10/dist-packages/signal_msg/msg/__init__.py
[1.224s] -- Up-to-date: /home/mcr2/robotica_inteligente_eq5/install/signal_msg/local/lib/python3.10/dist-packages/signal_msg/__init__.py
[1.285s] Listing '/home/mcr2/robotica_inteligente_eq5/install/signal_msg/local/lib/python3.10/dist-packages/signal_msg'...
[1.285s] Listing '/home/mcr2/robotica_inteligente_eq5/install/signal_msg/local/lib/python3.10/dist-packages/signal_msg/msg'...
[1.293s] -- Up-to-date: /home/mcr2/robotica_inteligente_eq5/install/signal_msg/local/lib/python3.10/dist-packages/signal_msg/signal_msg_s__rosidl_typesupport_fastrtps_c.cpython-310-x86_64-linux-gnu.so
[1.294s] -- Up-to-date: /home/mcr2/robotica_inteligente_eq5/install/signal_msg/local/lib/python3.10/dist-packages/signal_msg/signal_msg_s__rosidl_typesupport_introspection_c.cpython-310-x86_64-linux-gnu.so
[1.295s] -- Up-to-date: /home/mcr2/robotica_inteligente_eq5/install/signal_msg/local/lib/python3.10/dist-packages/signal_msg/signal_msg_s__rosidl_typesupport_c.cpython-310-x86_64-linux-gnu.so
[1.295s] -- Up-to-date: /home/mcr2/robotica_inteligente_eq5/install/signal_msg/lib/libsignal_msg__rosidl_generator_py.so
[1.296s] -- Up-to-date: /home/mcr2/robotica_inteligente_eq5/install/signal_msg/share/signal_msg/msg/SignalDecomposed.idl
[1.296s] -- Up-to-date: /home/mcr2/robotica_inteligente_eq5/install/signal_msg/share/signal_msg/msg/SignalDecomposed.msg
[1.296s] -- Up-to-date: /home/mcr2/robotica_inteligente_eq5/install/signal_msg/share/ament_index/resource_index/package_run_dependencies/signal_msg
[1.297s] -- Up-to-date: /home/mcr2/robotica_inteligente_eq5/install/signal_msg/share/ament_index/resource_index/parent_prefix_path/signal_msg
[1.297s] -- Up-to-date: /home/mcr2/robotica_inteligente_eq5/install/signal_msg/share/signal_msg/environment/ament_prefix_path.sh
[1.297s] -- Up-to-date: /home/mcr2/robotica_inteligente_eq5/install/signal_msg/share/signal_msg/environment/ament_prefix_path.dsv
[1.297s] -- Up-to-date: /home/mcr2/robotica_inteligente_eq5/install/signal_msg/share/signal_msg/environment/path.sh
[1.298s] -- Up-to-date: /home/mcr2/robotica_inteligente_eq5/install/signal_msg/share/signal_msg/environment/path.dsv
[1.298s] -- Up-to-date: /home/mcr2/robotica_inteligente_eq5/install/signal_msg/share/signal_msg/local_setup.bash
[1.298s] -- Up-to-date: /home/mcr2/robotica_inteligente_eq5/install/signal_msg/share/signal_msg/local_setup.sh
[1.298s] -- Up-to-date: /home/mcr2/robotica_inteligente_eq5/install/signal_msg/share/signal_msg/local_setup.zsh
[1.299s] -- Up-to-date: /home/mcr2/robotica_inteligente_eq5/install/signal_msg/share/signal_msg/local_setup.dsv
[1.299s] -- Installing: /home/mcr2/robotica_inteligente_eq5/install/signal_msg/share/signal_msg/package.dsv
[1.300s] -- Up-to-date: /home/mcr2/robotica_inteligente_eq5/install/signal_msg/share/ament_index/resource_index/packages/signal_msg
[1.300s] -- Up-to-date: /home/mcr2/robotica_inteligente_eq5/install/signal_msg/share/signal_msg/cmake/export_signal_msg__rosidl_generator_cExport.cmake
[1.300s] -- Up-to-date: /home/mcr2/robotica_inteligente_eq5/install/signal_msg/share/signal_msg/cmake/export_signal_msg__rosidl_generator_cExport-noconfig.cmake
[1.300s] -- Up-to-date: /home/mcr2/robotica_inteligente_eq5/install/signal_msg/share/signal_msg/cmake/export_signal_msg__rosidl_typesupport_fastrtps_cExport.cmake
[1.300s] -- Up-to-date: /home/mcr2/robotica_inteligente_eq5/install/signal_msg/share/signal_msg/cmake/export_signal_msg__rosidl_typesupport_fastrtps_cExport-noconfig.cmake
[1.301s] -- Up-to-date: /home/mcr2/robotica_inteligente_eq5/install/signal_msg/share/signal_msg/cmake/export_signal_msg__rosidl_generator_cppExport.cmake
[1.301s] -- Up-to-date: /home/mcr2/robotica_inteligente_eq5/install/signal_msg/share/signal_msg/cmake/export_signal_msg__rosidl_typesupport_fastrtps_cppExport.cmake
[1.301s] -- Up-to-date: /home/mcr2/robotica_inteligente_eq5/install/signal_msg/share/signal_msg/cmake/export_signal_msg__rosidl_typesupport_fastrtps_cppExport-noconfig.cmake
[1.301s] -- Up-to-date: /home/mcr2/robotica_inteligente_eq5/install/signal_msg/share/signal_msg/cmake/signal_msg__rosidl_typesupport_introspection_cExport.cmake
[1.301s] -- Up-to-date: /home/mcr2/robotica_inteligente_eq5/install/signal_msg/share/signal_msg/cmake/signal_msg__rosidl_typesupport_introspection_cExport-noconfig.cmake
[1.301s] -- Up-to-date: /home/mcr2/robotica_inteligente_eq5/install/signal_msg/share/signal_msg/cmake/signal_msg__rosidl_typesupport_cExport.cmake
[1.301s] -- Up-to-date: /home/mcr2/robotica_inteligente_eq5/install/signal_msg/share/signal_msg/cmake/signal_msg__rosidl_typesupport_cExport-noconfig.cmake
[1.301s] -- Up-to-date: /home/mcr2/robotica_inteligente_eq5/install/signal_msg/share/signal_msg/cmake/signal_msg__rosidl_typesupport_introspection_cppExport.cmake
[1.302s] -- Up-to-date: /home/mcr2/robotica_inteligente_eq5/install/signal_msg/share/signal_msg/cmake/signal_msg__rosidl_typesupport_introspection_cppExport-noconfig.cmake
[1.302s] -- Up-to-date: /home/mcr2/robotica_inteligente_eq5/install/signal_msg/share/signal_msg/cmake/signal_msg__rosidl_typesupport_cppExport.cmake
[1.302s] -- Up-to-date: /home/mcr2/robotica_inteligente_eq5/install/signal_msg/share/signal_msg/cmake/signal_msg__rosidl_typesupport_cppExport-noconfig.cmake
[1.302s] -- Up-to-date: /home/mcr2/robotica_inteligente_eq5/install/signal_msg/share/signal_msg/cmake/export_signal_msg__rosidl_generator_pyExport.cmake
[1.302s] -- Up-to-date: /home/mcr2/robotica_inteligente_eq5/install/signal_msg/share/signal_msg/cmake/export_signal_msg__rosidl_generator_pyExport-noconfig.cmake
[1.302s] -- Up-to-date: /home/mcr2/robotica_inteligente_eq5/install/signal_msg/share/signal_msg/cmake/rosidl_cmake-extras.cmake
[1.302s] -- Up-to-date: /home/mcr2/robotica_inteligente_eq5/install/signal_msg/share/signal_msg/cmake/ament_cmake_export_dependencies-extras.cmake
[1.302s] -- Up-to-date: /home/mcr2/robotica_inteligente_eq5/install/signal_msg/share/signal_msg/cmake/ament_cmake_export_include_directories-extras.cmake
[1.302s] -- Up-to-date: /home/mcr2/robotica_inteligente_eq5/install/signal_msg/share/signal_msg/cmake/ament_cmake_export_libraries-extras.cmake
[1.303s] -- Up-to-date: /home/mcr2/robotica_inteligente_eq5/install/signal_msg/share/signal_msg/cmake/ament_cmake_export_targets-extras.cmake
[1.303s] -- Up-to-date: /home/mcr2/robotica_inteligente_eq5/install/signal_msg/share/signal_msg/cmake/rosidl_cmake_export_typesupport_targets-extras.cmake
[1.303s] -- Up-to-date: /home/mcr2/robotica_inteligente_eq5/install/signal_msg/share/signal_msg/cmake/rosidl_cmake_export_typesupport_libraries-extras.cmake
[1.304s] -- Up-to-date: /home/mcr2/robotica_inteligente_eq5/install/signal_msg/share/signal_msg/cmake/signal_msgConfig.cmake
[1.304s] -- Up-to-date: /home/mcr2/robotica_inteligente_eq5/install/signal_msg/share/signal_msg/cmake/signal_msgConfig-version.cmake
[1.304s] -- Up-to-date: /home/mcr2/robotica_inteligente_eq5/install/signal_msg/share/signal_msg/package.xml
[1.306s] Invoked command in '/home/mcr2/robotica_inteligente_eq5/build/signal_msg' returned '0': CMAKE_PREFIX_PATH=${CMAKE_PREFIX_PATH}:/home/mcr2/robotica_inteligente_eq5/install/mini_challenge_2:/opt/ros/humble /usr/bin/cmake --install /home/mcr2/robotica_inteligente_eq5/build/signal_msg
