[0.020s] Invoking command in '/home/cesarbenavides/robotica_inteligente_eq5/manchester_robotics/build/signal_msg': CMAKE_PREFIX_PATH=${CMAKE_PREFIX_PATH}:/home/cesarbenavides/robotica_inteligente_eq5/manchester_robotics/install/mini_challenge_2:/opt/ros/humble /usr/bin/cmake --build /home/cesarbenavides/robotica_inteligente_eq5/manchester_robotics/build/signal_msg -- -j4 -l4
[0.103s] [  3%] Built target signal_msg__cpp
[0.108s] [ 12%] Built target signal_msg__rosidl_generator_c
[0.142s] [ 12%] Built target ament_cmake_python_copy_signal_msg
[0.154s] [ 22%] Built target signal_msg__rosidl_typesupport_fastrtps_cpp
[0.172s] [ 32%] Built target signal_msg__rosidl_typesupport_cpp
[0.182s] [ 41%] Built target signal_msg__rosidl_typesupport_introspection_c
[0.211s] [ 51%] Built target signal_msg__rosidl_typesupport_c
[0.212s] [ 61%] Built target signal_msg__rosidl_typesupport_introspection_cpp
[0.236s] [ 70%] Built target signal_msg__rosidl_typesupport_fastrtps_c
[0.277s] [ 70%] Built target signal_msg
[0.321s] [ 74%] Built target signal_msg__py
[0.367s] [ 80%] Built target signal_msg__rosidl_generator_py
[0.427s] [ 87%] Built target signal_msg__rosidl_typesupport_introspection_c__pyext
[0.433s] [ 93%] Built target signal_msg__rosidl_typesupport_fastrtps_c__pyext
[0.450s] [100%] Built target signal_msg__rosidl_typesupport_c__pyext
[0.628s] running egg_info
[0.629s] writing signal_msg.egg-info/PKG-INFO
[0.630s] writing dependency_links to signal_msg.egg-info/dependency_links.txt
[0.630s] writing top-level names to signal_msg.egg-info/top_level.txt
[0.634s] reading manifest file 'signal_msg.egg-info/SOURCES.txt'
[0.636s] writing manifest file 'signal_msg.egg-info/SOURCES.txt'
[0.676s] [100%] Built target ament_cmake_python_build_signal_msg_egg
[0.692s] Invoked command in '/home/cesarbenavides/robotica_inteligente_eq5/manchester_robotics/build/signal_msg' returned '0': CMAKE_PREFIX_PATH=${CMAKE_PREFIX_PATH}:/home/cesarbenavides/robotica_inteligente_eq5/manchester_robotics/install/mini_challenge_2:/opt/ros/humble /usr/bin/cmake --build /home/cesarbenavides/robotica_inteligente_eq5/manchester_robotics/build/signal_msg -- -j4 -l4
[0.794s] Invoking command in '/home/cesarbenavides/robotica_inteligente_eq5/manchester_robotics/build/signal_msg': CMAKE_PREFIX_PATH=${CMAKE_PREFIX_PATH}:/home/cesarbenavides/robotica_inteligente_eq5/manchester_robotics/install/mini_challenge_2:/opt/ros/humble /usr/bin/cmake --install /home/cesarbenavides/robotica_inteligente_eq5/manchester_robotics/build/signal_msg
[0.804s] -- Install configuration: ""
[0.804s] -- Up-to-date: /home/cesarbenavides/robotica_inteligente_eq5/manchester_robotics/install/signal_msg/share/ament_index/resource_index/rosidl_interfaces/signal_msg
[0.805s] -- Up-to-date: /home/cesarbenavides/robotica_inteligente_eq5/manchester_robotics/install/signal_msg/include/signal_msg/signal_msg
[0.805s] -- Up-to-date: /home/cesarbenavides/robotica_inteligente_eq5/manchester_robotics/install/signal_msg/include/signal_msg/signal_msg/msg
[0.805s] -- Up-to-date: /home/cesarbenavides/robotica_inteligente_eq5/manchester_robotics/install/signal_msg/include/signal_msg/signal_msg/msg/rosidl_generator_c__visibility_control.h
[0.805s] -- Up-to-date: /home/cesarbenavides/robotica_inteligente_eq5/manchester_robotics/install/signal_msg/include/signal_msg/signal_msg/msg/signal_decomposed.h
[0.805s] -- Up-to-date: /home/cesarbenavides/robotica_inteligente_eq5/manchester_robotics/install/signal_msg/include/signal_msg/signal_msg/msg/detail
[0.806s] -- Up-to-date: /home/cesarbenavides/robotica_inteligente_eq5/manchester_robotics/install/signal_msg/include/signal_msg/signal_msg/msg/detail/signal_decomposed__functions.h
[0.806s] -- Up-to-date: /home/cesarbenavides/robotica_inteligente_eq5/manchester_robotics/install/signal_msg/include/signal_msg/signal_msg/msg/detail/signal_decomposed__struct.h
[0.806s] -- Up-to-date: /home/cesarbenavides/robotica_inteligente_eq5/manchester_robotics/install/signal_msg/include/signal_msg/signal_msg/msg/detail/signal_decomposed__type_support.h
[0.806s] -- Up-to-date: /home/cesarbenavides/robotica_inteligente_eq5/manchester_robotics/install/signal_msg/include/signal_msg/signal_msg/msg/detail/signal_decomposed__functions.c
[0.807s] -- Up-to-date: /home/cesarbenavides/robotica_inteligente_eq5/manchester_robotics/install/signal_msg/share/signal_msg/environment/library_path.sh
[0.807s] -- Up-to-date: /home/cesarbenavides/robotica_inteligente_eq5/manchester_robotics/install/signal_msg/share/signal_msg/environment/library_path.dsv
[0.808s] -- Up-to-date: /home/cesarbenavides/robotica_inteligente_eq5/manchester_robotics/install/signal_msg/lib/libsignal_msg__rosidl_generator_c.so
[0.808s] -- Up-to-date: /home/cesarbenavides/robotica_inteligente_eq5/manchester_robotics/install/signal_msg/include/signal_msg/signal_msg
[0.808s] -- Up-to-date: /home/cesarbenavides/robotica_inteligente_eq5/manchester_robotics/install/signal_msg/include/signal_msg/signal_msg/msg
[0.808s] -- Up-to-date: /home/cesarbenavides/robotica_inteligente_eq5/manchester_robotics/install/signal_msg/include/signal_msg/signal_msg/msg/detail
[0.809s] -- Up-to-date: /home/cesarbenavides/robotica_inteligente_eq5/manchester_robotics/install/signal_msg/include/signal_msg/signal_msg/msg/detail/signal_decomposed__rosidl_typesupport_fastrtps_c.h
[0.809s] -- Up-to-date: /home/cesarbenavides/robotica_inteligente_eq5/manchester_robotics/install/signal_msg/include/signal_msg/signal_msg/msg/rosidl_typesupport_fastrtps_c__visibility_control.h
[0.809s] -- Up-to-date: /home/cesarbenavides/robotica_inteligente_eq5/manchester_robotics/install/signal_msg/lib/libsignal_msg__rosidl_typesupport_fastrtps_c.so
[0.809s] -- Up-to-date: /home/cesarbenavides/robotica_inteligente_eq5/manchester_robotics/install/signal_msg/include/signal_msg/signal_msg
[0.810s] -- Up-to-date: /home/cesarbenavides/robotica_inteligente_eq5/manchester_robotics/install/signal_msg/include/signal_msg/signal_msg/msg
[0.811s] -- Up-to-date: /home/cesarbenavides/robotica_inteligente_eq5/manchester_robotics/install/signal_msg/include/signal_msg/signal_msg/msg/signal_decomposed.hpp
[0.811s] -- Up-to-date: /home/cesarbenavides/robotica_inteligente_eq5/manchester_robotics/install/signal_msg/include/signal_msg/signal_msg/msg/detail
[0.811s] -- Up-to-date: /home/cesarbenavides/robotica_inteligente_eq5/manchester_robotics/install/signal_msg/include/signal_msg/signal_msg/msg/detail/signal_decomposed__builder.hpp
[0.812s] -- Up-to-date: /home/cesarbenavides/robotica_inteligente_eq5/manchester_robotics/install/signal_msg/include/signal_msg/signal_msg/msg/detail/signal_decomposed__struct.hpp
[0.812s] -- Up-to-date: /home/cesarbenavides/robotica_inteligente_eq5/manchester_robotics/install/signal_msg/include/signal_msg/signal_msg/msg/detail/signal_decomposed__traits.hpp
[0.812s] -- Up-to-date: /home/cesarbenavides/robotica_inteligente_eq5/manchester_robotics/install/signal_msg/include/signal_msg/signal_msg
[0.812s] -- Up-to-date: /home/cesarbenavides/robotica_inteligente_eq5/manchester_robotics/install/signal_msg/include/signal_msg/signal_msg/msg
[0.813s] -- Up-to-date: /home/cesarbenavides/robotica_inteligente_eq5/manchester_robotics/install/signal_msg/include/signal_msg/signal_msg/msg/rosidl_typesupport_fastrtps_cpp__visibility_control.h
[0.813s] -- Up-to-date: /home/cesarbenavides/robotica_inteligente_eq5/manchester_robotics/install/signal_msg/include/signal_msg/signal_msg/msg/detail
[0.813s] -- Up-to-date: /home/cesarbenavides/robotica_inteligente_eq5/manchester_robotics/install/signal_msg/include/signal_msg/signal_msg/msg/detail/dds_fastrtps
[0.814s] -- Up-to-date: /home/cesarbenavides/robotica_inteligente_eq5/manchester_robotics/install/signal_msg/include/signal_msg/signal_msg/msg/detail/signal_decomposed__rosidl_typesupport_fastrtps_cpp.hpp
[0.814s] -- Up-to-date: /home/cesarbenavides/robotica_inteligente_eq5/manchester_robotics/install/signal_msg/lib/libsignal_msg__rosidl_typesupport_fastrtps_cpp.so
[0.814s] -- Up-to-date: /home/cesarbenavides/robotica_inteligente_eq5/manchester_robotics/install/signal_msg/include/signal_msg/signal_msg
[0.814s] -- Up-to-date: /home/cesarbenavides/robotica_inteligente_eq5/manchester_robotics/install/signal_msg/include/signal_msg/signal_msg/msg
[0.814s] -- Up-to-date: /home/cesarbenavides/robotica_inteligente_eq5/manchester_robotics/install/signal_msg/include/signal_msg/signal_msg/msg/rosidl_typesupport_introspection_c__visibility_control.h
[0.814s] -- Up-to-date: /home/cesarbenavides/robotica_inteligente_eq5/manchester_robotics/install/signal_msg/include/signal_msg/signal_msg/msg/detail
[0.815s] -- Up-to-date: /home/cesarbenavides/robotica_inteligente_eq5/manchester_robotics/install/signal_msg/include/signal_msg/signal_msg/msg/detail/signal_decomposed__type_support.c
[0.815s] -- Up-to-date: /home/cesarbenavides/robotica_inteligente_eq5/manchester_robotics/install/signal_msg/include/signal_msg/signal_msg/msg/detail/signal_decomposed__rosidl_typesupport_introspection_c.h
[0.815s] -- Up-to-date: /home/cesarbenavides/robotica_inteligente_eq5/manchester_robotics/install/signal_msg/lib/libsignal_msg__rosidl_typesupport_introspection_c.so
[0.815s] -- Up-to-date: /home/cesarbenavides/robotica_inteligente_eq5/manchester_robotics/install/signal_msg/lib/libsignal_msg__rosidl_typesupport_c.so
[0.815s] -- Up-to-date: /home/cesarbenavides/robotica_inteligente_eq5/manchester_robotics/install/signal_msg/include/signal_msg/signal_msg
[0.816s] -- Up-to-date: /home/cesarbenavides/robotica_inteligente_eq5/manchester_robotics/install/signal_msg/include/signal_msg/signal_msg/msg
[0.816s] -- Up-to-date: /home/cesarbenavides/robotica_inteligente_eq5/manchester_robotics/install/signal_msg/include/signal_msg/signal_msg/msg/detail
[0.816s] -- Up-to-date: /home/cesarbenavides/robotica_inteligente_eq5/manchester_robotics/install/signal_msg/include/signal_msg/signal_msg/msg/detail/signal_decomposed__rosidl_typesupport_introspection_cpp.hpp
[0.816s] -- Up-to-date: /home/cesarbenavides/robotica_inteligente_eq5/manchester_robotics/install/signal_msg/include/signal_msg/signal_msg/msg/detail/signal_decomposed__type_support.cpp
[0.816s] -- Up-to-date: /home/cesarbenavides/robotica_inteligente_eq5/manchester_robotics/install/signal_msg/lib/libsignal_msg__rosidl_typesupport_introspection_cpp.so
[0.817s] -- Up-to-date: /home/cesarbenavides/robotica_inteligente_eq5/manchester_robotics/install/signal_msg/lib/libsignal_msg__rosidl_typesupport_cpp.so
[0.817s] -- Up-to-date: /home/cesarbenavides/robotica_inteligente_eq5/manchester_robotics/install/signal_msg/share/signal_msg/environment/pythonpath.sh
[0.817s] -- Up-to-date: /home/cesarbenavides/robotica_inteligente_eq5/manchester_robotics/install/signal_msg/share/signal_msg/environment/pythonpath.dsv
[0.817s] -- Up-to-date: /home/cesarbenavides/robotica_inteligente_eq5/manchester_robotics/install/signal_msg/local/lib/python3.10/dist-packages/signal_msg-0.0.0-py3.10.egg-info
[0.817s] -- Installing: /home/cesarbenavides/robotica_inteligente_eq5/manchester_robotics/install/signal_msg/local/lib/python3.10/dist-packages/signal_msg-0.0.0-py3.10.egg-info/SOURCES.txt
[0.817s] -- Installing: /home/cesarbenavides/robotica_inteligente_eq5/manchester_robotics/install/signal_msg/local/lib/python3.10/dist-packages/signal_msg-0.0.0-py3.10.egg-info/PKG-INFO
[0.818s] -- Installing: /home/cesarbenavides/robotica_inteligente_eq5/manchester_robotics/install/signal_msg/local/lib/python3.10/dist-packages/signal_msg-0.0.0-py3.10.egg-info/dependency_links.txt
[0.818s] -- Installing: /home/cesarbenavides/robotica_inteligente_eq5/manchester_robotics/install/signal_msg/local/lib/python3.10/dist-packages/signal_msg-0.0.0-py3.10.egg-info/top_level.txt
[0.818s] -- Up-to-date: /home/cesarbenavides/robotica_inteligente_eq5/manchester_robotics/install/signal_msg/local/lib/python3.10/dist-packages/signal_msg
[0.818s] -- Up-to-date: /home/cesarbenavides/robotica_inteligente_eq5/manchester_robotics/install/signal_msg/local/lib/python3.10/dist-packages/signal_msg/libsignal_msg__rosidl_generator_py.so
[0.818s] -- Up-to-date: /home/cesarbenavides/robotica_inteligente_eq5/manchester_robotics/install/signal_msg/local/lib/python3.10/dist-packages/signal_msg/msg
[0.818s] -- Up-to-date: /home/cesarbenavides/robotica_inteligente_eq5/manchester_robotics/install/signal_msg/local/lib/python3.10/dist-packages/signal_msg/msg/_signal_decomposed_s.c
[0.819s] -- Up-to-date: /home/cesarbenavides/robotica_inteligente_eq5/manchester_robotics/install/signal_msg/local/lib/python3.10/dist-packages/signal_msg/msg/__init__.py
[0.819s] -- Up-to-date: /home/cesarbenavides/robotica_inteligente_eq5/manchester_robotics/install/signal_msg/local/lib/python3.10/dist-packages/signal_msg/msg/_signal_decomposed.py
[0.819s] -- Up-to-date: /home/cesarbenavides/robotica_inteligente_eq5/manchester_robotics/install/signal_msg/local/lib/python3.10/dist-packages/signal_msg/_signal_msg_s.ep.rosidl_typesupport_fastrtps_c.c
[0.819s] -- Up-to-date: /home/cesarbenavides/robotica_inteligente_eq5/manchester_robotics/install/signal_msg/local/lib/python3.10/dist-packages/signal_msg/signal_msg_s__rosidl_typesupport_c.cpython-310-x86_64-linux-gnu.so
[0.819s] -- Up-to-date: /home/cesarbenavides/robotica_inteligente_eq5/manchester_robotics/install/signal_msg/local/lib/python3.10/dist-packages/signal_msg/_signal_msg_s.ep.rosidl_typesupport_introspection_c.c
[0.820s] -- Up-to-date: /home/cesarbenavides/robotica_inteligente_eq5/manchester_robotics/install/signal_msg/local/lib/python3.10/dist-packages/signal_msg/__init__.py
[0.820s] -- Up-to-date: /home/cesarbenavides/robotica_inteligente_eq5/manchester_robotics/install/signal_msg/local/lib/python3.10/dist-packages/signal_msg/_signal_msg_s.ep.rosidl_typesupport_c.c
[0.820s] -- Up-to-date: /home/cesarbenavides/robotica_inteligente_eq5/manchester_robotics/install/signal_msg/local/lib/python3.10/dist-packages/signal_msg/signal_msg_s__rosidl_typesupport_fastrtps_c.cpython-310-x86_64-linux-gnu.so
[0.820s] -- Up-to-date: /home/cesarbenavides/robotica_inteligente_eq5/manchester_robotics/install/signal_msg/local/lib/python3.10/dist-packages/signal_msg/signal_msg_s__rosidl_typesupport_introspection_c.cpython-310-x86_64-linux-gnu.so
[0.880s] Listing '/home/cesarbenavides/robotica_inteligente_eq5/manchester_robotics/install/signal_msg/local/lib/python3.10/dist-packages/signal_msg'...
[0.881s] Listing '/home/cesarbenavides/robotica_inteligente_eq5/manchester_robotics/install/signal_msg/local/lib/python3.10/dist-packages/signal_msg/msg'...
[0.887s] -- Up-to-date: /home/cesarbenavides/robotica_inteligente_eq5/manchester_robotics/install/signal_msg/local/lib/python3.10/dist-packages/signal_msg/signal_msg_s__rosidl_typesupport_fastrtps_c.cpython-310-x86_64-linux-gnu.so
[0.887s] -- Up-to-date: /home/cesarbenavides/robotica_inteligente_eq5/manchester_robotics/install/signal_msg/local/lib/python3.10/dist-packages/signal_msg/signal_msg_s__rosidl_typesupport_introspection_c.cpython-310-x86_64-linux-gnu.so
[0.888s] -- Up-to-date: /home/cesarbenavides/robotica_inteligente_eq5/manchester_robotics/install/signal_msg/local/lib/python3.10/dist-packages/signal_msg/signal_msg_s__rosidl_typesupport_c.cpython-310-x86_64-linux-gnu.so
[0.888s] -- Up-to-date: /home/cesarbenavides/robotica_inteligente_eq5/manchester_robotics/install/signal_msg/lib/libsignal_msg__rosidl_generator_py.so
[0.889s] -- Up-to-date: /home/cesarbenavides/robotica_inteligente_eq5/manchester_robotics/install/signal_msg/share/signal_msg/msg/SignalDecomposed.idl
[0.889s] -- Up-to-date: /home/cesarbenavides/robotica_inteligente_eq5/manchester_robotics/install/signal_msg/share/signal_msg/msg/SignalDecomposed.msg
[0.889s] -- Up-to-date: /home/cesarbenavides/robotica_inteligente_eq5/manchester_robotics/install/signal_msg/share/ament_index/resource_index/package_run_dependencies/signal_msg
[0.890s] -- Up-to-date: /home/cesarbenavides/robotica_inteligente_eq5/manchester_robotics/install/signal_msg/share/ament_index/resource_index/parent_prefix_path/signal_msg
[0.890s] -- Up-to-date: /home/cesarbenavides/robotica_inteligente_eq5/manchester_robotics/install/signal_msg/share/signal_msg/environment/ament_prefix_path.sh
[0.890s] -- Up-to-date: /home/cesarbenavides/robotica_inteligente_eq5/manchester_robotics/install/signal_msg/share/signal_msg/environment/ament_prefix_path.dsv
[0.890s] -- Up-to-date: /home/cesarbenavides/robotica_inteligente_eq5/manchester_robotics/install/signal_msg/share/signal_msg/environment/path.sh
[0.891s] -- Up-to-date: /home/cesarbenavides/robotica_inteligente_eq5/manchester_robotics/install/signal_msg/share/signal_msg/environment/path.dsv
[0.891s] -- Up-to-date: /home/cesarbenavides/robotica_inteligente_eq5/manchester_robotics/install/signal_msg/share/signal_msg/local_setup.bash
[0.891s] -- Up-to-date: /home/cesarbenavides/robotica_inteligente_eq5/manchester_robotics/install/signal_msg/share/signal_msg/local_setup.sh
[0.892s] -- Up-to-date: /home/cesarbenavides/robotica_inteligente_eq5/manchester_robotics/install/signal_msg/share/signal_msg/local_setup.zsh
[0.892s] -- Up-to-date: /home/cesarbenavides/robotica_inteligente_eq5/manchester_robotics/install/signal_msg/share/signal_msg/local_setup.dsv
[0.892s] -- Installing: /home/cesarbenavides/robotica_inteligente_eq5/manchester_robotics/install/signal_msg/share/signal_msg/package.dsv
[0.893s] -- Up-to-date: /home/cesarbenavides/robotica_inteligente_eq5/manchester_robotics/install/signal_msg/share/ament_index/resource_index/packages/signal_msg
[0.893s] -- Up-to-date: /home/cesarbenavides/robotica_inteligente_eq5/manchester_robotics/install/signal_msg/share/signal_msg/cmake/export_signal_msg__rosidl_generator_cExport.cmake
[0.893s] -- Up-to-date: /home/cesarbenavides/robotica_inteligente_eq5/manchester_robotics/install/signal_msg/share/signal_msg/cmake/export_signal_msg__rosidl_generator_cExport-noconfig.cmake
[0.893s] -- Up-to-date: /home/cesarbenavides/robotica_inteligente_eq5/manchester_robotics/install/signal_msg/share/signal_msg/cmake/export_signal_msg__rosidl_typesupport_fastrtps_cExport.cmake
[0.894s] -- Up-to-date: /home/cesarbenavides/robotica_inteligente_eq5/manchester_robotics/install/signal_msg/share/signal_msg/cmake/export_signal_msg__rosidl_typesupport_fastrtps_cExport-noconfig.cmake
[0.894s] -- Up-to-date: /home/cesarbenavides/robotica_inteligente_eq5/manchester_robotics/install/signal_msg/share/signal_msg/cmake/export_signal_msg__rosidl_generator_cppExport.cmake
[0.894s] -- Up-to-date: /home/cesarbenavides/robotica_inteligente_eq5/manchester_robotics/install/signal_msg/share/signal_msg/cmake/export_signal_msg__rosidl_typesupport_fastrtps_cppExport.cmake
[0.895s] -- Up-to-date: /home/cesarbenavides/robotica_inteligente_eq5/manchester_robotics/install/signal_msg/share/signal_msg/cmake/export_signal_msg__rosidl_typesupport_fastrtps_cppExport-noconfig.cmake
[0.895s] -- Up-to-date: /home/cesarbenavides/robotica_inteligente_eq5/manchester_robotics/install/signal_msg/share/signal_msg/cmake/signal_msg__rosidl_typesupport_introspection_cExport.cmake
[0.895s] -- Up-to-date: /home/cesarbenavides/robotica_inteligente_eq5/manchester_robotics/install/signal_msg/share/signal_msg/cmake/signal_msg__rosidl_typesupport_introspection_cExport-noconfig.cmake
[0.895s] -- Up-to-date: /home/cesarbenavides/robotica_inteligente_eq5/manchester_robotics/install/signal_msg/share/signal_msg/cmake/signal_msg__rosidl_typesupport_cExport.cmake
[0.895s] -- Up-to-date: /home/cesarbenavides/robotica_inteligente_eq5/manchester_robotics/install/signal_msg/share/signal_msg/cmake/signal_msg__rosidl_typesupport_cExport-noconfig.cmake
[0.895s] -- Up-to-date: /home/cesarbenavides/robotica_inteligente_eq5/manchester_robotics/install/signal_msg/share/signal_msg/cmake/signal_msg__rosidl_typesupport_introspection_cppExport.cmake
[0.896s] -- Up-to-date: /home/cesarbenavides/robotica_inteligente_eq5/manchester_robotics/install/signal_msg/share/signal_msg/cmake/signal_msg__rosidl_typesupport_introspection_cppExport-noconfig.cmake
[0.896s] -- Up-to-date: /home/cesarbenavides/robotica_inteligente_eq5/manchester_robotics/install/signal_msg/share/signal_msg/cmake/signal_msg__rosidl_typesupport_cppExport.cmake
[0.896s] -- Up-to-date: /home/cesarbenavides/robotica_inteligente_eq5/manchester_robotics/install/signal_msg/share/signal_msg/cmake/signal_msg__rosidl_typesupport_cppExport-noconfig.cmake
[0.896s] -- Up-to-date: /home/cesarbenavides/robotica_inteligente_eq5/manchester_robotics/install/signal_msg/share/signal_msg/cmake/export_signal_msg__rosidl_generator_pyExport.cmake
[0.896s] -- Up-to-date: /home/cesarbenavides/robotica_inteligente_eq5/manchester_robotics/install/signal_msg/share/signal_msg/cmake/export_signal_msg__rosidl_generator_pyExport-noconfig.cmake
[0.896s] -- Up-to-date: /home/cesarbenavides/robotica_inteligente_eq5/manchester_robotics/install/signal_msg/share/signal_msg/cmake/rosidl_cmake-extras.cmake
[0.896s] -- Up-to-date: /home/cesarbenavides/robotica_inteligente_eq5/manchester_robotics/install/signal_msg/share/signal_msg/cmake/ament_cmake_export_dependencies-extras.cmake
[0.897s] -- Up-to-date: /home/cesarbenavides/robotica_inteligente_eq5/manchester_robotics/install/signal_msg/share/signal_msg/cmake/ament_cmake_export_include_directories-extras.cmake
[0.897s] -- Up-to-date: /home/cesarbenavides/robotica_inteligente_eq5/manchester_robotics/install/signal_msg/share/signal_msg/cmake/ament_cmake_export_libraries-extras.cmake
[0.897s] -- Up-to-date: /home/cesarbenavides/robotica_inteligente_eq5/manchester_robotics/install/signal_msg/share/signal_msg/cmake/ament_cmake_export_targets-extras.cmake
[0.897s] -- Up-to-date: /home/cesarbenavides/robotica_inteligente_eq5/manchester_robotics/install/signal_msg/share/signal_msg/cmake/rosidl_cmake_export_typesupport_targets-extras.cmake
[0.898s] -- Up-to-date: /home/cesarbenavides/robotica_inteligente_eq5/manchester_robotics/install/signal_msg/share/signal_msg/cmake/rosidl_cmake_export_typesupport_libraries-extras.cmake
[0.898s] -- Up-to-date: /home/cesarbenavides/robotica_inteligente_eq5/manchester_robotics/install/signal_msg/share/signal_msg/cmake/signal_msgConfig.cmake
[0.899s] -- Up-to-date: /home/cesarbenavides/robotica_inteligente_eq5/manchester_robotics/install/signal_msg/share/signal_msg/cmake/signal_msgConfig-version.cmake
[0.899s] -- Up-to-date: /home/cesarbenavides/robotica_inteligente_eq5/manchester_robotics/install/signal_msg/share/signal_msg/package.xml
[0.899s] Invoked command in '/home/cesarbenavides/robotica_inteligente_eq5/manchester_robotics/build/signal_msg' returned '0': CMAKE_PREFIX_PATH=${CMAKE_PREFIX_PATH}:/home/cesarbenavides/robotica_inteligente_eq5/manchester_robotics/install/mini_challenge_2:/opt/ros/humble /usr/bin/cmake --install /home/cesarbenavides/robotica_inteligente_eq5/manchester_robotics/build/signal_msg
