[1.269s] Invoking command in '/home/mcr2/robotica_inteligente_eq5/manchester_robotics/src/mini_challenge_1': PYTHONPATH=/home/mcr2/robotica_inteligente_eq5/build/mini_challenge_1/prefix_override:/home/mcr2/robotica_inteligente_eq5/install/mini_challenge_1/lib/python3.10/site-packages:${PYTHONPATH} /usr/bin/python3 setup.py egg_info --egg-base ../../../build/mini_challenge_1 build --build-base /home/mcr2/robotica_inteligente_eq5/build/mini_challenge_1/build install --record /home/mcr2/robotica_inteligente_eq5/build/mini_challenge_1/install.log --single-version-externally-managed
[1.588s] running egg_info
[1.592s] writing ../../../build/mini_challenge_1/mini_challenge_1.egg-info/PKG-INFO
[1.593s] writing dependency_links to ../../../build/mini_challenge_1/mini_challenge_1.egg-info/dependency_links.txt
[1.593s] writing entry points to ../../../build/mini_challenge_1/mini_challenge_1.egg-info/entry_points.txt
[1.593s] writing requirements to ../../../build/mini_challenge_1/mini_challenge_1.egg-info/requires.txt
[1.594s] writing top-level names to ../../../build/mini_challenge_1/mini_challenge_1.egg-info/top_level.txt
[1.594s] reading manifest file '../../../build/mini_challenge_1/mini_challenge_1.egg-info/SOURCES.txt'
[1.601s] writing manifest file '../../../build/mini_challenge_1/mini_challenge_1.egg-info/SOURCES.txt'
[1.601s] running build
[1.601s] running build_py
[1.602s] running install
[1.605s] /usr/lib/python3/dist-packages/setuptools/command/install.py:34: SetuptoolsDeprecationWarning: setup.py install is deprecated. Use build and pip and other standards-based tools.
[1.605s]   warnings.warn(
[1.605s] running install_lib
[1.605s] running install_data
[1.606s] running install_egg_info
[1.606s] removing '/home/mcr2/robotica_inteligente_eq5/install/mini_challenge_1/lib/python3.10/site-packages/mini_challenge_1-0.0.0-py3.10.egg-info' (and everything under it)
[1.607s] Copying ../../../build/mini_challenge_1/mini_challenge_1.egg-info to /home/mcr2/robotica_inteligente_eq5/install/mini_challenge_1/lib/python3.10/site-packages/mini_challenge_1-0.0.0-py3.10.egg-info
[1.608s] running install_scripts
[1.648s] Installing Controller script to /home/mcr2/robotica_inteligente_eq5/install/mini_challenge_1/lib/mini_challenge_1
[1.650s] Installing PathGenerator script to /home/mcr2/robotica_inteligente_eq5/install/mini_challenge_1/lib/mini_challenge_1
[1.651s] writing list of installed files to '/home/mcr2/robotica_inteligente_eq5/build/mini_challenge_1/install.log'
[1.814s] Invoked command in '/home/mcr2/robotica_inteligente_eq5/manchester_robotics/src/mini_challenge_1' returned '0': PYTHONPATH=/home/mcr2/robotica_inteligente_eq5/build/mini_challenge_1/prefix_override:/home/mcr2/robotica_inteligente_eq5/install/mini_challenge_1/lib/python3.10/site-packages:${PYTHONPATH} /usr/bin/python3 setup.py egg_info --egg-base ../../../build/mini_challenge_1 build --build-base /home/mcr2/robotica_inteligente_eq5/build/mini_challenge_1/build install --record /home/mcr2/robotica_inteligente_eq5/build/mini_challenge_1/install.log --single-version-externally-managed
