running egg_info
creating ../../../build/mini_challenge_2/mini_challenge_2.egg-info
writing ../../../build/mini_challenge_2/mini_challenge_2.egg-info/PKG-INFO
writing dependency_links to ../../../build/mini_challenge_2/mini_challenge_2.egg-info/dependency_links.txt
writing entry points to ../../../build/mini_challenge_2/mini_challenge_2.egg-info/entry_points.txt
writing requirements to ../../../build/mini_challenge_2/mini_challenge_2.egg-info/requires.txt
writing top-level names to ../../../build/mini_challenge_2/mini_challenge_2.egg-info/top_level.txt
writing manifest file '../../../build/mini_challenge_2/mini_challenge_2.egg-info/SOURCES.txt'
reading manifest file '../../../build/mini_challenge_2/mini_challenge_2.egg-info/SOURCES.txt'
adding license file 'LICENSE'
writing manifest file '../../../build/mini_challenge_2/mini_challenge_2.egg-info/SOURCES.txt'
running build
running build_py
creating /home/mcr2/robotica_inteligente_eq5/build/mini_challenge_2/build
creating /home/mcr2/robotica_inteligente_eq5/build/mini_challenge_2/build/lib
creating /home/mcr2/robotica_inteligente_eq5/build/mini_challenge_2/build/lib/mini_challenge_2
copying mini_challenge_2/PointGenerator.py -> /home/mcr2/robotica_inteligente_eq5/build/mini_challenge_2/build/lib/mini_challenge_2
copying mini_challenge_2/Controller.py -> /home/mcr2/robotica_inteligente_eq5/build/mini_challenge_2/build/lib/mini_challenge_2
copying mini_challenge_2/Odometry.py -> /home/mcr2/robotica_inteligente_eq5/build/mini_challenge_2/build/lib/mini_challenge_2
copying mini_challenge_2/__init__.py -> /home/mcr2/robotica_inteligente_eq5/build/mini_challenge_2/build/lib/mini_challenge_2
/usr/lib/python3/dist-packages/setuptools/command/install.py:34: SetuptoolsDeprecationWarning: setup.py install is deprecated. Use build and pip and other standards-based tools.
  warnings.warn(
running install
running install_lib
creating /home/mcr2/robotica_inteligente_eq5/install/mini_challenge_2/lib/python3.10/site-packages/mini_challenge_2
copying /home/mcr2/robotica_inteligente_eq5/build/mini_challenge_2/build/lib/mini_challenge_2/PointGenerator.py -> /home/mcr2/robotica_inteligente_eq5/install/mini_challenge_2/lib/python3.10/site-packages/mini_challenge_2
copying /home/mcr2/robotica_inteligente_eq5/build/mini_challenge_2/build/lib/mini_challenge_2/Controller.py -> /home/mcr2/robotica_inteligente_eq5/install/mini_challenge_2/lib/python3.10/site-packages/mini_challenge_2
copying /home/mcr2/robotica_inteligente_eq5/build/mini_challenge_2/build/lib/mini_challenge_2/Odometry.py -> /home/mcr2/robotica_inteligente_eq5/install/mini_challenge_2/lib/python3.10/site-packages/mini_challenge_2
copying /home/mcr2/robotica_inteligente_eq5/build/mini_challenge_2/build/lib/mini_challenge_2/__init__.py -> /home/mcr2/robotica_inteligente_eq5/install/mini_challenge_2/lib/python3.10/site-packages/mini_challenge_2
byte-compiling /home/mcr2/robotica_inteligente_eq5/install/mini_challenge_2/lib/python3.10/site-packages/mini_challenge_2/PointGenerator.py to PointGenerator.cpython-310.pyc
byte-compiling /home/mcr2/robotica_inteligente_eq5/install/mini_challenge_2/lib/python3.10/site-packages/mini_challenge_2/Controller.py to Controller.cpython-310.pyc
byte-compiling /home/mcr2/robotica_inteligente_eq5/install/mini_challenge_2/lib/python3.10/site-packages/mini_challenge_2/Odometry.py to Odometry.cpython-310.pyc
byte-compiling /home/mcr2/robotica_inteligente_eq5/install/mini_challenge_2/lib/python3.10/site-packages/mini_challenge_2/__init__.py to __init__.cpython-310.pyc
running install_data
creating /home/mcr2/robotica_inteligente_eq5/install/mini_challenge_2/share/ament_index
creating /home/mcr2/robotica_inteligente_eq5/install/mini_challenge_2/share/ament_index/resource_index
creating /home/mcr2/robotica_inteligente_eq5/install/mini_challenge_2/share/ament_index/resource_index/packages
copying resource/mini_challenge_2 -> /home/mcr2/robotica_inteligente_eq5/install/mini_challenge_2/share/ament_index/resource_index/packages
copying package.xml -> /home/mcr2/robotica_inteligente_eq5/install/mini_challenge_2/share/mini_challenge_2
running install_egg_info
Copying ../../../build/mini_challenge_2/mini_challenge_2.egg-info to /home/mcr2/robotica_inteligente_eq5/install/mini_challenge_2/lib/python3.10/site-packages/mini_challenge_2-0.0.0-py3.10.egg-info
running install_scripts
Installing Controller script to /home/mcr2/robotica_inteligente_eq5/install/mini_challenge_2/lib/mini_challenge_2
Installing Odometry script to /home/mcr2/robotica_inteligente_eq5/install/mini_challenge_2/lib/mini_challenge_2
Installing PointGenerator script to /home/mcr2/robotica_inteligente_eq5/install/mini_challenge_2/lib/mini_challenge_2
writing list of installed files to '/home/mcr2/robotica_inteligente_eq5/build/mini_challenge_2/install.log'
