[2.494s] Invoking command in '/home/mcr2/robotica_inteligente_eq5/manchester_robotics/src/mini_challenge_2': AMENT_PREFIX_PATH=/home/mcr2/robotica_inteligente_eq5/install/signal_msg:${AMENT_PREFIX_PATH} CMAKE_PREFIX_PATH=/home/mcr2/robotica_inteligente_eq5/install/signal_msg:${CMAKE_PREFIX_PATH} LD_LIBRARY_PATH=/home/mcr2/robotica_inteligente_eq5/install/signal_msg/lib:${LD_LIBRARY_PATH} PYTHONPATH=/home/mcr2/robotica_inteligente_eq5/build/mini_challenge_2/prefix_override:/home/mcr2/robotica_inteligente_eq5/install/mini_challenge_2/lib/python3.10/site-packages:/home/mcr2/robotica_inteligente_eq5/install/signal_msg/local/lib/python3.10/dist-packages:${PYTHONPATH} /usr/bin/python3 setup.py egg_info --egg-base ../../../build/mini_challenge_2 build --build-base /home/mcr2/robotica_inteligente_eq5/build/mini_challenge_2/build install --record /home/mcr2/robotica_inteligente_eq5/build/mini_challenge_2/install.log --single-version-externally-managed
[3.258s] running egg_info
[3.259s] creating ../../../build/mini_challenge_2/mini_challenge_2.egg-info
[3.259s] writing ../../../build/mini_challenge_2/mini_challenge_2.egg-info/PKG-INFO
[3.260s] writing dependency_links to ../../../build/mini_challenge_2/mini_challenge_2.egg-info/dependency_links.txt
[3.266s] writing entry points to ../../../build/mini_challenge_2/mini_challenge_2.egg-info/entry_points.txt
[3.266s] writing requirements to ../../../build/mini_challenge_2/mini_challenge_2.egg-info/requires.txt
[3.266s] writing top-level names to ../../../build/mini_challenge_2/mini_challenge_2.egg-info/top_level.txt
[3.268s] writing manifest file '../../../build/mini_challenge_2/mini_challenge_2.egg-info/SOURCES.txt'
[3.274s] reading manifest file '../../../build/mini_challenge_2/mini_challenge_2.egg-info/SOURCES.txt'
[3.274s] adding license file 'LICENSE'
[3.275s] writing manifest file '../../../build/mini_challenge_2/mini_challenge_2.egg-info/SOURCES.txt'
[3.276s] running build
[3.276s] running build_py
[3.277s] creating /home/mcr2/robotica_inteligente_eq5/build/mini_challenge_2/build
[3.277s] creating /home/mcr2/robotica_inteligente_eq5/build/mini_challenge_2/build/lib
[3.278s] creating /home/mcr2/robotica_inteligente_eq5/build/mini_challenge_2/build/lib/mini_challenge_2
[3.278s] copying mini_challenge_2/PointGenerator.py -> /home/mcr2/robotica_inteligente_eq5/build/mini_challenge_2/build/lib/mini_challenge_2
[3.279s] copying mini_challenge_2/Controller.py -> /home/mcr2/robotica_inteligente_eq5/build/mini_challenge_2/build/lib/mini_challenge_2
[3.280s] copying mini_challenge_2/Odometry.py -> /home/mcr2/robotica_inteligente_eq5/build/mini_challenge_2/build/lib/mini_challenge_2
[3.280s] copying mini_challenge_2/__init__.py -> /home/mcr2/robotica_inteligente_eq5/build/mini_challenge_2/build/lib/mini_challenge_2
[3.281s] /usr/lib/python3/dist-packages/setuptools/command/install.py:34: SetuptoolsDeprecationWarning: setup.py install is deprecated. Use build and pip and other standards-based tools.
[3.282s]   warnings.warn(
[3.282s] running install
[3.282s] running install_lib
[3.283s] creating /home/mcr2/robotica_inteligente_eq5/install/mini_challenge_2/lib/python3.10/site-packages/mini_challenge_2
[3.284s] copying /home/mcr2/robotica_inteligente_eq5/build/mini_challenge_2/build/lib/mini_challenge_2/PointGenerator.py -> /home/mcr2/robotica_inteligente_eq5/install/mini_challenge_2/lib/python3.10/site-packages/mini_challenge_2
[3.284s] copying /home/mcr2/robotica_inteligente_eq5/build/mini_challenge_2/build/lib/mini_challenge_2/Controller.py -> /home/mcr2/robotica_inteligente_eq5/install/mini_challenge_2/lib/python3.10/site-packages/mini_challenge_2
[3.285s] copying /home/mcr2/robotica_inteligente_eq5/build/mini_challenge_2/build/lib/mini_challenge_2/Odometry.py -> /home/mcr2/robotica_inteligente_eq5/install/mini_challenge_2/lib/python3.10/site-packages/mini_challenge_2
[3.285s] copying /home/mcr2/robotica_inteligente_eq5/build/mini_challenge_2/build/lib/mini_challenge_2/__init__.py -> /home/mcr2/robotica_inteligente_eq5/install/mini_challenge_2/lib/python3.10/site-packages/mini_challenge_2
[3.286s] byte-compiling /home/mcr2/robotica_inteligente_eq5/install/mini_challenge_2/lib/python3.10/site-packages/mini_challenge_2/PointGenerator.py to PointGenerator.cpython-310.pyc
[3.293s] byte-compiling /home/mcr2/robotica_inteligente_eq5/install/mini_challenge_2/lib/python3.10/site-packages/mini_challenge_2/Controller.py to Controller.cpython-310.pyc
[3.293s] byte-compiling /home/mcr2/robotica_inteligente_eq5/install/mini_challenge_2/lib/python3.10/site-packages/mini_challenge_2/Odometry.py to Odometry.cpython-310.pyc
[3.294s] byte-compiling /home/mcr2/robotica_inteligente_eq5/install/mini_challenge_2/lib/python3.10/site-packages/mini_challenge_2/__init__.py to __init__.cpython-310.pyc
[3.294s] running install_data
[3.295s] creating /home/mcr2/robotica_inteligente_eq5/install/mini_challenge_2/share/ament_index
[3.296s] creating /home/mcr2/robotica_inteligente_eq5/install/mini_challenge_2/share/ament_index/resource_index
[3.296s] creating /home/mcr2/robotica_inteligente_eq5/install/mini_challenge_2/share/ament_index/resource_index/packages
[3.297s] copying resource/mini_challenge_2 -> /home/mcr2/robotica_inteligente_eq5/install/mini_challenge_2/share/ament_index/resource_index/packages
[3.297s] copying package.xml -> /home/mcr2/robotica_inteligente_eq5/install/mini_challenge_2/share/mini_challenge_2
[3.298s] running install_egg_info
[3.303s] Copying ../../../build/mini_challenge_2/mini_challenge_2.egg-info to /home/mcr2/robotica_inteligente_eq5/install/mini_challenge_2/lib/python3.10/site-packages/mini_challenge_2-0.0.0-py3.10.egg-info
[3.313s] running install_scripts
[3.378s] Installing Controller script to /home/mcr2/robotica_inteligente_eq5/install/mini_challenge_2/lib/mini_challenge_2
[3.378s] Installing Odometry script to /home/mcr2/robotica_inteligente_eq5/install/mini_challenge_2/lib/mini_challenge_2
[3.379s] Installing PointGenerator script to /home/mcr2/robotica_inteligente_eq5/install/mini_challenge_2/lib/mini_challenge_2
[3.379s] writing list of installed files to '/home/mcr2/robotica_inteligente_eq5/build/mini_challenge_2/install.log'
[3.451s] Invoked command in '/home/mcr2/robotica_inteligente_eq5/manchester_robotics/src/mini_challenge_2' returned '0': AMENT_PREFIX_PATH=/home/mcr2/robotica_inteligente_eq5/install/signal_msg:${AMENT_PREFIX_PATH} CMAKE_PREFIX_PATH=/home/mcr2/robotica_inteligente_eq5/install/signal_msg:${CMAKE_PREFIX_PATH} LD_LIBRARY_PATH=/home/mcr2/robotica_inteligente_eq5/install/signal_msg/lib:${LD_LIBRARY_PATH} PYTHONPATH=/home/mcr2/robotica_inteligente_eq5/build/mini_challenge_2/prefix_override:/home/mcr2/robotica_inteligente_eq5/install/mini_challenge_2/lib/python3.10/site-packages:/home/mcr2/robotica_inteligente_eq5/install/signal_msg/local/lib/python3.10/dist-packages:${PYTHONPATH} /usr/bin/python3 setup.py egg_info --egg-base ../../../build/mini_challenge_2 build --build-base /home/mcr2/robotica_inteligente_eq5/build/mini_challenge_2/build install --record /home/mcr2/robotica_inteligente_eq5/build/mini_challenge_2/install.log --single-version-externally-managed
