[1.599s] Invoking command in '/home/cesarbenavides/robotica_inteligente_eq5/manchester_robotics/src/mini_challenge_2': PYTHONPATH=/home/cesarbenavides/robotica_inteligente_eq5/manchester_robotics/build/mini_challenge_2/prefix_override:/home/cesarbenavides/robotica_inteligente_eq5/manchester_robotics/install/mini_challenge_2/lib/python3.10/site-packages:${PYTHONPATH} /usr/bin/python3 -W ignore:setup.py install is deprecated setup.py egg_info --egg-base ../../build/mini_challenge_2 build --build-base /home/cesarbenavides/robotica_inteligente_eq5/manchester_robotics/build/mini_challenge_2/build install --record /home/cesarbenavides/robotica_inteligente_eq5/manchester_robotics/build/mini_challenge_2/install.log --single-version-externally-managed install_data
[2.014s] running egg_info
[2.015s] writing ../../build/mini_challenge_2/mini_challenge_2.egg-info/PKG-INFO
[2.015s] writing dependency_links to ../../build/mini_challenge_2/mini_challenge_2.egg-info/dependency_links.txt
[2.016s] writing entry points to ../../build/mini_challenge_2/mini_challenge_2.egg-info/entry_points.txt
[2.016s] writing requirements to ../../build/mini_challenge_2/mini_challenge_2.egg-info/requires.txt
[2.016s] writing top-level names to ../../build/mini_challenge_2/mini_challenge_2.egg-info/top_level.txt
[2.019s] reading manifest file '../../build/mini_challenge_2/mini_challenge_2.egg-info/SOURCES.txt'
[2.019s] adding license file 'LICENSE'
[2.020s] writing manifest file '../../build/mini_challenge_2/mini_challenge_2.egg-info/SOURCES.txt'
[2.021s] running build
[2.021s] running build_py
[2.021s] copying mini_challenge_2/Controller.py -> /home/cesarbenavides/robotica_inteligente_eq5/manchester_robotics/build/mini_challenge_2/build/lib/mini_challenge_2
[2.022s] running install
[2.022s] running install_lib
[2.023s] copying /home/cesarbenavides/robotica_inteligente_eq5/manchester_robotics/build/mini_challenge_2/build/lib/mini_challenge_2/Controller.py -> /home/cesarbenavides/robotica_inteligente_eq5/manchester_robotics/install/mini_challenge_2/lib/python3.10/site-packages/mini_challenge_2
[2.024s] byte-compiling /home/cesarbenavides/robotica_inteligente_eq5/manchester_robotics/install/mini_challenge_2/lib/python3.10/site-packages/mini_challenge_2/Controller.py to Controller.cpython-310.pyc
[2.026s] running install_data
[2.026s] running install_egg_info
[2.030s] removing '/home/cesarbenavides/robotica_inteligente_eq5/manchester_robotics/install/mini_challenge_2/lib/python3.10/site-packages/mini_challenge_2-0.0.0-py3.10.egg-info' (and everything under it)
[2.031s] Copying ../../build/mini_challenge_2/mini_challenge_2.egg-info to /home/cesarbenavides/robotica_inteligente_eq5/manchester_robotics/install/mini_challenge_2/lib/python3.10/site-packages/mini_challenge_2-0.0.0-py3.10.egg-info
[2.032s] running install_scripts
[2.061s] Installing Controller script to /home/cesarbenavides/robotica_inteligente_eq5/manchester_robotics/install/mini_challenge_2/lib/mini_challenge_2
[2.061s] Installing Odometry script to /home/cesarbenavides/robotica_inteligente_eq5/manchester_robotics/install/mini_challenge_2/lib/mini_challenge_2
[2.061s] Installing PointGenerator script to /home/cesarbenavides/robotica_inteligente_eq5/manchester_robotics/install/mini_challenge_2/lib/mini_challenge_2
[2.062s] writing list of installed files to '/home/cesarbenavides/robotica_inteligente_eq5/manchester_robotics/build/mini_challenge_2/install.log'
[2.096s] Invoked command in '/home/cesarbenavides/robotica_inteligente_eq5/manchester_robotics/src/mini_challenge_2' returned '0': PYTHONPATH=/home/cesarbenavides/robotica_inteligente_eq5/manchester_robotics/build/mini_challenge_2/prefix_override:/home/cesarbenavides/robotica_inteligente_eq5/manchester_robotics/install/mini_challenge_2/lib/python3.10/site-packages:${PYTHONPATH} /usr/bin/python3 -W ignore:setup.py install is deprecated setup.py egg_info --egg-base ../../build/mini_challenge_2 build --build-base /home/cesarbenavides/robotica_inteligente_eq5/manchester_robotics/build/mini_challenge_2/build install --record /home/cesarbenavides/robotica_inteligente_eq5/manchester_robotics/build/mini_challenge_2/install.log --single-version-externally-managed install_data
