[0.138s] DEBUG:colcon:Command line arguments: ['/usr/bin/colcon', 'build']
[0.139s] DEBUG:colcon:Parsed command line arguments: Namespace(log_base=None, log_level=None, verb_name='build', build_base='build', install_base='install', merge_install=False, symlink_install=False, test_result_base=None, continue_on_error=False, executor='parallel', parallel_workers=4, event_handlers=None, ignore_user_meta=False, metas=['./colcon.meta'], base_paths=['.'], packages_ignore=None, packages_ignore_regex=None, paths=None, packages_up_to=None, packages_up_to_regex=None, packages_above=None, packages_above_and_dependencies=None, packages_above_depth=None, packages_select_by_dep=None, packages_skip_by_dep=None, packages_skip_up_to=None, packages_select_build_failed=False, packages_skip_build_finished=False, packages_select_test_failures=False, packages_skip_test_passed=False, packages_select=None, packages_skip=None, packages_select_regex=None, packages_skip_regex=None, packages_start=None, packages_end=None, allow_overriding=[], cmake_args=None, cmake_target=None, cmake_target_skip_unavailable=False, cmake_clean_cache=False, cmake_clean_first=False, cmake_force_configure=False, ament_cmake_args=None, catkin_cmake_args=None, catkin_skip_building_tests=False, verb_parser=<colcon_defaults.argument_parser.defaults.DefaultArgumentsDecorator object at 0x74c6df438490>, verb_extension=<colcon_core.verb.build.BuildVerb object at 0x74c6df403460>, main=<bound method BuildVerb.main of <colcon_core.verb.build.BuildVerb object at 0x74c6df403460>>)
[0.359s] Level 1:colcon.colcon_core.package_discovery:discover_packages(colcon_meta) check parameters
[0.359s] Level 1:colcon.colcon_core.package_discovery:discover_packages(recursive) check parameters
[0.359s] Level 1:colcon.colcon_core.package_discovery:discover_packages(ignore) check parameters
[0.359s] Level 1:colcon.colcon_core.package_discovery:discover_packages(path) check parameters
[0.359s] Level 1:colcon.colcon_core.package_discovery:discover_packages(colcon_meta) discover
[0.360s] Level 1:colcon.colcon_core.package_discovery:discover_packages(recursive) discover
[0.360s] INFO:colcon.colcon_core.package_discovery:Crawling recursively for packages in '/home/cesarbenavides/robotica_inteligente_eq5/manchester_robotics'
[0.360s] Level 1:colcon.colcon_core.package_identification:_identify(.) by extensions ['ignore', 'ignore_ament_install']
[0.360s] Level 1:colcon.colcon_core.package_identification:_identify(.) by extension 'ignore'
[0.360s] Level 1:colcon.colcon_core.package_identification:_identify(.) by extension 'ignore_ament_install'
[0.360s] Level 1:colcon.colcon_core.package_identification:_identify(.) by extensions ['colcon_pkg']
[0.360s] Level 1:colcon.colcon_core.package_identification:_identify(.) by extension 'colcon_pkg'
[0.360s] Level 1:colcon.colcon_core.package_identification:_identify(.) by extensions ['colcon_meta']
[0.360s] Level 1:colcon.colcon_core.package_identification:_identify(.) by extension 'colcon_meta'
[0.360s] Level 1:colcon.colcon_core.package_identification:_identify(.) by extensions ['ros']
[0.360s] Level 1:colcon.colcon_core.package_identification:_identify(.) by extension 'ros'
[0.375s] Level 1:colcon.colcon_core.package_identification:_identify(.) by extensions ['cmake', 'python']
[0.375s] Level 1:colcon.colcon_core.package_identification:_identify(.) by extension 'cmake'
[0.375s] Level 1:colcon.colcon_core.package_identification:_identify(.) by extension 'python'
[0.375s] Level 1:colcon.colcon_core.package_identification:_identify(.) by extensions ['python_setup_py']
[0.375s] Level 1:colcon.colcon_core.package_identification:_identify(.) by extension 'python_setup_py'
[0.375s] Level 1:colcon.colcon_core.package_identification:_identify(build) by extensions ['ignore', 'ignore_ament_install']
[0.375s] Level 1:colcon.colcon_core.package_identification:_identify(build) by extension 'ignore'
[0.376s] Level 1:colcon.colcon_core.package_identification:_identify(build) ignored
[0.376s] Level 1:colcon.colcon_core.package_identification:_identify(install) by extensions ['ignore', 'ignore_ament_install']
[0.376s] Level 1:colcon.colcon_core.package_identification:_identify(install) by extension 'ignore'
[0.376s] Level 1:colcon.colcon_core.package_identification:_identify(install) ignored
[0.376s] Level 1:colcon.colcon_core.package_identification:_identify(log) by extensions ['ignore', 'ignore_ament_install']
[0.376s] Level 1:colcon.colcon_core.package_identification:_identify(log) by extension 'ignore'
[0.376s] Level 1:colcon.colcon_core.package_identification:_identify(log) ignored
[0.376s] Level 1:colcon.colcon_core.package_identification:_identify(src) by extensions ['ignore', 'ignore_ament_install']
[0.377s] Level 1:colcon.colcon_core.package_identification:_identify(src) by extension 'ignore'
[0.377s] Level 1:colcon.colcon_core.package_identification:_identify(src) by extension 'ignore_ament_install'
[0.377s] Level 1:colcon.colcon_core.package_identification:_identify(src) by extensions ['colcon_pkg']
[0.377s] Level 1:colcon.colcon_core.package_identification:_identify(src) by extension 'colcon_pkg'
[0.377s] Level 1:colcon.colcon_core.package_identification:_identify(src) by extensions ['colcon_meta']
[0.377s] Level 1:colcon.colcon_core.package_identification:_identify(src) by extension 'colcon_meta'
[0.377s] Level 1:colcon.colcon_core.package_identification:_identify(src) by extensions ['ros']
[0.377s] Level 1:colcon.colcon_core.package_identification:_identify(src) by extension 'ros'
[0.377s] Level 1:colcon.colcon_core.package_identification:_identify(src) by extensions ['cmake', 'python']
[0.377s] Level 1:colcon.colcon_core.package_identification:_identify(src) by extension 'cmake'
[0.377s] Level 1:colcon.colcon_core.package_identification:_identify(src) by extension 'python'
[0.377s] Level 1:colcon.colcon_core.package_identification:_identify(src) by extensions ['python_setup_py']
[0.377s] Level 1:colcon.colcon_core.package_identification:_identify(src) by extension 'python_setup_py'
[0.377s] Level 1:colcon.colcon_core.package_identification:_identify(src/mini_challenge_1) by extensions ['ignore', 'ignore_ament_install']
[0.378s] Level 1:colcon.colcon_core.package_identification:_identify(src/mini_challenge_1) by extension 'ignore'
[0.378s] Level 1:colcon.colcon_core.package_identification:_identify(src/mini_challenge_1) by extension 'ignore_ament_install'
[0.378s] Level 1:colcon.colcon_core.package_identification:_identify(src/mini_challenge_1) by extensions ['colcon_pkg']
[0.378s] Level 1:colcon.colcon_core.package_identification:_identify(src/mini_challenge_1) by extension 'colcon_pkg'
[0.378s] Level 1:colcon.colcon_core.package_identification:_identify(src/mini_challenge_1) by extensions ['colcon_meta']
[0.378s] Level 1:colcon.colcon_core.package_identification:_identify(src/mini_challenge_1) by extension 'colcon_meta'
[0.378s] Level 1:colcon.colcon_core.package_identification:_identify(src/mini_challenge_1) by extensions ['ros']
[0.378s] Level 1:colcon.colcon_core.package_identification:_identify(src/mini_challenge_1) by extension 'ros'
[0.381s] DEBUG:colcon.colcon_core.package_identification:Package 'src/mini_challenge_1' with type 'ros.ament_python' and name 'mini_challenge_1'
[0.381s] Level 1:colcon.colcon_core.package_identification:_identify(src/signal_msg) by extensions ['ignore', 'ignore_ament_install']
[0.382s] Level 1:colcon.colcon_core.package_identification:_identify(src/signal_msg) by extension 'ignore'
[0.382s] Level 1:colcon.colcon_core.package_identification:_identify(src/signal_msg) by extension 'ignore_ament_install'
[0.382s] Level 1:colcon.colcon_core.package_identification:_identify(src/signal_msg) by extensions ['colcon_pkg']
[0.382s] Level 1:colcon.colcon_core.package_identification:_identify(src/signal_msg) by extension 'colcon_pkg'
[0.382s] Level 1:colcon.colcon_core.package_identification:_identify(src/signal_msg) by extensions ['colcon_meta']
[0.382s] Level 1:colcon.colcon_core.package_identification:_identify(src/signal_msg) by extension 'colcon_meta'
[0.382s] Level 1:colcon.colcon_core.package_identification:_identify(src/signal_msg) by extensions ['ros']
[0.382s] Level 1:colcon.colcon_core.package_identification:_identify(src/signal_msg) by extension 'ros'
[0.383s] DEBUG:colcon.colcon_core.package_identification:Package 'src/signal_msg' with type 'ros.ament_cmake' and name 'signal_msg'
[0.383s] Level 1:colcon.colcon_core.package_discovery:discover_packages(recursive) using defaults
[0.383s] Level 1:colcon.colcon_core.package_discovery:discover_packages(ignore) discover
[0.383s] Level 1:colcon.colcon_core.package_discovery:discover_packages(ignore) using defaults
[0.383s] Level 1:colcon.colcon_core.package_discovery:discover_packages(path) discover
[0.383s] Level 1:colcon.colcon_core.package_discovery:discover_packages(path) using defaults
[0.407s] Level 1:colcon.colcon_core.package_discovery:discover_packages(prefix_path) check parameters
[0.408s] Level 1:colcon.colcon_core.package_discovery:discover_packages(prefix_path) discover
[0.410s] DEBUG:colcon.colcon_installed_package_information.package_discovery:Found 2 installed packages in /home/cesarbenavides/robotica_inteligente_eq5/manchester_robotics/install
[0.411s] DEBUG:colcon.colcon_installed_package_information.package_discovery:Found 3 installed packages in /home/cesarbenavides/ros2_utilities_ws/install
[0.413s] DEBUG:colcon.colcon_installed_package_information.package_discovery:Found 336 installed packages in /opt/ros/humble
[0.429s] Level 1:colcon.colcon_core.package_discovery:discover_packages(prefix_path) using defaults
[0.489s] Level 5:colcon.colcon_core.verb:set package 'signal_msg' build argument 'cmake_args' from command line to 'None'
[0.489s] Level 5:colcon.colcon_core.verb:set package 'signal_msg' build argument 'cmake_target' from command line to 'None'
[0.489s] Level 5:colcon.colcon_core.verb:set package 'signal_msg' build argument 'cmake_target_skip_unavailable' from command line to 'False'
[0.489s] Level 5:colcon.colcon_core.verb:set package 'signal_msg' build argument 'cmake_clean_cache' from command line to 'False'
[0.489s] Level 5:colcon.colcon_core.verb:set package 'signal_msg' build argument 'cmake_clean_first' from command line to 'False'
[0.489s] Level 5:colcon.colcon_core.verb:set package 'signal_msg' build argument 'cmake_force_configure' from command line to 'False'
[0.489s] Level 5:colcon.colcon_core.verb:set package 'signal_msg' build argument 'ament_cmake_args' from command line to 'None'
[0.489s] Level 5:colcon.colcon_core.verb:set package 'signal_msg' build argument 'catkin_cmake_args' from command line to 'None'
[0.489s] Level 5:colcon.colcon_core.verb:set package 'signal_msg' build argument 'catkin_skip_building_tests' from command line to 'False'
[0.489s] DEBUG:colcon.colcon_core.verb:Building package 'signal_msg' with the following arguments: {'ament_cmake_args': None, 'build_base': '/home/cesarbenavides/robotica_inteligente_eq5/manchester_robotics/build/signal_msg', 'catkin_cmake_args': None, 'catkin_skip_building_tests': False, 'cmake_args': None, 'cmake_clean_cache': False, 'cmake_clean_first': False, 'cmake_force_configure': False, 'cmake_target': None, 'cmake_target_skip_unavailable': False, 'install_base': '/home/cesarbenavides/robotica_inteligente_eq5/manchester_robotics/install/signal_msg', 'merge_install': False, 'path': '/home/cesarbenavides/robotica_inteligente_eq5/manchester_robotics/src/signal_msg', 'symlink_install': False, 'test_result_base': None}
[0.490s] Level 5:colcon.colcon_core.verb:set package 'mini_challenge_1' build argument 'cmake_args' from command line to 'None'
[0.490s] Level 5:colcon.colcon_core.verb:set package 'mini_challenge_1' build argument 'cmake_target' from command line to 'None'
[0.490s] Level 5:colcon.colcon_core.verb:set package 'mini_challenge_1' build argument 'cmake_target_skip_unavailable' from command line to 'False'
[0.490s] Level 5:colcon.colcon_core.verb:set package 'mini_challenge_1' build argument 'cmake_clean_cache' from command line to 'False'
[0.490s] Level 5:colcon.colcon_core.verb:set package 'mini_challenge_1' build argument 'cmake_clean_first' from command line to 'False'
[0.490s] Level 5:colcon.colcon_core.verb:set package 'mini_challenge_1' build argument 'cmake_force_configure' from command line to 'False'
[0.490s] Level 5:colcon.colcon_core.verb:set package 'mini_challenge_1' build argument 'ament_cmake_args' from command line to 'None'
[0.490s] Level 5:colcon.colcon_core.verb:set package 'mini_challenge_1' build argument 'catkin_cmake_args' from command line to 'None'
[0.490s] Level 5:colcon.colcon_core.verb:set package 'mini_challenge_1' build argument 'catkin_skip_building_tests' from command line to 'False'
[0.490s] DEBUG:colcon.colcon_core.verb:Building package 'mini_challenge_1' with the following arguments: {'ament_cmake_args': None, 'build_base': '/home/cesarbenavides/robotica_inteligente_eq5/manchester_robotics/build/mini_challenge_1', 'catkin_cmake_args': None, 'catkin_skip_building_tests': False, 'cmake_args': None, 'cmake_clean_cache': False, 'cmake_clean_first': False, 'cmake_force_configure': False, 'cmake_target': None, 'cmake_target_skip_unavailable': False, 'install_base': '/home/cesarbenavides/robotica_inteligente_eq5/manchester_robotics/install/mini_challenge_1', 'merge_install': False, 'path': '/home/cesarbenavides/robotica_inteligente_eq5/manchester_robotics/src/mini_challenge_1', 'symlink_install': False, 'test_result_base': None}
[0.490s] INFO:colcon.colcon_core.executor:Executing jobs using 'parallel' executor
[0.492s] DEBUG:colcon.colcon_parallel_executor.executor.parallel:run_until_complete
[0.492s] INFO:colcon.colcon_ros.task.ament_cmake.build:Building ROS package in '/home/cesarbenavides/robotica_inteligente_eq5/manchester_robotics/src/signal_msg' with build type 'ament_cmake'
[0.492s] INFO:colcon.colcon_cmake.task.cmake.build:Building CMake package in '/home/cesarbenavides/robotica_inteligente_eq5/manchester_robotics/src/signal_msg'
[0.495s] INFO:colcon.colcon_core.plugin_system:Skipping extension 'colcon_core.shell.bat': Not used on non-Windows systems
[0.496s] INFO:colcon.colcon_core.shell:Skip shell extension 'powershell' for command environment: Not usable outside of PowerShell
[0.496s] DEBUG:colcon.colcon_core.shell:Skip shell extension 'dsv' for command environment
[0.508s] DEBUG:colcon.colcon_core.event_handler.log_command:Invoking command in '/home/cesarbenavides/robotica_inteligente_eq5/manchester_robotics/build/signal_msg': CMAKE_PREFIX_PATH=${CMAKE_PREFIX_PATH}:/home/cesarbenavides/robotica_inteligente_eq5/manchester_robotics/install/mini_challenge_1:/opt/ros/humble /usr/bin/cmake --build /home/cesarbenavides/robotica_inteligente_eq5/manchester_robotics/build/signal_msg -- -j4 -l4
[1.150s] DEBUG:colcon.colcon_core.event_handler.log_command:Invoked command in '/home/cesarbenavides/robotica_inteligente_eq5/manchester_robotics/build/signal_msg' returned '0': CMAKE_PREFIX_PATH=${CMAKE_PREFIX_PATH}:/home/cesarbenavides/robotica_inteligente_eq5/manchester_robotics/install/mini_challenge_1:/opt/ros/humble /usr/bin/cmake --build /home/cesarbenavides/robotica_inteligente_eq5/manchester_robotics/build/signal_msg -- -j4 -l4
[1.242s] DEBUG:colcon.colcon_core.event_handler.log_command:Invoking command in '/home/cesarbenavides/robotica_inteligente_eq5/manchester_robotics/build/signal_msg': CMAKE_PREFIX_PATH=${CMAKE_PREFIX_PATH}:/home/cesarbenavides/robotica_inteligente_eq5/manchester_robotics/install/mini_challenge_1:/opt/ros/humble /usr/bin/cmake --install /home/cesarbenavides/robotica_inteligente_eq5/manchester_robotics/build/signal_msg
[1.314s] Level 1:colcon.colcon_core.environment:create_environment_scripts_only(signal_msg)
[1.319s] DEBUG:colcon.colcon_core.event_handler.log_command:Invoked command in '/home/cesarbenavides/robotica_inteligente_eq5/manchester_robotics/build/signal_msg' returned '0': CMAKE_PREFIX_PATH=${CMAKE_PREFIX_PATH}:/home/cesarbenavides/robotica_inteligente_eq5/manchester_robotics/install/mini_challenge_1:/opt/ros/humble /usr/bin/cmake --install /home/cesarbenavides/robotica_inteligente_eq5/manchester_robotics/build/signal_msg
[1.321s] Level 1:colcon.colcon_core.environment:checking '/home/cesarbenavides/robotica_inteligente_eq5/manchester_robotics/install/signal_msg' for CMake module files
[1.322s] Level 1:colcon.colcon_core.environment:checking '/home/cesarbenavides/robotica_inteligente_eq5/manchester_robotics/install/signal_msg' for CMake config files
[1.322s] Level 1:colcon.colcon_core.shell:create_environment_hook('signal_msg', 'cmake_prefix_path')
[1.322s] INFO:colcon.colcon_core.shell:Creating environment hook '/home/cesarbenavides/robotica_inteligente_eq5/manchester_robotics/install/signal_msg/share/signal_msg/hook/cmake_prefix_path.ps1'
[1.323s] INFO:colcon.colcon_core.shell:Creating environment descriptor '/home/cesarbenavides/robotica_inteligente_eq5/manchester_robotics/install/signal_msg/share/signal_msg/hook/cmake_prefix_path.dsv'
[1.324s] INFO:colcon.colcon_core.shell:Creating environment hook '/home/cesarbenavides/robotica_inteligente_eq5/manchester_robotics/install/signal_msg/share/signal_msg/hook/cmake_prefix_path.sh'
[1.325s] Level 1:colcon.colcon_core.environment:checking '/home/cesarbenavides/robotica_inteligente_eq5/manchester_robotics/install/signal_msg/lib'
[1.325s] Level 1:colcon.colcon_core.shell:create_environment_hook('signal_msg', 'ld_library_path_lib')
[1.326s] INFO:colcon.colcon_core.shell:Creating environment hook '/home/cesarbenavides/robotica_inteligente_eq5/manchester_robotics/install/signal_msg/share/signal_msg/hook/ld_library_path_lib.ps1'
[1.326s] INFO:colcon.colcon_core.shell:Creating environment descriptor '/home/cesarbenavides/robotica_inteligente_eq5/manchester_robotics/install/signal_msg/share/signal_msg/hook/ld_library_path_lib.dsv'
[1.327s] INFO:colcon.colcon_core.shell:Creating environment hook '/home/cesarbenavides/robotica_inteligente_eq5/manchester_robotics/install/signal_msg/share/signal_msg/hook/ld_library_path_lib.sh'
[1.327s] Level 1:colcon.colcon_core.environment:checking '/home/cesarbenavides/robotica_inteligente_eq5/manchester_robotics/install/signal_msg/bin'
[1.327s] Level 1:colcon.colcon_core.environment:checking '/home/cesarbenavides/robotica_inteligente_eq5/manchester_robotics/install/signal_msg/lib/pkgconfig/signal_msg.pc'
[1.328s] Level 1:colcon.colcon_core.environment:checking '/home/cesarbenavides/robotica_inteligente_eq5/manchester_robotics/install/signal_msg/lib/python3.10/site-packages'
[1.328s] Level 1:colcon.colcon_core.environment:checking '/home/cesarbenavides/robotica_inteligente_eq5/manchester_robotics/install/signal_msg/bin'
[1.328s] INFO:colcon.colcon_core.shell:Creating package script '/home/cesarbenavides/robotica_inteligente_eq5/manchester_robotics/install/signal_msg/share/signal_msg/package.ps1'
[1.329s] INFO:colcon.colcon_core.shell:Creating package descriptor '/home/cesarbenavides/robotica_inteligente_eq5/manchester_robotics/install/signal_msg/share/signal_msg/package.dsv'
[1.330s] INFO:colcon.colcon_core.shell:Creating package script '/home/cesarbenavides/robotica_inteligente_eq5/manchester_robotics/install/signal_msg/share/signal_msg/package.sh'
[1.331s] INFO:colcon.colcon_core.shell:Creating package script '/home/cesarbenavides/robotica_inteligente_eq5/manchester_robotics/install/signal_msg/share/signal_msg/package.bash'
[1.332s] INFO:colcon.colcon_core.shell:Creating package script '/home/cesarbenavides/robotica_inteligente_eq5/manchester_robotics/install/signal_msg/share/signal_msg/package.zsh'
[1.333s] Level 1:colcon.colcon_core.environment:create_file_with_runtime_dependencies(/home/cesarbenavides/robotica_inteligente_eq5/manchester_robotics/install/signal_msg/share/colcon-core/packages/signal_msg)
[1.413s] Level 1:colcon.colcon_core.environment:create_environment_scripts_only(signal_msg)
[1.413s] Level 1:colcon.colcon_core.environment:checking '/home/cesarbenavides/robotica_inteligente_eq5/manchester_robotics/install/signal_msg' for CMake module files
[1.414s] Level 1:colcon.colcon_core.environment:checking '/home/cesarbenavides/robotica_inteligente_eq5/manchester_robotics/install/signal_msg' for CMake config files
[1.414s] Level 1:colcon.colcon_core.shell:create_environment_hook('signal_msg', 'cmake_prefix_path')
[1.415s] INFO:colcon.colcon_core.shell:Creating environment hook '/home/cesarbenavides/robotica_inteligente_eq5/manchester_robotics/install/signal_msg/share/signal_msg/hook/cmake_prefix_path.ps1'
[1.415s] INFO:colcon.colcon_core.shell:Creating environment descriptor '/home/cesarbenavides/robotica_inteligente_eq5/manchester_robotics/install/signal_msg/share/signal_msg/hook/cmake_prefix_path.dsv'
[1.416s] INFO:colcon.colcon_core.shell:Creating environment hook '/home/cesarbenavides/robotica_inteligente_eq5/manchester_robotics/install/signal_msg/share/signal_msg/hook/cmake_prefix_path.sh'
[1.417s] Level 1:colcon.colcon_core.environment:checking '/home/cesarbenavides/robotica_inteligente_eq5/manchester_robotics/install/signal_msg/lib'
[1.417s] Level 1:colcon.colcon_core.shell:create_environment_hook('signal_msg', 'ld_library_path_lib')
[1.417s] INFO:colcon.colcon_core.shell:Creating environment hook '/home/cesarbenavides/robotica_inteligente_eq5/manchester_robotics/install/signal_msg/share/signal_msg/hook/ld_library_path_lib.ps1'
[1.418s] INFO:colcon.colcon_core.shell:Creating environment descriptor '/home/cesarbenavides/robotica_inteligente_eq5/manchester_robotics/install/signal_msg/share/signal_msg/hook/ld_library_path_lib.dsv'
[1.418s] INFO:colcon.colcon_core.shell:Creating environment hook '/home/cesarbenavides/robotica_inteligente_eq5/manchester_robotics/install/signal_msg/share/signal_msg/hook/ld_library_path_lib.sh'
[1.419s] Level 1:colcon.colcon_core.environment:checking '/home/cesarbenavides/robotica_inteligente_eq5/manchester_robotics/install/signal_msg/bin'
[1.419s] Level 1:colcon.colcon_core.environment:checking '/home/cesarbenavides/robotica_inteligente_eq5/manchester_robotics/install/signal_msg/lib/pkgconfig/signal_msg.pc'
[1.420s] Level 1:colcon.colcon_core.environment:checking '/home/cesarbenavides/robotica_inteligente_eq5/manchester_robotics/install/signal_msg/lib/python3.10/site-packages'
[1.420s] Level 1:colcon.colcon_core.environment:checking '/home/cesarbenavides/robotica_inteligente_eq5/manchester_robotics/install/signal_msg/bin'
[1.421s] INFO:colcon.colcon_core.shell:Creating package script '/home/cesarbenavides/robotica_inteligente_eq5/manchester_robotics/install/signal_msg/share/signal_msg/package.ps1'
[1.421s] INFO:colcon.colcon_core.shell:Creating package descriptor '/home/cesarbenavides/robotica_inteligente_eq5/manchester_robotics/install/signal_msg/share/signal_msg/package.dsv'
[1.422s] INFO:colcon.colcon_core.shell:Creating package script '/home/cesarbenavides/robotica_inteligente_eq5/manchester_robotics/install/signal_msg/share/signal_msg/package.sh'
[1.423s] INFO:colcon.colcon_core.shell:Creating package script '/home/cesarbenavides/robotica_inteligente_eq5/manchester_robotics/install/signal_msg/share/signal_msg/package.bash'
[1.424s] INFO:colcon.colcon_core.shell:Creating package script '/home/cesarbenavides/robotica_inteligente_eq5/manchester_robotics/install/signal_msg/share/signal_msg/package.zsh'
[1.424s] Level 1:colcon.colcon_core.environment:create_file_with_runtime_dependencies(/home/cesarbenavides/robotica_inteligente_eq5/manchester_robotics/install/signal_msg/share/colcon-core/packages/signal_msg)
[1.425s] INFO:colcon.colcon_ros.task.ament_python.build:Building ROS package in '/home/cesarbenavides/robotica_inteligente_eq5/manchester_robotics/src/mini_challenge_1' with build type 'ament_python'
[1.425s] Level 1:colcon.colcon_core.shell:create_environment_hook('mini_challenge_1', 'ament_prefix_path')
[1.425s] INFO:colcon.colcon_core.shell:Creating environment hook '/home/cesarbenavides/robotica_inteligente_eq5/manchester_robotics/install/mini_challenge_1/share/mini_challenge_1/hook/ament_prefix_path.ps1'
[1.426s] INFO:colcon.colcon_core.shell:Creating environment descriptor '/home/cesarbenavides/robotica_inteligente_eq5/manchester_robotics/install/mini_challenge_1/share/mini_challenge_1/hook/ament_prefix_path.dsv'
[1.427s] INFO:colcon.colcon_core.shell:Creating environment hook '/home/cesarbenavides/robotica_inteligente_eq5/manchester_robotics/install/mini_challenge_1/share/mini_challenge_1/hook/ament_prefix_path.sh'
[1.428s] INFO:colcon.colcon_core.shell:Skip shell extension 'powershell' for command environment: Not usable outside of PowerShell
[1.428s] DEBUG:colcon.colcon_core.shell:Skip shell extension 'dsv' for command environment
[1.771s] INFO:colcon.colcon_core.task.python.build:Building Python package in '/home/cesarbenavides/robotica_inteligente_eq5/manchester_robotics/src/mini_challenge_1'
[1.772s] INFO:colcon.colcon_core.shell:Skip shell extension 'powershell' for command environment: Not usable outside of PowerShell
[1.772s] DEBUG:colcon.colcon_core.shell:Skip shell extension 'dsv' for command environment
[2.243s] DEBUG:colcon.colcon_core.event_handler.log_command:Invoking command in '/home/cesarbenavides/robotica_inteligente_eq5/manchester_robotics/src/mini_challenge_1': PYTHONPATH=/home/cesarbenavides/robotica_inteligente_eq5/manchester_robotics/build/mini_challenge_1/prefix_override:/home/cesarbenavides/robotica_inteligente_eq5/manchester_robotics/install/mini_challenge_1/lib/python3.10/site-packages:${PYTHONPATH} /usr/bin/python3 -W ignore:setup.py install is deprecated setup.py egg_info --egg-base ../../build/mini_challenge_1 build --build-base /home/cesarbenavides/robotica_inteligente_eq5/manchester_robotics/build/mini_challenge_1/build install --record /home/cesarbenavides/robotica_inteligente_eq5/manchester_robotics/build/mini_challenge_1/install.log --single-version-externally-managed install_data
[2.632s] Level 1:colcon.colcon_core.environment:checking '/home/cesarbenavides/robotica_inteligente_eq5/manchester_robotics/install/mini_challenge_1' for CMake module files
[2.633s] DEBUG:colcon.colcon_core.event_handler.log_command:Invoked command in '/home/cesarbenavides/robotica_inteligente_eq5/manchester_robotics/src/mini_challenge_1' returned '0': PYTHONPATH=/home/cesarbenavides/robotica_inteligente_eq5/manchester_robotics/build/mini_challenge_1/prefix_override:/home/cesarbenavides/robotica_inteligente_eq5/manchester_robotics/install/mini_challenge_1/lib/python3.10/site-packages:${PYTHONPATH} /usr/bin/python3 -W ignore:setup.py install is deprecated setup.py egg_info --egg-base ../../build/mini_challenge_1 build --build-base /home/cesarbenavides/robotica_inteligente_eq5/manchester_robotics/build/mini_challenge_1/build install --record /home/cesarbenavides/robotica_inteligente_eq5/manchester_robotics/build/mini_challenge_1/install.log --single-version-externally-managed install_data
[2.634s] Level 1:colcon.colcon_core.environment:checking '/home/cesarbenavides/robotica_inteligente_eq5/manchester_robotics/install/mini_challenge_1' for CMake config files
[2.635s] Level 1:colcon.colcon_core.environment:checking '/home/cesarbenavides/robotica_inteligente_eq5/manchester_robotics/install/mini_challenge_1/lib'
[2.635s] Level 1:colcon.colcon_core.environment:checking '/home/cesarbenavides/robotica_inteligente_eq5/manchester_robotics/install/mini_challenge_1/bin'
[2.635s] Level 1:colcon.colcon_core.environment:checking '/home/cesarbenavides/robotica_inteligente_eq5/manchester_robotics/install/mini_challenge_1/lib/pkgconfig/mini_challenge_1.pc'
[2.636s] Level 1:colcon.colcon_core.environment:checking '/home/cesarbenavides/robotica_inteligente_eq5/manchester_robotics/install/mini_challenge_1/lib/python3.10/site-packages'
[2.636s] Level 1:colcon.colcon_core.shell:create_environment_hook('mini_challenge_1', 'pythonpath')
[2.636s] INFO:colcon.colcon_core.shell:Creating environment hook '/home/cesarbenavides/robotica_inteligente_eq5/manchester_robotics/install/mini_challenge_1/share/mini_challenge_1/hook/pythonpath.ps1'
[2.637s] INFO:colcon.colcon_core.shell:Creating environment descriptor '/home/cesarbenavides/robotica_inteligente_eq5/manchester_robotics/install/mini_challenge_1/share/mini_challenge_1/hook/pythonpath.dsv'
[2.637s] INFO:colcon.colcon_core.shell:Creating environment hook '/home/cesarbenavides/robotica_inteligente_eq5/manchester_robotics/install/mini_challenge_1/share/mini_challenge_1/hook/pythonpath.sh'
[2.638s] Level 1:colcon.colcon_core.environment:checking '/home/cesarbenavides/robotica_inteligente_eq5/manchester_robotics/install/mini_challenge_1/bin'
[2.638s] Level 1:colcon.colcon_core.environment:create_environment_scripts_only(mini_challenge_1)
[2.639s] INFO:colcon.colcon_core.shell:Creating package script '/home/cesarbenavides/robotica_inteligente_eq5/manchester_robotics/install/mini_challenge_1/share/mini_challenge_1/package.ps1'
[2.639s] INFO:colcon.colcon_core.shell:Creating package descriptor '/home/cesarbenavides/robotica_inteligente_eq5/manchester_robotics/install/mini_challenge_1/share/mini_challenge_1/package.dsv'
[2.640s] INFO:colcon.colcon_core.shell:Creating package script '/home/cesarbenavides/robotica_inteligente_eq5/manchester_robotics/install/mini_challenge_1/share/mini_challenge_1/package.sh'
[2.641s] INFO:colcon.colcon_core.shell:Creating package script '/home/cesarbenavides/robotica_inteligente_eq5/manchester_robotics/install/mini_challenge_1/share/mini_challenge_1/package.bash'
[2.641s] INFO:colcon.colcon_core.shell:Creating package script '/home/cesarbenavides/robotica_inteligente_eq5/manchester_robotics/install/mini_challenge_1/share/mini_challenge_1/package.zsh'
[2.642s] Level 1:colcon.colcon_core.environment:create_file_with_runtime_dependencies(/home/cesarbenavides/robotica_inteligente_eq5/manchester_robotics/install/mini_challenge_1/share/colcon-core/packages/mini_challenge_1)
[2.642s] DEBUG:colcon.colcon_parallel_executor.executor.parallel:closing loop
[2.643s] DEBUG:colcon.colcon_parallel_executor.executor.parallel:loop closed
[2.643s] DEBUG:colcon.colcon_parallel_executor.executor.parallel:run_until_complete finished with '0'
[2.643s] DEBUG:colcon.colcon_core.event_reactor:joining thread
[2.650s] INFO:colcon.colcon_core.plugin_system:Skipping extension 'colcon_notification.desktop_notification.terminal_notifier': Not used on non-Darwin systems
[2.650s] INFO:colcon.colcon_core.plugin_system:Skipping extension 'colcon_notification.desktop_notification.win32': Not used on non-Windows systems
[2.650s] INFO:colcon.colcon_notification.desktop_notification:Sending desktop notification using 'notify2'
[2.668s] DEBUG:colcon.colcon_core.event_reactor:joined thread
[2.669s] INFO:colcon.colcon_core.shell:Creating prefix script '/home/cesarbenavides/robotica_inteligente_eq5/manchester_robotics/install/local_setup.ps1'
[2.670s] INFO:colcon.colcon_core.shell:Creating prefix util module '/home/cesarbenavides/robotica_inteligente_eq5/manchester_robotics/install/_local_setup_util_ps1.py'
[2.673s] INFO:colcon.colcon_core.shell:Creating prefix chain script '/home/cesarbenavides/robotica_inteligente_eq5/manchester_robotics/install/setup.ps1'
[2.675s] INFO:colcon.colcon_core.shell:Creating prefix script '/home/cesarbenavides/robotica_inteligente_eq5/manchester_robotics/install/local_setup.sh'
[2.676s] INFO:colcon.colcon_core.shell:Creating prefix util module '/home/cesarbenavides/robotica_inteligente_eq5/manchester_robotics/install/_local_setup_util_sh.py'
[2.677s] INFO:colcon.colcon_core.shell:Creating prefix chain script '/home/cesarbenavides/robotica_inteligente_eq5/manchester_robotics/install/setup.sh'
[2.679s] INFO:colcon.colcon_core.shell:Creating prefix script '/home/cesarbenavides/robotica_inteligente_eq5/manchester_robotics/install/local_setup.bash'
[2.680s] INFO:colcon.colcon_core.shell:Creating prefix chain script '/home/cesarbenavides/robotica_inteligente_eq5/manchester_robotics/install/setup.bash'
[2.681s] INFO:colcon.colcon_core.shell:Creating prefix script '/home/cesarbenavides/robotica_inteligente_eq5/manchester_robotics/install/local_setup.zsh'
[2.682s] INFO:colcon.colcon_core.shell:Creating prefix chain script '/home/cesarbenavides/robotica_inteligente_eq5/manchester_robotics/install/setup.zsh'
