[1.344s] Invoking command in '/home/mcr2/robotica_inteligente_eq5/manchester_robotics/src/mini_challenge_2': PYTHONPATH=/home/mcr2/robotica_inteligente_eq5/build/mini_challenge_2/prefix_override:/home/mcr2/robotica_inteligente_eq5/install/mini_challenge_2/lib/python3.10/site-packages:${PYTHONPATH} /usr/bin/python3 setup.py egg_info --egg-base ../../../build/mini_challenge_2 build --build-base /home/mcr2/robotica_inteligente_eq5/build/mini_challenge_2/build install --record /home/mcr2/robotica_inteligente_eq5/build/mini_challenge_2/install.log --single-version-externally-managed
[1.726s] running egg_info
[1.727s] writing ../../../build/mini_challenge_2/mini_challenge_2.egg-info/PKG-INFO
[1.728s] writing dependency_links to ../../../build/mini_challenge_2/mini_challenge_2.egg-info/dependency_links.txt
[1.728s] writing entry points to ../../../build/mini_challenge_2/mini_challenge_2.egg-info/entry_points.txt
[1.729s] writing requirements to ../../../build/mini_challenge_2/mini_challenge_2.egg-info/requires.txt
[1.729s] writing top-level names to ../../../build/mini_challenge_2/mini_challenge_2.egg-info/top_level.txt
[1.732s] reading manifest file '../../../build/mini_challenge_2/mini_challenge_2.egg-info/SOURCES.txt'
[1.732s] adding license file 'LICENSE'
[1.734s] writing manifest file '../../../build/mini_challenge_2/mini_challenge_2.egg-info/SOURCES.txt'
[1.734s] running build
[1.734s] running build_py
[1.736s] copying mini_challenge_2/Controller.py -> /home/mcr2/robotica_inteligente_eq5/build/mini_challenge_2/build/lib/mini_challenge_2
[1.736s] running install
[1.737s] /usr/lib/python3/dist-packages/setuptools/command/install.py:34: SetuptoolsDeprecationWarning: setup.py install is deprecated. Use build and pip and other standards-based tools.
[1.737s]   warnings.warn(
[1.737s] running install_lib
[1.739s] copying /home/mcr2/robotica_inteligente_eq5/build/mini_challenge_2/build/lib/mini_challenge_2/Controller.py -> /home/mcr2/robotica_inteligente_eq5/install/mini_challenge_2/lib/python3.10/site-packages/mini_challenge_2
[1.740s] byte-compiling /home/mcr2/robotica_inteligente_eq5/install/mini_challenge_2/lib/python3.10/site-packages/mini_challenge_2/Controller.py to Controller.cpython-310.pyc
[1.742s] running install_data
[1.743s] running install_egg_info
[1.746s] removing '/home/mcr2/robotica_inteligente_eq5/install/mini_challenge_2/lib/python3.10/site-packages/mini_challenge_2-0.0.0-py3.10.egg-info' (and everything under it)
[1.747s] Copying ../../../build/mini_challenge_2/mini_challenge_2.egg-info to /home/mcr2/robotica_inteligente_eq5/install/mini_challenge_2/lib/python3.10/site-packages/mini_challenge_2-0.0.0-py3.10.egg-info
[1.748s] running install_scripts
[1.788s] Installing Controller script to /home/mcr2/robotica_inteligente_eq5/install/mini_challenge_2/lib/mini_challenge_2
[1.789s] Installing Odometry script to /home/mcr2/robotica_inteligente_eq5/install/mini_challenge_2/lib/mini_challenge_2
[1.789s] Installing PointGenerator script to /home/mcr2/robotica_inteligente_eq5/install/mini_challenge_2/lib/mini_challenge_2
[1.789s] writing list of installed files to '/home/mcr2/robotica_inteligente_eq5/build/mini_challenge_2/install.log'
[1.836s] Invoked command in '/home/mcr2/robotica_inteligente_eq5/manchester_robotics/src/mini_challenge_2' returned '0': PYTHONPATH=/home/mcr2/robotica_inteligente_eq5/build/mini_challenge_2/prefix_override:/home/mcr2/robotica_inteligente_eq5/install/mini_challenge_2/lib/python3.10/site-packages:${PYTHONPATH} /usr/bin/python3 setup.py egg_info --egg-base ../../../build/mini_challenge_2 build --build-base /home/mcr2/robotica_inteligente_eq5/build/mini_challenge_2/build install --record /home/mcr2/robotica_inteligente_eq5/build/mini_challenge_2/install.log --single-version-externally-managed
