[0.887s] Invoking command in '/home/cesarbenavides/robotica_inteligente_eq5/manchester_robotics/src/mini_challenge_2': AMENT_PREFIX_PATH=/home/cesarbenavides/robotica_inteligente_eq5/manchester_robotics/install/signal_msg:${AMENT_PREFIX_PATH} CMAKE_PREFIX_PATH=/home/cesarbenavides/robotica_inteligente_eq5/manchester_robotics/install/signal_msg:${CMAKE_PREFIX_PATH} LD_LIBRARY_PATH=/home/cesarbenavides/robotica_inteligente_eq5/manchester_robotics/install/signal_msg/lib:${LD_LIBRARY_PATH} PYTHONPATH=/home/cesarbenavides/robotica_inteligente_eq5/manchester_robotics/build/mini_challenge_2/prefix_override:/home/cesarbenavides/robotica_inteligente_eq5/manchester_robotics/install/mini_challenge_2/lib/python3.10/site-packages:/home/cesarbenavides/robotica_inteligente_eq5/manchester_robotics/install/signal_msg/local/lib/python3.10/dist-packages:${PYTHONPATH} /usr/bin/python3 -W ignore:setup.py install is deprecated setup.py egg_info --egg-base ../../build/mini_challenge_2 build --build-base /home/cesarbenavides/robotica_inteligente_eq5/manchester_robotics/build/mini_challenge_2/build install --record /home/cesarbenavides/robotica_inteligente_eq5/manchester_robotics/build/mini_challenge_2/install.log --single-version-externally-managed install_data
[1.193s] running egg_info
[1.194s] writing ../../build/mini_challenge_2/mini_challenge_2.egg-info/PKG-INFO
[1.194s] writing dependency_links to ../../build/mini_challenge_2/mini_challenge_2.egg-info/dependency_links.txt
[1.194s] writing entry points to ../../build/mini_challenge_2/mini_challenge_2.egg-info/entry_points.txt
[1.195s] writing requirements to ../../build/mini_challenge_2/mini_challenge_2.egg-info/requires.txt
[1.195s] writing top-level names to ../../build/mini_challenge_2/mini_challenge_2.egg-info/top_level.txt
[1.199s] reading manifest file '../../build/mini_challenge_2/mini_challenge_2.egg-info/SOURCES.txt'
[1.251s] adding license file 'LICENSE'
[1.252s] writing manifest file '../../build/mini_challenge_2/mini_challenge_2.egg-info/SOURCES.txt'
[1.252s] running build
[1.253s] running build_py
[1.253s] copying mini_challenge_2/Controller.py -> /home/cesarbenavides/robotica_inteligente_eq5/manchester_robotics/build/mini_challenge_2/build/lib/mini_challenge_2
[1.254s] running install
[1.254s] running install_lib
[1.256s] copying /home/cesarbenavides/robotica_inteligente_eq5/manchester_robotics/build/mini_challenge_2/build/lib/mini_challenge_2/Controller.py -> /home/cesarbenavides/robotica_inteligente_eq5/manchester_robotics/install/mini_challenge_2/lib/python3.10/site-packages/mini_challenge_2
[1.257s] byte-compiling /home/cesarbenavides/robotica_inteligente_eq5/manchester_robotics/install/mini_challenge_2/lib/python3.10/site-packages/mini_challenge_2/Controller.py to Controller.cpython-310.pyc
[1.259s] running install_data
[1.259s] running install_egg_info
[1.262s] removing '/home/cesarbenavides/robotica_inteligente_eq5/manchester_robotics/install/mini_challenge_2/lib/python3.10/site-packages/mini_challenge_2-0.0.0-py3.10.egg-info' (and everything under it)
[1.263s] Copying ../../build/mini_challenge_2/mini_challenge_2.egg-info to /home/cesarbenavides/robotica_inteligente_eq5/manchester_robotics/install/mini_challenge_2/lib/python3.10/site-packages/mini_challenge_2-0.0.0-py3.10.egg-info
[1.265s] running install_scripts
[1.293s] Installing Controller script to /home/cesarbenavides/robotica_inteligente_eq5/manchester_robotics/install/mini_challenge_2/lib/mini_challenge_2
[1.293s] Installing Odometry script to /home/cesarbenavides/robotica_inteligente_eq5/manchester_robotics/install/mini_challenge_2/lib/mini_challenge_2
[1.293s] Installing PointGenerator script to /home/cesarbenavides/robotica_inteligente_eq5/manchester_robotics/install/mini_challenge_2/lib/mini_challenge_2
[1.294s] writing list of installed files to '/home/cesarbenavides/robotica_inteligente_eq5/manchester_robotics/build/mini_challenge_2/install.log'
[1.329s] Invoked command in '/home/cesarbenavides/robotica_inteligente_eq5/manchester_robotics/src/mini_challenge_2' returned '0': AMENT_PREFIX_PATH=/home/cesarbenavides/robotica_inteligente_eq5/manchester_robotics/install/signal_msg:${AMENT_PREFIX_PATH} CMAKE_PREFIX_PATH=/home/cesarbenavides/robotica_inteligente_eq5/manchester_robotics/install/signal_msg:${CMAKE_PREFIX_PATH} LD_LIBRARY_PATH=/home/cesarbenavides/robotica_inteligente_eq5/manchester_robotics/install/signal_msg/lib:${LD_LIBRARY_PATH} PYTHONPATH=/home/cesarbenavides/robotica_inteligente_eq5/manchester_robotics/build/mini_challenge_2/prefix_override:/home/cesarbenavides/robotica_inteligente_eq5/manchester_robotics/install/mini_challenge_2/lib/python3.10/site-packages:/home/cesarbenavides/robotica_inteligente_eq5/manchester_robotics/install/signal_msg/local/lib/python3.10/dist-packages:${PYTHONPATH} /usr/bin/python3 -W ignore:setup.py install is deprecated setup.py egg_info --egg-base ../../build/mini_challenge_2 build --build-base /home/cesarbenavides/robotica_inteligente_eq5/manchester_robotics/build/mini_challenge_2/build install --record /home/cesarbenavides/robotica_inteligente_eq5/manchester_robotics/build/mini_challenge_2/install.log --single-version-externally-managed install_data
