[1.817s] DEBUG:colcon:Command line arguments: ['/usr/bin/colcon', 'build']
[1.818s] DEBUG:colcon:Parsed command line arguments: Namespace(log_base=None, log_level=None, verb_name='build', build_base='build', install_base='install', merge_install=False, symlink_install=False, test_result_base=None, continue_on_error=False, executor='parallel', parallel_workers=16, event_handlers=None, ignore_user_meta=False, metas=['./colcon.meta'], base_paths=['.'], packages_ignore=None, packages_ignore_regex=None, paths=None, packages_up_to=None, packages_up_to_regex=None, packages_above=None, packages_above_and_dependencies=None, packages_above_depth=None, packages_select_by_dep=None, packages_skip_by_dep=None, packages_skip_up_to=None, packages_select_build_failed=False, packages_skip_build_finished=False, packages_select_test_failures=False, packages_skip_test_passed=False, packages_select=None, packages_skip=None, packages_select_regex=None, packages_skip_regex=None, packages_start=None, packages_end=None, allow_overriding=[], cmake_args=None, cmake_target=None, cmake_target_skip_unavailable=False, cmake_clean_cache=False, cmake_clean_first=False, cmake_force_configure=False, ament_cmake_args=None, catkin_cmake_args=None, catkin_skip_building_tests=False, verb_parser=<colcon_defaults.argument_parser.defaults.DefaultArgumentsDecorator object at 0x7d5bed330ee0>, verb_extension=<colcon_core.verb.build.BuildVerb object at 0x7d5bed341a50>, main=<bound method BuildVerb.main of <colcon_core.verb.build.BuildVerb object at 0x7d5bed341a50>>)
[1.905s] Level 1:colcon.colcon_core.package_discovery:discover_packages(colcon_meta) check parameters
[1.905s] Level 1:colcon.colcon_core.package_discovery:discover_packages(recursive) check parameters
[1.905s] Level 1:colcon.colcon_core.package_discovery:discover_packages(ignore) check parameters
[1.905s] Level 1:colcon.colcon_core.package_discovery:discover_packages(path) check parameters
[1.905s] Level 1:colcon.colcon_core.package_discovery:discover_packages(colcon_meta) discover
[1.905s] Level 1:colcon.colcon_core.package_discovery:discover_packages(recursive) discover
[1.905s] INFO:colcon.colcon_core.package_discovery:Crawling recursively for packages in '/home/mcr2/robotica_inteligente_eq5'
[1.905s] Level 1:colcon.colcon_core.package_identification:_identify(.) by extensions ['ignore', 'ignore_ament_install']
[1.906s] Level 1:colcon.colcon_core.package_identification:_identify(.) by extension 'ignore'
[1.906s] Level 1:colcon.colcon_core.package_identification:_identify(.) by extension 'ignore_ament_install'
[1.906s] Level 1:colcon.colcon_core.package_identification:_identify(.) by extensions ['colcon_pkg']
[1.906s] Level 1:colcon.colcon_core.package_identification:_identify(.) by extension 'colcon_pkg'
[1.906s] Level 1:colcon.colcon_core.package_identification:_identify(.) by extensions ['colcon_meta']
[1.906s] Level 1:colcon.colcon_core.package_identification:_identify(.) by extension 'colcon_meta'
[1.906s] Level 1:colcon.colcon_core.package_identification:_identify(.) by extensions ['ros']
[1.906s] Level 1:colcon.colcon_core.package_identification:_identify(.) by extension 'ros'
[1.947s] Level 1:colcon.colcon_core.package_identification:_identify(.) by extensions ['cmake', 'python']
[1.947s] Level 1:colcon.colcon_core.package_identification:_identify(.) by extension 'cmake'
[1.947s] Level 1:colcon.colcon_core.package_identification:_identify(.) by extension 'python'
[1.947s] Level 1:colcon.colcon_core.package_identification:_identify(.) by extensions ['python_setup_py']
[1.947s] Level 1:colcon.colcon_core.package_identification:_identify(.) by extension 'python_setup_py'
[1.948s] Level 1:colcon.colcon_core.package_identification:_identify(build) by extensions ['ignore', 'ignore_ament_install']
[1.948s] Level 1:colcon.colcon_core.package_identification:_identify(build) by extension 'ignore'
[1.948s] Level 1:colcon.colcon_core.package_identification:_identify(build) ignored
[1.948s] Level 1:colcon.colcon_core.package_identification:_identify(install) by extensions ['ignore', 'ignore_ament_install']
[1.949s] Level 1:colcon.colcon_core.package_identification:_identify(install) by extension 'ignore'
[1.949s] Level 1:colcon.colcon_core.package_identification:_identify(install) ignored
[1.949s] Level 1:colcon.colcon_core.package_identification:_identify(log) by extensions ['ignore', 'ignore_ament_install']
[1.949s] Level 1:colcon.colcon_core.package_identification:_identify(log) by extension 'ignore'
[1.949s] Level 1:colcon.colcon_core.package_identification:_identify(log) ignored
[1.949s] Level 1:colcon.colcon_core.package_identification:_identify(manchester_robotics) by extensions ['ignore', 'ignore_ament_install']
[1.949s] Level 1:colcon.colcon_core.package_identification:_identify(manchester_robotics) by extension 'ignore'
[1.950s] Level 1:colcon.colcon_core.package_identification:_identify(manchester_robotics) by extension 'ignore_ament_install'
[1.950s] Level 1:colcon.colcon_core.package_identification:_identify(manchester_robotics) by extensions ['colcon_pkg']
[1.950s] Level 1:colcon.colcon_core.package_identification:_identify(manchester_robotics) by extension 'colcon_pkg'
[1.950s] Level 1:colcon.colcon_core.package_identification:_identify(manchester_robotics) by extensions ['colcon_meta']
[1.950s] Level 1:colcon.colcon_core.package_identification:_identify(manchester_robotics) by extension 'colcon_meta'
[1.950s] Level 1:colcon.colcon_core.package_identification:_identify(manchester_robotics) by extensions ['ros']
[1.950s] Level 1:colcon.colcon_core.package_identification:_identify(manchester_robotics) by extension 'ros'
[1.950s] Level 1:colcon.colcon_core.package_identification:_identify(manchester_robotics) by extensions ['cmake', 'python']
[1.950s] Level 1:colcon.colcon_core.package_identification:_identify(manchester_robotics) by extension 'cmake'
[1.950s] Level 1:colcon.colcon_core.package_identification:_identify(manchester_robotics) by extension 'python'
[1.950s] Level 1:colcon.colcon_core.package_identification:_identify(manchester_robotics) by extensions ['python_setup_py']
[1.950s] Level 1:colcon.colcon_core.package_identification:_identify(manchester_robotics) by extension 'python_setup_py'
[1.950s] Level 1:colcon.colcon_core.package_identification:_identify(manchester_robotics/build) by extensions ['ignore', 'ignore_ament_install']
[1.951s] Level 1:colcon.colcon_core.package_identification:_identify(manchester_robotics/build) by extension 'ignore'
[1.951s] Level 1:colcon.colcon_core.package_identification:_identify(manchester_robotics/build) ignored
[1.951s] Level 1:colcon.colcon_core.package_identification:_identify(manchester_robotics/install) by extensions ['ignore', 'ignore_ament_install']
[1.951s] Level 1:colcon.colcon_core.package_identification:_identify(manchester_robotics/install) by extension 'ignore'
[1.951s] Level 1:colcon.colcon_core.package_identification:_identify(manchester_robotics/install) ignored
[1.951s] Level 1:colcon.colcon_core.package_identification:_identify(manchester_robotics/log) by extensions ['ignore', 'ignore_ament_install']
[1.952s] Level 1:colcon.colcon_core.package_identification:_identify(manchester_robotics/log) by extension 'ignore'
[1.952s] Level 1:colcon.colcon_core.package_identification:_identify(manchester_robotics/log) ignored
[1.952s] Level 1:colcon.colcon_core.package_identification:_identify(manchester_robotics/src) by extensions ['ignore', 'ignore_ament_install']
[1.952s] Level 1:colcon.colcon_core.package_identification:_identify(manchester_robotics/src) by extension 'ignore'
[1.952s] Level 1:colcon.colcon_core.package_identification:_identify(manchester_robotics/src) by extension 'ignore_ament_install'
[1.952s] Level 1:colcon.colcon_core.package_identification:_identify(manchester_robotics/src) by extensions ['colcon_pkg']
[1.952s] Level 1:colcon.colcon_core.package_identification:_identify(manchester_robotics/src) by extension 'colcon_pkg'
[1.952s] Level 1:colcon.colcon_core.package_identification:_identify(manchester_robotics/src) by extensions ['colcon_meta']
[1.952s] Level 1:colcon.colcon_core.package_identification:_identify(manchester_robotics/src) by extension 'colcon_meta'
[1.952s] Level 1:colcon.colcon_core.package_identification:_identify(manchester_robotics/src) by extensions ['ros']
[1.953s] Level 1:colcon.colcon_core.package_identification:_identify(manchester_robotics/src) by extension 'ros'
[1.953s] Level 1:colcon.colcon_core.package_identification:_identify(manchester_robotics/src) by extensions ['cmake', 'python']
[1.953s] Level 1:colcon.colcon_core.package_identification:_identify(manchester_robotics/src) by extension 'cmake'
[1.953s] Level 1:colcon.colcon_core.package_identification:_identify(manchester_robotics/src) by extension 'python'
[1.953s] Level 1:colcon.colcon_core.package_identification:_identify(manchester_robotics/src) by extensions ['python_setup_py']
[1.953s] Level 1:colcon.colcon_core.package_identification:_identify(manchester_robotics/src) by extension 'python_setup_py'
[1.953s] Level 1:colcon.colcon_core.package_identification:_identify(manchester_robotics/src/mini_challenge_1) by extensions ['ignore', 'ignore_ament_install']
[1.953s] Level 1:colcon.colcon_core.package_identification:_identify(manchester_robotics/src/mini_challenge_1) by extension 'ignore'
[1.954s] Level 1:colcon.colcon_core.package_identification:_identify(manchester_robotics/src/mini_challenge_1) by extension 'ignore_ament_install'
[1.954s] Level 1:colcon.colcon_core.package_identification:_identify(manchester_robotics/src/mini_challenge_1) by extensions ['colcon_pkg']
[1.954s] Level 1:colcon.colcon_core.package_identification:_identify(manchester_robotics/src/mini_challenge_1) by extension 'colcon_pkg'
[1.954s] Level 1:colcon.colcon_core.package_identification:_identify(manchester_robotics/src/mini_challenge_1) by extensions ['colcon_meta']
[1.954s] Level 1:colcon.colcon_core.package_identification:_identify(manchester_robotics/src/mini_challenge_1) by extension 'colcon_meta'
[1.954s] Level 1:colcon.colcon_core.package_identification:_identify(manchester_robotics/src/mini_challenge_1) by extensions ['ros']
[1.954s] Level 1:colcon.colcon_core.package_identification:_identify(manchester_robotics/src/mini_challenge_1) by extension 'ros'
[1.957s] DEBUG:colcon.colcon_core.package_identification:Failed to parse potential ROS package manifest in'manchester_robotics/src/mini_challenge_1': Error(s) in package 'manchester_robotics/src/mini_challenge_1/package.xml':
The manifest contains invalid XML:
mismatched tag: line 13, column 27
[1.958s] Level 1:colcon.colcon_core.package_identification:_identify(manchester_robotics/src/mini_challenge_1) by extensions ['cmake', 'python']
[1.958s] Level 1:colcon.colcon_core.package_identification:_identify(manchester_robotics/src/mini_challenge_1) by extension 'cmake'
[1.958s] Level 1:colcon.colcon_core.package_identification:_identify(manchester_robotics/src/mini_challenge_1) by extension 'python'
[1.958s] DEBUG:colcon.colcon_core.package_identification:Python package in 'manchester_robotics/src/mini_challenge_1' passes arguments to the setup() function which requires a different identification extension than 'python'
[1.958s] Level 1:colcon.colcon_core.package_identification:_identify(manchester_robotics/src/mini_challenge_1) by extensions ['python_setup_py']
[1.958s] Level 1:colcon.colcon_core.package_identification:_identify(manchester_robotics/src/mini_challenge_1) by extension 'python_setup_py'
[2.457s] DEBUG:colcon.colcon_core.package_identification:Package 'manchester_robotics/src/mini_challenge_1' with type 'python' and name 'mini_challenge_1'
[2.458s] Level 1:colcon.colcon_core.package_identification:_identify(manchester_robotics/src/mini_challenge_2) by extensions ['ignore', 'ignore_ament_install']
[2.458s] Level 1:colcon.colcon_core.package_identification:_identify(manchester_robotics/src/mini_challenge_2) by extension 'ignore'
[2.458s] Level 1:colcon.colcon_core.package_identification:_identify(manchester_robotics/src/mini_challenge_2) by extension 'ignore_ament_install'
[2.458s] Level 1:colcon.colcon_core.package_identification:_identify(manchester_robotics/src/mini_challenge_2) by extensions ['colcon_pkg']
[2.458s] Level 1:colcon.colcon_core.package_identification:_identify(manchester_robotics/src/mini_challenge_2) by extension 'colcon_pkg'
[2.458s] Level 1:colcon.colcon_core.package_identification:_identify(manchester_robotics/src/mini_challenge_2) by extensions ['colcon_meta']
[2.458s] Level 1:colcon.colcon_core.package_identification:_identify(manchester_robotics/src/mini_challenge_2) by extension 'colcon_meta'
[2.458s] Level 1:colcon.colcon_core.package_identification:_identify(manchester_robotics/src/mini_challenge_2) by extensions ['ros']
[2.458s] Level 1:colcon.colcon_core.package_identification:_identify(manchester_robotics/src/mini_challenge_2) by extension 'ros'
[2.462s] DEBUG:colcon.colcon_core.package_identification:Package 'manchester_robotics/src/mini_challenge_2' with type 'ros.ament_python' and name 'mini_challenge_2'
[2.462s] Level 1:colcon.colcon_core.package_identification:_identify(manchester_robotics/src/signal_msg) by extensions ['ignore', 'ignore_ament_install']
[2.462s] Level 1:colcon.colcon_core.package_identification:_identify(manchester_robotics/src/signal_msg) by extension 'ignore'
[2.462s] Level 1:colcon.colcon_core.package_identification:_identify(manchester_robotics/src/signal_msg) by extension 'ignore_ament_install'
[2.462s] Level 1:colcon.colcon_core.package_identification:_identify(manchester_robotics/src/signal_msg) by extensions ['colcon_pkg']
[2.462s] Level 1:colcon.colcon_core.package_identification:_identify(manchester_robotics/src/signal_msg) by extension 'colcon_pkg'
[2.462s] Level 1:colcon.colcon_core.package_identification:_identify(manchester_robotics/src/signal_msg) by extensions ['colcon_meta']
[2.463s] Level 1:colcon.colcon_core.package_identification:_identify(manchester_robotics/src/signal_msg) by extension 'colcon_meta'
[2.463s] Level 1:colcon.colcon_core.package_identification:_identify(manchester_robotics/src/signal_msg) by extensions ['ros']
[2.463s] Level 1:colcon.colcon_core.package_identification:_identify(manchester_robotics/src/signal_msg) by extension 'ros'
[2.464s] DEBUG:colcon.colcon_core.package_identification:Package 'manchester_robotics/src/signal_msg' with type 'ros.ament_cmake' and name 'signal_msg'
[2.465s] Level 1:colcon.colcon_core.package_identification:_identify(vision) by extensions ['ignore', 'ignore_ament_install']
[2.465s] Level 1:colcon.colcon_core.package_identification:_identify(vision) by extension 'ignore'
[2.465s] Level 1:colcon.colcon_core.package_identification:_identify(vision) by extension 'ignore_ament_install'
[2.465s] Level 1:colcon.colcon_core.package_identification:_identify(vision) by extensions ['colcon_pkg']
[2.465s] Level 1:colcon.colcon_core.package_identification:_identify(vision) by extension 'colcon_pkg'
[2.465s] Level 1:colcon.colcon_core.package_identification:_identify(vision) by extensions ['colcon_meta']
[2.465s] Level 1:colcon.colcon_core.package_identification:_identify(vision) by extension 'colcon_meta'
[2.465s] Level 1:colcon.colcon_core.package_identification:_identify(vision) by extensions ['ros']
[2.465s] Level 1:colcon.colcon_core.package_identification:_identify(vision) by extension 'ros'
[2.465s] Level 1:colcon.colcon_core.package_identification:_identify(vision) by extensions ['cmake', 'python']
[2.465s] Level 1:colcon.colcon_core.package_identification:_identify(vision) by extension 'cmake'
[2.465s] Level 1:colcon.colcon_core.package_identification:_identify(vision) by extension 'python'
[2.465s] Level 1:colcon.colcon_core.package_identification:_identify(vision) by extensions ['python_setup_py']
[2.465s] Level 1:colcon.colcon_core.package_identification:_identify(vision) by extension 'python_setup_py'
[2.466s] Level 1:colcon.colcon_core.package_identification:_identify(vision/challenge_01) by extensions ['ignore', 'ignore_ament_install']
[2.466s] Level 1:colcon.colcon_core.package_identification:_identify(vision/challenge_01) by extension 'ignore'
[2.466s] Level 1:colcon.colcon_core.package_identification:_identify(vision/challenge_01) by extension 'ignore_ament_install'
[2.466s] Level 1:colcon.colcon_core.package_identification:_identify(vision/challenge_01) by extensions ['colcon_pkg']
[2.466s] Level 1:colcon.colcon_core.package_identification:_identify(vision/challenge_01) by extension 'colcon_pkg'
[2.466s] Level 1:colcon.colcon_core.package_identification:_identify(vision/challenge_01) by extensions ['colcon_meta']
[2.466s] Level 1:colcon.colcon_core.package_identification:_identify(vision/challenge_01) by extension 'colcon_meta'
[2.466s] Level 1:colcon.colcon_core.package_identification:_identify(vision/challenge_01) by extensions ['ros']
[2.466s] Level 1:colcon.colcon_core.package_identification:_identify(vision/challenge_01) by extension 'ros'
[2.466s] Level 1:colcon.colcon_core.package_identification:_identify(vision/challenge_01) by extensions ['cmake', 'python']
[2.466s] Level 1:colcon.colcon_core.package_identification:_identify(vision/challenge_01) by extension 'cmake'
[2.466s] Level 1:colcon.colcon_core.package_identification:_identify(vision/challenge_01) by extension 'python'
[2.466s] Level 1:colcon.colcon_core.package_identification:_identify(vision/challenge_01) by extensions ['python_setup_py']
[2.466s] Level 1:colcon.colcon_core.package_identification:_identify(vision/challenge_01) by extension 'python_setup_py'
[2.467s] Level 1:colcon.colcon_core.package_identification:_identify(vision/challenge_02) by extensions ['ignore', 'ignore_ament_install']
[2.467s] Level 1:colcon.colcon_core.package_identification:_identify(vision/challenge_02) by extension 'ignore'
[2.467s] Level 1:colcon.colcon_core.package_identification:_identify(vision/challenge_02) by extension 'ignore_ament_install'
[2.467s] Level 1:colcon.colcon_core.package_identification:_identify(vision/challenge_02) by extensions ['colcon_pkg']
[2.467s] Level 1:colcon.colcon_core.package_identification:_identify(vision/challenge_02) by extension 'colcon_pkg'
[2.467s] Level 1:colcon.colcon_core.package_identification:_identify(vision/challenge_02) by extensions ['colcon_meta']
[2.467s] Level 1:colcon.colcon_core.package_identification:_identify(vision/challenge_02) by extension 'colcon_meta'
[2.467s] Level 1:colcon.colcon_core.package_identification:_identify(vision/challenge_02) by extensions ['ros']
[2.467s] Level 1:colcon.colcon_core.package_identification:_identify(vision/challenge_02) by extension 'ros'
[2.467s] Level 1:colcon.colcon_core.package_identification:_identify(vision/challenge_02) by extensions ['cmake', 'python']
[2.467s] Level 1:colcon.colcon_core.package_identification:_identify(vision/challenge_02) by extension 'cmake'
[2.467s] Level 1:colcon.colcon_core.package_identification:_identify(vision/challenge_02) by extension 'python'
[2.467s] Level 1:colcon.colcon_core.package_identification:_identify(vision/challenge_02) by extensions ['python_setup_py']
[2.467s] Level 1:colcon.colcon_core.package_identification:_identify(vision/challenge_02) by extension 'python_setup_py'
[2.467s] Level 1:colcon.colcon_core.package_discovery:discover_packages(recursive) using defaults
[2.468s] Level 1:colcon.colcon_core.package_discovery:discover_packages(ignore) discover
[2.468s] Level 1:colcon.colcon_core.package_discovery:discover_packages(ignore) using defaults
[2.468s] Level 1:colcon.colcon_core.package_discovery:discover_packages(path) discover
[2.468s] Level 1:colcon.colcon_core.package_discovery:discover_packages(path) using defaults
[2.609s] Level 1:colcon.colcon_core.package_discovery:discover_packages(prefix_path) check parameters
[2.610s] Level 1:colcon.colcon_core.package_discovery:discover_packages(prefix_path) discover
[2.666s] DEBUG:colcon.colcon_installed_package_information.package_discovery:Found 3 installed packages in /home/mcr2/robotica_inteligente_eq5/install
[2.693s] DEBUG:colcon.colcon_installed_package_information.package_discovery:Found 18 installed packages in /home/mcr2/ros2_utilities_ws/install
[2.712s] DEBUG:colcon.colcon_installed_package_information.package_discovery:Found 345 installed packages in /opt/ros/humble
[2.727s] Level 1:colcon.colcon_core.package_discovery:discover_packages(prefix_path) using defaults
[2.903s] Level 5:colcon.colcon_core.verb:set package 'mini_challenge_1' build argument 'cmake_args' from command line to 'None'
[2.904s] Level 5:colcon.colcon_core.verb:set package 'mini_challenge_1' build argument 'cmake_target' from command line to 'None'
[2.904s] Level 5:colcon.colcon_core.verb:set package 'mini_challenge_1' build argument 'cmake_target_skip_unavailable' from command line to 'False'
[2.904s] Level 5:colcon.colcon_core.verb:set package 'mini_challenge_1' build argument 'cmake_clean_cache' from command line to 'False'
[2.904s] Level 5:colcon.colcon_core.verb:set package 'mini_challenge_1' build argument 'cmake_clean_first' from command line to 'False'
[2.904s] Level 5:colcon.colcon_core.verb:set package 'mini_challenge_1' build argument 'cmake_force_configure' from command line to 'False'
[2.904s] Level 5:colcon.colcon_core.verb:set package 'mini_challenge_1' build argument 'ament_cmake_args' from command line to 'None'
[2.904s] Level 5:colcon.colcon_core.verb:set package 'mini_challenge_1' build argument 'catkin_cmake_args' from command line to 'None'
[2.904s] Level 5:colcon.colcon_core.verb:set package 'mini_challenge_1' build argument 'catkin_skip_building_tests' from command line to 'False'
[2.904s] DEBUG:colcon.colcon_core.verb:Building package 'mini_challenge_1' with the following arguments: {'ament_cmake_args': None, 'build_base': '/home/mcr2/robotica_inteligente_eq5/build/mini_challenge_1', 'catkin_cmake_args': None, 'catkin_skip_building_tests': False, 'cmake_args': None, 'cmake_clean_cache': False, 'cmake_clean_first': False, 'cmake_force_configure': False, 'cmake_target': None, 'cmake_target_skip_unavailable': False, 'install_base': '/home/mcr2/robotica_inteligente_eq5/install/mini_challenge_1', 'merge_install': False, 'path': '/home/mcr2/robotica_inteligente_eq5/manchester_robotics/src/mini_challenge_1', 'symlink_install': False, 'test_result_base': None}
[2.928s] Level 5:colcon.colcon_core.verb:set package 'signal_msg' build argument 'cmake_args' from command line to 'None'
[2.928s] Level 5:colcon.colcon_core.verb:set package 'signal_msg' build argument 'cmake_target' from command line to 'None'
[2.928s] Level 5:colcon.colcon_core.verb:set package 'signal_msg' build argument 'cmake_target_skip_unavailable' from command line to 'False'
[2.928s] Level 5:colcon.colcon_core.verb:set package 'signal_msg' build argument 'cmake_clean_cache' from command line to 'False'
[2.928s] Level 5:colcon.colcon_core.verb:set package 'signal_msg' build argument 'cmake_clean_first' from command line to 'False'
[2.928s] Level 5:colcon.colcon_core.verb:set package 'signal_msg' build argument 'cmake_force_configure' from command line to 'False'
[2.928s] Level 5:colcon.colcon_core.verb:set package 'signal_msg' build argument 'ament_cmake_args' from command line to 'None'
[2.928s] Level 5:colcon.colcon_core.verb:set package 'signal_msg' build argument 'catkin_cmake_args' from command line to 'None'
[2.928s] Level 5:colcon.colcon_core.verb:set package 'signal_msg' build argument 'catkin_skip_building_tests' from command line to 'False'
[2.929s] DEBUG:colcon.colcon_core.verb:Building package 'signal_msg' with the following arguments: {'ament_cmake_args': None, 'build_base': '/home/mcr2/robotica_inteligente_eq5/build/signal_msg', 'catkin_cmake_args': None, 'catkin_skip_building_tests': False, 'cmake_args': None, 'cmake_clean_cache': False, 'cmake_clean_first': False, 'cmake_force_configure': False, 'cmake_target': None, 'cmake_target_skip_unavailable': False, 'install_base': '/home/mcr2/robotica_inteligente_eq5/install/signal_msg', 'merge_install': False, 'path': '/home/mcr2/robotica_inteligente_eq5/manchester_robotics/src/signal_msg', 'symlink_install': False, 'test_result_base': None}
[2.955s] Level 5:colcon.colcon_core.verb:set package 'mini_challenge_2' build argument 'cmake_args' from command line to 'None'
[2.956s] Level 5:colcon.colcon_core.verb:set package 'mini_challenge_2' build argument 'cmake_target' from command line to 'None'
[2.956s] Level 5:colcon.colcon_core.verb:set package 'mini_challenge_2' build argument 'cmake_target_skip_unavailable' from command line to 'False'
[2.956s] Level 5:colcon.colcon_core.verb:set package 'mini_challenge_2' build argument 'cmake_clean_cache' from command line to 'False'
[2.956s] Level 5:colcon.colcon_core.verb:set package 'mini_challenge_2' build argument 'cmake_clean_first' from command line to 'False'
[2.956s] Level 5:colcon.colcon_core.verb:set package 'mini_challenge_2' build argument 'cmake_force_configure' from command line to 'False'
[2.956s] Level 5:colcon.colcon_core.verb:set package 'mini_challenge_2' build argument 'ament_cmake_args' from command line to 'None'
[2.956s] Level 5:colcon.colcon_core.verb:set package 'mini_challenge_2' build argument 'catkin_cmake_args' from command line to 'None'
[2.956s] Level 5:colcon.colcon_core.verb:set package 'mini_challenge_2' build argument 'catkin_skip_building_tests' from command line to 'False'
[2.956s] DEBUG:colcon.colcon_core.verb:Building package 'mini_challenge_2' with the following arguments: {'ament_cmake_args': None, 'build_base': '/home/mcr2/robotica_inteligente_eq5/build/mini_challenge_2', 'catkin_cmake_args': None, 'catkin_skip_building_tests': False, 'cmake_args': None, 'cmake_clean_cache': False, 'cmake_clean_first': False, 'cmake_force_configure': False, 'cmake_target': None, 'cmake_target_skip_unavailable': False, 'install_base': '/home/mcr2/robotica_inteligente_eq5/install/mini_challenge_2', 'merge_install': False, 'path': '/home/mcr2/robotica_inteligente_eq5/manchester_robotics/src/mini_challenge_2', 'symlink_install': False, 'test_result_base': None}
[2.980s] INFO:colcon.colcon_core.executor:Executing jobs using 'parallel' executor
[3.006s] DEBUG:colcon.colcon_parallel_executor.executor.parallel:run_until_complete
[3.006s] INFO:colcon.colcon_ros.task.ament_cmake.build:Building ROS package in '/home/mcr2/robotica_inteligente_eq5/manchester_robotics/src/signal_msg' with build type 'ament_cmake'
[3.007s] INFO:colcon.colcon_cmake.task.cmake.build:Building CMake package in '/home/mcr2/robotica_inteligente_eq5/manchester_robotics/src/signal_msg'
[3.036s] INFO:colcon.colcon_core.plugin_system:Skipping extension 'colcon_core.shell.bat': Not used on non-Windows systems
[3.037s] INFO:colcon.colcon_core.shell:Skip shell extension 'powershell' for command environment: Not usable outside of PowerShell
[3.037s] DEBUG:colcon.colcon_core.shell:Skip shell extension 'dsv' for command environment
[3.148s] INFO:colcon.colcon_core.task.python.build:Building Python package in '/home/mcr2/robotica_inteligente_eq5/manchester_robotics/src/mini_challenge_1'
[3.184s] INFO:colcon.colcon_core.shell:Skip shell extension 'powershell' for command environment: Not usable outside of PowerShell
[3.185s] DEBUG:colcon.colcon_core.shell:Skip shell extension 'dsv' for command environment
[3.305s] DEBUG:colcon.colcon_core.event_handler.log_command:Invoking command in '/home/mcr2/robotica_inteligente_eq5/build/signal_msg': CMAKE_PREFIX_PATH=${CMAKE_PREFIX_PATH}:/home/mcr2/robotica_inteligente_eq5/install/mini_challenge_2:/opt/ros/humble /usr/bin/cmake --build /home/mcr2/robotica_inteligente_eq5/build/signal_msg -- -j16 -l16
[4.093s] DEBUG:colcon.colcon_core.event_handler.log_command:Invoked command in '/home/mcr2/robotica_inteligente_eq5/build/signal_msg' returned '0': CMAKE_PREFIX_PATH=${CMAKE_PREFIX_PATH}:/home/mcr2/robotica_inteligente_eq5/install/mini_challenge_2:/opt/ros/humble /usr/bin/cmake --build /home/mcr2/robotica_inteligente_eq5/build/signal_msg -- -j16 -l16
[4.238s] DEBUG:colcon.colcon_core.event_handler.log_command:Invoking command in '/home/mcr2/robotica_inteligente_eq5/build/signal_msg': CMAKE_PREFIX_PATH=${CMAKE_PREFIX_PATH}:/home/mcr2/robotica_inteligente_eq5/install/mini_challenge_2:/opt/ros/humble /usr/bin/cmake --install /home/mcr2/robotica_inteligente_eq5/build/signal_msg
[4.339s] Level 1:colcon.colcon_core.environment:create_environment_scripts_only(signal_msg)
[4.341s] DEBUG:colcon.colcon_core.event_handler.log_command:Invoked command in '/home/mcr2/robotica_inteligente_eq5/build/signal_msg' returned '0': CMAKE_PREFIX_PATH=${CMAKE_PREFIX_PATH}:/home/mcr2/robotica_inteligente_eq5/install/mini_challenge_2:/opt/ros/humble /usr/bin/cmake --install /home/mcr2/robotica_inteligente_eq5/build/signal_msg
[4.365s] Level 1:colcon.colcon_core.environment:checking '/home/mcr2/robotica_inteligente_eq5/install/signal_msg' for CMake module files
[4.366s] Level 1:colcon.colcon_core.environment:checking '/home/mcr2/robotica_inteligente_eq5/install/signal_msg' for CMake config files
[4.366s] Level 1:colcon.colcon_core.shell:create_environment_hook('signal_msg', 'cmake_prefix_path')
[4.395s] INFO:colcon.colcon_core.shell:Creating environment hook '/home/mcr2/robotica_inteligente_eq5/install/signal_msg/share/signal_msg/hook/cmake_prefix_path.ps1'
[4.396s] INFO:colcon.colcon_core.shell:Creating environment descriptor '/home/mcr2/robotica_inteligente_eq5/install/signal_msg/share/signal_msg/hook/cmake_prefix_path.dsv'
[4.397s] INFO:colcon.colcon_core.shell:Creating environment hook '/home/mcr2/robotica_inteligente_eq5/install/signal_msg/share/signal_msg/hook/cmake_prefix_path.sh'
[4.399s] Level 1:colcon.colcon_core.environment:checking '/home/mcr2/robotica_inteligente_eq5/install/signal_msg/lib'
[4.399s] Level 1:colcon.colcon_core.shell:create_environment_hook('signal_msg', 'ld_library_path_lib')
[4.423s] INFO:colcon.colcon_core.shell:Creating environment hook '/home/mcr2/robotica_inteligente_eq5/install/signal_msg/share/signal_msg/hook/ld_library_path_lib.ps1'
[4.425s] INFO:colcon.colcon_core.shell:Creating environment descriptor '/home/mcr2/robotica_inteligente_eq5/install/signal_msg/share/signal_msg/hook/ld_library_path_lib.dsv'
[4.426s] INFO:colcon.colcon_core.shell:Creating environment hook '/home/mcr2/robotica_inteligente_eq5/install/signal_msg/share/signal_msg/hook/ld_library_path_lib.sh'
[4.426s] Level 1:colcon.colcon_core.environment:checking '/home/mcr2/robotica_inteligente_eq5/install/signal_msg/bin'
[4.427s] Level 1:colcon.colcon_core.environment:checking '/home/mcr2/robotica_inteligente_eq5/install/signal_msg/lib/pkgconfig/signal_msg.pc'
[4.427s] Level 1:colcon.colcon_core.environment:checking '/home/mcr2/robotica_inteligente_eq5/install/signal_msg/lib/python3.10/site-packages'
[4.428s] Level 1:colcon.colcon_core.environment:checking '/home/mcr2/robotica_inteligente_eq5/install/signal_msg/bin'
[4.455s] INFO:colcon.colcon_core.shell:Creating package script '/home/mcr2/robotica_inteligente_eq5/install/signal_msg/share/signal_msg/package.ps1'
[4.457s] INFO:colcon.colcon_core.shell:Creating package descriptor '/home/mcr2/robotica_inteligente_eq5/install/signal_msg/share/signal_msg/package.dsv'
[4.458s] INFO:colcon.colcon_core.shell:Creating package script '/home/mcr2/robotica_inteligente_eq5/install/signal_msg/share/signal_msg/package.sh'
[4.459s] INFO:colcon.colcon_core.shell:Creating package script '/home/mcr2/robotica_inteligente_eq5/install/signal_msg/share/signal_msg/package.bash'
[4.461s] INFO:colcon.colcon_core.shell:Creating package script '/home/mcr2/robotica_inteligente_eq5/install/signal_msg/share/signal_msg/package.zsh'
[4.462s] Level 1:colcon.colcon_core.environment:create_file_with_runtime_dependencies(/home/mcr2/robotica_inteligente_eq5/install/signal_msg/share/colcon-core/packages/signal_msg)
[4.486s] DEBUG:colcon.colcon_core.event_handler.log_command:Invoking command in '/home/mcr2/robotica_inteligente_eq5/manchester_robotics/src/mini_challenge_1': PYTHONPATH=/home/mcr2/robotica_inteligente_eq5/build/mini_challenge_1/prefix_override:/home/mcr2/robotica_inteligente_eq5/install/mini_challenge_1/lib/python3.10/site-packages:${PYTHONPATH} /usr/bin/python3 setup.py egg_info --egg-base ../../../build/mini_challenge_1 build --build-base /home/mcr2/robotica_inteligente_eq5/build/mini_challenge_1/build install --record /home/mcr2/robotica_inteligente_eq5/build/mini_challenge_1/install.log --single-version-externally-managed
[4.628s] Level 1:colcon.colcon_core.environment:create_environment_scripts_only(signal_msg)
[4.653s] Level 1:colcon.colcon_core.environment:checking '/home/mcr2/robotica_inteligente_eq5/install/signal_msg' for CMake module files
[4.662s] Level 1:colcon.colcon_core.environment:checking '/home/mcr2/robotica_inteligente_eq5/install/signal_msg' for CMake config files
[4.667s] Level 1:colcon.colcon_core.shell:create_environment_hook('signal_msg', 'cmake_prefix_path')
[4.686s] INFO:colcon.colcon_core.shell:Creating environment hook '/home/mcr2/robotica_inteligente_eq5/install/signal_msg/share/signal_msg/hook/cmake_prefix_path.ps1'
[4.687s] INFO:colcon.colcon_core.shell:Creating environment descriptor '/home/mcr2/robotica_inteligente_eq5/install/signal_msg/share/signal_msg/hook/cmake_prefix_path.dsv'
[4.687s] INFO:colcon.colcon_core.shell:Creating environment hook '/home/mcr2/robotica_inteligente_eq5/install/signal_msg/share/signal_msg/hook/cmake_prefix_path.sh'
[4.689s] Level 1:colcon.colcon_core.environment:checking '/home/mcr2/robotica_inteligente_eq5/install/signal_msg/lib'
[4.689s] Level 1:colcon.colcon_core.shell:create_environment_hook('signal_msg', 'ld_library_path_lib')
[4.711s] INFO:colcon.colcon_core.shell:Creating environment hook '/home/mcr2/robotica_inteligente_eq5/install/signal_msg/share/signal_msg/hook/ld_library_path_lib.ps1'
[4.713s] INFO:colcon.colcon_core.shell:Creating environment descriptor '/home/mcr2/robotica_inteligente_eq5/install/signal_msg/share/signal_msg/hook/ld_library_path_lib.dsv'
[4.714s] INFO:colcon.colcon_core.shell:Creating environment hook '/home/mcr2/robotica_inteligente_eq5/install/signal_msg/share/signal_msg/hook/ld_library_path_lib.sh'
[4.714s] Level 1:colcon.colcon_core.environment:checking '/home/mcr2/robotica_inteligente_eq5/install/signal_msg/bin'
[4.714s] Level 1:colcon.colcon_core.environment:checking '/home/mcr2/robotica_inteligente_eq5/install/signal_msg/lib/pkgconfig/signal_msg.pc'
[4.715s] Level 1:colcon.colcon_core.environment:checking '/home/mcr2/robotica_inteligente_eq5/install/signal_msg/lib/python3.10/site-packages'
[4.715s] Level 1:colcon.colcon_core.environment:checking '/home/mcr2/robotica_inteligente_eq5/install/signal_msg/bin'
[4.740s] INFO:colcon.colcon_core.shell:Creating package script '/home/mcr2/robotica_inteligente_eq5/install/signal_msg/share/signal_msg/package.ps1'
[4.741s] INFO:colcon.colcon_core.shell:Creating package descriptor '/home/mcr2/robotica_inteligente_eq5/install/signal_msg/share/signal_msg/package.dsv'
[4.742s] INFO:colcon.colcon_core.shell:Creating package script '/home/mcr2/robotica_inteligente_eq5/install/signal_msg/share/signal_msg/package.sh'
[4.743s] INFO:colcon.colcon_core.shell:Creating package script '/home/mcr2/robotica_inteligente_eq5/install/signal_msg/share/signal_msg/package.bash'
[4.744s] INFO:colcon.colcon_core.shell:Creating package script '/home/mcr2/robotica_inteligente_eq5/install/signal_msg/share/signal_msg/package.zsh'
[4.744s] Level 1:colcon.colcon_core.environment:create_file_with_runtime_dependencies(/home/mcr2/robotica_inteligente_eq5/install/signal_msg/share/colcon-core/packages/signal_msg)
[4.745s] INFO:colcon.colcon_ros.task.ament_python.build:Building ROS package in '/home/mcr2/robotica_inteligente_eq5/manchester_robotics/src/mini_challenge_2' with build type 'ament_python'
[4.746s] Level 1:colcon.colcon_core.shell:create_environment_hook('mini_challenge_2', 'ament_prefix_path')
[4.769s] INFO:colcon.colcon_core.shell:Creating environment hook '/home/mcr2/robotica_inteligente_eq5/install/mini_challenge_2/share/mini_challenge_2/hook/ament_prefix_path.ps1'
[4.770s] INFO:colcon.colcon_core.shell:Creating environment descriptor '/home/mcr2/robotica_inteligente_eq5/install/mini_challenge_2/share/mini_challenge_2/hook/ament_prefix_path.dsv'
[4.770s] INFO:colcon.colcon_core.shell:Creating environment hook '/home/mcr2/robotica_inteligente_eq5/install/mini_challenge_2/share/mini_challenge_2/hook/ament_prefix_path.sh'
[4.793s] INFO:colcon.colcon_core.shell:Skip shell extension 'powershell' for command environment: Not usable outside of PowerShell
[4.793s] DEBUG:colcon.colcon_core.shell:Skip shell extension 'dsv' for command environment
[5.351s] INFO:colcon.colcon_core.task.python.build:Building Python package in '/home/mcr2/robotica_inteligente_eq5/manchester_robotics/src/mini_challenge_2'
[5.376s] INFO:colcon.colcon_core.shell:Skip shell extension 'powershell' for command environment: Not usable outside of PowerShell
[5.376s] DEBUG:colcon.colcon_core.shell:Skip shell extension 'dsv' for command environment
[5.472s] DEBUG:colcon.colcon_core.event_handler.log_command:Invoked command in '/home/mcr2/robotica_inteligente_eq5/manchester_robotics/src/mini_challenge_1' returned '0': PYTHONPATH=/home/mcr2/robotica_inteligente_eq5/build/mini_challenge_1/prefix_override:/home/mcr2/robotica_inteligente_eq5/install/mini_challenge_1/lib/python3.10/site-packages:${PYTHONPATH} /usr/bin/python3 setup.py egg_info --egg-base ../../../build/mini_challenge_1 build --build-base /home/mcr2/robotica_inteligente_eq5/build/mini_challenge_1/build install --record /home/mcr2/robotica_inteligente_eq5/build/mini_challenge_1/install.log --single-version-externally-managed
[5.497s] Level 1:colcon.colcon_core.environment:checking '/home/mcr2/robotica_inteligente_eq5/install/mini_challenge_1' for CMake module files
[5.497s] Level 1:colcon.colcon_core.environment:checking '/home/mcr2/robotica_inteligente_eq5/install/mini_challenge_1' for CMake config files
[5.498s] Level 1:colcon.colcon_core.environment:checking '/home/mcr2/robotica_inteligente_eq5/install/mini_challenge_1/lib'
[5.498s] Level 1:colcon.colcon_core.environment:checking '/home/mcr2/robotica_inteligente_eq5/install/mini_challenge_1/bin'
[5.498s] Level 1:colcon.colcon_core.environment:checking '/home/mcr2/robotica_inteligente_eq5/install/mini_challenge_1/lib/pkgconfig/mini_challenge_1.pc'
[5.498s] Level 1:colcon.colcon_core.environment:checking '/home/mcr2/robotica_inteligente_eq5/install/mini_challenge_1/lib/python3.10/site-packages'
[5.498s] Level 1:colcon.colcon_core.shell:create_environment_hook('mini_challenge_1', 'pythonpath')
[5.521s] INFO:colcon.colcon_core.shell:Creating environment hook '/home/mcr2/robotica_inteligente_eq5/install/mini_challenge_1/share/mini_challenge_1/hook/pythonpath.ps1'
[5.522s] INFO:colcon.colcon_core.shell:Creating environment descriptor '/home/mcr2/robotica_inteligente_eq5/install/mini_challenge_1/share/mini_challenge_1/hook/pythonpath.dsv'
[5.522s] INFO:colcon.colcon_core.shell:Creating environment hook '/home/mcr2/robotica_inteligente_eq5/install/mini_challenge_1/share/mini_challenge_1/hook/pythonpath.sh'
[5.524s] Level 1:colcon.colcon_core.environment:checking '/home/mcr2/robotica_inteligente_eq5/install/mini_challenge_1/bin'
[5.524s] Level 1:colcon.colcon_core.environment:create_environment_scripts_only(mini_challenge_1)
[5.548s] INFO:colcon.colcon_core.shell:Creating package script '/home/mcr2/robotica_inteligente_eq5/install/mini_challenge_1/share/mini_challenge_1/package.ps1'
[5.549s] INFO:colcon.colcon_core.shell:Creating package descriptor '/home/mcr2/robotica_inteligente_eq5/install/mini_challenge_1/share/mini_challenge_1/package.dsv'
[5.550s] INFO:colcon.colcon_core.shell:Creating package script '/home/mcr2/robotica_inteligente_eq5/install/mini_challenge_1/share/mini_challenge_1/package.sh'
[5.550s] INFO:colcon.colcon_core.shell:Creating package script '/home/mcr2/robotica_inteligente_eq5/install/mini_challenge_1/share/mini_challenge_1/package.bash'
[5.551s] INFO:colcon.colcon_core.shell:Creating package script '/home/mcr2/robotica_inteligente_eq5/install/mini_challenge_1/share/mini_challenge_1/package.zsh'
[5.551s] Level 1:colcon.colcon_core.environment:create_file_with_runtime_dependencies(/home/mcr2/robotica_inteligente_eq5/install/mini_challenge_1/share/colcon-core/packages/mini_challenge_1)
[6.245s] DEBUG:colcon.colcon_core.event_handler.log_command:Invoking command in '/home/mcr2/robotica_inteligente_eq5/manchester_robotics/src/mini_challenge_2': PYTHONPATH=/home/mcr2/robotica_inteligente_eq5/build/mini_challenge_2/prefix_override:/home/mcr2/robotica_inteligente_eq5/install/mini_challenge_2/lib/python3.10/site-packages:${PYTHONPATH} /usr/bin/python3 setup.py egg_info --egg-base ../../../build/mini_challenge_2 build --build-base /home/mcr2/robotica_inteligente_eq5/build/mini_challenge_2/build install --record /home/mcr2/robotica_inteligente_eq5/build/mini_challenge_2/install.log --single-version-externally-managed
[6.778s] DEBUG:colcon.colcon_core.event_handler.log_command:Invoked command in '/home/mcr2/robotica_inteligente_eq5/manchester_robotics/src/mini_challenge_2' returned '0': PYTHONPATH=/home/mcr2/robotica_inteligente_eq5/build/mini_challenge_2/prefix_override:/home/mcr2/robotica_inteligente_eq5/install/mini_challenge_2/lib/python3.10/site-packages:${PYTHONPATH} /usr/bin/python3 setup.py egg_info --egg-base ../../../build/mini_challenge_2 build --build-base /home/mcr2/robotica_inteligente_eq5/build/mini_challenge_2/build install --record /home/mcr2/robotica_inteligente_eq5/build/mini_challenge_2/install.log --single-version-externally-managed
[6.802s] Level 1:colcon.colcon_core.environment:checking '/home/mcr2/robotica_inteligente_eq5/install/mini_challenge_2' for CMake module files
[6.803s] Level 1:colcon.colcon_core.environment:checking '/home/mcr2/robotica_inteligente_eq5/install/mini_challenge_2' for CMake config files
[6.804s] Level 1:colcon.colcon_core.environment:checking '/home/mcr2/robotica_inteligente_eq5/install/mini_challenge_2/lib'
[6.804s] Level 1:colcon.colcon_core.environment:checking '/home/mcr2/robotica_inteligente_eq5/install/mini_challenge_2/bin'
[6.804s] Level 1:colcon.colcon_core.environment:checking '/home/mcr2/robotica_inteligente_eq5/install/mini_challenge_2/lib/pkgconfig/mini_challenge_2.pc'
[6.804s] Level 1:colcon.colcon_core.environment:checking '/home/mcr2/robotica_inteligente_eq5/install/mini_challenge_2/lib/python3.10/site-packages'
[6.804s] Level 1:colcon.colcon_core.shell:create_environment_hook('mini_challenge_2', 'pythonpath')
[6.827s] INFO:colcon.colcon_core.shell:Creating environment hook '/home/mcr2/robotica_inteligente_eq5/install/mini_challenge_2/share/mini_challenge_2/hook/pythonpath.ps1'
[6.828s] INFO:colcon.colcon_core.shell:Creating environment descriptor '/home/mcr2/robotica_inteligente_eq5/install/mini_challenge_2/share/mini_challenge_2/hook/pythonpath.dsv'
[6.829s] INFO:colcon.colcon_core.shell:Creating environment hook '/home/mcr2/robotica_inteligente_eq5/install/mini_challenge_2/share/mini_challenge_2/hook/pythonpath.sh'
[6.830s] Level 1:colcon.colcon_core.environment:checking '/home/mcr2/robotica_inteligente_eq5/install/mini_challenge_2/bin'
[6.831s] Level 1:colcon.colcon_core.environment:create_environment_scripts_only(mini_challenge_2)
[6.852s] INFO:colcon.colcon_core.shell:Creating package script '/home/mcr2/robotica_inteligente_eq5/install/mini_challenge_2/share/mini_challenge_2/package.ps1'
[6.853s] INFO:colcon.colcon_core.shell:Creating package descriptor '/home/mcr2/robotica_inteligente_eq5/install/mini_challenge_2/share/mini_challenge_2/package.dsv'
[6.855s] INFO:colcon.colcon_core.shell:Creating package script '/home/mcr2/robotica_inteligente_eq5/install/mini_challenge_2/share/mini_challenge_2/package.sh'
[6.855s] INFO:colcon.colcon_core.shell:Creating package script '/home/mcr2/robotica_inteligente_eq5/install/mini_challenge_2/share/mini_challenge_2/package.bash'
[6.856s] INFO:colcon.colcon_core.shell:Creating package script '/home/mcr2/robotica_inteligente_eq5/install/mini_challenge_2/share/mini_challenge_2/package.zsh'
[6.857s] Level 1:colcon.colcon_core.environment:create_file_with_runtime_dependencies(/home/mcr2/robotica_inteligente_eq5/install/mini_challenge_2/share/colcon-core/packages/mini_challenge_2)
[6.858s] DEBUG:colcon.colcon_parallel_executor.executor.parallel:closing loop
[6.859s] DEBUG:colcon.colcon_parallel_executor.executor.parallel:loop closed
[6.859s] DEBUG:colcon.colcon_parallel_executor.executor.parallel:run_until_complete finished with '0'
[6.859s] DEBUG:colcon.colcon_core.event_reactor:joining thread
[6.896s] INFO:colcon.colcon_core.plugin_system:Skipping extension 'colcon_notification.desktop_notification.terminal_notifier': Not used on non-Darwin systems
[6.896s] INFO:colcon.colcon_core.plugin_system:Skipping extension 'colcon_notification.desktop_notification.win32': Not used on non-Windows systems
[6.896s] INFO:colcon.colcon_notification.desktop_notification:Sending desktop notification using 'notify2'
[6.923s] DEBUG:colcon.colcon_core.event_reactor:joined thread
[6.953s] INFO:colcon.colcon_core.shell:Creating prefix script '/home/mcr2/robotica_inteligente_eq5/install/local_setup.ps1'
[6.955s] INFO:colcon.colcon_core.shell:Creating prefix util module '/home/mcr2/robotica_inteligente_eq5/install/_local_setup_util_ps1.py'
[6.958s] INFO:colcon.colcon_core.shell:Creating prefix chain script '/home/mcr2/robotica_inteligente_eq5/install/setup.ps1'
[6.990s] INFO:colcon.colcon_core.shell:Creating prefix script '/home/mcr2/robotica_inteligente_eq5/install/local_setup.sh'
[6.991s] INFO:colcon.colcon_core.shell:Creating prefix util module '/home/mcr2/robotica_inteligente_eq5/install/_local_setup_util_sh.py'
[6.992s] INFO:colcon.colcon_core.shell:Creating prefix chain script '/home/mcr2/robotica_inteligente_eq5/install/setup.sh'
[7.026s] INFO:colcon.colcon_core.shell:Creating prefix script '/home/mcr2/robotica_inteligente_eq5/install/local_setup.bash'
[7.027s] INFO:colcon.colcon_core.shell:Creating prefix chain script '/home/mcr2/robotica_inteligente_eq5/install/setup.bash'
[7.059s] INFO:colcon.colcon_core.shell:Creating prefix script '/home/mcr2/robotica_inteligente_eq5/install/local_setup.zsh'
[7.063s] INFO:colcon.colcon_core.shell:Creating prefix chain script '/home/mcr2/robotica_inteligente_eq5/install/setup.zsh'
