[0.137s] DEBUG:colcon:Command line arguments: ['/usr/bin/colcon', 'build']
[0.138s] DEBUG:colcon:Parsed command line arguments: Namespace(log_base=None, log_level=None, verb_name='build', build_base='build', install_base='install', merge_install=False, symlink_install=False, test_result_base=None, continue_on_error=False, executor='parallel', parallel_workers=4, event_handlers=None, ignore_user_meta=False, metas=['./colcon.meta'], base_paths=['.'], packages_ignore=None, packages_ignore_regex=None, paths=None, packages_up_to=None, packages_up_to_regex=None, packages_above=None, packages_above_and_dependencies=None, packages_above_depth=None, packages_select_by_dep=None, packages_skip_by_dep=None, packages_skip_up_to=None, packages_select_build_failed=False, packages_skip_build_finished=False, packages_select_test_failures=False, packages_skip_test_passed=False, packages_select=None, packages_skip=None, packages_select_regex=None, packages_skip_regex=None, packages_start=None, packages_end=None, allow_overriding=[], cmake_args=None, cmake_target=None, cmake_target_skip_unavailable=False, cmake_clean_cache=False, cmake_clean_first=False, cmake_force_configure=False, ament_cmake_args=None, catkin_cmake_args=None, catkin_skip_building_tests=False, verb_parser=<colcon_defaults.argument_parser.defaults.DefaultArgumentsDecorator object at 0x7482a5b38880>, verb_extension=<colcon_core.verb.build.BuildVerb object at 0x7482a5b380a0>, main=<bound method BuildVerb.main of <colcon_core.verb.build.BuildVerb object at 0x7482a5b380a0>>)
[0.358s] Level 1:colcon.colcon_core.package_discovery:discover_packages(colcon_meta) check parameters
[0.358s] Level 1:colcon.colcon_core.package_discovery:discover_packages(recursive) check parameters
[0.358s] Level 1:colcon.colcon_core.package_discovery:discover_packages(ignore) check parameters
[0.359s] Level 1:colcon.colcon_core.package_discovery:discover_packages(path) check parameters
[0.359s] Level 1:colcon.colcon_core.package_discovery:discover_packages(colcon_meta) discover
[0.359s] Level 1:colcon.colcon_core.package_discovery:discover_packages(recursive) discover
[0.359s] INFO:colcon.colcon_core.package_discovery:Crawling recursively for packages in '/home/cesarbenavides/robotica_inteligente_eq5/manchester_robotics'
[0.359s] Level 1:colcon.colcon_core.package_identification:_identify(.) by extensions ['ignore', 'ignore_ament_install']
[0.359s] Level 1:colcon.colcon_core.package_identification:_identify(.) by extension 'ignore'
[0.359s] Level 1:colcon.colcon_core.package_identification:_identify(.) by extension 'ignore_ament_install'
[0.359s] Level 1:colcon.colcon_core.package_identification:_identify(.) by extensions ['colcon_pkg']
[0.359s] Level 1:colcon.colcon_core.package_identification:_identify(.) by extension 'colcon_pkg'
[0.359s] Level 1:colcon.colcon_core.package_identification:_identify(.) by extensions ['colcon_meta']
[0.359s] Level 1:colcon.colcon_core.package_identification:_identify(.) by extension 'colcon_meta'
[0.359s] Level 1:colcon.colcon_core.package_identification:_identify(.) by extensions ['ros']
[0.359s] Level 1:colcon.colcon_core.package_identification:_identify(.) by extension 'ros'
[0.374s] Level 1:colcon.colcon_core.package_identification:_identify(.) by extensions ['cmake', 'python']
[0.374s] Level 1:colcon.colcon_core.package_identification:_identify(.) by extension 'cmake'
[0.374s] Level 1:colcon.colcon_core.package_identification:_identify(.) by extension 'python'
[0.374s] Level 1:colcon.colcon_core.package_identification:_identify(.) by extensions ['python_setup_py']
[0.374s] Level 1:colcon.colcon_core.package_identification:_identify(.) by extension 'python_setup_py'
[0.374s] Level 1:colcon.colcon_core.package_identification:_identify(build) by extensions ['ignore', 'ignore_ament_install']
[0.374s] Level 1:colcon.colcon_core.package_identification:_identify(build) by extension 'ignore'
[0.374s] Level 1:colcon.colcon_core.package_identification:_identify(build) ignored
[0.374s] Level 1:colcon.colcon_core.package_identification:_identify(install) by extensions ['ignore', 'ignore_ament_install']
[0.375s] Level 1:colcon.colcon_core.package_identification:_identify(install) by extension 'ignore'
[0.375s] Level 1:colcon.colcon_core.package_identification:_identify(install) ignored
[0.375s] Level 1:colcon.colcon_core.package_identification:_identify(log) by extensions ['ignore', 'ignore_ament_install']
[0.375s] Level 1:colcon.colcon_core.package_identification:_identify(log) by extension 'ignore'
[0.375s] Level 1:colcon.colcon_core.package_identification:_identify(log) ignored
[0.375s] Level 1:colcon.colcon_core.package_identification:_identify(src) by extensions ['ignore', 'ignore_ament_install']
[0.375s] Level 1:colcon.colcon_core.package_identification:_identify(src) by extension 'ignore'
[0.375s] Level 1:colcon.colcon_core.package_identification:_identify(src) by extension 'ignore_ament_install'
[0.375s] Level 1:colcon.colcon_core.package_identification:_identify(src) by extensions ['colcon_pkg']
[0.376s] Level 1:colcon.colcon_core.package_identification:_identify(src) by extension 'colcon_pkg'
[0.376s] Level 1:colcon.colcon_core.package_identification:_identify(src) by extensions ['colcon_meta']
[0.376s] Level 1:colcon.colcon_core.package_identification:_identify(src) by extension 'colcon_meta'
[0.376s] Level 1:colcon.colcon_core.package_identification:_identify(src) by extensions ['ros']
[0.376s] Level 1:colcon.colcon_core.package_identification:_identify(src) by extension 'ros'
[0.376s] Level 1:colcon.colcon_core.package_identification:_identify(src) by extensions ['cmake', 'python']
[0.376s] Level 1:colcon.colcon_core.package_identification:_identify(src) by extension 'cmake'
[0.376s] Level 1:colcon.colcon_core.package_identification:_identify(src) by extension 'python'
[0.376s] Level 1:colcon.colcon_core.package_identification:_identify(src) by extensions ['python_setup_py']
[0.376s] Level 1:colcon.colcon_core.package_identification:_identify(src) by extension 'python_setup_py'
[0.376s] Level 1:colcon.colcon_core.package_identification:_identify(src/mini_challenge_1) by extensions ['ignore', 'ignore_ament_install']
[0.376s] Level 1:colcon.colcon_core.package_identification:_identify(src/mini_challenge_1) by extension 'ignore'
[0.376s] Level 1:colcon.colcon_core.package_identification:_identify(src/mini_challenge_1) by extension 'ignore_ament_install'
[0.376s] Level 1:colcon.colcon_core.package_identification:_identify(src/mini_challenge_1) by extensions ['colcon_pkg']
[0.377s] Level 1:colcon.colcon_core.package_identification:_identify(src/mini_challenge_1) by extension 'colcon_pkg'
[0.377s] Level 1:colcon.colcon_core.package_identification:_identify(src/mini_challenge_1) by extensions ['colcon_meta']
[0.377s] Level 1:colcon.colcon_core.package_identification:_identify(src/mini_challenge_1) by extension 'colcon_meta'
[0.377s] Level 1:colcon.colcon_core.package_identification:_identify(src/mini_challenge_1) by extensions ['ros']
[0.377s] Level 1:colcon.colcon_core.package_identification:_identify(src/mini_challenge_1) by extension 'ros'
[0.378s] DEBUG:colcon.colcon_core.package_identification:Failed to parse potential ROS package manifest in'src/mini_challenge_1': Error(s) in package 'src/mini_challenge_1/package.xml':
The manifest contains invalid XML:
mismatched tag: line 13, column 27
[0.378s] Level 1:colcon.colcon_core.package_identification:_identify(src/mini_challenge_1) by extensions ['cmake', 'python']
[0.378s] Level 1:colcon.colcon_core.package_identification:_identify(src/mini_challenge_1) by extension 'cmake'
[0.378s] Level 1:colcon.colcon_core.package_identification:_identify(src/mini_challenge_1) by extension 'python'
[0.379s] DEBUG:colcon.colcon_core.package_identification:Python package in 'src/mini_challenge_1' passes arguments to the setup() function which requires a different identification extension than 'python'
[0.379s] Level 1:colcon.colcon_core.package_identification:_identify(src/mini_challenge_1) by extensions ['python_setup_py']
[0.379s] Level 1:colcon.colcon_core.package_identification:_identify(src/mini_challenge_1) by extension 'python_setup_py'
[0.713s] DEBUG:colcon.colcon_core.package_identification:Package 'src/mini_challenge_1' with type 'python' and name 'mini_challenge_1'
[0.713s] Level 1:colcon.colcon_core.package_identification:_identify(src/mini_challenge_2) by extensions ['ignore', 'ignore_ament_install']
[0.713s] Level 1:colcon.colcon_core.package_identification:_identify(src/mini_challenge_2) by extension 'ignore'
[0.713s] Level 1:colcon.colcon_core.package_identification:_identify(src/mini_challenge_2) by extension 'ignore_ament_install'
[0.713s] Level 1:colcon.colcon_core.package_identification:_identify(src/mini_challenge_2) by extensions ['colcon_pkg']
[0.713s] Level 1:colcon.colcon_core.package_identification:_identify(src/mini_challenge_2) by extension 'colcon_pkg'
[0.713s] Level 1:colcon.colcon_core.package_identification:_identify(src/mini_challenge_2) by extensions ['colcon_meta']
[0.713s] Level 1:colcon.colcon_core.package_identification:_identify(src/mini_challenge_2) by extension 'colcon_meta'
[0.714s] Level 1:colcon.colcon_core.package_identification:_identify(src/mini_challenge_2) by extensions ['ros']
[0.714s] Level 1:colcon.colcon_core.package_identification:_identify(src/mini_challenge_2) by extension 'ros'
[0.714s] DEBUG:colcon.colcon_core.package_identification:Failed to parse potential ROS package manifest in'src/mini_challenge_2': Error(s) in package 'src/mini_challenge_2/package.xml':
The manifest contains invalid XML:
mismatched tag: line 13, column 27
[0.714s] Level 1:colcon.colcon_core.package_identification:_identify(src/mini_challenge_2) by extensions ['cmake', 'python']
[0.714s] Level 1:colcon.colcon_core.package_identification:_identify(src/mini_challenge_2) by extension 'cmake'
[0.714s] Level 1:colcon.colcon_core.package_identification:_identify(src/mini_challenge_2) by extension 'python'
[0.714s] DEBUG:colcon.colcon_core.package_identification:Python package in 'src/mini_challenge_2' passes arguments to the setup() function which requires a different identification extension than 'python'
[0.714s] Level 1:colcon.colcon_core.package_identification:_identify(src/mini_challenge_2) by extensions ['python_setup_py']
[0.715s] Level 1:colcon.colcon_core.package_identification:_identify(src/mini_challenge_2) by extension 'python_setup_py'
[1.049s] DEBUG:colcon.colcon_core.package_identification:Package 'src/mini_challenge_2' with type 'python' and name 'mini_challenge_2'
[1.049s] Level 1:colcon.colcon_core.package_identification:_identify(src/signal_msg) by extensions ['ignore', 'ignore_ament_install']
[1.049s] Level 1:colcon.colcon_core.package_identification:_identify(src/signal_msg) by extension 'ignore'
[1.049s] Level 1:colcon.colcon_core.package_identification:_identify(src/signal_msg) by extension 'ignore_ament_install'
[1.049s] Level 1:colcon.colcon_core.package_identification:_identify(src/signal_msg) by extensions ['colcon_pkg']
[1.049s] Level 1:colcon.colcon_core.package_identification:_identify(src/signal_msg) by extension 'colcon_pkg'
[1.050s] Level 1:colcon.colcon_core.package_identification:_identify(src/signal_msg) by extensions ['colcon_meta']
[1.050s] Level 1:colcon.colcon_core.package_identification:_identify(src/signal_msg) by extension 'colcon_meta'
[1.050s] Level 1:colcon.colcon_core.package_identification:_identify(src/signal_msg) by extensions ['ros']
[1.050s] Level 1:colcon.colcon_core.package_identification:_identify(src/signal_msg) by extension 'ros'
[1.052s] DEBUG:colcon.colcon_core.package_identification:Package 'src/signal_msg' with type 'ros.ament_cmake' and name 'signal_msg'
[1.052s] Level 1:colcon.colcon_core.package_discovery:discover_packages(recursive) using defaults
[1.052s] Level 1:colcon.colcon_core.package_discovery:discover_packages(ignore) discover
[1.052s] Level 1:colcon.colcon_core.package_discovery:discover_packages(ignore) using defaults
[1.052s] Level 1:colcon.colcon_core.package_discovery:discover_packages(path) discover
[1.052s] Level 1:colcon.colcon_core.package_discovery:discover_packages(path) using defaults
[1.079s] Level 1:colcon.colcon_core.package_discovery:discover_packages(prefix_path) check parameters
[1.079s] Level 1:colcon.colcon_core.package_discovery:discover_packages(prefix_path) discover
[1.081s] DEBUG:colcon.colcon_installed_package_information.package_discovery:Found 3 installed packages in /home/cesarbenavides/robotica_inteligente_eq5/manchester_robotics/install
[1.082s] DEBUG:colcon.colcon_installed_package_information.package_discovery:Found 3 installed packages in /home/cesarbenavides/ros2_utilities_ws/install
[1.084s] DEBUG:colcon.colcon_installed_package_information.package_discovery:Found 337 installed packages in /opt/ros/humble
[1.098s] Level 1:colcon.colcon_core.package_discovery:discover_packages(prefix_path) using defaults
[1.160s] Level 5:colcon.colcon_core.verb:set package 'mini_challenge_1' build argument 'cmake_args' from command line to 'None'
[1.160s] Level 5:colcon.colcon_core.verb:set package 'mini_challenge_1' build argument 'cmake_target' from command line to 'None'
[1.160s] Level 5:colcon.colcon_core.verb:set package 'mini_challenge_1' build argument 'cmake_target_skip_unavailable' from command line to 'False'
[1.160s] Level 5:colcon.colcon_core.verb:set package 'mini_challenge_1' build argument 'cmake_clean_cache' from command line to 'False'
[1.160s] Level 5:colcon.colcon_core.verb:set package 'mini_challenge_1' build argument 'cmake_clean_first' from command line to 'False'
[1.160s] Level 5:colcon.colcon_core.verb:set package 'mini_challenge_1' build argument 'cmake_force_configure' from command line to 'False'
[1.160s] Level 5:colcon.colcon_core.verb:set package 'mini_challenge_1' build argument 'ament_cmake_args' from command line to 'None'
[1.160s] Level 5:colcon.colcon_core.verb:set package 'mini_challenge_1' build argument 'catkin_cmake_args' from command line to 'None'
[1.160s] Level 5:colcon.colcon_core.verb:set package 'mini_challenge_1' build argument 'catkin_skip_building_tests' from command line to 'False'
[1.161s] DEBUG:colcon.colcon_core.verb:Building package 'mini_challenge_1' with the following arguments: {'ament_cmake_args': None, 'build_base': '/home/cesarbenavides/robotica_inteligente_eq5/manchester_robotics/build/mini_challenge_1', 'catkin_cmake_args': None, 'catkin_skip_building_tests': False, 'cmake_args': None, 'cmake_clean_cache': False, 'cmake_clean_first': False, 'cmake_force_configure': False, 'cmake_target': None, 'cmake_target_skip_unavailable': False, 'install_base': '/home/cesarbenavides/robotica_inteligente_eq5/manchester_robotics/install/mini_challenge_1', 'merge_install': False, 'path': '/home/cesarbenavides/robotica_inteligente_eq5/manchester_robotics/src/mini_challenge_1', 'symlink_install': False, 'test_result_base': None}
[1.161s] Level 5:colcon.colcon_core.verb:set package 'mini_challenge_2' build argument 'cmake_args' from command line to 'None'
[1.161s] Level 5:colcon.colcon_core.verb:set package 'mini_challenge_2' build argument 'cmake_target' from command line to 'None'
[1.161s] Level 5:colcon.colcon_core.verb:set package 'mini_challenge_2' build argument 'cmake_target_skip_unavailable' from command line to 'False'
[1.161s] Level 5:colcon.colcon_core.verb:set package 'mini_challenge_2' build argument 'cmake_clean_cache' from command line to 'False'
[1.161s] Level 5:colcon.colcon_core.verb:set package 'mini_challenge_2' build argument 'cmake_clean_first' from command line to 'False'
[1.161s] Level 5:colcon.colcon_core.verb:set package 'mini_challenge_2' build argument 'cmake_force_configure' from command line to 'False'
[1.161s] Level 5:colcon.colcon_core.verb:set package 'mini_challenge_2' build argument 'ament_cmake_args' from command line to 'None'
[1.161s] Level 5:colcon.colcon_core.verb:set package 'mini_challenge_2' build argument 'catkin_cmake_args' from command line to 'None'
[1.161s] Level 5:colcon.colcon_core.verb:set package 'mini_challenge_2' build argument 'catkin_skip_building_tests' from command line to 'False'
[1.161s] DEBUG:colcon.colcon_core.verb:Building package 'mini_challenge_2' with the following arguments: {'ament_cmake_args': None, 'build_base': '/home/cesarbenavides/robotica_inteligente_eq5/manchester_robotics/build/mini_challenge_2', 'catkin_cmake_args': None, 'catkin_skip_building_tests': False, 'cmake_args': None, 'cmake_clean_cache': False, 'cmake_clean_first': False, 'cmake_force_configure': False, 'cmake_target': None, 'cmake_target_skip_unavailable': False, 'install_base': '/home/cesarbenavides/robotica_inteligente_eq5/manchester_robotics/install/mini_challenge_2', 'merge_install': False, 'path': '/home/cesarbenavides/robotica_inteligente_eq5/manchester_robotics/src/mini_challenge_2', 'symlink_install': False, 'test_result_base': None}
[1.162s] Level 5:colcon.colcon_core.verb:set package 'signal_msg' build argument 'cmake_args' from command line to 'None'
[1.162s] Level 5:colcon.colcon_core.verb:set package 'signal_msg' build argument 'cmake_target' from command line to 'None'
[1.162s] Level 5:colcon.colcon_core.verb:set package 'signal_msg' build argument 'cmake_target_skip_unavailable' from command line to 'False'
[1.162s] Level 5:colcon.colcon_core.verb:set package 'signal_msg' build argument 'cmake_clean_cache' from command line to 'False'
[1.162s] Level 5:colcon.colcon_core.verb:set package 'signal_msg' build argument 'cmake_clean_first' from command line to 'False'
[1.162s] Level 5:colcon.colcon_core.verb:set package 'signal_msg' build argument 'cmake_force_configure' from command line to 'False'
[1.162s] Level 5:colcon.colcon_core.verb:set package 'signal_msg' build argument 'ament_cmake_args' from command line to 'None'
[1.162s] Level 5:colcon.colcon_core.verb:set package 'signal_msg' build argument 'catkin_cmake_args' from command line to 'None'
[1.162s] Level 5:colcon.colcon_core.verb:set package 'signal_msg' build argument 'catkin_skip_building_tests' from command line to 'False'
[1.162s] DEBUG:colcon.colcon_core.verb:Building package 'signal_msg' with the following arguments: {'ament_cmake_args': None, 'build_base': '/home/cesarbenavides/robotica_inteligente_eq5/manchester_robotics/build/signal_msg', 'catkin_cmake_args': None, 'catkin_skip_building_tests': False, 'cmake_args': None, 'cmake_clean_cache': False, 'cmake_clean_first': False, 'cmake_force_configure': False, 'cmake_target': None, 'cmake_target_skip_unavailable': False, 'install_base': '/home/cesarbenavides/robotica_inteligente_eq5/manchester_robotics/install/signal_msg', 'merge_install': False, 'path': '/home/cesarbenavides/robotica_inteligente_eq5/manchester_robotics/src/signal_msg', 'symlink_install': False, 'test_result_base': None}
[1.162s] INFO:colcon.colcon_core.executor:Executing jobs using 'parallel' executor
[1.164s] DEBUG:colcon.colcon_parallel_executor.executor.parallel:run_until_complete
[1.164s] INFO:colcon.colcon_core.task.python.build:Building Python package in '/home/cesarbenavides/robotica_inteligente_eq5/manchester_robotics/src/mini_challenge_1'
[1.167s] INFO:colcon.colcon_core.plugin_system:Skipping extension 'colcon_core.shell.bat': Not used on non-Windows systems
[1.167s] INFO:colcon.colcon_core.shell:Skip shell extension 'powershell' for command environment: Not usable outside of PowerShell
[1.168s] DEBUG:colcon.colcon_core.shell:Skip shell extension 'dsv' for command environment
[1.173s] INFO:colcon.colcon_core.task.python.build:Building Python package in '/home/cesarbenavides/robotica_inteligente_eq5/manchester_robotics/src/mini_challenge_2'
[1.173s] INFO:colcon.colcon_core.shell:Skip shell extension 'powershell' for command environment: Not usable outside of PowerShell
[1.174s] DEBUG:colcon.colcon_core.shell:Skip shell extension 'dsv' for command environment
[1.180s] INFO:colcon.colcon_ros.task.ament_cmake.build:Building ROS package in '/home/cesarbenavides/robotica_inteligente_eq5/manchester_robotics/src/signal_msg' with build type 'ament_cmake'
[1.180s] INFO:colcon.colcon_cmake.task.cmake.build:Building CMake package in '/home/cesarbenavides/robotica_inteligente_eq5/manchester_robotics/src/signal_msg'
[1.181s] INFO:colcon.colcon_core.shell:Skip shell extension 'powershell' for command environment: Not usable outside of PowerShell
[1.181s] DEBUG:colcon.colcon_core.shell:Skip shell extension 'dsv' for command environment
[2.098s] DEBUG:colcon.colcon_core.event_handler.log_command:Invoking command in '/home/cesarbenavides/robotica_inteligente_eq5/manchester_robotics/build/signal_msg': CMAKE_PREFIX_PATH=${CMAKE_PREFIX_PATH}:/home/cesarbenavides/robotica_inteligente_eq5/manchester_robotics/install/mini_challenge_2:/opt/ros/humble /usr/bin/cmake --build /home/cesarbenavides/robotica_inteligente_eq5/manchester_robotics/build/signal_msg -- -j4 -l4
[2.337s] DEBUG:colcon.colcon_core.event_handler.log_command:Invoking command in '/home/cesarbenavides/robotica_inteligente_eq5/manchester_robotics/src/mini_challenge_1': PYTHONPATH=/home/cesarbenavides/robotica_inteligente_eq5/manchester_robotics/build/mini_challenge_1/prefix_override:/home/cesarbenavides/robotica_inteligente_eq5/manchester_robotics/install/mini_challenge_1/lib/python3.10/site-packages:${PYTHONPATH} /usr/bin/python3 -W ignore:setup.py install is deprecated setup.py egg_info --egg-base ../../build/mini_challenge_1 build --build-base /home/cesarbenavides/robotica_inteligente_eq5/manchester_robotics/build/mini_challenge_1/build install --record /home/cesarbenavides/robotica_inteligente_eq5/manchester_robotics/build/mini_challenge_1/install.log --single-version-externally-managed install_data
[3.015s] Level 1:colcon.colcon_core.environment:checking '/home/cesarbenavides/robotica_inteligente_eq5/manchester_robotics/install/mini_challenge_1' for CMake module files
[3.017s] DEBUG:colcon.colcon_core.event_handler.log_command:Invoked command in '/home/cesarbenavides/robotica_inteligente_eq5/manchester_robotics/src/mini_challenge_1' returned '0': PYTHONPATH=/home/cesarbenavides/robotica_inteligente_eq5/manchester_robotics/build/mini_challenge_1/prefix_override:/home/cesarbenavides/robotica_inteligente_eq5/manchester_robotics/install/mini_challenge_1/lib/python3.10/site-packages:${PYTHONPATH} /usr/bin/python3 -W ignore:setup.py install is deprecated setup.py egg_info --egg-base ../../build/mini_challenge_1 build --build-base /home/cesarbenavides/robotica_inteligente_eq5/manchester_robotics/build/mini_challenge_1/build install --record /home/cesarbenavides/robotica_inteligente_eq5/manchester_robotics/build/mini_challenge_1/install.log --single-version-externally-managed install_data
[3.018s] Level 1:colcon.colcon_core.environment:checking '/home/cesarbenavides/robotica_inteligente_eq5/manchester_robotics/install/mini_challenge_1' for CMake config files
[3.020s] Level 1:colcon.colcon_core.environment:checking '/home/cesarbenavides/robotica_inteligente_eq5/manchester_robotics/install/mini_challenge_1/lib'
[3.021s] Level 1:colcon.colcon_core.environment:checking '/home/cesarbenavides/robotica_inteligente_eq5/manchester_robotics/install/mini_challenge_1/bin'
[3.031s] Level 1:colcon.colcon_core.environment:checking '/home/cesarbenavides/robotica_inteligente_eq5/manchester_robotics/install/mini_challenge_1/lib/pkgconfig/mini_challenge_1.pc'
[3.032s] Level 1:colcon.colcon_core.environment:checking '/home/cesarbenavides/robotica_inteligente_eq5/manchester_robotics/install/mini_challenge_1/lib/python3.10/site-packages'
[3.033s] Level 1:colcon.colcon_core.shell:create_environment_hook('mini_challenge_1', 'pythonpath')
[3.033s] INFO:colcon.colcon_core.shell:Creating environment hook '/home/cesarbenavides/robotica_inteligente_eq5/manchester_robotics/install/mini_challenge_1/share/mini_challenge_1/hook/pythonpath.ps1'
[3.035s] INFO:colcon.colcon_core.shell:Creating environment descriptor '/home/cesarbenavides/robotica_inteligente_eq5/manchester_robotics/install/mini_challenge_1/share/mini_challenge_1/hook/pythonpath.dsv'
[3.037s] INFO:colcon.colcon_core.shell:Creating environment hook '/home/cesarbenavides/robotica_inteligente_eq5/manchester_robotics/install/mini_challenge_1/share/mini_challenge_1/hook/pythonpath.sh'
[3.039s] Level 1:colcon.colcon_core.environment:checking '/home/cesarbenavides/robotica_inteligente_eq5/manchester_robotics/install/mini_challenge_1/bin'
[3.039s] Level 1:colcon.colcon_core.environment:create_environment_scripts_only(mini_challenge_1)
[3.040s] INFO:colcon.colcon_core.shell:Creating package script '/home/cesarbenavides/robotica_inteligente_eq5/manchester_robotics/install/mini_challenge_1/share/mini_challenge_1/package.ps1'
[3.042s] INFO:colcon.colcon_core.shell:Creating package descriptor '/home/cesarbenavides/robotica_inteligente_eq5/manchester_robotics/install/mini_challenge_1/share/mini_challenge_1/package.dsv'
[3.055s] INFO:colcon.colcon_core.shell:Creating package script '/home/cesarbenavides/robotica_inteligente_eq5/manchester_robotics/install/mini_challenge_1/share/mini_challenge_1/package.sh'
[3.057s] INFO:colcon.colcon_core.shell:Creating package script '/home/cesarbenavides/robotica_inteligente_eq5/manchester_robotics/install/mini_challenge_1/share/mini_challenge_1/package.bash'
[3.059s] INFO:colcon.colcon_core.shell:Creating package script '/home/cesarbenavides/robotica_inteligente_eq5/manchester_robotics/install/mini_challenge_1/share/mini_challenge_1/package.zsh'
[3.061s] Level 1:colcon.colcon_core.environment:create_file_with_runtime_dependencies(/home/cesarbenavides/robotica_inteligente_eq5/manchester_robotics/install/mini_challenge_1/share/colcon-core/packages/mini_challenge_1)
[3.073s] DEBUG:colcon.colcon_core.event_handler.log_command:Invoking command in '/home/cesarbenavides/robotica_inteligente_eq5/manchester_robotics/src/mini_challenge_2': PYTHONPATH=/home/cesarbenavides/robotica_inteligente_eq5/manchester_robotics/build/mini_challenge_2/prefix_override:/home/cesarbenavides/robotica_inteligente_eq5/manchester_robotics/install/mini_challenge_2/lib/python3.10/site-packages:${PYTHONPATH} /usr/bin/python3 -W ignore:setup.py install is deprecated setup.py egg_info --egg-base ../../build/mini_challenge_2 build --build-base /home/cesarbenavides/robotica_inteligente_eq5/manchester_robotics/build/mini_challenge_2/build install --record /home/cesarbenavides/robotica_inteligente_eq5/manchester_robotics/build/mini_challenge_2/install.log --single-version-externally-managed install_data
[3.213s] DEBUG:colcon.colcon_core.event_handler.log_command:Invoked command in '/home/cesarbenavides/robotica_inteligente_eq5/manchester_robotics/build/signal_msg' returned '0': CMAKE_PREFIX_PATH=${CMAKE_PREFIX_PATH}:/home/cesarbenavides/robotica_inteligente_eq5/manchester_robotics/install/mini_challenge_2:/opt/ros/humble /usr/bin/cmake --build /home/cesarbenavides/robotica_inteligente_eq5/manchester_robotics/build/signal_msg -- -j4 -l4
[3.317s] DEBUG:colcon.colcon_core.event_handler.log_command:Invoking command in '/home/cesarbenavides/robotica_inteligente_eq5/manchester_robotics/build/signal_msg': CMAKE_PREFIX_PATH=${CMAKE_PREFIX_PATH}:/home/cesarbenavides/robotica_inteligente_eq5/manchester_robotics/install/mini_challenge_2:/opt/ros/humble /usr/bin/cmake --install /home/cesarbenavides/robotica_inteligente_eq5/manchester_robotics/build/signal_msg
[3.413s] Level 1:colcon.colcon_core.environment:create_environment_scripts_only(signal_msg)
[3.414s] Level 1:colcon.colcon_core.environment:checking '/home/cesarbenavides/robotica_inteligente_eq5/manchester_robotics/install/signal_msg' for CMake module files
[3.416s] Level 1:colcon.colcon_core.environment:checking '/home/cesarbenavides/robotica_inteligente_eq5/manchester_robotics/install/signal_msg' for CMake config files
[3.416s] Level 1:colcon.colcon_core.shell:create_environment_hook('signal_msg', 'cmake_prefix_path')
[3.417s] INFO:colcon.colcon_core.shell:Creating environment hook '/home/cesarbenavides/robotica_inteligente_eq5/manchester_robotics/install/signal_msg/share/signal_msg/hook/cmake_prefix_path.ps1'
[3.418s] INFO:colcon.colcon_core.shell:Creating environment descriptor '/home/cesarbenavides/robotica_inteligente_eq5/manchester_robotics/install/signal_msg/share/signal_msg/hook/cmake_prefix_path.dsv'
[3.419s] INFO:colcon.colcon_core.shell:Creating environment hook '/home/cesarbenavides/robotica_inteligente_eq5/manchester_robotics/install/signal_msg/share/signal_msg/hook/cmake_prefix_path.sh'
[3.421s] Level 1:colcon.colcon_core.environment:checking '/home/cesarbenavides/robotica_inteligente_eq5/manchester_robotics/install/signal_msg/lib'
[3.421s] Level 1:colcon.colcon_core.shell:create_environment_hook('signal_msg', 'ld_library_path_lib')
[3.422s] INFO:colcon.colcon_core.shell:Creating environment hook '/home/cesarbenavides/robotica_inteligente_eq5/manchester_robotics/install/signal_msg/share/signal_msg/hook/ld_library_path_lib.ps1'
[3.423s] INFO:colcon.colcon_core.shell:Creating environment descriptor '/home/cesarbenavides/robotica_inteligente_eq5/manchester_robotics/install/signal_msg/share/signal_msg/hook/ld_library_path_lib.dsv'
[3.425s] INFO:colcon.colcon_core.shell:Creating environment hook '/home/cesarbenavides/robotica_inteligente_eq5/manchester_robotics/install/signal_msg/share/signal_msg/hook/ld_library_path_lib.sh'
[3.426s] Level 1:colcon.colcon_core.environment:checking '/home/cesarbenavides/robotica_inteligente_eq5/manchester_robotics/install/signal_msg/bin'
[3.427s] Level 1:colcon.colcon_core.environment:checking '/home/cesarbenavides/robotica_inteligente_eq5/manchester_robotics/install/signal_msg/lib/pkgconfig/signal_msg.pc'
[3.427s] Level 1:colcon.colcon_core.environment:checking '/home/cesarbenavides/robotica_inteligente_eq5/manchester_robotics/install/signal_msg/lib/python3.10/site-packages'
[3.428s] Level 1:colcon.colcon_core.environment:checking '/home/cesarbenavides/robotica_inteligente_eq5/manchester_robotics/install/signal_msg/bin'
[3.429s] INFO:colcon.colcon_core.shell:Creating package script '/home/cesarbenavides/robotica_inteligente_eq5/manchester_robotics/install/signal_msg/share/signal_msg/package.ps1'
[3.431s] INFO:colcon.colcon_core.shell:Creating package descriptor '/home/cesarbenavides/robotica_inteligente_eq5/manchester_robotics/install/signal_msg/share/signal_msg/package.dsv'
[3.432s] DEBUG:colcon.colcon_core.event_handler.log_command:Invoked command in '/home/cesarbenavides/robotica_inteligente_eq5/manchester_robotics/build/signal_msg' returned '0': CMAKE_PREFIX_PATH=${CMAKE_PREFIX_PATH}:/home/cesarbenavides/robotica_inteligente_eq5/manchester_robotics/install/mini_challenge_2:/opt/ros/humble /usr/bin/cmake --install /home/cesarbenavides/robotica_inteligente_eq5/manchester_robotics/build/signal_msg
[3.432s] INFO:colcon.colcon_core.shell:Creating package script '/home/cesarbenavides/robotica_inteligente_eq5/manchester_robotics/install/signal_msg/share/signal_msg/package.sh'
[3.436s] INFO:colcon.colcon_core.shell:Creating package script '/home/cesarbenavides/robotica_inteligente_eq5/manchester_robotics/install/signal_msg/share/signal_msg/package.bash'
[3.437s] INFO:colcon.colcon_core.shell:Creating package script '/home/cesarbenavides/robotica_inteligente_eq5/manchester_robotics/install/signal_msg/share/signal_msg/package.zsh'
[3.437s] Level 1:colcon.colcon_core.environment:create_file_with_runtime_dependencies(/home/cesarbenavides/robotica_inteligente_eq5/manchester_robotics/install/signal_msg/share/colcon-core/packages/signal_msg)
[3.543s] Level 1:colcon.colcon_core.environment:create_environment_scripts_only(signal_msg)
[3.543s] Level 1:colcon.colcon_core.environment:checking '/home/cesarbenavides/robotica_inteligente_eq5/manchester_robotics/install/signal_msg' for CMake module files
[3.544s] Level 1:colcon.colcon_core.environment:checking '/home/cesarbenavides/robotica_inteligente_eq5/manchester_robotics/install/signal_msg' for CMake config files
[3.545s] Level 1:colcon.colcon_core.shell:create_environment_hook('signal_msg', 'cmake_prefix_path')
[3.545s] INFO:colcon.colcon_core.shell:Creating environment hook '/home/cesarbenavides/robotica_inteligente_eq5/manchester_robotics/install/signal_msg/share/signal_msg/hook/cmake_prefix_path.ps1'
[3.545s] INFO:colcon.colcon_core.shell:Creating environment descriptor '/home/cesarbenavides/robotica_inteligente_eq5/manchester_robotics/install/signal_msg/share/signal_msg/hook/cmake_prefix_path.dsv'
[3.546s] INFO:colcon.colcon_core.shell:Creating environment hook '/home/cesarbenavides/robotica_inteligente_eq5/manchester_robotics/install/signal_msg/share/signal_msg/hook/cmake_prefix_path.sh'
[3.547s] Level 1:colcon.colcon_core.environment:checking '/home/cesarbenavides/robotica_inteligente_eq5/manchester_robotics/install/signal_msg/lib'
[3.547s] Level 1:colcon.colcon_core.shell:create_environment_hook('signal_msg', 'ld_library_path_lib')
[3.547s] INFO:colcon.colcon_core.shell:Creating environment hook '/home/cesarbenavides/robotica_inteligente_eq5/manchester_robotics/install/signal_msg/share/signal_msg/hook/ld_library_path_lib.ps1'
[3.548s] INFO:colcon.colcon_core.shell:Creating environment descriptor '/home/cesarbenavides/robotica_inteligente_eq5/manchester_robotics/install/signal_msg/share/signal_msg/hook/ld_library_path_lib.dsv'
[3.549s] INFO:colcon.colcon_core.shell:Creating environment hook '/home/cesarbenavides/robotica_inteligente_eq5/manchester_robotics/install/signal_msg/share/signal_msg/hook/ld_library_path_lib.sh'
[3.549s] Level 1:colcon.colcon_core.environment:checking '/home/cesarbenavides/robotica_inteligente_eq5/manchester_robotics/install/signal_msg/bin'
[3.549s] Level 1:colcon.colcon_core.environment:checking '/home/cesarbenavides/robotica_inteligente_eq5/manchester_robotics/install/signal_msg/lib/pkgconfig/signal_msg.pc'
[3.550s] Level 1:colcon.colcon_core.environment:checking '/home/cesarbenavides/robotica_inteligente_eq5/manchester_robotics/install/signal_msg/lib/python3.10/site-packages'
[3.551s] Level 1:colcon.colcon_core.environment:checking '/home/cesarbenavides/robotica_inteligente_eq5/manchester_robotics/install/signal_msg/bin'
[3.551s] INFO:colcon.colcon_core.shell:Creating package script '/home/cesarbenavides/robotica_inteligente_eq5/manchester_robotics/install/signal_msg/share/signal_msg/package.ps1'
[3.553s] INFO:colcon.colcon_core.shell:Creating package descriptor '/home/cesarbenavides/robotica_inteligente_eq5/manchester_robotics/install/signal_msg/share/signal_msg/package.dsv'
[3.554s] INFO:colcon.colcon_core.shell:Creating package script '/home/cesarbenavides/robotica_inteligente_eq5/manchester_robotics/install/signal_msg/share/signal_msg/package.sh'
[3.554s] INFO:colcon.colcon_core.shell:Creating package script '/home/cesarbenavides/robotica_inteligente_eq5/manchester_robotics/install/signal_msg/share/signal_msg/package.bash'
[3.555s] INFO:colcon.colcon_core.shell:Creating package script '/home/cesarbenavides/robotica_inteligente_eq5/manchester_robotics/install/signal_msg/share/signal_msg/package.zsh'
[3.556s] Level 1:colcon.colcon_core.environment:create_file_with_runtime_dependencies(/home/cesarbenavides/robotica_inteligente_eq5/manchester_robotics/install/signal_msg/share/colcon-core/packages/signal_msg)
[3.641s] Level 1:colcon.colcon_core.environment:checking '/home/cesarbenavides/robotica_inteligente_eq5/manchester_robotics/install/mini_challenge_2' for CMake module files
[3.642s] DEBUG:colcon.colcon_core.event_handler.log_command:Invoked command in '/home/cesarbenavides/robotica_inteligente_eq5/manchester_robotics/src/mini_challenge_2' returned '0': PYTHONPATH=/home/cesarbenavides/robotica_inteligente_eq5/manchester_robotics/build/mini_challenge_2/prefix_override:/home/cesarbenavides/robotica_inteligente_eq5/manchester_robotics/install/mini_challenge_2/lib/python3.10/site-packages:${PYTHONPATH} /usr/bin/python3 -W ignore:setup.py install is deprecated setup.py egg_info --egg-base ../../build/mini_challenge_2 build --build-base /home/cesarbenavides/robotica_inteligente_eq5/manchester_robotics/build/mini_challenge_2/build install --record /home/cesarbenavides/robotica_inteligente_eq5/manchester_robotics/build/mini_challenge_2/install.log --single-version-externally-managed install_data
[3.642s] Level 1:colcon.colcon_core.environment:checking '/home/cesarbenavides/robotica_inteligente_eq5/manchester_robotics/install/mini_challenge_2' for CMake config files
[3.643s] Level 1:colcon.colcon_core.environment:checking '/home/cesarbenavides/robotica_inteligente_eq5/manchester_robotics/install/mini_challenge_2/lib'
[3.643s] Level 1:colcon.colcon_core.environment:checking '/home/cesarbenavides/robotica_inteligente_eq5/manchester_robotics/install/mini_challenge_2/bin'
[3.643s] Level 1:colcon.colcon_core.environment:checking '/home/cesarbenavides/robotica_inteligente_eq5/manchester_robotics/install/mini_challenge_2/lib/pkgconfig/mini_challenge_2.pc'
[3.643s] Level 1:colcon.colcon_core.environment:checking '/home/cesarbenavides/robotica_inteligente_eq5/manchester_robotics/install/mini_challenge_2/lib/python3.10/site-packages'
[3.643s] Level 1:colcon.colcon_core.shell:create_environment_hook('mini_challenge_2', 'pythonpath')
[3.644s] INFO:colcon.colcon_core.shell:Creating environment hook '/home/cesarbenavides/robotica_inteligente_eq5/manchester_robotics/install/mini_challenge_2/share/mini_challenge_2/hook/pythonpath.ps1'
[3.644s] INFO:colcon.colcon_core.shell:Creating environment descriptor '/home/cesarbenavides/robotica_inteligente_eq5/manchester_robotics/install/mini_challenge_2/share/mini_challenge_2/hook/pythonpath.dsv'
[3.645s] INFO:colcon.colcon_core.shell:Creating environment hook '/home/cesarbenavides/robotica_inteligente_eq5/manchester_robotics/install/mini_challenge_2/share/mini_challenge_2/hook/pythonpath.sh'
[3.646s] Level 1:colcon.colcon_core.environment:checking '/home/cesarbenavides/robotica_inteligente_eq5/manchester_robotics/install/mini_challenge_2/bin'
[3.646s] Level 1:colcon.colcon_core.environment:create_environment_scripts_only(mini_challenge_2)
[3.646s] INFO:colcon.colcon_core.shell:Creating package script '/home/cesarbenavides/robotica_inteligente_eq5/manchester_robotics/install/mini_challenge_2/share/mini_challenge_2/package.ps1'
[3.647s] INFO:colcon.colcon_core.shell:Creating package descriptor '/home/cesarbenavides/robotica_inteligente_eq5/manchester_robotics/install/mini_challenge_2/share/mini_challenge_2/package.dsv'
[3.647s] INFO:colcon.colcon_core.shell:Creating package script '/home/cesarbenavides/robotica_inteligente_eq5/manchester_robotics/install/mini_challenge_2/share/mini_challenge_2/package.sh'
[3.648s] INFO:colcon.colcon_core.shell:Creating package script '/home/cesarbenavides/robotica_inteligente_eq5/manchester_robotics/install/mini_challenge_2/share/mini_challenge_2/package.bash'
[3.648s] INFO:colcon.colcon_core.shell:Creating package script '/home/cesarbenavides/robotica_inteligente_eq5/manchester_robotics/install/mini_challenge_2/share/mini_challenge_2/package.zsh'
[3.649s] Level 1:colcon.colcon_core.environment:create_file_with_runtime_dependencies(/home/cesarbenavides/robotica_inteligente_eq5/manchester_robotics/install/mini_challenge_2/share/colcon-core/packages/mini_challenge_2)
[3.649s] DEBUG:colcon.colcon_parallel_executor.executor.parallel:closing loop
[3.649s] DEBUG:colcon.colcon_parallel_executor.executor.parallel:loop closed
[3.650s] DEBUG:colcon.colcon_parallel_executor.executor.parallel:run_until_complete finished with '0'
[3.650s] DEBUG:colcon.colcon_core.event_reactor:joining thread
[3.656s] INFO:colcon.colcon_core.plugin_system:Skipping extension 'colcon_notification.desktop_notification.terminal_notifier': Not used on non-Darwin systems
[3.656s] INFO:colcon.colcon_core.plugin_system:Skipping extension 'colcon_notification.desktop_notification.win32': Not used on non-Windows systems
[3.657s] INFO:colcon.colcon_notification.desktop_notification:Sending desktop notification using 'notify2'
[3.673s] DEBUG:colcon.colcon_core.event_reactor:joined thread
[3.674s] INFO:colcon.colcon_core.shell:Creating prefix script '/home/cesarbenavides/robotica_inteligente_eq5/manchester_robotics/install/local_setup.ps1'
[3.676s] INFO:colcon.colcon_core.shell:Creating prefix util module '/home/cesarbenavides/robotica_inteligente_eq5/manchester_robotics/install/_local_setup_util_ps1.py'
[3.678s] INFO:colcon.colcon_core.shell:Creating prefix chain script '/home/cesarbenavides/robotica_inteligente_eq5/manchester_robotics/install/setup.ps1'
[3.680s] INFO:colcon.colcon_core.shell:Creating prefix script '/home/cesarbenavides/robotica_inteligente_eq5/manchester_robotics/install/local_setup.sh'
[3.681s] INFO:colcon.colcon_core.shell:Creating prefix util module '/home/cesarbenavides/robotica_inteligente_eq5/manchester_robotics/install/_local_setup_util_sh.py'
[3.682s] INFO:colcon.colcon_core.shell:Creating prefix chain script '/home/cesarbenavides/robotica_inteligente_eq5/manchester_robotics/install/setup.sh'
[3.686s] INFO:colcon.colcon_core.shell:Creating prefix script '/home/cesarbenavides/robotica_inteligente_eq5/manchester_robotics/install/local_setup.bash'
[3.687s] INFO:colcon.colcon_core.shell:Creating prefix chain script '/home/cesarbenavides/robotica_inteligente_eq5/manchester_robotics/install/setup.bash'
[3.688s] INFO:colcon.colcon_core.shell:Creating prefix script '/home/cesarbenavides/robotica_inteligente_eq5/manchester_robotics/install/local_setup.zsh'
[3.689s] INFO:colcon.colcon_core.shell:Creating prefix chain script '/home/cesarbenavides/robotica_inteligente_eq5/manchester_robotics/install/setup.zsh'
