[1.283s] Invoking command in '/home/mcr2/robotica_inteligente_eq5/manchester_robotics/src/mini_challenge_2': PYTHONPATH=/home/mcr2/robotica_inteligente_eq5/build/mini_challenge_2/prefix_override:/home/mcr2/robotica_inteligente_eq5/install/mini_challenge_2/lib/python3.10/site-packages:${PYTHONPATH} /usr/bin/python3 setup.py egg_info --egg-base ../../../build/mini_challenge_2 build --build-base /home/mcr2/robotica_inteligente_eq5/build/mini_challenge_2/build install --record /home/mcr2/robotica_inteligente_eq5/build/mini_challenge_2/install.log --single-version-externally-managed
[1.537s] running egg_info
[1.537s] writing ../../../build/mini_challenge_2/mini_challenge_2.egg-info/PKG-INFO
[1.538s] writing dependency_links to ../../../build/mini_challenge_2/mini_challenge_2.egg-info/dependency_links.txt
[1.539s] writing entry points to ../../../build/mini_challenge_2/mini_challenge_2.egg-info/entry_points.txt
[1.541s] writing requirements to ../../../build/mini_challenge_2/mini_challenge_2.egg-info/requires.txt
[1.543s] writing top-level names to ../../../build/mini_challenge_2/mini_challenge_2.egg-info/top_level.txt
[1.545s] reading manifest file '../../../build/mini_challenge_2/mini_challenge_2.egg-info/SOURCES.txt'
[1.545s] adding license file 'LICENSE'
[1.546s] writing manifest file '../../../build/mini_challenge_2/mini_challenge_2.egg-info/SOURCES.txt'
[1.546s] running build
[1.546s] running build_py
[1.552s] copying mini_challenge_2/Controller.py -> /home/mcr2/robotica_inteligente_eq5/build/mini_challenge_2/build/lib/mini_challenge_2
[1.553s] running install
[1.553s] /usr/lib/python3/dist-packages/setuptools/command/install.py:34: SetuptoolsDeprecationWarning: setup.py install is deprecated. Use build and pip and other standards-based tools.
[1.553s]   warnings.warn(
[1.554s] running install_lib
[1.555s] copying /home/mcr2/robotica_inteligente_eq5/build/mini_challenge_2/build/lib/mini_challenge_2/Controller.py -> /home/mcr2/robotica_inteligente_eq5/install/mini_challenge_2/lib/python3.10/site-packages/mini_challenge_2
[1.556s] byte-compiling /home/mcr2/robotica_inteligente_eq5/install/mini_challenge_2/lib/python3.10/site-packages/mini_challenge_2/Controller.py to Controller.cpython-310.pyc
[1.558s] running install_data
[1.559s] running install_egg_info
[1.595s] removing '/home/mcr2/robotica_inteligente_eq5/install/mini_challenge_2/lib/python3.10/site-packages/mini_challenge_2-0.0.0-py3.10.egg-info' (and everything under it)
[1.596s] Copying ../../../build/mini_challenge_2/mini_challenge_2.egg-info to /home/mcr2/robotica_inteligente_eq5/install/mini_challenge_2/lib/python3.10/site-packages/mini_challenge_2-0.0.0-py3.10.egg-info
[1.596s] running install_scripts
[1.605s] Installing Controller script to /home/mcr2/robotica_inteligente_eq5/install/mini_challenge_2/lib/mini_challenge_2
[1.605s] Installing Odometry script to /home/mcr2/robotica_inteligente_eq5/install/mini_challenge_2/lib/mini_challenge_2
[1.606s] Installing PointGenerator script to /home/mcr2/robotica_inteligente_eq5/install/mini_challenge_2/lib/mini_challenge_2
[1.607s] writing list of installed files to '/home/mcr2/robotica_inteligente_eq5/build/mini_challenge_2/install.log'
[1.642s] Invoked command in '/home/mcr2/robotica_inteligente_eq5/manchester_robotics/src/mini_challenge_2' returned '0': PYTHONPATH=/home/mcr2/robotica_inteligente_eq5/build/mini_challenge_2/prefix_override:/home/mcr2/robotica_inteligente_eq5/install/mini_challenge_2/lib/python3.10/site-packages:${PYTHONPATH} /usr/bin/python3 setup.py egg_info --egg-base ../../../build/mini_challenge_2 build --build-base /home/mcr2/robotica_inteligente_eq5/build/mini_challenge_2/build install --record /home/mcr2/robotica_inteligente_eq5/build/mini_challenge_2/install.log --single-version-externally-managed
