[2.042s] DEBUG:colcon:Command line arguments: ['/usr/bin/colcon', 'build']
[2.042s] DEBUG:colcon:Parsed command line arguments: Namespace(log_base=None, log_level=None, verb_name='build', build_base='build', install_base='install', merge_install=False, symlink_install=False, test_result_base=None, continue_on_error=False, executor='parallel', parallel_workers=16, event_handlers=None, ignore_user_meta=False, metas=['./colcon.meta'], base_paths=['.'], packages_ignore=None, packages_ignore_regex=None, paths=None, packages_up_to=None, packages_up_to_regex=None, packages_above=None, packages_above_and_dependencies=None, packages_above_depth=None, packages_select_by_dep=None, packages_skip_by_dep=None, packages_skip_up_to=None, packages_select_build_failed=False, packages_skip_build_finished=False, packages_select_test_failures=False, packages_skip_test_passed=False, packages_select=None, packages_skip=None, packages_select_regex=None, packages_skip_regex=None, packages_start=None, packages_end=None, cmake_args=None, cmake_target=None, cmake_target_skip_unavailable=False, cmake_clean_cache=False, cmake_clean_first=False, cmake_force_configure=False, ament_cmake_args=None, catkin_cmake_args=None, catkin_skip_building_tests=False, mixin_files=None, mixin=None, verb_parser=<colcon_mixin.mixin.mixin_argument.MixinArgumentDecorator object at 0x7f8c3ad781f0>, verb_extension=<colcon_core.verb.build.BuildVerb object at 0x7f8c3b0165f0>, main=<bound method BuildVerb.main of <colcon_core.verb.build.BuildVerb object at 0x7f8c3b0165f0>>, mixin_verb=('build',))
[2.230s] Level 1:colcon.colcon_core.package_discovery:discover_packages(colcon_meta) check parameters
[2.232s] INFO:colcon.colcon_metadata.package_discovery.colcon_meta:Using configuration from '/root/.colcon/metadata/default/Gazebo.meta'
[2.235s] INFO:colcon.colcon_metadata.package_discovery.colcon_meta:Using configuration from '/root/.colcon/metadata/default/fastrtps.meta'
[2.236s] Level 1:colcon.colcon_core.package_discovery:discover_packages(recursive) check parameters
[2.236s] Level 1:colcon.colcon_core.package_discovery:discover_packages(ignore) check parameters
[2.237s] Level 1:colcon.colcon_core.package_discovery:discover_packages(path) check parameters
[2.237s] Level 1:colcon.colcon_core.package_discovery:discover_packages(colcon_meta) discover
[2.237s] Level 1:colcon.colcon_core.package_discovery:discover_packages(recursive) discover
[2.237s] INFO:colcon.colcon_core.package_discovery:Crawling recursively for packages in '/robotica_inteligente_eq5/manchester_robotics'
[2.238s] Level 1:colcon.colcon_core.package_identification:_identify(.) by extensions ['ignore', 'ignore_ament_install']
[2.238s] Level 1:colcon.colcon_core.package_identification:_identify(.) by extension 'ignore'
[2.238s] Level 1:colcon.colcon_core.package_identification:_identify(.) by extension 'ignore_ament_install'
[2.239s] Level 1:colcon.colcon_core.package_identification:_identify(.) by extensions ['colcon_pkg']
[2.239s] Level 1:colcon.colcon_core.package_identification:_identify(.) by extension 'colcon_pkg'
[2.239s] Level 1:colcon.colcon_core.package_identification:_identify(.) by extensions ['colcon_meta']
[2.240s] Level 1:colcon.colcon_core.package_identification:_identify(.) by extension 'colcon_meta'
[2.240s] Level 1:colcon.colcon_core.package_identification:_identify(.) by extensions ['ros']
[2.240s] Level 1:colcon.colcon_core.package_identification:_identify(.) by extension 'ros'
[2.271s] Level 1:colcon.colcon_core.package_identification:_identify(.) by extensions ['cmake', 'python']
[2.272s] Level 1:colcon.colcon_core.package_identification:_identify(.) by extension 'cmake'
[2.272s] Level 1:colcon.colcon_core.package_identification:_identify(.) by extension 'python'
[2.272s] Level 1:colcon.colcon_core.package_identification:_identify(.) by extensions ['python_setup_py']
[2.272s] Level 1:colcon.colcon_core.package_identification:_identify(.) by extension 'python_setup_py'
[2.273s] Level 1:colcon.colcon_core.package_identification:_identify(build) by extensions ['ignore', 'ignore_ament_install']
[2.273s] Level 1:colcon.colcon_core.package_identification:_identify(build) by extension 'ignore'
[2.274s] Level 1:colcon.colcon_core.package_identification:_identify(build) ignored
[2.274s] Level 1:colcon.colcon_core.package_identification:_identify(install) by extensions ['ignore', 'ignore_ament_install']
[2.274s] Level 1:colcon.colcon_core.package_identification:_identify(install) by extension 'ignore'
[2.275s] Level 1:colcon.colcon_core.package_identification:_identify(install) ignored
[2.275s] Level 1:colcon.colcon_core.package_identification:_identify(log) by extensions ['ignore', 'ignore_ament_install']
[2.275s] Level 1:colcon.colcon_core.package_identification:_identify(log) by extension 'ignore'
[2.275s] Level 1:colcon.colcon_core.package_identification:_identify(log) ignored
[2.276s] Level 1:colcon.colcon_core.package_identification:_identify(src) by extensions ['ignore', 'ignore_ament_install']
[2.276s] Level 1:colcon.colcon_core.package_identification:_identify(src) by extension 'ignore'
[2.276s] Level 1:colcon.colcon_core.package_identification:_identify(src) by extension 'ignore_ament_install'
[2.277s] Level 1:colcon.colcon_core.package_identification:_identify(src) by extensions ['colcon_pkg']
[2.277s] Level 1:colcon.colcon_core.package_identification:_identify(src) by extension 'colcon_pkg'
[2.277s] Level 1:colcon.colcon_core.package_identification:_identify(src) by extensions ['colcon_meta']
[2.278s] Level 1:colcon.colcon_core.package_identification:_identify(src) by extension 'colcon_meta'
[2.278s] Level 1:colcon.colcon_core.package_identification:_identify(src) by extensions ['ros']
[2.278s] Level 1:colcon.colcon_core.package_identification:_identify(src) by extension 'ros'
[2.278s] Level 1:colcon.colcon_core.package_identification:_identify(src) by extensions ['cmake', 'python']
[2.279s] Level 1:colcon.colcon_core.package_identification:_identify(src) by extension 'cmake'
[2.279s] Level 1:colcon.colcon_core.package_identification:_identify(src) by extension 'python'
[2.279s] Level 1:colcon.colcon_core.package_identification:_identify(src) by extensions ['python_setup_py']
[2.280s] Level 1:colcon.colcon_core.package_identification:_identify(src) by extension 'python_setup_py'
[2.280s] Level 1:colcon.colcon_core.package_identification:_identify(src/mini_challenge_1) by extensions ['ignore', 'ignore_ament_install']
[2.280s] Level 1:colcon.colcon_core.package_identification:_identify(src/mini_challenge_1) by extension 'ignore'
[2.281s] Level 1:colcon.colcon_core.package_identification:_identify(src/mini_challenge_1) by extension 'ignore_ament_install'
[2.281s] Level 1:colcon.colcon_core.package_identification:_identify(src/mini_challenge_1) by extensions ['colcon_pkg']
[2.281s] Level 1:colcon.colcon_core.package_identification:_identify(src/mini_challenge_1) by extension 'colcon_pkg'
[2.281s] Level 1:colcon.colcon_core.package_identification:_identify(src/mini_challenge_1) by extensions ['colcon_meta']
[2.282s] Level 1:colcon.colcon_core.package_identification:_identify(src/mini_challenge_1) by extension 'colcon_meta'
[2.282s] Level 1:colcon.colcon_core.package_identification:_identify(src/mini_challenge_1) by extensions ['ros']
[2.282s] Level 1:colcon.colcon_core.package_identification:_identify(src/mini_challenge_1) by extension 'ros'
[2.289s] DEBUG:colcon.colcon_core.package_identification:Package 'src/mini_challenge_1' with type 'ros.ament_python' and name 'mini_challenge_1'
[2.289s] Level 1:colcon.colcon_core.package_discovery:discover_packages(recursive) using defaults
[2.289s] Level 1:colcon.colcon_core.package_discovery:discover_packages(ignore) discover
[2.289s] Level 1:colcon.colcon_core.package_discovery:discover_packages(ignore) using defaults
[2.290s] Level 1:colcon.colcon_core.package_discovery:discover_packages(path) discover
[2.290s] Level 1:colcon.colcon_core.package_discovery:discover_packages(path) using defaults
[2.592s] Level 5:colcon.colcon_core.verb:set package 'mini_challenge_1' build argument 'cmake_args' from command line to 'None'
[2.592s] Level 5:colcon.colcon_core.verb:set package 'mini_challenge_1' build argument 'cmake_target' from command line to 'None'
[2.592s] Level 5:colcon.colcon_core.verb:set package 'mini_challenge_1' build argument 'cmake_target_skip_unavailable' from command line to 'False'
[2.593s] Level 5:colcon.colcon_core.verb:set package 'mini_challenge_1' build argument 'cmake_clean_cache' from command line to 'False'
[2.593s] Level 5:colcon.colcon_core.verb:set package 'mini_challenge_1' build argument 'cmake_clean_first' from command line to 'False'
[2.593s] Level 5:colcon.colcon_core.verb:set package 'mini_challenge_1' build argument 'cmake_force_configure' from command line to 'False'
[2.593s] Level 5:colcon.colcon_core.verb:set package 'mini_challenge_1' build argument 'ament_cmake_args' from command line to 'None'
[2.594s] Level 5:colcon.colcon_core.verb:set package 'mini_challenge_1' build argument 'catkin_cmake_args' from command line to 'None'
[2.594s] Level 5:colcon.colcon_core.verb:set package 'mini_challenge_1' build argument 'catkin_skip_building_tests' from command line to 'False'
[2.594s] DEBUG:colcon.colcon_core.verb:Building package 'mini_challenge_1' with the following arguments: {'ament_cmake_args': None, 'build_base': '/robotica_inteligente_eq5/manchester_robotics/build/mini_challenge_1', 'catkin_cmake_args': None, 'catkin_skip_building_tests': False, 'cmake_args': None, 'cmake_clean_cache': False, 'cmake_clean_first': False, 'cmake_force_configure': False, 'cmake_target': None, 'cmake_target_skip_unavailable': False, 'install_base': '/robotica_inteligente_eq5/manchester_robotics/install/mini_challenge_1', 'merge_install': False, 'path': '/robotica_inteligente_eq5/manchester_robotics/src/mini_challenge_1', 'symlink_install': False, 'test_result_base': None}
[2.615s] INFO:colcon.colcon_core.executor:Executing jobs using 'parallel' executor
[2.638s] DEBUG:colcon.colcon_parallel_executor.executor.parallel:run_until_complete
[2.639s] INFO:colcon.colcon_ros.task.ament_python.build:Building ROS package in '/robotica_inteligente_eq5/manchester_robotics/src/mini_challenge_1' with build type 'ament_python'
[2.639s] Level 1:colcon.colcon_core.shell:create_environment_hook('mini_challenge_1', 'ament_prefix_path')
[2.683s] INFO:colcon.colcon_core.plugin_system:Skipping extension 'colcon_core.shell.bat': Not used on non-Windows systems
[2.683s] INFO:colcon.colcon_core.shell:Creating environment hook '/robotica_inteligente_eq5/manchester_robotics/install/mini_challenge_1/share/mini_challenge_1/hook/ament_prefix_path.ps1'
[2.686s] INFO:colcon.colcon_core.shell:Creating environment descriptor '/robotica_inteligente_eq5/manchester_robotics/install/mini_challenge_1/share/mini_challenge_1/hook/ament_prefix_path.dsv'
[2.688s] INFO:colcon.colcon_core.shell:Creating environment hook '/robotica_inteligente_eq5/manchester_robotics/install/mini_challenge_1/share/mini_challenge_1/hook/ament_prefix_path.sh'
[2.715s] INFO:colcon.colcon_core.shell:Skip shell extension 'powershell' for command environment: Not usable outside of PowerShell
[2.715s] DEBUG:colcon.colcon_core.shell:Skip shell extension 'dsv' for command environment
[2.746s] WARNING:colcon.colcon_core.prefix_path.colcon:The path '/robotica_inteligente_eq5/install' in the environment variable COLCON_PREFIX_PATH doesn't exist
[2.747s] WARNING:colcon.colcon_ros.prefix_path.ament:The path '/robotica_inteligente_eq5/install/puzzlebot_ros' in the environment variable AMENT_PREFIX_PATH doesn't exist
[2.747s] WARNING:colcon.colcon_ros.prefix_path.ament:The path '/robotica_inteligente_eq5/install/mini_challenge_1' in the environment variable AMENT_PREFIX_PATH doesn't exist
[3.226s] INFO:colcon.colcon_core.task.python.build:Building Python package in '/robotica_inteligente_eq5/manchester_robotics/src/mini_challenge_1'
[3.248s] INFO:colcon.colcon_core.shell:Skip shell extension 'powershell' for command environment: Not usable outside of PowerShell
[3.248s] DEBUG:colcon.colcon_core.shell:Skip shell extension 'dsv' for command environment
[4.081s] DEBUG:colcon.colcon_core.event_handler.log_command:Invoking command in '/robotica_inteligente_eq5/manchester_robotics/src/mini_challenge_1': PYTHONPATH=/robotica_inteligente_eq5/manchester_robotics/build/mini_challenge_1/prefix_override:/robotica_inteligente_eq5/manchester_robotics/install/mini_challenge_1/lib/python3.10/site-packages:${PYTHONPATH} /usr/bin/python3 setup.py egg_info --egg-base ../../build/mini_challenge_1 build --build-base /robotica_inteligente_eq5/manchester_robotics/build/mini_challenge_1/build install --record /robotica_inteligente_eq5/manchester_robotics/build/mini_challenge_1/install.log --single-version-externally-managed
[4.494s] DEBUG:colcon.colcon_core.event_handler.log_command:Invoked command in '/robotica_inteligente_eq5/manchester_robotics/src/mini_challenge_1' returned '0': PYTHONPATH=/robotica_inteligente_eq5/manchester_robotics/build/mini_challenge_1/prefix_override:/robotica_inteligente_eq5/manchester_robotics/install/mini_challenge_1/lib/python3.10/site-packages:${PYTHONPATH} /usr/bin/python3 setup.py egg_info --egg-base ../../build/mini_challenge_1 build --build-base /robotica_inteligente_eq5/manchester_robotics/build/mini_challenge_1/build install --record /robotica_inteligente_eq5/manchester_robotics/build/mini_challenge_1/install.log --single-version-externally-managed
[4.513s] Level 1:colcon.colcon_core.environment:checking '/robotica_inteligente_eq5/manchester_robotics/install/mini_challenge_1' for CMake module files
[4.513s] Level 1:colcon.colcon_core.environment:checking '/robotica_inteligente_eq5/manchester_robotics/install/mini_challenge_1' for CMake config files
[4.514s] Level 1:colcon.colcon_core.environment:checking '/robotica_inteligente_eq5/manchester_robotics/install/mini_challenge_1/lib'
[4.515s] Level 1:colcon.colcon_core.environment:checking '/robotica_inteligente_eq5/manchester_robotics/install/mini_challenge_1/bin'
[4.515s] Level 1:colcon.colcon_core.environment:checking '/robotica_inteligente_eq5/manchester_robotics/install/mini_challenge_1/lib/pkgconfig/mini_challenge_1.pc'
[4.515s] Level 1:colcon.colcon_core.environment:checking '/robotica_inteligente_eq5/manchester_robotics/install/mini_challenge_1/lib/python3.10/site-packages'
[4.515s] Level 1:colcon.colcon_core.shell:create_environment_hook('mini_challenge_1', 'pythonpath')
[4.538s] INFO:colcon.colcon_core.shell:Creating environment hook '/robotica_inteligente_eq5/manchester_robotics/install/mini_challenge_1/share/mini_challenge_1/hook/pythonpath.ps1'
[4.539s] INFO:colcon.colcon_core.shell:Creating environment descriptor '/robotica_inteligente_eq5/manchester_robotics/install/mini_challenge_1/share/mini_challenge_1/hook/pythonpath.dsv'
[4.539s] INFO:colcon.colcon_core.shell:Creating environment hook '/robotica_inteligente_eq5/manchester_robotics/install/mini_challenge_1/share/mini_challenge_1/hook/pythonpath.sh'
[4.540s] Level 1:colcon.colcon_core.environment:checking '/robotica_inteligente_eq5/manchester_robotics/install/mini_challenge_1/bin'
[4.540s] Level 1:colcon.colcon_core.environment:create_environment_scripts_only(mini_challenge_1)
[4.562s] INFO:colcon.colcon_core.shell:Creating package script '/robotica_inteligente_eq5/manchester_robotics/install/mini_challenge_1/share/mini_challenge_1/package.ps1'
[4.564s] INFO:colcon.colcon_core.shell:Creating package descriptor '/robotica_inteligente_eq5/manchester_robotics/install/mini_challenge_1/share/mini_challenge_1/package.dsv'
[4.566s] INFO:colcon.colcon_core.shell:Creating package script '/robotica_inteligente_eq5/manchester_robotics/install/mini_challenge_1/share/mini_challenge_1/package.sh'
[4.567s] INFO:colcon.colcon_core.shell:Creating package script '/robotica_inteligente_eq5/manchester_robotics/install/mini_challenge_1/share/mini_challenge_1/package.bash'
[4.569s] INFO:colcon.colcon_core.shell:Creating package script '/robotica_inteligente_eq5/manchester_robotics/install/mini_challenge_1/share/mini_challenge_1/package.zsh'
[4.571s] Level 1:colcon.colcon_core.environment:create_file_with_runtime_dependencies(/robotica_inteligente_eq5/manchester_robotics/install/mini_challenge_1/share/colcon-core/packages/mini_challenge_1)
[4.571s] DEBUG:colcon.colcon_parallel_executor.executor.parallel:closing loop
[4.572s] DEBUG:colcon.colcon_parallel_executor.executor.parallel:loop closed
[4.572s] DEBUG:colcon.colcon_parallel_executor.executor.parallel:run_until_complete finished with '0'
[4.572s] DEBUG:colcon.colcon_core.event_reactor:joining thread
[4.613s] INFO:colcon.colcon_core.plugin_system:Skipping extension 'colcon_notification.desktop_notification.notify_send': Could not find 'notify-send'
[4.613s] INFO:colcon.colcon_core.plugin_system:Skipping extension 'colcon_notification.desktop_notification.terminal_notifier': Not used on non-Darwin systems
[4.613s] INFO:colcon.colcon_core.plugin_system:Skipping extension 'colcon_notification.desktop_notification.win32': Not used on non-Windows systems
[4.613s] INFO:colcon.colcon_notification.desktop_notification:Sending desktop notification using 'notify2'
[4.616s] DEBUG:colcon.colcon_notification.desktop_notification.notify2:Failed to initialize notify2: org.freedesktop.DBus.Error.Spawn.ExecFailed: /usr/bin/dbus-launch terminated abnormally without any error message
[4.617s] DEBUG:colcon.colcon_core.event_reactor:joined thread
[4.638s] INFO:colcon.colcon_core.shell:Creating prefix script '/robotica_inteligente_eq5/manchester_robotics/install/local_setup.ps1'
[4.640s] INFO:colcon.colcon_core.shell:Creating prefix util module '/robotica_inteligente_eq5/manchester_robotics/install/_local_setup_util_ps1.py'
[4.642s] INFO:colcon.colcon_core.shell:Creating prefix chain script '/robotica_inteligente_eq5/manchester_robotics/install/setup.ps1'
[4.668s] INFO:colcon.colcon_core.shell:Creating prefix script '/robotica_inteligente_eq5/manchester_robotics/install/local_setup.sh'
[4.669s] INFO:colcon.colcon_core.shell:Creating prefix util module '/robotica_inteligente_eq5/manchester_robotics/install/_local_setup_util_sh.py'
[4.670s] INFO:colcon.colcon_core.shell:Creating prefix chain script '/robotica_inteligente_eq5/manchester_robotics/install/setup.sh'
[4.692s] INFO:colcon.colcon_core.shell:Creating prefix script '/robotica_inteligente_eq5/manchester_robotics/install/local_setup.bash'
[4.693s] INFO:colcon.colcon_core.shell:Creating prefix chain script '/robotica_inteligente_eq5/manchester_robotics/install/setup.bash'
[4.714s] INFO:colcon.colcon_core.shell:Creating prefix script '/robotica_inteligente_eq5/manchester_robotics/install/local_setup.zsh'
[4.715s] INFO:colcon.colcon_core.shell:Creating prefix chain script '/robotica_inteligente_eq5/manchester_robotics/install/setup.zsh'
