[1.235s] Invoking command in '/home/mcr2/robotica_inteligente_eq5/manchester_robotics/src/mini_challenge_1': PYTHONPATH=/home/mcr2/robotica_inteligente_eq5/build/mini_challenge_1/prefix_override:/home/mcr2/robotica_inteligente_eq5/install/mini_challenge_1/lib/python3.10/site-packages:${PYTHONPATH} /usr/bin/python3 setup.py egg_info --egg-base ../../../build/mini_challenge_1 build --build-base /home/mcr2/robotica_inteligente_eq5/build/mini_challenge_1/build install --record /home/mcr2/robotica_inteligente_eq5/build/mini_challenge_1/install.log --single-version-externally-managed
[1.753s] running egg_info
[1.754s] writing ../../../build/mini_challenge_1/mini_challenge_1.egg-info/PKG-INFO
[1.758s] writing dependency_links to ../../../build/mini_challenge_1/mini_challenge_1.egg-info/dependency_links.txt
[1.760s] writing entry points to ../../../build/mini_challenge_1/mini_challenge_1.egg-info/entry_points.txt
[1.763s] writing requirements to ../../../build/mini_challenge_1/mini_challenge_1.egg-info/requires.txt
[1.767s] writing top-level names to ../../../build/mini_challenge_1/mini_challenge_1.egg-info/top_level.txt
[1.776s] reading manifest file '../../../build/mini_challenge_1/mini_challenge_1.egg-info/SOURCES.txt'
[1.780s] writing manifest file '../../../build/mini_challenge_1/mini_challenge_1.egg-info/SOURCES.txt'
[1.782s] running build
[1.782s] running build_py
[1.784s] running install
[1.785s] /usr/lib/python3/dist-packages/setuptools/command/install.py:34: SetuptoolsDeprecationWarning: setup.py install is deprecated. Use build and pip and other standards-based tools.
[1.785s]   warnings.warn(
[1.787s] running install_lib
[1.790s] running install_data
[1.793s] running install_egg_info
[1.794s] removing '/home/mcr2/robotica_inteligente_eq5/install/mini_challenge_1/lib/python3.10/site-packages/mini_challenge_1-0.0.0-py3.10.egg-info' (and everything under it)
[1.797s] Copying ../../../build/mini_challenge_1/mini_challenge_1.egg-info to /home/mcr2/robotica_inteligente_eq5/install/mini_challenge_1/lib/python3.10/site-packages/mini_challenge_1-0.0.0-py3.10.egg-info
[1.798s] running install_scripts
[1.810s] Installing Controller script to /home/mcr2/robotica_inteligente_eq5/install/mini_challenge_1/lib/mini_challenge_1
[1.811s] Installing PathGenerator script to /home/mcr2/robotica_inteligente_eq5/install/mini_challenge_1/lib/mini_challenge_1
[1.811s] writing list of installed files to '/home/mcr2/robotica_inteligente_eq5/build/mini_challenge_1/install.log'
[2.374s] Invoked command in '/home/mcr2/robotica_inteligente_eq5/manchester_robotics/src/mini_challenge_1' returned '0': PYTHONPATH=/home/mcr2/robotica_inteligente_eq5/build/mini_challenge_1/prefix_override:/home/mcr2/robotica_inteligente_eq5/install/mini_challenge_1/lib/python3.10/site-packages:${PYTHONPATH} /usr/bin/python3 setup.py egg_info --egg-base ../../../build/mini_challenge_1 build --build-base /home/mcr2/robotica_inteligente_eq5/build/mini_challenge_1/build install --record /home/mcr2/robotica_inteligente_eq5/build/mini_challenge_1/install.log --single-version-externally-managed
