[1.432s] Invoking command in '/home/mcr2/robotica_inteligente_eq5/manchester_robotics/src/mini_challenge_2': PYTHONPATH=/home/mcr2/robotica_inteligente_eq5/build/mini_challenge_2/prefix_override:/home/mcr2/robotica_inteligente_eq5/install/mini_challenge_2/lib/python3.10/site-packages:${PYTHONPATH} /usr/bin/python3 setup.py egg_info --egg-base ../../../build/mini_challenge_2 build --build-base /home/mcr2/robotica_inteligente_eq5/build/mini_challenge_2/build install --record /home/mcr2/robotica_inteligente_eq5/build/mini_challenge_2/install.log --single-version-externally-managed
[1.833s] running egg_info
[1.834s] writing ../../../build/mini_challenge_2/mini_challenge_2.egg-info/PKG-INFO
[1.834s] writing dependency_links to ../../../build/mini_challenge_2/mini_challenge_2.egg-info/dependency_links.txt
[1.838s] writing entry points to ../../../build/mini_challenge_2/mini_challenge_2.egg-info/entry_points.txt
[1.838s] writing requirements to ../../../build/mini_challenge_2/mini_challenge_2.egg-info/requires.txt
[1.839s] writing top-level names to ../../../build/mini_challenge_2/mini_challenge_2.egg-info/top_level.txt
[1.839s] reading manifest file '../../../build/mini_challenge_2/mini_challenge_2.egg-info/SOURCES.txt'
[1.839s] adding license file 'LICENSE'
[1.840s] writing manifest file '../../../build/mini_challenge_2/mini_challenge_2.egg-info/SOURCES.txt'
[1.840s] running build
[1.840s] running build_py
[1.841s] copying mini_challenge_2/Controller.py -> /home/mcr2/robotica_inteligente_eq5/build/mini_challenge_2/build/lib/mini_challenge_2
[1.842s] running install
[1.842s] /usr/lib/python3/dist-packages/setuptools/command/install.py:34: SetuptoolsDeprecationWarning: setup.py install is deprecated. Use build and pip and other standards-based tools.
[1.842s]   warnings.warn(
[1.843s] running install_lib
[1.844s] copying /home/mcr2/robotica_inteligente_eq5/build/mini_challenge_2/build/lib/mini_challenge_2/Controller.py -> /home/mcr2/robotica_inteligente_eq5/install/mini_challenge_2/lib/python3.10/site-packages/mini_challenge_2
[1.845s] byte-compiling /home/mcr2/robotica_inteligente_eq5/install/mini_challenge_2/lib/python3.10/site-packages/mini_challenge_2/Controller.py to Controller.cpython-310.pyc
[1.848s] running install_data
[1.849s] running install_egg_info
[1.852s] removing '/home/mcr2/robotica_inteligente_eq5/install/mini_challenge_2/lib/python3.10/site-packages/mini_challenge_2-0.0.0-py3.10.egg-info' (and everything under it)
[1.852s] Copying ../../../build/mini_challenge_2/mini_challenge_2.egg-info to /home/mcr2/robotica_inteligente_eq5/install/mini_challenge_2/lib/python3.10/site-packages/mini_challenge_2-0.0.0-py3.10.egg-info
[1.855s] running install_scripts
[1.888s] Installing Controller script to /home/mcr2/robotica_inteligente_eq5/install/mini_challenge_2/lib/mini_challenge_2
[1.888s] Installing Odometry script to /home/mcr2/robotica_inteligente_eq5/install/mini_challenge_2/lib/mini_challenge_2
[1.889s] Installing PointGenerator script to /home/mcr2/robotica_inteligente_eq5/install/mini_challenge_2/lib/mini_challenge_2
[1.890s] writing list of installed files to '/home/mcr2/robotica_inteligente_eq5/build/mini_challenge_2/install.log'
[1.927s] Invoked command in '/home/mcr2/robotica_inteligente_eq5/manchester_robotics/src/mini_challenge_2' returned '0': PYTHONPATH=/home/mcr2/robotica_inteligente_eq5/build/mini_challenge_2/prefix_override:/home/mcr2/robotica_inteligente_eq5/install/mini_challenge_2/lib/python3.10/site-packages:${PYTHONPATH} /usr/bin/python3 setup.py egg_info --egg-base ../../../build/mini_challenge_2 build --build-base /home/mcr2/robotica_inteligente_eq5/build/mini_challenge_2/build install --record /home/mcr2/robotica_inteligente_eq5/build/mini_challenge_2/install.log --single-version-externally-managed
