[1.634s] Invoking command in '/home/cesarbenavides/robotica_inteligente_eq5/manchester_robotics/src/mini_challenge_1': PYTHONPATH=/home/cesarbenavides/robotica_inteligente_eq5/manchester_robotics/build/mini_challenge_1/prefix_override:/home/cesarbenavides/robotica_inteligente_eq5/manchester_robotics/install/mini_challenge_1/lib/python3.10/site-packages:${PYTHONPATH} /usr/bin/python3 -W ignore:setup.py install is deprecated setup.py egg_info --egg-base ../../build/mini_challenge_1 build --build-base /home/cesarbenavides/robotica_inteligente_eq5/manchester_robotics/build/mini_challenge_1/build install --record /home/cesarbenavides/robotica_inteligente_eq5/manchester_robotics/build/mini_challenge_1/install.log --single-version-externally-managed install_data
[1.936s] running egg_info
[1.937s] writing ../../build/mini_challenge_1/mini_challenge_1.egg-info/PKG-INFO
[1.938s] writing dependency_links to ../../build/mini_challenge_1/mini_challenge_1.egg-info/dependency_links.txt
[1.938s] writing entry points to ../../build/mini_challenge_1/mini_challenge_1.egg-info/entry_points.txt
[1.938s] writing requirements to ../../build/mini_challenge_1/mini_challenge_1.egg-info/requires.txt
[1.939s] writing top-level names to ../../build/mini_challenge_1/mini_challenge_1.egg-info/top_level.txt
[1.941s] reading manifest file '../../build/mini_challenge_1/mini_challenge_1.egg-info/SOURCES.txt'
[1.942s] writing manifest file '../../build/mini_challenge_1/mini_challenge_1.egg-info/SOURCES.txt'
[1.943s] running build
[1.943s] running build_py
[1.943s] copying mini_challenge_1/Controller.py -> /home/cesarbenavides/robotica_inteligente_eq5/manchester_robotics/build/mini_challenge_1/build/lib/mini_challenge_1
[1.943s] running install
[1.944s] running install_lib
[1.946s] copying /home/cesarbenavides/robotica_inteligente_eq5/manchester_robotics/build/mini_challenge_1/build/lib/mini_challenge_1/Controller.py -> /home/cesarbenavides/robotica_inteligente_eq5/manchester_robotics/install/mini_challenge_1/lib/python3.10/site-packages/mini_challenge_1
[1.947s] byte-compiling /home/cesarbenavides/robotica_inteligente_eq5/manchester_robotics/install/mini_challenge_1/lib/python3.10/site-packages/mini_challenge_1/Controller.py to Controller.cpython-310.pyc
[1.948s] running install_data
[1.949s] running install_egg_info
[1.951s] removing '/home/cesarbenavides/robotica_inteligente_eq5/manchester_robotics/install/mini_challenge_1/lib/python3.10/site-packages/mini_challenge_1-0.0.0-py3.10.egg-info' (and everything under it)
[1.951s] Copying ../../build/mini_challenge_1/mini_challenge_1.egg-info to /home/cesarbenavides/robotica_inteligente_eq5/manchester_robotics/install/mini_challenge_1/lib/python3.10/site-packages/mini_challenge_1-0.0.0-py3.10.egg-info
[1.952s] running install_scripts
[1.979s] Installing Controller script to /home/cesarbenavides/robotica_inteligente_eq5/manchester_robotics/install/mini_challenge_1/lib/mini_challenge_1
[1.980s] Installing PathGenerator script to /home/cesarbenavides/robotica_inteligente_eq5/manchester_robotics/install/mini_challenge_1/lib/mini_challenge_1
[1.980s] writing list of installed files to '/home/cesarbenavides/robotica_inteligente_eq5/manchester_robotics/build/mini_challenge_1/install.log'
[2.015s] Invoked command in '/home/cesarbenavides/robotica_inteligente_eq5/manchester_robotics/src/mini_challenge_1' returned '0': PYTHONPATH=/home/cesarbenavides/robotica_inteligente_eq5/manchester_robotics/build/mini_challenge_1/prefix_override:/home/cesarbenavides/robotica_inteligente_eq5/manchester_robotics/install/mini_challenge_1/lib/python3.10/site-packages:${PYTHONPATH} /usr/bin/python3 -W ignore:setup.py install is deprecated setup.py egg_info --egg-base ../../build/mini_challenge_1 build --build-base /home/cesarbenavides/robotica_inteligente_eq5/manchester_robotics/build/mini_challenge_1/build install --record /home/cesarbenavides/robotica_inteligente_eq5/manchester_robotics/build/mini_challenge_1/install.log --single-version-externally-managed install_data
