[1.373s] Invoking command in '/home/mcr2/robotica_inteligente_eq5/manchester_robotics/src/mini_challenge_1': PYTHONPATH=/home/mcr2/robotica_inteligente_eq5/build/mini_challenge_1/prefix_override:/home/mcr2/robotica_inteligente_eq5/install/mini_challenge_1/lib/python3.10/site-packages:${PYTHONPATH} /usr/bin/python3 setup.py egg_info --egg-base ../../../build/mini_challenge_1 build --build-base /home/mcr2/robotica_inteligente_eq5/build/mini_challenge_1/build install --record /home/mcr2/robotica_inteligente_eq5/build/mini_challenge_1/install.log --single-version-externally-managed
[1.787s] running egg_info
[1.789s] writing ../../../build/mini_challenge_1/mini_challenge_1.egg-info/PKG-INFO
[1.789s] writing dependency_links to ../../../build/mini_challenge_1/mini_challenge_1.egg-info/dependency_links.txt
[1.790s] writing entry points to ../../../build/mini_challenge_1/mini_challenge_1.egg-info/entry_points.txt
[1.790s] writing requirements to ../../../build/mini_challenge_1/mini_challenge_1.egg-info/requires.txt
[1.790s] writing top-level names to ../../../build/mini_challenge_1/mini_challenge_1.egg-info/top_level.txt
[1.793s] reading manifest file '../../../build/mini_challenge_1/mini_challenge_1.egg-info/SOURCES.txt'
[1.795s] writing manifest file '../../../build/mini_challenge_1/mini_challenge_1.egg-info/SOURCES.txt'
[1.796s] running build
[1.797s] running build_py
[1.798s] running install
[1.798s] /usr/lib/python3/dist-packages/setuptools/command/install.py:34: SetuptoolsDeprecationWarning: setup.py install is deprecated. Use build and pip and other standards-based tools.
[1.799s]   warnings.warn(
[1.800s] running install_lib
[1.802s] running install_data
[1.803s] running install_egg_info
[1.807s] removing '/home/mcr2/robotica_inteligente_eq5/install/mini_challenge_1/lib/python3.10/site-packages/mini_challenge_1-0.0.0-py3.10.egg-info' (and everything under it)
[1.807s] Copying ../../../build/mini_challenge_1/mini_challenge_1.egg-info to /home/mcr2/robotica_inteligente_eq5/install/mini_challenge_1/lib/python3.10/site-packages/mini_challenge_1-0.0.0-py3.10.egg-info
[1.808s] running install_scripts
[1.854s] Installing Controller script to /home/mcr2/robotica_inteligente_eq5/install/mini_challenge_1/lib/mini_challenge_1
[1.855s] Installing PathGenerator script to /home/mcr2/robotica_inteligente_eq5/install/mini_challenge_1/lib/mini_challenge_1
[1.856s] writing list of installed files to '/home/mcr2/robotica_inteligente_eq5/build/mini_challenge_1/install.log'
[2.253s] Invoked command in '/home/mcr2/robotica_inteligente_eq5/manchester_robotics/src/mini_challenge_1' returned '0': PYTHONPATH=/home/mcr2/robotica_inteligente_eq5/build/mini_challenge_1/prefix_override:/home/mcr2/robotica_inteligente_eq5/install/mini_challenge_1/lib/python3.10/site-packages:${PYTHONPATH} /usr/bin/python3 setup.py egg_info --egg-base ../../../build/mini_challenge_1 build --build-base /home/mcr2/robotica_inteligente_eq5/build/mini_challenge_1/build install --record /home/mcr2/robotica_inteligente_eq5/build/mini_challenge_1/install.log --single-version-externally-managed
