[0.287s] Invoking command in '/home/mcr2/robotica_inteligente_eq5/build/signal_msg': CMAKE_PREFIX_PATH=${CMAKE_PREFIX_PATH}:/home/mcr2/robotica_inteligente_eq5/install/mini_challenge_2:/opt/ros/humble /usr/bin/cmake --build /home/mcr2/robotica_inteligente_eq5/build/signal_msg -- -j16 -l16
[0.375s] [  3%] Built target signal_msg__cpp
[0.376s] [ 12%] Built target signal_msg__rosidl_generator_c
[0.390s] [ 12%] Built target ament_cmake_python_copy_signal_msg
[0.422s] [ 22%] Built target signal_msg__rosidl_typesupport_cpp
[0.423s] [ 32%] Built target signal_msg__rosidl_typesupport_fastrtps_cpp
[0.435s] [ 41%] Built target signal_msg__rosidl_typesupport_introspection_cpp
[0.438s] [ 51%] Built target signal_msg__rosidl_typesupport_fastrtps_c
[0.447s] [ 64%] Built target signal_msg__rosidl_typesupport_c
[0.447s] [ 70%] Built target signal_msg__rosidl_typesupport_introspection_c
[0.483s] [ 70%] Built target signal_msg
[0.515s] [ 74%] Built target signal_msg__py
[0.556s] [ 80%] Built target signal_msg__rosidl_generator_py
[0.600s] [ 87%] Built target signal_msg__rosidl_typesupport_c__pyext
[0.600s] [ 93%] Built target signal_msg__rosidl_typesupport_fastrtps_c__pyext
[0.601s] [100%] Built target signal_msg__rosidl_typesupport_introspection_c__pyext
[0.825s] running egg_info
[0.828s] writing signal_msg.egg-info/PKG-INFO
[0.829s] writing dependency_links to signal_msg.egg-info/dependency_links.txt
[0.829s] writing top-level names to signal_msg.egg-info/top_level.txt
[0.833s] reading manifest file 'signal_msg.egg-info/SOURCES.txt'
[0.835s] writing manifest file 'signal_msg.egg-info/SOURCES.txt'
[0.880s] [100%] Built target ament_cmake_python_build_signal_msg_egg
[0.903s] Invoked command in '/home/mcr2/robotica_inteligente_eq5/build/signal_msg' returned '0': CMAKE_PREFIX_PATH=${CMAKE_PREFIX_PATH}:/home/mcr2/robotica_inteligente_eq5/install/mini_challenge_2:/opt/ros/humble /usr/bin/cmake --build /home/mcr2/robotica_inteligente_eq5/build/signal_msg -- -j16 -l16
[1.127s] Invoking command in '/home/mcr2/robotica_inteligente_eq5/build/signal_msg': CMAKE_PREFIX_PATH=${CMAKE_PREFIX_PATH}:/home/mcr2/robotica_inteligente_eq5/install/mini_challenge_2:/opt/ros/humble /usr/bin/cmake --install /home/mcr2/robotica_inteligente_eq5/build/signal_msg
[1.169s] -- Install configuration: ""
[1.169s] -- Up-to-date: /home/mcr2/robotica_inteligente_eq5/install/signal_msg/share/ament_index/resource_index/rosidl_interfaces/signal_msg
[1.169s] -- Up-to-date: /home/mcr2/robotica_inteligente_eq5/install/signal_msg/include/signal_msg/signal_msg
[1.169s] -- Up-to-date: /home/mcr2/robotica_inteligente_eq5/install/signal_msg/include/signal_msg/signal_msg/msg
[1.169s] -- Up-to-date: /home/mcr2/robotica_inteligente_eq5/install/signal_msg/include/signal_msg/signal_msg/msg/signal_decomposed.h
[1.169s] -- Up-to-date: /home/mcr2/robotica_inteligente_eq5/install/signal_msg/include/signal_msg/signal_msg/msg/detail
[1.169s] -- Up-to-date: /home/mcr2/robotica_inteligente_eq5/install/signal_msg/include/signal_msg/signal_msg/msg/detail/signal_decomposed__functions.h
[1.170s] -- Up-to-date: /home/mcr2/robotica_inteligente_eq5/install/signal_msg/include/signal_msg/signal_msg/msg/detail/signal_decomposed__type_support.h
[1.170s] -- Up-to-date: /home/mcr2/robotica_inteligente_eq5/install/signal_msg/include/signal_msg/signal_msg/msg/detail/signal_decomposed__functions.c
[1.170s] -- Up-to-date: /home/mcr2/robotica_inteligente_eq5/install/signal_msg/include/signal_msg/signal_msg/msg/detail/signal_decomposed__struct.h
[1.170s] -- Up-to-date: /home/mcr2/robotica_inteligente_eq5/install/signal_msg/include/signal_msg/signal_msg/msg/rosidl_generator_c__visibility_control.h
[1.170s] -- Up-to-date: /home/mcr2/robotica_inteligente_eq5/install/signal_msg/share/signal_msg/environment/library_path.sh
[1.170s] -- Up-to-date: /home/mcr2/robotica_inteligente_eq5/install/signal_msg/share/signal_msg/environment/library_path.dsv
[1.170s] -- Up-to-date: /home/mcr2/robotica_inteligente_eq5/install/signal_msg/lib/libsignal_msg__rosidl_generator_c.so
[1.170s] -- Up-to-date: /home/mcr2/robotica_inteligente_eq5/install/signal_msg/include/signal_msg/signal_msg
[1.170s] -- Up-to-date: /home/mcr2/robotica_inteligente_eq5/install/signal_msg/include/signal_msg/signal_msg/msg
[1.170s] -- Up-to-date: /home/mcr2/robotica_inteligente_eq5/install/signal_msg/include/signal_msg/signal_msg/msg/rosidl_typesupport_fastrtps_c__visibility_control.h
[1.170s] -- Up-to-date: /home/mcr2/robotica_inteligente_eq5/install/signal_msg/include/signal_msg/signal_msg/msg/detail
[1.170s] -- Up-to-date: /home/mcr2/robotica_inteligente_eq5/install/signal_msg/include/signal_msg/signal_msg/msg/detail/signal_decomposed__rosidl_typesupport_fastrtps_c.h
[1.170s] -- Up-to-date: /home/mcr2/robotica_inteligente_eq5/install/signal_msg/lib/libsignal_msg__rosidl_typesupport_fastrtps_c.so
[1.171s] -- Up-to-date: /home/mcr2/robotica_inteligente_eq5/install/signal_msg/include/signal_msg/signal_msg
[1.171s] -- Up-to-date: /home/mcr2/robotica_inteligente_eq5/install/signal_msg/include/signal_msg/signal_msg/msg
[1.171s] -- Up-to-date: /home/mcr2/robotica_inteligente_eq5/install/signal_msg/include/signal_msg/signal_msg/msg/detail
[1.171s] -- Up-to-date: /home/mcr2/robotica_inteligente_eq5/install/signal_msg/include/signal_msg/signal_msg/msg/detail/signal_decomposed__struct.hpp
[1.171s] -- Up-to-date: /home/mcr2/robotica_inteligente_eq5/install/signal_msg/include/signal_msg/signal_msg/msg/detail/signal_decomposed__traits.hpp
[1.171s] -- Up-to-date: /home/mcr2/robotica_inteligente_eq5/install/signal_msg/include/signal_msg/signal_msg/msg/detail/signal_decomposed__builder.hpp
[1.171s] -- Up-to-date: /home/mcr2/robotica_inteligente_eq5/install/signal_msg/include/signal_msg/signal_msg/msg/signal_decomposed.hpp
[1.171s] -- Up-to-date: /home/mcr2/robotica_inteligente_eq5/install/signal_msg/include/signal_msg/signal_msg
[1.171s] -- Up-to-date: /home/mcr2/robotica_inteligente_eq5/install/signal_msg/include/signal_msg/signal_msg/msg
[1.171s] -- Up-to-date: /home/mcr2/robotica_inteligente_eq5/install/signal_msg/include/signal_msg/signal_msg/msg/rosidl_typesupport_fastrtps_cpp__visibility_control.h
[1.171s] -- Up-to-date: /home/mcr2/robotica_inteligente_eq5/install/signal_msg/include/signal_msg/signal_msg/msg/detail
[1.172s] -- Up-to-date: /home/mcr2/robotica_inteligente_eq5/install/signal_msg/include/signal_msg/signal_msg/msg/detail/dds_fastrtps
[1.172s] -- Up-to-date: /home/mcr2/robotica_inteligente_eq5/install/signal_msg/include/signal_msg/signal_msg/msg/detail/signal_decomposed__rosidl_typesupport_fastrtps_cpp.hpp
[1.173s] -- Up-to-date: /home/mcr2/robotica_inteligente_eq5/install/signal_msg/lib/libsignal_msg__rosidl_typesupport_fastrtps_cpp.so
[1.173s] -- Up-to-date: /home/mcr2/robotica_inteligente_eq5/install/signal_msg/include/signal_msg/signal_msg
[1.173s] -- Up-to-date: /home/mcr2/robotica_inteligente_eq5/install/signal_msg/include/signal_msg/signal_msg/msg
[1.173s] -- Up-to-date: /home/mcr2/robotica_inteligente_eq5/install/signal_msg/include/signal_msg/signal_msg/msg/rosidl_typesupport_introspection_c__visibility_control.h
[1.173s] -- Up-to-date: /home/mcr2/robotica_inteligente_eq5/install/signal_msg/include/signal_msg/signal_msg/msg/detail
[1.173s] -- Up-to-date: /home/mcr2/robotica_inteligente_eq5/install/signal_msg/include/signal_msg/signal_msg/msg/detail/signal_decomposed__rosidl_typesupport_introspection_c.h
[1.173s] -- Up-to-date: /home/mcr2/robotica_inteligente_eq5/install/signal_msg/include/signal_msg/signal_msg/msg/detail/signal_decomposed__type_support.c
[1.174s] -- Up-to-date: /home/mcr2/robotica_inteligente_eq5/install/signal_msg/lib/libsignal_msg__rosidl_typesupport_introspection_c.so
[1.174s] -- Up-to-date: /home/mcr2/robotica_inteligente_eq5/install/signal_msg/lib/libsignal_msg__rosidl_typesupport_c.so
[1.174s] -- Up-to-date: /home/mcr2/robotica_inteligente_eq5/install/signal_msg/include/signal_msg/signal_msg
[1.174s] -- Up-to-date: /home/mcr2/robotica_inteligente_eq5/install/signal_msg/include/signal_msg/signal_msg/msg
[1.174s] -- Up-to-date: /home/mcr2/robotica_inteligente_eq5/install/signal_msg/include/signal_msg/signal_msg/msg/detail
[1.174s] -- Up-to-date: /home/mcr2/robotica_inteligente_eq5/install/signal_msg/include/signal_msg/signal_msg/msg/detail/signal_decomposed__type_support.cpp
[1.174s] -- Up-to-date: /home/mcr2/robotica_inteligente_eq5/install/signal_msg/include/signal_msg/signal_msg/msg/detail/signal_decomposed__rosidl_typesupport_introspection_cpp.hpp
[1.174s] -- Up-to-date: /home/mcr2/robotica_inteligente_eq5/install/signal_msg/lib/libsignal_msg__rosidl_typesupport_introspection_cpp.so
[1.174s] -- Up-to-date: /home/mcr2/robotica_inteligente_eq5/install/signal_msg/lib/libsignal_msg__rosidl_typesupport_cpp.so
[1.174s] -- Up-to-date: /home/mcr2/robotica_inteligente_eq5/install/signal_msg/share/signal_msg/environment/pythonpath.sh
[1.174s] -- Up-to-date: /home/mcr2/robotica_inteligente_eq5/install/signal_msg/share/signal_msg/environment/pythonpath.dsv
[1.174s] -- Up-to-date: /home/mcr2/robotica_inteligente_eq5/install/signal_msg/local/lib/python3.10/dist-packages/signal_msg-0.0.0-py3.10.egg-info
[1.175s] -- Installing: /home/mcr2/robotica_inteligente_eq5/install/signal_msg/local/lib/python3.10/dist-packages/signal_msg-0.0.0-py3.10.egg-info/PKG-INFO
[1.175s] -- Installing: /home/mcr2/robotica_inteligente_eq5/install/signal_msg/local/lib/python3.10/dist-packages/signal_msg-0.0.0-py3.10.egg-info/top_level.txt
[1.175s] -- Installing: /home/mcr2/robotica_inteligente_eq5/install/signal_msg/local/lib/python3.10/dist-packages/signal_msg-0.0.0-py3.10.egg-info/SOURCES.txt
[1.175s] -- Installing: /home/mcr2/robotica_inteligente_eq5/install/signal_msg/local/lib/python3.10/dist-packages/signal_msg-0.0.0-py3.10.egg-info/dependency_links.txt
[1.175s] -- Up-to-date: /home/mcr2/robotica_inteligente_eq5/install/signal_msg/local/lib/python3.10/dist-packages/signal_msg
[1.175s] -- Up-to-date: /home/mcr2/robotica_inteligente_eq5/install/signal_msg/local/lib/python3.10/dist-packages/signal_msg/signal_msg_s__rosidl_typesupport_fastrtps_c.cpython-310-x86_64-linux-gnu.so
[1.175s] -- Up-to-date: /home/mcr2/robotica_inteligente_eq5/install/signal_msg/local/lib/python3.10/dist-packages/signal_msg/_signal_msg_s.ep.rosidl_typesupport_fastrtps_c.c
[1.175s] -- Up-to-date: /home/mcr2/robotica_inteligente_eq5/install/signal_msg/local/lib/python3.10/dist-packages/signal_msg/signal_msg_s__rosidl_typesupport_introspection_c.cpython-310-x86_64-linux-gnu.so
[1.175s] -- Up-to-date: /home/mcr2/robotica_inteligente_eq5/install/signal_msg/local/lib/python3.10/dist-packages/signal_msg/signal_msg_s__rosidl_typesupport_c.cpython-310-x86_64-linux-gnu.so
[1.175s] -- Up-to-date: /home/mcr2/robotica_inteligente_eq5/install/signal_msg/local/lib/python3.10/dist-packages/signal_msg/_signal_msg_s.ep.rosidl_typesupport_c.c
[1.175s] -- Up-to-date: /home/mcr2/robotica_inteligente_eq5/install/signal_msg/local/lib/python3.10/dist-packages/signal_msg/_signal_msg_s.ep.rosidl_typesupport_introspection_c.c
[1.176s] -- Up-to-date: /home/mcr2/robotica_inteligente_eq5/install/signal_msg/local/lib/python3.10/dist-packages/signal_msg/libsignal_msg__rosidl_generator_py.so
[1.176s] -- Up-to-date: /home/mcr2/robotica_inteligente_eq5/install/signal_msg/local/lib/python3.10/dist-packages/signal_msg/msg
[1.176s] -- Up-to-date: /home/mcr2/robotica_inteligente_eq5/install/signal_msg/local/lib/python3.10/dist-packages/signal_msg/msg/_signal_decomposed_s.c
[1.176s] -- Up-to-date: /home/mcr2/robotica_inteligente_eq5/install/signal_msg/local/lib/python3.10/dist-packages/signal_msg/msg/_signal_decomposed.py
[1.176s] -- Up-to-date: /home/mcr2/robotica_inteligente_eq5/install/signal_msg/local/lib/python3.10/dist-packages/signal_msg/msg/__init__.py
[1.176s] -- Up-to-date: /home/mcr2/robotica_inteligente_eq5/install/signal_msg/local/lib/python3.10/dist-packages/signal_msg/__init__.py
[1.198s] Listing '/home/mcr2/robotica_inteligente_eq5/install/signal_msg/local/lib/python3.10/dist-packages/signal_msg'...
[1.198s] Listing '/home/mcr2/robotica_inteligente_eq5/install/signal_msg/local/lib/python3.10/dist-packages/signal_msg/msg'...
[1.205s] -- Up-to-date: /home/mcr2/robotica_inteligente_eq5/install/signal_msg/local/lib/python3.10/dist-packages/signal_msg/signal_msg_s__rosidl_typesupport_fastrtps_c.cpython-310-x86_64-linux-gnu.so
[1.205s] -- Up-to-date: /home/mcr2/robotica_inteligente_eq5/install/signal_msg/local/lib/python3.10/dist-packages/signal_msg/signal_msg_s__rosidl_typesupport_introspection_c.cpython-310-x86_64-linux-gnu.so
[1.206s] -- Up-to-date: /home/mcr2/robotica_inteligente_eq5/install/signal_msg/local/lib/python3.10/dist-packages/signal_msg/signal_msg_s__rosidl_typesupport_c.cpython-310-x86_64-linux-gnu.so
[1.206s] -- Up-to-date: /home/mcr2/robotica_inteligente_eq5/install/signal_msg/lib/libsignal_msg__rosidl_generator_py.so
[1.207s] -- Up-to-date: /home/mcr2/robotica_inteligente_eq5/install/signal_msg/share/signal_msg/msg/SignalDecomposed.idl
[1.207s] -- Up-to-date: /home/mcr2/robotica_inteligente_eq5/install/signal_msg/share/signal_msg/msg/SignalDecomposed.msg
[1.207s] -- Up-to-date: /home/mcr2/robotica_inteligente_eq5/install/signal_msg/share/ament_index/resource_index/package_run_dependencies/signal_msg
[1.207s] -- Up-to-date: /home/mcr2/robotica_inteligente_eq5/install/signal_msg/share/ament_index/resource_index/parent_prefix_path/signal_msg
[1.207s] -- Up-to-date: /home/mcr2/robotica_inteligente_eq5/install/signal_msg/share/signal_msg/environment/ament_prefix_path.sh
[1.208s] -- Up-to-date: /home/mcr2/robotica_inteligente_eq5/install/signal_msg/share/signal_msg/environment/ament_prefix_path.dsv
[1.208s] -- Up-to-date: /home/mcr2/robotica_inteligente_eq5/install/signal_msg/share/signal_msg/environment/path.sh
[1.208s] -- Up-to-date: /home/mcr2/robotica_inteligente_eq5/install/signal_msg/share/signal_msg/environment/path.dsv
[1.209s] -- Up-to-date: /home/mcr2/robotica_inteligente_eq5/install/signal_msg/share/signal_msg/local_setup.bash
[1.209s] -- Up-to-date: /home/mcr2/robotica_inteligente_eq5/install/signal_msg/share/signal_msg/local_setup.sh
[1.209s] -- Up-to-date: /home/mcr2/robotica_inteligente_eq5/install/signal_msg/share/signal_msg/local_setup.zsh
[1.210s] -- Up-to-date: /home/mcr2/robotica_inteligente_eq5/install/signal_msg/share/signal_msg/local_setup.dsv
[1.210s] -- Installing: /home/mcr2/robotica_inteligente_eq5/install/signal_msg/share/signal_msg/package.dsv
[1.210s] -- Up-to-date: /home/mcr2/robotica_inteligente_eq5/install/signal_msg/share/ament_index/resource_index/packages/signal_msg
[1.211s] -- Up-to-date: /home/mcr2/robotica_inteligente_eq5/install/signal_msg/share/signal_msg/cmake/export_signal_msg__rosidl_generator_cExport.cmake
[1.211s] -- Up-to-date: /home/mcr2/robotica_inteligente_eq5/install/signal_msg/share/signal_msg/cmake/export_signal_msg__rosidl_generator_cExport-noconfig.cmake
[1.211s] -- Up-to-date: /home/mcr2/robotica_inteligente_eq5/install/signal_msg/share/signal_msg/cmake/export_signal_msg__rosidl_typesupport_fastrtps_cExport.cmake
[1.211s] -- Up-to-date: /home/mcr2/robotica_inteligente_eq5/install/signal_msg/share/signal_msg/cmake/export_signal_msg__rosidl_typesupport_fastrtps_cExport-noconfig.cmake
[1.211s] -- Up-to-date: /home/mcr2/robotica_inteligente_eq5/install/signal_msg/share/signal_msg/cmake/export_signal_msg__rosidl_generator_cppExport.cmake
[1.211s] -- Up-to-date: /home/mcr2/robotica_inteligente_eq5/install/signal_msg/share/signal_msg/cmake/export_signal_msg__rosidl_typesupport_fastrtps_cppExport.cmake
[1.211s] -- Up-to-date: /home/mcr2/robotica_inteligente_eq5/install/signal_msg/share/signal_msg/cmake/export_signal_msg__rosidl_typesupport_fastrtps_cppExport-noconfig.cmake
[1.211s] -- Up-to-date: /home/mcr2/robotica_inteligente_eq5/install/signal_msg/share/signal_msg/cmake/signal_msg__rosidl_typesupport_introspection_cExport.cmake
[1.211s] -- Up-to-date: /home/mcr2/robotica_inteligente_eq5/install/signal_msg/share/signal_msg/cmake/signal_msg__rosidl_typesupport_introspection_cExport-noconfig.cmake
[1.211s] -- Up-to-date: /home/mcr2/robotica_inteligente_eq5/install/signal_msg/share/signal_msg/cmake/signal_msg__rosidl_typesupport_cExport.cmake
[1.211s] -- Up-to-date: /home/mcr2/robotica_inteligente_eq5/install/signal_msg/share/signal_msg/cmake/signal_msg__rosidl_typesupport_cExport-noconfig.cmake
[1.211s] -- Up-to-date: /home/mcr2/robotica_inteligente_eq5/install/signal_msg/share/signal_msg/cmake/signal_msg__rosidl_typesupport_introspection_cppExport.cmake
[1.212s] -- Up-to-date: /home/mcr2/robotica_inteligente_eq5/install/signal_msg/share/signal_msg/cmake/signal_msg__rosidl_typesupport_introspection_cppExport-noconfig.cmake
[1.212s] -- Up-to-date: /home/mcr2/robotica_inteligente_eq5/install/signal_msg/share/signal_msg/cmake/signal_msg__rosidl_typesupport_cppExport.cmake
[1.212s] -- Up-to-date: /home/mcr2/robotica_inteligente_eq5/install/signal_msg/share/signal_msg/cmake/signal_msg__rosidl_typesupport_cppExport-noconfig.cmake
[1.212s] -- Up-to-date: /home/mcr2/robotica_inteligente_eq5/install/signal_msg/share/signal_msg/cmake/export_signal_msg__rosidl_generator_pyExport.cmake
[1.212s] -- Up-to-date: /home/mcr2/robotica_inteligente_eq5/install/signal_msg/share/signal_msg/cmake/export_signal_msg__rosidl_generator_pyExport-noconfig.cmake
[1.212s] -- Up-to-date: /home/mcr2/robotica_inteligente_eq5/install/signal_msg/share/signal_msg/cmake/rosidl_cmake-extras.cmake
[1.212s] -- Up-to-date: /home/mcr2/robotica_inteligente_eq5/install/signal_msg/share/signal_msg/cmake/ament_cmake_export_dependencies-extras.cmake
[1.212s] -- Up-to-date: /home/mcr2/robotica_inteligente_eq5/install/signal_msg/share/signal_msg/cmake/ament_cmake_export_include_directories-extras.cmake
[1.212s] -- Up-to-date: /home/mcr2/robotica_inteligente_eq5/install/signal_msg/share/signal_msg/cmake/ament_cmake_export_libraries-extras.cmake
[1.212s] -- Up-to-date: /home/mcr2/robotica_inteligente_eq5/install/signal_msg/share/signal_msg/cmake/ament_cmake_export_targets-extras.cmake
[1.212s] -- Up-to-date: /home/mcr2/robotica_inteligente_eq5/install/signal_msg/share/signal_msg/cmake/rosidl_cmake_export_typesupport_targets-extras.cmake
[1.212s] -- Up-to-date: /home/mcr2/robotica_inteligente_eq5/install/signal_msg/share/signal_msg/cmake/rosidl_cmake_export_typesupport_libraries-extras.cmake
[1.212s] -- Up-to-date: /home/mcr2/robotica_inteligente_eq5/install/signal_msg/share/signal_msg/cmake/signal_msgConfig.cmake
[1.213s] -- Up-to-date: /home/mcr2/robotica_inteligente_eq5/install/signal_msg/share/signal_msg/cmake/signal_msgConfig-version.cmake
[1.213s] -- Up-to-date: /home/mcr2/robotica_inteligente_eq5/install/signal_msg/share/signal_msg/package.xml
[1.216s] Invoked command in '/home/mcr2/robotica_inteligente_eq5/build/signal_msg' returned '0': CMAKE_PREFIX_PATH=${CMAKE_PREFIX_PATH}:/home/mcr2/robotica_inteligente_eq5/install/mini_challenge_2:/opt/ros/humble /usr/bin/cmake --install /home/mcr2/robotica_inteligente_eq5/build/signal_msg
