[1.699s] DEBUG:colcon:Command line arguments: ['/usr/bin/colcon', 'build']
[1.700s] DEBUG:colcon:Parsed command line arguments: Namespace(log_base=None, log_level=None, verb_name='build', build_base='build', install_base='install', merge_install=False, symlink_install=False, test_result_base=None, continue_on_error=False, executor='parallel', parallel_workers=16, event_handlers=None, ignore_user_meta=False, metas=['./colcon.meta'], base_paths=['.'], packages_ignore=None, packages_ignore_regex=None, paths=None, packages_up_to=None, packages_up_to_regex=None, packages_above=None, packages_above_and_dependencies=None, packages_above_depth=None, packages_select_by_dep=None, packages_skip_by_dep=None, packages_skip_up_to=None, packages_select_build_failed=False, packages_skip_build_finished=False, packages_select_test_failures=False, packages_skip_test_passed=False, packages_select=None, packages_skip=None, packages_select_regex=None, packages_skip_regex=None, packages_start=None, packages_end=None, allow_overriding=[], cmake_args=None, cmake_target=None, cmake_target_skip_unavailable=False, cmake_clean_cache=False, cmake_clean_first=False, cmake_force_configure=False, ament_cmake_args=None, catkin_cmake_args=None, catkin_skip_building_tests=False, verb_parser=<colcon_defaults.argument_parser.defaults.DefaultArgumentsDecorator object at 0x7a0fded46b90>, verb_extension=<colcon_core.verb.build.BuildVerb object at 0x7a0fded554e0>, main=<bound method BuildVerb.main of <colcon_core.verb.build.BuildVerb object at 0x7a0fded554e0>>)
[1.791s] Level 1:colcon.colcon_core.package_discovery:discover_packages(colcon_meta) check parameters
[1.791s] Level 1:colcon.colcon_core.package_discovery:discover_packages(recursive) check parameters
[1.791s] Level 1:colcon.colcon_core.package_discovery:discover_packages(ignore) check parameters
[1.791s] Level 1:colcon.colcon_core.package_discovery:discover_packages(path) check parameters
[1.791s] Level 1:colcon.colcon_core.package_discovery:discover_packages(colcon_meta) discover
[1.792s] Level 1:colcon.colcon_core.package_discovery:discover_packages(recursive) discover
[1.792s] INFO:colcon.colcon_core.package_discovery:Crawling recursively for packages in '/home/mcr2/robotica_inteligente_eq5'
[1.792s] Level 1:colcon.colcon_core.package_identification:_identify(.) by extensions ['ignore', 'ignore_ament_install']
[1.792s] Level 1:colcon.colcon_core.package_identification:_identify(.) by extension 'ignore'
[1.792s] Level 1:colcon.colcon_core.package_identification:_identify(.) by extension 'ignore_ament_install'
[1.792s] Level 1:colcon.colcon_core.package_identification:_identify(.) by extensions ['colcon_pkg']
[1.792s] Level 1:colcon.colcon_core.package_identification:_identify(.) by extension 'colcon_pkg'
[1.792s] Level 1:colcon.colcon_core.package_identification:_identify(.) by extensions ['colcon_meta']
[1.792s] Level 1:colcon.colcon_core.package_identification:_identify(.) by extension 'colcon_meta'
[1.792s] Level 1:colcon.colcon_core.package_identification:_identify(.) by extensions ['ros']
[1.792s] Level 1:colcon.colcon_core.package_identification:_identify(.) by extension 'ros'
[1.815s] Level 1:colcon.colcon_core.package_identification:_identify(.) by extensions ['cmake', 'python']
[1.816s] Level 1:colcon.colcon_core.package_identification:_identify(.) by extension 'cmake'
[1.816s] Level 1:colcon.colcon_core.package_identification:_identify(.) by extension 'python'
[1.816s] Level 1:colcon.colcon_core.package_identification:_identify(.) by extensions ['python_setup_py']
[1.816s] Level 1:colcon.colcon_core.package_identification:_identify(.) by extension 'python_setup_py'
[1.816s] Level 1:colcon.colcon_core.package_identification:_identify(build) by extensions ['ignore', 'ignore_ament_install']
[1.816s] Level 1:colcon.colcon_core.package_identification:_identify(build) by extension 'ignore'
[1.816s] Level 1:colcon.colcon_core.package_identification:_identify(build) ignored
[1.817s] Level 1:colcon.colcon_core.package_identification:_identify(install) by extensions ['ignore', 'ignore_ament_install']
[1.817s] Level 1:colcon.colcon_core.package_identification:_identify(install) by extension 'ignore'
[1.817s] Level 1:colcon.colcon_core.package_identification:_identify(install) ignored
[1.817s] Level 1:colcon.colcon_core.package_identification:_identify(log) by extensions ['ignore', 'ignore_ament_install']
[1.817s] Level 1:colcon.colcon_core.package_identification:_identify(log) by extension 'ignore'
[1.817s] Level 1:colcon.colcon_core.package_identification:_identify(log) ignored
[1.817s] Level 1:colcon.colcon_core.package_identification:_identify(manchester_robotics) by extensions ['ignore', 'ignore_ament_install']
[1.817s] Level 1:colcon.colcon_core.package_identification:_identify(manchester_robotics) by extension 'ignore'
[1.818s] Level 1:colcon.colcon_core.package_identification:_identify(manchester_robotics) by extension 'ignore_ament_install'
[1.818s] Level 1:colcon.colcon_core.package_identification:_identify(manchester_robotics) by extensions ['colcon_pkg']
[1.818s] Level 1:colcon.colcon_core.package_identification:_identify(manchester_robotics) by extension 'colcon_pkg'
[1.818s] Level 1:colcon.colcon_core.package_identification:_identify(manchester_robotics) by extensions ['colcon_meta']
[1.818s] Level 1:colcon.colcon_core.package_identification:_identify(manchester_robotics) by extension 'colcon_meta'
[1.818s] Level 1:colcon.colcon_core.package_identification:_identify(manchester_robotics) by extensions ['ros']
[1.818s] Level 1:colcon.colcon_core.package_identification:_identify(manchester_robotics) by extension 'ros'
[1.818s] Level 1:colcon.colcon_core.package_identification:_identify(manchester_robotics) by extensions ['cmake', 'python']
[1.818s] Level 1:colcon.colcon_core.package_identification:_identify(manchester_robotics) by extension 'cmake'
[1.818s] Level 1:colcon.colcon_core.package_identification:_identify(manchester_robotics) by extension 'python'
[1.818s] Level 1:colcon.colcon_core.package_identification:_identify(manchester_robotics) by extensions ['python_setup_py']
[1.818s] Level 1:colcon.colcon_core.package_identification:_identify(manchester_robotics) by extension 'python_setup_py'
[1.818s] Level 1:colcon.colcon_core.package_identification:_identify(manchester_robotics/build) by extensions ['ignore', 'ignore_ament_install']
[1.818s] Level 1:colcon.colcon_core.package_identification:_identify(manchester_robotics/build) by extension 'ignore'
[1.819s] Level 1:colcon.colcon_core.package_identification:_identify(manchester_robotics/build) ignored
[1.819s] Level 1:colcon.colcon_core.package_identification:_identify(manchester_robotics/install) by extensions ['ignore', 'ignore_ament_install']
[1.819s] Level 1:colcon.colcon_core.package_identification:_identify(manchester_robotics/install) by extension 'ignore'
[1.819s] Level 1:colcon.colcon_core.package_identification:_identify(manchester_robotics/install) ignored
[1.820s] Level 1:colcon.colcon_core.package_identification:_identify(manchester_robotics/log) by extensions ['ignore', 'ignore_ament_install']
[1.820s] Level 1:colcon.colcon_core.package_identification:_identify(manchester_robotics/log) by extension 'ignore'
[1.820s] Level 1:colcon.colcon_core.package_identification:_identify(manchester_robotics/log) ignored
[1.820s] Level 1:colcon.colcon_core.package_identification:_identify(manchester_robotics/src) by extensions ['ignore', 'ignore_ament_install']
[1.820s] Level 1:colcon.colcon_core.package_identification:_identify(manchester_robotics/src) by extension 'ignore'
[1.820s] Level 1:colcon.colcon_core.package_identification:_identify(manchester_robotics/src) by extension 'ignore_ament_install'
[1.820s] Level 1:colcon.colcon_core.package_identification:_identify(manchester_robotics/src) by extensions ['colcon_pkg']
[1.820s] Level 1:colcon.colcon_core.package_identification:_identify(manchester_robotics/src) by extension 'colcon_pkg'
[1.820s] Level 1:colcon.colcon_core.package_identification:_identify(manchester_robotics/src) by extensions ['colcon_meta']
[1.820s] Level 1:colcon.colcon_core.package_identification:_identify(manchester_robotics/src) by extension 'colcon_meta'
[1.820s] Level 1:colcon.colcon_core.package_identification:_identify(manchester_robotics/src) by extensions ['ros']
[1.820s] Level 1:colcon.colcon_core.package_identification:_identify(manchester_robotics/src) by extension 'ros'
[1.821s] Level 1:colcon.colcon_core.package_identification:_identify(manchester_robotics/src) by extensions ['cmake', 'python']
[1.821s] Level 1:colcon.colcon_core.package_identification:_identify(manchester_robotics/src) by extension 'cmake'
[1.821s] Level 1:colcon.colcon_core.package_identification:_identify(manchester_robotics/src) by extension 'python'
[1.821s] Level 1:colcon.colcon_core.package_identification:_identify(manchester_robotics/src) by extensions ['python_setup_py']
[1.821s] Level 1:colcon.colcon_core.package_identification:_identify(manchester_robotics/src) by extension 'python_setup_py'
[1.821s] Level 1:colcon.colcon_core.package_identification:_identify(manchester_robotics/src/mini_challenge_1) by extensions ['ignore', 'ignore_ament_install']
[1.821s] Level 1:colcon.colcon_core.package_identification:_identify(manchester_robotics/src/mini_challenge_1) by extension 'ignore'
[1.821s] Level 1:colcon.colcon_core.package_identification:_identify(manchester_robotics/src/mini_challenge_1) by extension 'ignore_ament_install'
[1.821s] Level 1:colcon.colcon_core.package_identification:_identify(manchester_robotics/src/mini_challenge_1) by extensions ['colcon_pkg']
[1.821s] Level 1:colcon.colcon_core.package_identification:_identify(manchester_robotics/src/mini_challenge_1) by extension 'colcon_pkg'
[1.821s] Level 1:colcon.colcon_core.package_identification:_identify(manchester_robotics/src/mini_challenge_1) by extensions ['colcon_meta']
[1.821s] Level 1:colcon.colcon_core.package_identification:_identify(manchester_robotics/src/mini_challenge_1) by extension 'colcon_meta'
[1.821s] Level 1:colcon.colcon_core.package_identification:_identify(manchester_robotics/src/mini_challenge_1) by extensions ['ros']
[1.821s] Level 1:colcon.colcon_core.package_identification:_identify(manchester_robotics/src/mini_challenge_1) by extension 'ros'
[1.823s] DEBUG:colcon.colcon_core.package_identification:Failed to parse potential ROS package manifest in'manchester_robotics/src/mini_challenge_1': Error(s) in package 'manchester_robotics/src/mini_challenge_1/package.xml':
The manifest contains invalid XML:
mismatched tag: line 13, column 27
[1.824s] Level 1:colcon.colcon_core.package_identification:_identify(manchester_robotics/src/mini_challenge_1) by extensions ['cmake', 'python']
[1.824s] Level 1:colcon.colcon_core.package_identification:_identify(manchester_robotics/src/mini_challenge_1) by extension 'cmake'
[1.824s] Level 1:colcon.colcon_core.package_identification:_identify(manchester_robotics/src/mini_challenge_1) by extension 'python'
[1.824s] DEBUG:colcon.colcon_core.package_identification:Python package in 'manchester_robotics/src/mini_challenge_1' passes arguments to the setup() function which requires a different identification extension than 'python'
[1.824s] Level 1:colcon.colcon_core.package_identification:_identify(manchester_robotics/src/mini_challenge_1) by extensions ['python_setup_py']
[1.824s] Level 1:colcon.colcon_core.package_identification:_identify(manchester_robotics/src/mini_challenge_1) by extension 'python_setup_py'
[2.324s] DEBUG:colcon.colcon_core.package_identification:Package 'manchester_robotics/src/mini_challenge_1' with type 'python' and name 'mini_challenge_1'
[2.324s] Level 1:colcon.colcon_core.package_identification:_identify(manchester_robotics/src/mini_challenge_2) by extensions ['ignore', 'ignore_ament_install']
[2.325s] Level 1:colcon.colcon_core.package_identification:_identify(manchester_robotics/src/mini_challenge_2) by extension 'ignore'
[2.325s] Level 1:colcon.colcon_core.package_identification:_identify(manchester_robotics/src/mini_challenge_2) by extension 'ignore_ament_install'
[2.325s] Level 1:colcon.colcon_core.package_identification:_identify(manchester_robotics/src/mini_challenge_2) by extensions ['colcon_pkg']
[2.325s] Level 1:colcon.colcon_core.package_identification:_identify(manchester_robotics/src/mini_challenge_2) by extension 'colcon_pkg'
[2.325s] Level 1:colcon.colcon_core.package_identification:_identify(manchester_robotics/src/mini_challenge_2) by extensions ['colcon_meta']
[2.325s] Level 1:colcon.colcon_core.package_identification:_identify(manchester_robotics/src/mini_challenge_2) by extension 'colcon_meta'
[2.325s] Level 1:colcon.colcon_core.package_identification:_identify(manchester_robotics/src/mini_challenge_2) by extensions ['ros']
[2.325s] Level 1:colcon.colcon_core.package_identification:_identify(manchester_robotics/src/mini_challenge_2) by extension 'ros'
[2.329s] DEBUG:colcon.colcon_core.package_identification:Package 'manchester_robotics/src/mini_challenge_2' with type 'ros.ament_python' and name 'mini_challenge_2'
[2.329s] Level 1:colcon.colcon_core.package_identification:_identify(manchester_robotics/src/signal_msg) by extensions ['ignore', 'ignore_ament_install']
[2.329s] Level 1:colcon.colcon_core.package_identification:_identify(manchester_robotics/src/signal_msg) by extension 'ignore'
[2.329s] Level 1:colcon.colcon_core.package_identification:_identify(manchester_robotics/src/signal_msg) by extension 'ignore_ament_install'
[2.329s] Level 1:colcon.colcon_core.package_identification:_identify(manchester_robotics/src/signal_msg) by extensions ['colcon_pkg']
[2.329s] Level 1:colcon.colcon_core.package_identification:_identify(manchester_robotics/src/signal_msg) by extension 'colcon_pkg'
[2.329s] Level 1:colcon.colcon_core.package_identification:_identify(manchester_robotics/src/signal_msg) by extensions ['colcon_meta']
[2.329s] Level 1:colcon.colcon_core.package_identification:_identify(manchester_robotics/src/signal_msg) by extension 'colcon_meta'
[2.329s] Level 1:colcon.colcon_core.package_identification:_identify(manchester_robotics/src/signal_msg) by extensions ['ros']
[2.329s] Level 1:colcon.colcon_core.package_identification:_identify(manchester_robotics/src/signal_msg) by extension 'ros'
[2.331s] DEBUG:colcon.colcon_core.package_identification:Package 'manchester_robotics/src/signal_msg' with type 'ros.ament_cmake' and name 'signal_msg'
[2.331s] Level 1:colcon.colcon_core.package_identification:_identify(vision) by extensions ['ignore', 'ignore_ament_install']
[2.331s] Level 1:colcon.colcon_core.package_identification:_identify(vision) by extension 'ignore'
[2.331s] Level 1:colcon.colcon_core.package_identification:_identify(vision) by extension 'ignore_ament_install'
[2.331s] Level 1:colcon.colcon_core.package_identification:_identify(vision) by extensions ['colcon_pkg']
[2.331s] Level 1:colcon.colcon_core.package_identification:_identify(vision) by extension 'colcon_pkg'
[2.332s] Level 1:colcon.colcon_core.package_identification:_identify(vision) by extensions ['colcon_meta']
[2.332s] Level 1:colcon.colcon_core.package_identification:_identify(vision) by extension 'colcon_meta'
[2.332s] Level 1:colcon.colcon_core.package_identification:_identify(vision) by extensions ['ros']
[2.332s] Level 1:colcon.colcon_core.package_identification:_identify(vision) by extension 'ros'
[2.332s] Level 1:colcon.colcon_core.package_identification:_identify(vision) by extensions ['cmake', 'python']
[2.332s] Level 1:colcon.colcon_core.package_identification:_identify(vision) by extension 'cmake'
[2.332s] Level 1:colcon.colcon_core.package_identification:_identify(vision) by extension 'python'
[2.332s] Level 1:colcon.colcon_core.package_identification:_identify(vision) by extensions ['python_setup_py']
[2.332s] Level 1:colcon.colcon_core.package_identification:_identify(vision) by extension 'python_setup_py'
[2.332s] Level 1:colcon.colcon_core.package_identification:_identify(vision/challenge_01) by extensions ['ignore', 'ignore_ament_install']
[2.332s] Level 1:colcon.colcon_core.package_identification:_identify(vision/challenge_01) by extension 'ignore'
[2.332s] Level 1:colcon.colcon_core.package_identification:_identify(vision/challenge_01) by extension 'ignore_ament_install'
[2.333s] Level 1:colcon.colcon_core.package_identification:_identify(vision/challenge_01) by extensions ['colcon_pkg']
[2.333s] Level 1:colcon.colcon_core.package_identification:_identify(vision/challenge_01) by extension 'colcon_pkg'
[2.333s] Level 1:colcon.colcon_core.package_identification:_identify(vision/challenge_01) by extensions ['colcon_meta']
[2.333s] Level 1:colcon.colcon_core.package_identification:_identify(vision/challenge_01) by extension 'colcon_meta'
[2.333s] Level 1:colcon.colcon_core.package_identification:_identify(vision/challenge_01) by extensions ['ros']
[2.333s] Level 1:colcon.colcon_core.package_identification:_identify(vision/challenge_01) by extension 'ros'
[2.333s] Level 1:colcon.colcon_core.package_identification:_identify(vision/challenge_01) by extensions ['cmake', 'python']
[2.333s] Level 1:colcon.colcon_core.package_identification:_identify(vision/challenge_01) by extension 'cmake'
[2.333s] Level 1:colcon.colcon_core.package_identification:_identify(vision/challenge_01) by extension 'python'
[2.333s] Level 1:colcon.colcon_core.package_identification:_identify(vision/challenge_01) by extensions ['python_setup_py']
[2.333s] Level 1:colcon.colcon_core.package_identification:_identify(vision/challenge_01) by extension 'python_setup_py'
[2.333s] Level 1:colcon.colcon_core.package_identification:_identify(vision/challenge_02) by extensions ['ignore', 'ignore_ament_install']
[2.333s] Level 1:colcon.colcon_core.package_identification:_identify(vision/challenge_02) by extension 'ignore'
[2.333s] Level 1:colcon.colcon_core.package_identification:_identify(vision/challenge_02) by extension 'ignore_ament_install'
[2.334s] Level 1:colcon.colcon_core.package_identification:_identify(vision/challenge_02) by extensions ['colcon_pkg']
[2.334s] Level 1:colcon.colcon_core.package_identification:_identify(vision/challenge_02) by extension 'colcon_pkg'
[2.334s] Level 1:colcon.colcon_core.package_identification:_identify(vision/challenge_02) by extensions ['colcon_meta']
[2.334s] Level 1:colcon.colcon_core.package_identification:_identify(vision/challenge_02) by extension 'colcon_meta'
[2.334s] Level 1:colcon.colcon_core.package_identification:_identify(vision/challenge_02) by extensions ['ros']
[2.334s] Level 1:colcon.colcon_core.package_identification:_identify(vision/challenge_02) by extension 'ros'
[2.334s] Level 1:colcon.colcon_core.package_identification:_identify(vision/challenge_02) by extensions ['cmake', 'python']
[2.334s] Level 1:colcon.colcon_core.package_identification:_identify(vision/challenge_02) by extension 'cmake'
[2.334s] Level 1:colcon.colcon_core.package_identification:_identify(vision/challenge_02) by extension 'python'
[2.334s] Level 1:colcon.colcon_core.package_identification:_identify(vision/challenge_02) by extensions ['python_setup_py']
[2.334s] Level 1:colcon.colcon_core.package_identification:_identify(vision/challenge_02) by extension 'python_setup_py'
[2.334s] Level 1:colcon.colcon_core.package_discovery:discover_packages(recursive) using defaults
[2.335s] Level 1:colcon.colcon_core.package_discovery:discover_packages(ignore) discover
[2.335s] Level 1:colcon.colcon_core.package_discovery:discover_packages(ignore) using defaults
[2.335s] Level 1:colcon.colcon_core.package_discovery:discover_packages(path) discover
[2.335s] Level 1:colcon.colcon_core.package_discovery:discover_packages(path) using defaults
[2.486s] Level 1:colcon.colcon_core.package_discovery:discover_packages(prefix_path) check parameters
[2.486s] Level 1:colcon.colcon_core.package_discovery:discover_packages(prefix_path) discover
[2.551s] DEBUG:colcon.colcon_installed_package_information.package_discovery:Found 3 installed packages in /home/mcr2/robotica_inteligente_eq5/install
[2.580s] DEBUG:colcon.colcon_installed_package_information.package_discovery:Found 18 installed packages in /home/mcr2/ros2_utilities_ws/install
[2.607s] DEBUG:colcon.colcon_installed_package_information.package_discovery:Found 345 installed packages in /opt/ros/humble
[2.627s] Level 1:colcon.colcon_core.package_discovery:discover_packages(prefix_path) using defaults
[2.810s] Level 5:colcon.colcon_core.verb:set package 'mini_challenge_1' build argument 'cmake_args' from command line to 'None'
[2.810s] Level 5:colcon.colcon_core.verb:set package 'mini_challenge_1' build argument 'cmake_target' from command line to 'None'
[2.811s] Level 5:colcon.colcon_core.verb:set package 'mini_challenge_1' build argument 'cmake_target_skip_unavailable' from command line to 'False'
[2.811s] Level 5:colcon.colcon_core.verb:set package 'mini_challenge_1' build argument 'cmake_clean_cache' from command line to 'False'
[2.811s] Level 5:colcon.colcon_core.verb:set package 'mini_challenge_1' build argument 'cmake_clean_first' from command line to 'False'
[2.812s] Level 5:colcon.colcon_core.verb:set package 'mini_challenge_1' build argument 'cmake_force_configure' from command line to 'False'
[2.812s] Level 5:colcon.colcon_core.verb:set package 'mini_challenge_1' build argument 'ament_cmake_args' from command line to 'None'
[2.812s] Level 5:colcon.colcon_core.verb:set package 'mini_challenge_1' build argument 'catkin_cmake_args' from command line to 'None'
[2.812s] Level 5:colcon.colcon_core.verb:set package 'mini_challenge_1' build argument 'catkin_skip_building_tests' from command line to 'False'
[2.812s] DEBUG:colcon.colcon_core.verb:Building package 'mini_challenge_1' with the following arguments: {'ament_cmake_args': None, 'build_base': '/home/mcr2/robotica_inteligente_eq5/build/mini_challenge_1', 'catkin_cmake_args': None, 'catkin_skip_building_tests': False, 'cmake_args': None, 'cmake_clean_cache': False, 'cmake_clean_first': False, 'cmake_force_configure': False, 'cmake_target': None, 'cmake_target_skip_unavailable': False, 'install_base': '/home/mcr2/robotica_inteligente_eq5/install/mini_challenge_1', 'merge_install': False, 'path': '/home/mcr2/robotica_inteligente_eq5/manchester_robotics/src/mini_challenge_1', 'symlink_install': False, 'test_result_base': None}
[2.837s] Level 5:colcon.colcon_core.verb:set package 'signal_msg' build argument 'cmake_args' from command line to 'None'
[2.838s] Level 5:colcon.colcon_core.verb:set package 'signal_msg' build argument 'cmake_target' from command line to 'None'
[2.838s] Level 5:colcon.colcon_core.verb:set package 'signal_msg' build argument 'cmake_target_skip_unavailable' from command line to 'False'
[2.838s] Level 5:colcon.colcon_core.verb:set package 'signal_msg' build argument 'cmake_clean_cache' from command line to 'False'
[2.838s] Level 5:colcon.colcon_core.verb:set package 'signal_msg' build argument 'cmake_clean_first' from command line to 'False'
[2.838s] Level 5:colcon.colcon_core.verb:set package 'signal_msg' build argument 'cmake_force_configure' from command line to 'False'
[2.838s] Level 5:colcon.colcon_core.verb:set package 'signal_msg' build argument 'ament_cmake_args' from command line to 'None'
[2.838s] Level 5:colcon.colcon_core.verb:set package 'signal_msg' build argument 'catkin_cmake_args' from command line to 'None'
[2.838s] Level 5:colcon.colcon_core.verb:set package 'signal_msg' build argument 'catkin_skip_building_tests' from command line to 'False'
[2.838s] DEBUG:colcon.colcon_core.verb:Building package 'signal_msg' with the following arguments: {'ament_cmake_args': None, 'build_base': '/home/mcr2/robotica_inteligente_eq5/build/signal_msg', 'catkin_cmake_args': None, 'catkin_skip_building_tests': False, 'cmake_args': None, 'cmake_clean_cache': False, 'cmake_clean_first': False, 'cmake_force_configure': False, 'cmake_target': None, 'cmake_target_skip_unavailable': False, 'install_base': '/home/mcr2/robotica_inteligente_eq5/install/signal_msg', 'merge_install': False, 'path': '/home/mcr2/robotica_inteligente_eq5/manchester_robotics/src/signal_msg', 'symlink_install': False, 'test_result_base': None}
[2.861s] Level 5:colcon.colcon_core.verb:set package 'mini_challenge_2' build argument 'cmake_args' from command line to 'None'
[2.862s] Level 5:colcon.colcon_core.verb:set package 'mini_challenge_2' build argument 'cmake_target' from command line to 'None'
[2.862s] Level 5:colcon.colcon_core.verb:set package 'mini_challenge_2' build argument 'cmake_target_skip_unavailable' from command line to 'False'
[2.862s] Level 5:colcon.colcon_core.verb:set package 'mini_challenge_2' build argument 'cmake_clean_cache' from command line to 'False'
[2.862s] Level 5:colcon.colcon_core.verb:set package 'mini_challenge_2' build argument 'cmake_clean_first' from command line to 'False'
[2.863s] Level 5:colcon.colcon_core.verb:set package 'mini_challenge_2' build argument 'cmake_force_configure' from command line to 'False'
[2.863s] Level 5:colcon.colcon_core.verb:set package 'mini_challenge_2' build argument 'ament_cmake_args' from command line to 'None'
[2.863s] Level 5:colcon.colcon_core.verb:set package 'mini_challenge_2' build argument 'catkin_cmake_args' from command line to 'None'
[2.863s] Level 5:colcon.colcon_core.verb:set package 'mini_challenge_2' build argument 'catkin_skip_building_tests' from command line to 'False'
[2.863s] DEBUG:colcon.colcon_core.verb:Building package 'mini_challenge_2' with the following arguments: {'ament_cmake_args': None, 'build_base': '/home/mcr2/robotica_inteligente_eq5/build/mini_challenge_2', 'catkin_cmake_args': None, 'catkin_skip_building_tests': False, 'cmake_args': None, 'cmake_clean_cache': False, 'cmake_clean_first': False, 'cmake_force_configure': False, 'cmake_target': None, 'cmake_target_skip_unavailable': False, 'install_base': '/home/mcr2/robotica_inteligente_eq5/install/mini_challenge_2', 'merge_install': False, 'path': '/home/mcr2/robotica_inteligente_eq5/manchester_robotics/src/mini_challenge_2', 'symlink_install': False, 'test_result_base': None}
[2.889s] INFO:colcon.colcon_core.executor:Executing jobs using 'parallel' executor
[2.917s] DEBUG:colcon.colcon_parallel_executor.executor.parallel:run_until_complete
[2.918s] INFO:colcon.colcon_ros.task.ament_cmake.build:Building ROS package in '/home/mcr2/robotica_inteligente_eq5/manchester_robotics/src/signal_msg' with build type 'ament_cmake'
[2.918s] INFO:colcon.colcon_cmake.task.cmake.build:Building CMake package in '/home/mcr2/robotica_inteligente_eq5/manchester_robotics/src/signal_msg'
[2.960s] INFO:colcon.colcon_core.plugin_system:Skipping extension 'colcon_core.shell.bat': Not used on non-Windows systems
[2.960s] INFO:colcon.colcon_core.shell:Skip shell extension 'powershell' for command environment: Not usable outside of PowerShell
[2.960s] DEBUG:colcon.colcon_core.shell:Skip shell extension 'dsv' for command environment
[3.092s] INFO:colcon.colcon_core.task.python.build:Building Python package in '/home/mcr2/robotica_inteligente_eq5/manchester_robotics/src/mini_challenge_1'
[3.119s] INFO:colcon.colcon_core.shell:Skip shell extension 'powershell' for command environment: Not usable outside of PowerShell
[3.120s] DEBUG:colcon.colcon_core.shell:Skip shell extension 'dsv' for command environment
[3.233s] DEBUG:colcon.colcon_core.event_handler.log_command:Invoking command in '/home/mcr2/robotica_inteligente_eq5/build/signal_msg': CMAKE_PREFIX_PATH=${CMAKE_PREFIX_PATH}:/home/mcr2/robotica_inteligente_eq5/install/mini_challenge_2:/opt/ros/humble /usr/bin/cmake --build /home/mcr2/robotica_inteligente_eq5/build/signal_msg -- -j16 -l16
[4.391s] DEBUG:colcon.colcon_core.event_handler.log_command:Invoked command in '/home/mcr2/robotica_inteligente_eq5/build/signal_msg' returned '0': CMAKE_PREFIX_PATH=${CMAKE_PREFIX_PATH}:/home/mcr2/robotica_inteligente_eq5/install/mini_challenge_2:/opt/ros/humble /usr/bin/cmake --build /home/mcr2/robotica_inteligente_eq5/build/signal_msg -- -j16 -l16
[4.628s] DEBUG:colcon.colcon_core.event_handler.log_command:Invoking command in '/home/mcr2/robotica_inteligente_eq5/build/signal_msg': CMAKE_PREFIX_PATH=${CMAKE_PREFIX_PATH}:/home/mcr2/robotica_inteligente_eq5/install/mini_challenge_2:/opt/ros/humble /usr/bin/cmake --install /home/mcr2/robotica_inteligente_eq5/build/signal_msg
[4.787s] Level 1:colcon.colcon_core.environment:create_environment_scripts_only(signal_msg)
[4.790s] DEBUG:colcon.colcon_core.event_handler.log_command:Invoked command in '/home/mcr2/robotica_inteligente_eq5/build/signal_msg' returned '0': CMAKE_PREFIX_PATH=${CMAKE_PREFIX_PATH}:/home/mcr2/robotica_inteligente_eq5/install/mini_challenge_2:/opt/ros/humble /usr/bin/cmake --install /home/mcr2/robotica_inteligente_eq5/build/signal_msg
[4.816s] Level 1:colcon.colcon_core.environment:checking '/home/mcr2/robotica_inteligente_eq5/install/signal_msg' for CMake module files
[4.817s] Level 1:colcon.colcon_core.environment:checking '/home/mcr2/robotica_inteligente_eq5/install/signal_msg' for CMake config files
[4.817s] Level 1:colcon.colcon_core.shell:create_environment_hook('signal_msg', 'cmake_prefix_path')
[4.841s] INFO:colcon.colcon_core.shell:Creating environment hook '/home/mcr2/robotica_inteligente_eq5/install/signal_msg/share/signal_msg/hook/cmake_prefix_path.ps1'
[4.842s] INFO:colcon.colcon_core.shell:Creating environment descriptor '/home/mcr2/robotica_inteligente_eq5/install/signal_msg/share/signal_msg/hook/cmake_prefix_path.dsv'
[4.843s] INFO:colcon.colcon_core.shell:Creating environment hook '/home/mcr2/robotica_inteligente_eq5/install/signal_msg/share/signal_msg/hook/cmake_prefix_path.sh'
[4.845s] Level 1:colcon.colcon_core.environment:checking '/home/mcr2/robotica_inteligente_eq5/install/signal_msg/lib'
[4.846s] Level 1:colcon.colcon_core.shell:create_environment_hook('signal_msg', 'ld_library_path_lib')
[4.876s] INFO:colcon.colcon_core.shell:Creating environment hook '/home/mcr2/robotica_inteligente_eq5/install/signal_msg/share/signal_msg/hook/ld_library_path_lib.ps1'
[4.877s] INFO:colcon.colcon_core.shell:Creating environment descriptor '/home/mcr2/robotica_inteligente_eq5/install/signal_msg/share/signal_msg/hook/ld_library_path_lib.dsv'
[4.878s] INFO:colcon.colcon_core.shell:Creating environment hook '/home/mcr2/robotica_inteligente_eq5/install/signal_msg/share/signal_msg/hook/ld_library_path_lib.sh'
[4.880s] Level 1:colcon.colcon_core.environment:checking '/home/mcr2/robotica_inteligente_eq5/install/signal_msg/bin'
[4.880s] Level 1:colcon.colcon_core.environment:checking '/home/mcr2/robotica_inteligente_eq5/install/signal_msg/lib/pkgconfig/signal_msg.pc'
[4.881s] Level 1:colcon.colcon_core.environment:checking '/home/mcr2/robotica_inteligente_eq5/install/signal_msg/lib/python3.10/site-packages'
[4.881s] Level 1:colcon.colcon_core.environment:checking '/home/mcr2/robotica_inteligente_eq5/install/signal_msg/bin'
[4.907s] INFO:colcon.colcon_core.shell:Creating package script '/home/mcr2/robotica_inteligente_eq5/install/signal_msg/share/signal_msg/package.ps1'
[4.910s] INFO:colcon.colcon_core.shell:Creating package descriptor '/home/mcr2/robotica_inteligente_eq5/install/signal_msg/share/signal_msg/package.dsv'
[4.911s] INFO:colcon.colcon_core.shell:Creating package script '/home/mcr2/robotica_inteligente_eq5/install/signal_msg/share/signal_msg/package.sh'
[4.913s] INFO:colcon.colcon_core.shell:Creating package script '/home/mcr2/robotica_inteligente_eq5/install/signal_msg/share/signal_msg/package.bash'
[4.915s] INFO:colcon.colcon_core.shell:Creating package script '/home/mcr2/robotica_inteligente_eq5/install/signal_msg/share/signal_msg/package.zsh'
[4.917s] Level 1:colcon.colcon_core.environment:create_file_with_runtime_dependencies(/home/mcr2/robotica_inteligente_eq5/install/signal_msg/share/colcon-core/packages/signal_msg)
[4.925s] DEBUG:colcon.colcon_core.event_handler.log_command:Invoking command in '/home/mcr2/robotica_inteligente_eq5/manchester_robotics/src/mini_challenge_1': PYTHONPATH=/home/mcr2/robotica_inteligente_eq5/build/mini_challenge_1/prefix_override:/home/mcr2/robotica_inteligente_eq5/install/mini_challenge_1/lib/python3.10/site-packages:${PYTHONPATH} /usr/bin/python3 setup.py egg_info --egg-base ../../../build/mini_challenge_1 build --build-base /home/mcr2/robotica_inteligente_eq5/build/mini_challenge_1/build install --record /home/mcr2/robotica_inteligente_eq5/build/mini_challenge_1/install.log --single-version-externally-managed
[5.098s] Level 1:colcon.colcon_core.environment:create_environment_scripts_only(signal_msg)
[5.120s] Level 1:colcon.colcon_core.environment:checking '/home/mcr2/robotica_inteligente_eq5/install/signal_msg' for CMake module files
[5.121s] Level 1:colcon.colcon_core.environment:checking '/home/mcr2/robotica_inteligente_eq5/install/signal_msg' for CMake config files
[5.121s] Level 1:colcon.colcon_core.shell:create_environment_hook('signal_msg', 'cmake_prefix_path')
[5.152s] INFO:colcon.colcon_core.shell:Creating environment hook '/home/mcr2/robotica_inteligente_eq5/install/signal_msg/share/signal_msg/hook/cmake_prefix_path.ps1'
[5.153s] INFO:colcon.colcon_core.shell:Creating environment descriptor '/home/mcr2/robotica_inteligente_eq5/install/signal_msg/share/signal_msg/hook/cmake_prefix_path.dsv'
[5.154s] INFO:colcon.colcon_core.shell:Creating environment hook '/home/mcr2/robotica_inteligente_eq5/install/signal_msg/share/signal_msg/hook/cmake_prefix_path.sh'
[5.155s] Level 1:colcon.colcon_core.environment:checking '/home/mcr2/robotica_inteligente_eq5/install/signal_msg/lib'
[5.156s] Level 1:colcon.colcon_core.shell:create_environment_hook('signal_msg', 'ld_library_path_lib')
[5.180s] INFO:colcon.colcon_core.shell:Creating environment hook '/home/mcr2/robotica_inteligente_eq5/install/signal_msg/share/signal_msg/hook/ld_library_path_lib.ps1'
[5.181s] INFO:colcon.colcon_core.shell:Creating environment descriptor '/home/mcr2/robotica_inteligente_eq5/install/signal_msg/share/signal_msg/hook/ld_library_path_lib.dsv'
[5.182s] INFO:colcon.colcon_core.shell:Creating environment hook '/home/mcr2/robotica_inteligente_eq5/install/signal_msg/share/signal_msg/hook/ld_library_path_lib.sh'
[5.183s] Level 1:colcon.colcon_core.environment:checking '/home/mcr2/robotica_inteligente_eq5/install/signal_msg/bin'
[5.183s] Level 1:colcon.colcon_core.environment:checking '/home/mcr2/robotica_inteligente_eq5/install/signal_msg/lib/pkgconfig/signal_msg.pc'
[5.184s] Level 1:colcon.colcon_core.environment:checking '/home/mcr2/robotica_inteligente_eq5/install/signal_msg/lib/python3.10/site-packages'
[5.184s] Level 1:colcon.colcon_core.environment:checking '/home/mcr2/robotica_inteligente_eq5/install/signal_msg/bin'
[5.209s] INFO:colcon.colcon_core.shell:Creating package script '/home/mcr2/robotica_inteligente_eq5/install/signal_msg/share/signal_msg/package.ps1'
[5.211s] INFO:colcon.colcon_core.shell:Creating package descriptor '/home/mcr2/robotica_inteligente_eq5/install/signal_msg/share/signal_msg/package.dsv'
[5.212s] INFO:colcon.colcon_core.shell:Creating package script '/home/mcr2/robotica_inteligente_eq5/install/signal_msg/share/signal_msg/package.sh'
[5.213s] INFO:colcon.colcon_core.shell:Creating package script '/home/mcr2/robotica_inteligente_eq5/install/signal_msg/share/signal_msg/package.bash'
[5.214s] INFO:colcon.colcon_core.shell:Creating package script '/home/mcr2/robotica_inteligente_eq5/install/signal_msg/share/signal_msg/package.zsh'
[5.215s] Level 1:colcon.colcon_core.environment:create_file_with_runtime_dependencies(/home/mcr2/robotica_inteligente_eq5/install/signal_msg/share/colcon-core/packages/signal_msg)
[5.216s] INFO:colcon.colcon_ros.task.ament_python.build:Building ROS package in '/home/mcr2/robotica_inteligente_eq5/manchester_robotics/src/mini_challenge_2' with build type 'ament_python'
[5.217s] Level 1:colcon.colcon_core.shell:create_environment_hook('mini_challenge_2', 'ament_prefix_path')
[5.242s] INFO:colcon.colcon_core.shell:Creating environment hook '/home/mcr2/robotica_inteligente_eq5/install/mini_challenge_2/share/mini_challenge_2/hook/ament_prefix_path.ps1'
[5.245s] INFO:colcon.colcon_core.shell:Creating environment descriptor '/home/mcr2/robotica_inteligente_eq5/install/mini_challenge_2/share/mini_challenge_2/hook/ament_prefix_path.dsv'
[5.246s] INFO:colcon.colcon_core.shell:Creating environment hook '/home/mcr2/robotica_inteligente_eq5/install/mini_challenge_2/share/mini_challenge_2/hook/ament_prefix_path.sh'
[5.272s] INFO:colcon.colcon_core.shell:Skip shell extension 'powershell' for command environment: Not usable outside of PowerShell
[5.272s] DEBUG:colcon.colcon_core.shell:Skip shell extension 'dsv' for command environment
[5.855s] INFO:colcon.colcon_core.task.python.build:Building Python package in '/home/mcr2/robotica_inteligente_eq5/manchester_robotics/src/mini_challenge_2'
[5.878s] INFO:colcon.colcon_core.shell:Skip shell extension 'powershell' for command environment: Not usable outside of PowerShell
[5.878s] DEBUG:colcon.colcon_core.shell:Skip shell extension 'dsv' for command environment
[5.993s] DEBUG:colcon.colcon_core.event_handler.log_command:Invoked command in '/home/mcr2/robotica_inteligente_eq5/manchester_robotics/src/mini_challenge_1' returned '0': PYTHONPATH=/home/mcr2/robotica_inteligente_eq5/build/mini_challenge_1/prefix_override:/home/mcr2/robotica_inteligente_eq5/install/mini_challenge_1/lib/python3.10/site-packages:${PYTHONPATH} /usr/bin/python3 setup.py egg_info --egg-base ../../../build/mini_challenge_1 build --build-base /home/mcr2/robotica_inteligente_eq5/build/mini_challenge_1/build install --record /home/mcr2/robotica_inteligente_eq5/build/mini_challenge_1/install.log --single-version-externally-managed
[6.009s] Level 1:colcon.colcon_core.environment:checking '/home/mcr2/robotica_inteligente_eq5/install/mini_challenge_1' for CMake module files
[6.011s] Level 1:colcon.colcon_core.environment:checking '/home/mcr2/robotica_inteligente_eq5/install/mini_challenge_1' for CMake config files
[6.013s] Level 1:colcon.colcon_core.environment:checking '/home/mcr2/robotica_inteligente_eq5/install/mini_challenge_1/lib'
[6.013s] Level 1:colcon.colcon_core.environment:checking '/home/mcr2/robotica_inteligente_eq5/install/mini_challenge_1/bin'
[6.013s] Level 1:colcon.colcon_core.environment:checking '/home/mcr2/robotica_inteligente_eq5/install/mini_challenge_1/lib/pkgconfig/mini_challenge_1.pc'
[6.014s] Level 1:colcon.colcon_core.environment:checking '/home/mcr2/robotica_inteligente_eq5/install/mini_challenge_1/lib/python3.10/site-packages'
[6.014s] Level 1:colcon.colcon_core.shell:create_environment_hook('mini_challenge_1', 'pythonpath')
[6.068s] INFO:colcon.colcon_core.shell:Creating environment hook '/home/mcr2/robotica_inteligente_eq5/install/mini_challenge_1/share/mini_challenge_1/hook/pythonpath.ps1'
[6.070s] INFO:colcon.colcon_core.shell:Creating environment descriptor '/home/mcr2/robotica_inteligente_eq5/install/mini_challenge_1/share/mini_challenge_1/hook/pythonpath.dsv'
[6.071s] INFO:colcon.colcon_core.shell:Creating environment hook '/home/mcr2/robotica_inteligente_eq5/install/mini_challenge_1/share/mini_challenge_1/hook/pythonpath.sh'
[6.073s] Level 1:colcon.colcon_core.environment:checking '/home/mcr2/robotica_inteligente_eq5/install/mini_challenge_1/bin'
[6.073s] Level 1:colcon.colcon_core.environment:create_environment_scripts_only(mini_challenge_1)
[6.187s] INFO:colcon.colcon_core.shell:Creating package script '/home/mcr2/robotica_inteligente_eq5/install/mini_challenge_1/share/mini_challenge_1/package.ps1'
[6.188s] INFO:colcon.colcon_core.shell:Creating package descriptor '/home/mcr2/robotica_inteligente_eq5/install/mini_challenge_1/share/mini_challenge_1/package.dsv'
[6.190s] INFO:colcon.colcon_core.shell:Creating package script '/home/mcr2/robotica_inteligente_eq5/install/mini_challenge_1/share/mini_challenge_1/package.sh'
[6.191s] INFO:colcon.colcon_core.shell:Creating package script '/home/mcr2/robotica_inteligente_eq5/install/mini_challenge_1/share/mini_challenge_1/package.bash'
[6.192s] INFO:colcon.colcon_core.shell:Creating package script '/home/mcr2/robotica_inteligente_eq5/install/mini_challenge_1/share/mini_challenge_1/package.zsh'
[6.192s] Level 1:colcon.colcon_core.environment:create_file_with_runtime_dependencies(/home/mcr2/robotica_inteligente_eq5/install/mini_challenge_1/share/colcon-core/packages/mini_challenge_1)
[7.094s] DEBUG:colcon.colcon_core.event_handler.log_command:Invoking command in '/home/mcr2/robotica_inteligente_eq5/manchester_robotics/src/mini_challenge_2': PYTHONPATH=/home/mcr2/robotica_inteligente_eq5/build/mini_challenge_2/prefix_override:/home/mcr2/robotica_inteligente_eq5/install/mini_challenge_2/lib/python3.10/site-packages:${PYTHONPATH} /usr/bin/python3 setup.py egg_info --egg-base ../../../build/mini_challenge_2 build --build-base /home/mcr2/robotica_inteligente_eq5/build/mini_challenge_2/build install --record /home/mcr2/robotica_inteligente_eq5/build/mini_challenge_2/install.log --single-version-externally-managed
[7.485s] DEBUG:colcon.colcon_core.event_handler.log_command:Invoked command in '/home/mcr2/robotica_inteligente_eq5/manchester_robotics/src/mini_challenge_2' returned '0': PYTHONPATH=/home/mcr2/robotica_inteligente_eq5/build/mini_challenge_2/prefix_override:/home/mcr2/robotica_inteligente_eq5/install/mini_challenge_2/lib/python3.10/site-packages:${PYTHONPATH} /usr/bin/python3 setup.py egg_info --egg-base ../../../build/mini_challenge_2 build --build-base /home/mcr2/robotica_inteligente_eq5/build/mini_challenge_2/build install --record /home/mcr2/robotica_inteligente_eq5/build/mini_challenge_2/install.log --single-version-externally-managed
[7.511s] Level 1:colcon.colcon_core.environment:checking '/home/mcr2/robotica_inteligente_eq5/install/mini_challenge_2' for CMake module files
[7.512s] Level 1:colcon.colcon_core.environment:checking '/home/mcr2/robotica_inteligente_eq5/install/mini_challenge_2' for CMake config files
[7.513s] Level 1:colcon.colcon_core.environment:checking '/home/mcr2/robotica_inteligente_eq5/install/mini_challenge_2/lib'
[7.513s] Level 1:colcon.colcon_core.environment:checking '/home/mcr2/robotica_inteligente_eq5/install/mini_challenge_2/bin'
[7.513s] Level 1:colcon.colcon_core.environment:checking '/home/mcr2/robotica_inteligente_eq5/install/mini_challenge_2/lib/pkgconfig/mini_challenge_2.pc'
[7.514s] Level 1:colcon.colcon_core.environment:checking '/home/mcr2/robotica_inteligente_eq5/install/mini_challenge_2/lib/python3.10/site-packages'
[7.514s] Level 1:colcon.colcon_core.shell:create_environment_hook('mini_challenge_2', 'pythonpath')
[7.543s] INFO:colcon.colcon_core.shell:Creating environment hook '/home/mcr2/robotica_inteligente_eq5/install/mini_challenge_2/share/mini_challenge_2/hook/pythonpath.ps1'
[7.544s] INFO:colcon.colcon_core.shell:Creating environment descriptor '/home/mcr2/robotica_inteligente_eq5/install/mini_challenge_2/share/mini_challenge_2/hook/pythonpath.dsv'
[7.545s] INFO:colcon.colcon_core.shell:Creating environment hook '/home/mcr2/robotica_inteligente_eq5/install/mini_challenge_2/share/mini_challenge_2/hook/pythonpath.sh'
[7.546s] Level 1:colcon.colcon_core.environment:checking '/home/mcr2/robotica_inteligente_eq5/install/mini_challenge_2/bin'
[7.547s] Level 1:colcon.colcon_core.environment:create_environment_scripts_only(mini_challenge_2)
[7.575s] INFO:colcon.colcon_core.shell:Creating package script '/home/mcr2/robotica_inteligente_eq5/install/mini_challenge_2/share/mini_challenge_2/package.ps1'
[7.576s] INFO:colcon.colcon_core.shell:Creating package descriptor '/home/mcr2/robotica_inteligente_eq5/install/mini_challenge_2/share/mini_challenge_2/package.dsv'
[7.576s] INFO:colcon.colcon_core.shell:Creating package script '/home/mcr2/robotica_inteligente_eq5/install/mini_challenge_2/share/mini_challenge_2/package.sh'
[7.576s] INFO:colcon.colcon_core.shell:Creating package script '/home/mcr2/robotica_inteligente_eq5/install/mini_challenge_2/share/mini_challenge_2/package.bash'
[7.576s] INFO:colcon.colcon_core.shell:Creating package script '/home/mcr2/robotica_inteligente_eq5/install/mini_challenge_2/share/mini_challenge_2/package.zsh'
[7.577s] Level 1:colcon.colcon_core.environment:create_file_with_runtime_dependencies(/home/mcr2/robotica_inteligente_eq5/install/mini_challenge_2/share/colcon-core/packages/mini_challenge_2)
[7.577s] DEBUG:colcon.colcon_parallel_executor.executor.parallel:closing loop
[7.577s] DEBUG:colcon.colcon_parallel_executor.executor.parallel:loop closed
[7.577s] DEBUG:colcon.colcon_parallel_executor.executor.parallel:run_until_complete finished with '0'
[7.577s] DEBUG:colcon.colcon_core.event_reactor:joining thread
[7.610s] INFO:colcon.colcon_core.plugin_system:Skipping extension 'colcon_notification.desktop_notification.terminal_notifier': Not used on non-Darwin systems
[7.611s] INFO:colcon.colcon_core.plugin_system:Skipping extension 'colcon_notification.desktop_notification.win32': Not used on non-Windows systems
[7.611s] INFO:colcon.colcon_notification.desktop_notification:Sending desktop notification using 'notify2'
[7.730s] DEBUG:colcon.colcon_core.event_reactor:joined thread
[7.764s] INFO:colcon.colcon_core.shell:Creating prefix script '/home/mcr2/robotica_inteligente_eq5/install/local_setup.ps1'
[7.766s] INFO:colcon.colcon_core.shell:Creating prefix util module '/home/mcr2/robotica_inteligente_eq5/install/_local_setup_util_ps1.py'
[7.769s] INFO:colcon.colcon_core.shell:Creating prefix chain script '/home/mcr2/robotica_inteligente_eq5/install/setup.ps1'
[7.799s] INFO:colcon.colcon_core.shell:Creating prefix script '/home/mcr2/robotica_inteligente_eq5/install/local_setup.sh'
[7.800s] INFO:colcon.colcon_core.shell:Creating prefix util module '/home/mcr2/robotica_inteligente_eq5/install/_local_setup_util_sh.py'
[7.801s] INFO:colcon.colcon_core.shell:Creating prefix chain script '/home/mcr2/robotica_inteligente_eq5/install/setup.sh'
[7.827s] INFO:colcon.colcon_core.shell:Creating prefix script '/home/mcr2/robotica_inteligente_eq5/install/local_setup.bash'
[7.829s] INFO:colcon.colcon_core.shell:Creating prefix chain script '/home/mcr2/robotica_inteligente_eq5/install/setup.bash'
[7.856s] INFO:colcon.colcon_core.shell:Creating prefix script '/home/mcr2/robotica_inteligente_eq5/install/local_setup.zsh'
[7.857s] INFO:colcon.colcon_core.shell:Creating prefix chain script '/home/mcr2/robotica_inteligente_eq5/install/setup.zsh'
