[1.714s] Invoking command in '/home/cesarbenavides/robotica_inteligente_eq5/manchester_robotics/src/mini_challenge_1': PYTHONPATH=/home/cesarbenavides/robotica_inteligente_eq5/manchester_robotics/build/mini_challenge_1/prefix_override:/home/cesarbenavides/robotica_inteligente_eq5/manchester_robotics/install/mini_challenge_1/lib/python3.10/site-packages:${PYTHONPATH} /usr/bin/python3 -W ignore:setup.py install is deprecated setup.py egg_info --egg-base ../../build/mini_challenge_1 build --build-base /home/cesarbenavides/robotica_inteligente_eq5/manchester_robotics/build/mini_challenge_1/build install --record /home/cesarbenavides/robotica_inteligente_eq5/manchester_robotics/build/mini_challenge_1/install.log --single-version-externally-managed install_data
[2.066s] running egg_info
[2.067s] writing ../../build/mini_challenge_1/mini_challenge_1.egg-info/PKG-INFO
[2.068s] writing dependency_links to ../../build/mini_challenge_1/mini_challenge_1.egg-info/dependency_links.txt
[2.068s] writing entry points to ../../build/mini_challenge_1/mini_challenge_1.egg-info/entry_points.txt
[2.068s] writing requirements to ../../build/mini_challenge_1/mini_challenge_1.egg-info/requires.txt
[2.069s] writing top-level names to ../../build/mini_challenge_1/mini_challenge_1.egg-info/top_level.txt
[2.071s] reading manifest file '../../build/mini_challenge_1/mini_challenge_1.egg-info/SOURCES.txt'
[2.073s] writing manifest file '../../build/mini_challenge_1/mini_challenge_1.egg-info/SOURCES.txt'
[2.073s] running build
[2.073s] running build_py
[2.074s] running install
[2.074s] running install_lib
[2.076s] running install_data
[2.076s] running install_egg_info
[2.079s] removing '/home/cesarbenavides/robotica_inteligente_eq5/manchester_robotics/install/mini_challenge_1/lib/python3.10/site-packages/mini_challenge_1-0.0.0-py3.10.egg-info' (and everything under it)
[2.079s] Copying ../../build/mini_challenge_1/mini_challenge_1.egg-info to /home/cesarbenavides/robotica_inteligente_eq5/manchester_robotics/install/mini_challenge_1/lib/python3.10/site-packages/mini_challenge_1-0.0.0-py3.10.egg-info
[2.081s] running install_scripts
[2.111s] Installing Controller script to /home/cesarbenavides/robotica_inteligente_eq5/manchester_robotics/install/mini_challenge_1/lib/mini_challenge_1
[2.112s] Installing PathGenerator script to /home/cesarbenavides/robotica_inteligente_eq5/manchester_robotics/install/mini_challenge_1/lib/mini_challenge_1
[2.112s] writing list of installed files to '/home/cesarbenavides/robotica_inteligente_eq5/manchester_robotics/build/mini_challenge_1/install.log'
[2.154s] Invoked command in '/home/cesarbenavides/robotica_inteligente_eq5/manchester_robotics/src/mini_challenge_1' returned '0': PYTHONPATH=/home/cesarbenavides/robotica_inteligente_eq5/manchester_robotics/build/mini_challenge_1/prefix_override:/home/cesarbenavides/robotica_inteligente_eq5/manchester_robotics/install/mini_challenge_1/lib/python3.10/site-packages:${PYTHONPATH} /usr/bin/python3 -W ignore:setup.py install is deprecated setup.py egg_info --egg-base ../../build/mini_challenge_1 build --build-base /home/cesarbenavides/robotica_inteligente_eq5/manchester_robotics/build/mini_challenge_1/build install --record /home/cesarbenavides/robotica_inteligente_eq5/manchester_robotics/build/mini_challenge_1/install.log --single-version-externally-managed install_data
