[0.996s] Invoking command in '/home/cesarbenavides/robotica_inteligente_eq5/manchester_robotics/src/mini_challenge_1': PYTHONPATH=/home/cesarbenavides/robotica_inteligente_eq5/manchester_robotics/build/mini_challenge_1/prefix_override:/home/cesarbenavides/robotica_inteligente_eq5/manchester_robotics/install/mini_challenge_1/lib/python3.10/site-packages:${PYTHONPATH} /usr/bin/python3 -W ignore:setup.py install is deprecated setup.py egg_info --egg-base ../../build/mini_challenge_1 build --build-base /home/cesarbenavides/robotica_inteligente_eq5/manchester_robotics/build/mini_challenge_1/build install --record /home/cesarbenavides/robotica_inteligente_eq5/manchester_robotics/build/mini_challenge_1/install.log --single-version-externally-managed install_data
[1.397s] running egg_info
[1.398s] writing ../../build/mini_challenge_1/mini_challenge_1.egg-info/PKG-INFO
[1.399s] writing dependency_links to ../../build/mini_challenge_1/mini_challenge_1.egg-info/dependency_links.txt
[1.400s] writing entry points to ../../build/mini_challenge_1/mini_challenge_1.egg-info/entry_points.txt
[1.400s] writing requirements to ../../build/mini_challenge_1/mini_challenge_1.egg-info/requires.txt
[1.400s] writing top-level names to ../../build/mini_challenge_1/mini_challenge_1.egg-info/top_level.txt
[1.403s] reading manifest file '../../build/mini_challenge_1/mini_challenge_1.egg-info/SOURCES.txt'
[1.404s] writing manifest file '../../build/mini_challenge_1/mini_challenge_1.egg-info/SOURCES.txt'
[1.404s] running build
[1.404s] running build_py
[1.405s] running install
[1.405s] running install_lib
[1.407s] running install_data
[1.407s] running install_egg_info
[1.409s] removing '/home/cesarbenavides/robotica_inteligente_eq5/manchester_robotics/install/mini_challenge_1/lib/python3.10/site-packages/mini_challenge_1-0.0.0-py3.10.egg-info' (and everything under it)
[1.410s] Copying ../../build/mini_challenge_1/mini_challenge_1.egg-info to /home/cesarbenavides/robotica_inteligente_eq5/manchester_robotics/install/mini_challenge_1/lib/python3.10/site-packages/mini_challenge_1-0.0.0-py3.10.egg-info
[1.411s] running install_scripts
[1.441s] Installing Controller script to /home/cesarbenavides/robotica_inteligente_eq5/manchester_robotics/install/mini_challenge_1/lib/mini_challenge_1
[1.441s] Installing PathGenerator script to /home/cesarbenavides/robotica_inteligente_eq5/manchester_robotics/install/mini_challenge_1/lib/mini_challenge_1
[1.442s] writing list of installed files to '/home/cesarbenavides/robotica_inteligente_eq5/manchester_robotics/build/mini_challenge_1/install.log'
[1.476s] Invoked command in '/home/cesarbenavides/robotica_inteligente_eq5/manchester_robotics/src/mini_challenge_1' returned '0': PYTHONPATH=/home/cesarbenavides/robotica_inteligente_eq5/manchester_robotics/build/mini_challenge_1/prefix_override:/home/cesarbenavides/robotica_inteligente_eq5/manchester_robotics/install/mini_challenge_1/lib/python3.10/site-packages:${PYTHONPATH} /usr/bin/python3 -W ignore:setup.py install is deprecated setup.py egg_info --egg-base ../../build/mini_challenge_1 build --build-base /home/cesarbenavides/robotica_inteligente_eq5/manchester_robotics/build/mini_challenge_1/build install --record /home/cesarbenavides/robotica_inteligente_eq5/manchester_robotics/build/mini_challenge_1/install.log --single-version-externally-managed install_data
